#
# There is insufficient memory for the Java Runtime Environment to continue.
# Native memory allocation (malloc) failed to allocate 209008 bytes for Chunk::new
# Possible reasons:
#   The system is out of physical RAM or swap space
#   In 32 bit mode, the process size limit was hit
# Possible solutions:
#   Reduce memory load on the system
#   Increase physical memory or swap space
#   Check if swap backing store is full
#   Use 64 bit Java on a 64 bit OS
#   Decrease Java heap size (-Xmx/-Xms)
#   Decrease number of Java threads
#   Decrease Java thread stack sizes (-Xss)
#   Set larger code cache with -XX:ReservedCodeCacheSize=
# This output file may be truncated or incomplete.
#
#  Out of Memory Error (allocation.cpp:390), pid=1852, tid=0x00000000000017d8
#
# JRE version: OpenJDK Runtime Environment (8.0_152-b06) (build 1.8.0_152-release-1136-b06)
# Java VM: OpenJDK 64-Bit Server VM (25.152-b06 mixed mode windows-amd64 compressed oops)
# Failed to write core dump. Minidumps are not enabled by default on client versions of Windows
#

---------------  T H R E A D  ---------------

Current thread (0x000000001683e800):  JavaThread "C2 CompilerThread1" daemon [_thread_in_native, id=6104, stack(0x0000000017f80000,0x0000000018080000)]

Stack: [0x0000000017f80000,0x0000000018080000]
[error occurred during error reporting (printing stack bounds), id 0xc0000005]

Native frames: (J=compiled Java code, j=interpreted, Vv=VM code, C=native code)


Current CompileTask:
C2: 431655 6108   !   4       com.sun.org.apache.xerces.internal.impl.XMLDocumentFragmentScannerImpl$FragmentContentDriver::next (2346 bytes)


---------------  P R O C E S S  ---------------

Java Threads: ( => current thread )
  0x0000000019f06800 JavaThread "Memory manager" [_thread_blocked, id=1696, stack(0x0000000021fe0000,0x00000000220e0000)]
  0x0000000019f0d000 JavaThread "Build operations Thread 4" [_thread_blocked, id=13384, stack(0x0000000021de0000,0x0000000021ee0000)]
  0x0000000019f0b800 JavaThread "Build operations Thread 3" [_thread_blocked, id=11240, stack(0x0000000021ce0000,0x0000000021de0000)]
  0x0000000019f0c800 JavaThread "Build operations Thread 2" [_thread_blocked, id=11232, stack(0x0000000021be0000,0x0000000021ce0000)]
  0x0000000019f08000 JavaThread "Build operations" [_thread_blocked, id=11496, stack(0x0000000021ae0000,0x0000000021be0000)]
  0x0000000019f05800 JavaThread "Cache worker for Artifact transforms cache (C:\Users\Denova\.gradle\caches\transforms-1)" [_thread_blocked, id=5552, stack(0x00000000219e0000,0x0000000021ae0000)]
  0x0000000019f0b000 JavaThread "Cache worker for file hash cache (E:\AndroidStudioProjects\AndroidWoope\.gradle\4.6\fileHashes)" [_thread_blocked, id=6752, stack(0x00000000218e0000,0x00000000219e0000)]
  0x00000000193e3000 JavaThread "Stdin handler" [_thread_blocked, id=8312, stack(0x00000000217e0000,0x00000000218e0000)]
  0x00000000193dc800 JavaThread "Asynchronous log dispatcher for DefaultDaemonConnection: socket connection from /127.0.0.1:10886 to /127.0.0.1:10966" [_thread_blocked, id=13808, stack(0x00000000216e0000,0x00000000217e0000)]
  0x00000000193e2800 JavaThread "Daemon worker Thread 2" [_thread_in_Java, id=11176, stack(0x00000000215e0000,0x00000000216e0000)]
  0x00000000193e1000 JavaThread "Cancel handler" [_thread_blocked, id=12452, stack(0x00000000214e0000,0x00000000215e0000)]
  0x00000000193e0000 JavaThread "Handler for socket connection from /127.0.0.1:10886 to /127.0.0.1:10966" [_thread_in_native, id=11524, stack(0x00000000213e0000,0x00000000214e0000)]
  0x00000000193df800 JavaThread "Daemon Thread 2" [_thread_blocked, id=12152, stack(0x00000000212e0000,0x00000000213e0000)]
  0x0000000019ddb000 JavaThread "File lock request listener" [_thread_in_native, id=13644, stack(0x000000001c2a0000,0x000000001c3a0000)]
  0x0000000019e1c000 JavaThread "Cache worker for file hash cache (C:\Users\Denova\.gradle\caches\4.6\fileHashes)" [_thread_blocked, id=13360, stack(0x000000001c1a0000,0x000000001c2a0000)]
  0x0000000018b4b800 JavaThread "Daemon periodic checks" [_thread_blocked, id=3576, stack(0x000000001a6d0000,0x000000001a7d0000)]
  0x0000000018c0f800 JavaThread "Incoming local TCP Connector on port 10886" [_thread_in_native, id=7012, stack(0x000000001a490000,0x000000001a590000)]
  0x0000000016896800 JavaThread "Service Thread" daemon [_thread_blocked, id=10484, stack(0x0000000018180000,0x0000000018280000)]
  0x0000000016852000 JavaThread "C1 CompilerThread2" daemon [_thread_in_native, id=1884, stack(0x0000000018080000,0x0000000018180000)]
=>0x000000001683e800 JavaThread "C2 CompilerThread1" daemon [_thread_in_native, id=6104, stack(0x0000000017f80000,0x0000000018080000)]
  0x000000001683a800 JavaThread "C2 CompilerThread0" daemon [_thread_blocked, id=10896, stack(0x0000000017e80000,0x0000000017f80000)]
  0x0000000016846800 JavaThread "Attach Listener" daemon [_thread_blocked, id=5868, stack(0x0000000017d80000,0x0000000017e80000)]
  0x0000000016845000 JavaThread "Signal Dispatcher" daemon [_thread_blocked, id=8020, stack(0x0000000017c80000,0x0000000017d80000)]
  0x0000000016828800 JavaThread "Finalizer" daemon [_thread_blocked, id=10688, stack(0x0000000017a90000,0x0000000017b90000)]
  0x0000000002ec1000 JavaThread "Reference Handler" daemon [_thread_blocked, id=7240, stack(0x0000000017990000,0x0000000017a90000)]
  0x0000000002dcd800 JavaThread "main" [_thread_blocked, id=13768, stack(0x0000000002cc0000,0x0000000002dc0000)]

Other Threads:
  0x0000000016804800 VMThread [stack: 0x0000000017890000,0x0000000017990000] [id=3488]
  0x000000001689a000 WatcherThread [stack: 0x0000000018280000,0x0000000018380000] [id=8984]

VM state:not at safepoint (normal execution)

VM Mutex/Monitor currently owned by a thread: None

Heap:
 PSYoungGen      total 95744K, used 39776K [0x00000000e0000000, 0x00000000e8e80000, 0x0000000100000000)
  eden space 79360K, 29% used [0x00000000e0000000,0x00000000e16deb80,0x00000000e4d80000)
  from space 16384K, 99% used [0x00000000e4d80000,0x00000000e5d79528,0x00000000e5d80000)
  to   space 19456K, 0% used [0x00000000e7b80000,0x00000000e7b80000,0x00000000e8e80000)
 ParOldGen       total 101376K, used 25127K [0x00000000a0000000, 0x00000000a6300000, 0x00000000e0000000)
  object space 101376K, 24% used [0x00000000a0000000,0x00000000a1889eb8,0x00000000a6300000)
 Metaspace       used 53593K, capacity 54994K, committed 55296K, reserved 1097728K
  class space    used 7142K, capacity 7569K, committed 7680K, reserved 1048576K

Card table byte_map: [0x0000000012290000,0x00000000125a0000] byte_map_base: 0x0000000011d90000

Marking Bits: (ParMarkBitMap*) 0x0000000069c55aa0
 Begin Bits: [0x0000000012ba0000, 0x00000000143a0000)
 End Bits:   [0x00000000143a0000, 0x0000000015ba0000)

Polling page: 0x0000000000bf0000

CodeCache: size=245760Kb used=18978Kb max_used=18989Kb free=226781Kb
 bounds [0x0000000002ed0000, 0x0000000004180000, 0x0000000011ed0000]
 total_blobs=6324 nmethods=5531 adapters=705
 compilation: enabled

Compilation events (10 events):
Event: 431.529 Thread 0x000000001683a800 6130       4       com.sun.org.apache.xerces.internal.utils.XMLLimitAnalyzer::addValue (260 bytes)
Event: 431.532 Thread 0x0000000016852000 6134       3       com.sun.org.apache.xerces.internal.util.XMLStringBuffer::clear (11 bytes)
Event: 431.532 Thread 0x0000000016852000 nmethod 6134 0x0000000004166c90 code [0x0000000004166de0, 0x0000000004166f50]
Event: 431.538 Thread 0x0000000016852000 6135       3       com.sun.xml.bind.v2.runtime.Coordinator::getAdapter (37 bytes)
Event: 431.539 Thread 0x0000000016852000 nmethod 6135 0x0000000004165ad0 code [0x0000000004165ce0, 0x00000000041668f8]
Event: 431.540 Thread 0x000000001683a800 nmethod 6130 0x000000000416a1d0 code [0x000000000416a3a0, 0x000000000416ab70]
Event: 431.541 Thread 0x0000000016852000 6136       3       com.sun.org.apache.xerces.internal.parsers.BasicParserConfiguration::addComponent (147 bytes)
Event: 431.544 Thread 0x0000000016852000 nmethod 6136 0x000000000416b250 code [0x000000000416b520, 0x000000000416ca68]
Event: 431.548 Thread 0x0000000016852000 6137       3       sun.nio.ch.NativeDispatcher::<init> (5 bytes)
Event: 431.548 Thread 0x0000000016852000 nmethod 6137 0x0000000004165710 code [0x0000000004165860, 0x0000000004165a10]

GC Heap History (10 events):
Event: 423.159 GC heap before
{Heap before GC invocations=13 (full 2):
 PSYoungGen      total 73216K, used 62976K [0x00000000e0000000, 0x00000000e5480000, 0x0000000100000000)
  eden space 62976K, 100% used [0x00000000e0000000,0x00000000e3d80000,0x00000000e3d80000)
  from space 10240K, 0% used [0x00000000e4900000,0x00000000e4900000,0x00000000e5300000)
  to   space 11776K, 0% used [0x00000000e3d80000,0x00000000e3d80000,0x00000000e4900000)
 ParOldGen       total 101376K, used 17264K [0x00000000a0000000, 0x00000000a6300000, 0x00000000e0000000)
  object space 101376K, 17% used [0x00000000a0000000,0x00000000a10dc2a0,0x00000000a6300000)
 Metaspace       used 41156K, capacity 42090K, committed 42368K, reserved 1085440K
  class space    used 5573K, capacity 5893K, committed 6016K, reserved 1048576K
Event: 423.168 GC heap after
Heap after GC invocations=13 (full 2):
 PSYoungGen      total 68096K, used 5890K [0x00000000e0000000, 0x00000000e5280000, 0x0000000100000000)
  eden space 61952K, 0% used [0x00000000e0000000,0x00000000e0000000,0x00000000e3c80000)
  from space 6144K, 95% used [0x00000000e3d80000,0x00000000e4340a20,0x00000000e4380000)
  to   space 11264K, 0% used [0x00000000e4780000,0x00000000e4780000,0x00000000e5280000)
 ParOldGen       total 101376K, used 17336K [0x00000000a0000000, 0x00000000a6300000, 0x00000000e0000000)
  object space 101376K, 17% used [0x00000000a0000000,0x00000000a10ee2b0,0x00000000a6300000)
 Metaspace       used 41156K, capacity 42090K, committed 42368K, reserved 1085440K
  class space    used 5573K, capacity 5893K, committed 6016K, reserved 1048576K
}
Event: 424.854 GC heap before
{Heap before GC invocations=14 (full 2):
 PSYoungGen      total 68096K, used 67842K [0x00000000e0000000, 0x00000000e5280000, 0x0000000100000000)
  eden space 61952K, 100% used [0x00000000e0000000,0x00000000e3c80000,0x00000000e3c80000)
  from space 6144K, 95% used [0x00000000e3d80000,0x00000000e4340a20,0x00000000e4380000)
  to   space 11264K, 0% used [0x00000000e4780000,0x00000000e4780000,0x00000000e5280000)
 ParOldGen       total 101376K, used 17336K [0x00000000a0000000, 0x00000000a6300000, 0x00000000e0000000)
  object space 101376K, 17% used [0x00000000a0000000,0x00000000a10ee2b0,0x00000000a6300000)
 Metaspace       used 44092K, capacity 45098K, committed 45312K, reserved 1087488K
  class space    used 5939K, capacity 6275K, committed 6400K, reserved 1048576K
Event: 424.871 GC heap after
Heap after GC invocations=14 (full 2):
 PSYoungGen      total 71168K, used 7849K [0x00000000e0000000, 0x00000000e5180000, 0x0000000100000000)
  eden space 60928K, 0% used [0x00000000e0000000,0x00000000e0000000,0x00000000e3b80000)
  from space 10240K, 76% used [0x00000000e4780000,0x00000000e4f2a5e8,0x00000000e5180000)
  to   space 11264K, 0% used [0x00000000e3b80000,0x00000000e3b80000,0x00000000e4680000)
 ParOldGen       total 101376K, used 17344K [0x00000000a0000000, 0x00000000a6300000, 0x00000000e0000000)
  object space 101376K, 17% used [0x00000000a0000000,0x00000000a10f02b0,0x00000000a6300000)
 Metaspace       used 44092K, capacity 45098K, committed 45312K, reserved 1087488K
  class space    used 5939K, capacity 6275K, committed 6400K, reserved 1048576K
}
Event: 426.315 GC heap before
{Heap before GC invocations=15 (full 2):
 PSYoungGen      total 71168K, used 68777K [0x00000000e0000000, 0x00000000e5180000, 0x0000000100000000)
  eden space 60928K, 100% used [0x00000000e0000000,0x00000000e3b80000,0x00000000e3b80000)
  from space 10240K, 76% used [0x00000000e4780000,0x00000000e4f2a5e8,0x00000000e5180000)
  to   space 11264K, 0% used [0x00000000e3b80000,0x00000000e3b80000,0x00000000e4680000)
 ParOldGen       total 101376K, used 17344K [0x00000000a0000000, 0x00000000a6300000, 0x00000000e0000000)
  object space 101376K, 17% used [0x00000000a0000000,0x00000000a10f02b0,0x00000000a6300000)
 Metaspace       used 47489K, capacity 48616K, committed 48896K, reserved 1091584K
  class space    used 6330K, capacity 6656K, committed 6656K, reserved 1048576K
Event: 426.348 GC heap after
Heap after GC invocations=15 (full 2):
 PSYoungGen      total 72192K, used 11261K [0x00000000e0000000, 0x00000000e6b00000, 0x0000000100000000)
  eden space 60928K, 0% used [0x00000000e0000000,0x00000000e0000000,0x00000000e3b80000)
  from space 11264K, 99% used [0x00000000e3b80000,0x00000000e467f7a0,0x00000000e4680000)
  to   space 13824K, 0% used [0x00000000e5d80000,0x00000000e5d80000,0x00000000e6b00000)
 ParOldGen       total 101376K, used 20503K [0x00000000a0000000, 0x00000000a6300000, 0x00000000e0000000)
  object space 101376K, 20% used [0x00000000a0000000,0x00000000a1405d88,0x00000000a6300000)
 Metaspace       used 47489K, capacity 48616K, committed 48896K, reserved 1091584K
  class space    used 6330K, capacity 6656K, committed 6656K, reserved 1048576K
}
Event: 429.540 GC heap before
{Heap before GC invocations=16 (full 2):
 PSYoungGen      total 72192K, used 72189K [0x00000000e0000000, 0x00000000e6b00000, 0x0000000100000000)
  eden space 60928K, 100% used [0x00000000e0000000,0x00000000e3b80000,0x00000000e3b80000)
  from space 11264K, 99% used [0x00000000e3b80000,0x00000000e467f7a0,0x00000000e4680000)
  to   space 13824K, 0% used [0x00000000e5d80000,0x00000000e5d80000,0x00000000e6b00000)
 ParOldGen       total 101376K, used 20503K [0x00000000a0000000, 0x00000000a6300000, 0x00000000e0000000)
  object space 101376K, 20% used [0x00000000a0000000,0x00000000a1405d88,0x00000000a6300000)
 Metaspace       used 50579K, capacity 51908K, committed 52096K, reserved 1093632K
  class space    used 6819K, capacity 7224K, committed 7296K, reserved 1048576K
Event: 429.571 GC heap after
Heap after GC invocations=16 (full 2):
 PSYoungGen      total 93184K, used 13821K [0x00000000e0000000, 0x00000000e7000000, 0x0000000100000000)
  eden space 79360K, 0% used [0x00000000e0000000,0x00000000e0000000,0x00000000e4d80000)
  from space 13824K, 99% used [0x00000000e5d80000,0x00000000e6aff540,0x00000000e6b00000)
  to   space 16384K, 0% used [0x00000000e4d80000,0x00000000e4d80000,0x00000000e5d80000)
 ParOldGen       total 101376K, used 23562K [0x00000000a0000000, 0x00000000a6300000, 0x00000000e0000000)
  object space 101376K, 23% used [0x00000000a0000000,0x00000000a1702bf0,0x00000000a6300000)
 Metaspace       used 50579K, capacity 51908K, committed 52096K, reserved 1093632K
  class space    used 6819K, capacity 7224K, committed 7296K, reserved 1048576K
}
Event: 431.265 GC heap before
{Heap before GC invocations=17 (full 2):
 PSYoungGen      total 93184K, used 93181K [0x00000000e0000000, 0x00000000e7000000, 0x0000000100000000)
  eden space 79360K, 100% used [0x00000000e0000000,0x00000000e4d80000,0x00000000e4d80000)
  from space 13824K, 99% used [0x00000000e5d80000,0x00000000e6aff540,0x00000000e6b00000)
  to   space 16384K, 0% used [0x00000000e4d80000,0x00000000e4d80000,0x00000000e5d80000)
 ParOldGen       total 101376K, used 23562K [0x00000000a0000000, 0x00000000a6300000, 0x00000000e0000000)
  object space 101376K, 23% used [0x00000000a0000000,0x00000000a1702bf0,0x00000000a6300000)
 Metaspace       used 53521K, capacity 54930K, committed 55296K, reserved 1097728K
  class space    used 7141K, capacity 7569K, committed 7680K, reserved 1048576K
Event: 431.288 GC heap after
Heap after GC invocations=17 (full 2):
 PSYoungGen      total 95744K, used 16357K [0x00000000e0000000, 0x00000000e8e80000, 0x0000000100000000)
  eden space 79360K, 0% used [0x00000000e0000000,0x00000000e0000000,0x00000000e4d80000)
  from space 16384K, 99% used [0x00000000e4d80000,0x00000000e5d79528,0x00000000e5d80000)
  to   space 19456K, 0% used [0x00000000e7b80000,0x00000000e7b80000,0x00000000e8e80000)
 ParOldGen       total 101376K, used 25127K [0x00000000a0000000, 0x00000000a6300000, 0x00000000e0000000)
  object space 101376K, 24% used [0x00000000a0000000,0x00000000a1889eb8,0x00000000a6300000)
 Metaspace       used 53521K, capacity 54930K, committed 55296K, reserved 1097728K
  class space    used 7141K, capacity 7569K, committed 7680K, reserved 1048576K
}

Deoptimization events (10 events):
Event: 426.382 Thread 0x00000000193e2800 Uncommon trap: reason=class_check action=maybe_recompile pc=0x00000000038cca98 method=java.util.regex.Matcher.search(I)Z @ 86
Event: 426.598 Thread 0x00000000193e2800 Uncommon trap: reason=unstable_if action=reinterpret pc=0x00000000030696d4 method=java.lang.String.replace(CC)Ljava/lang/String; @ 2
Event: 430.035 Thread 0x00000000193e2800 Uncommon trap: reason=unstable_if action=reinterpret pc=0x00000000033e64f0 method=java.util.WeakHashMap.remove(Ljava/lang/Object;)Ljava/lang/Object; @ 94
Event: 430.136 Thread 0x00000000193e2800 Uncommon trap: reason=unstable_if action=reinterpret pc=0x0000000003678568 method=java.util.regex.Pattern$BmpCharProperty.match(Ljava/util/regex/Matcher;ILjava/lang/CharSequence;)Z @ 34
Event: 430.223 Thread 0x00000000193e2800 Uncommon trap: reason=unstable_if action=reinterpret pc=0x0000000003870be0 method=java.lang.CharacterDataLatin1.digit(II)I @ 82
Event: 430.394 Thread 0x00000000193e2800 Uncommon trap: reason=unstable_if action=reinterpret pc=0x0000000003fac348 method=com.sun.org.apache.xerces.internal.impl.io.UTF8Reader.read([CII)I @ 131
Event: 430.395 Thread 0x00000000193e2800 Uncommon trap: reason=unstable_if action=reinterpret pc=0x000000000360fe4c method=java.util.regex.Pattern$Ctype.isSatisfiedBy(I)Z @ 4
Event: 430.396 Thread 0x00000000193e2800 Uncommon trap: reason=unstable_if action=reinterpret pc=0x0000000003f71df0 method=java.util.regex.Matcher.find()Z @ 34
Event: 430.417 Thread 0x00000000193e2800 Uncommon trap: reason=unstable_if action=reinterpret pc=0x0000000003fa58e8 method=com.sun.org.apache.xerces.internal.impl.io.UTF8Reader.read([CII)I @ 131
Event: 431.289 Thread 0x0000000016828800 Uncommon trap: reason=unstable_if action=reinterpret pc=0x000000000333e614 method=java.util.WeakHashMap.expungeStaleEntries()V @ 9

Classes redefined (0 events):
No events

Internal exceptions (10 events):
Event: 429.101 Thread 0x00000000193e2800 Exception <a 'sun/nio/fs/WindowsException'> (0x00000000e2c7d480) thrown at [D:\src\AOSP-openjdk-cygwin\jdk8u\hotspot\src\share\vm\prims\jni.cpp, line 709]
Event: 429.101 Thread 0x00000000193e2800 Exception <a 'sun/nio/fs/WindowsException'> (0x00000000e2c7e058) thrown at [D:\src\AOSP-openjdk-cygwin\jdk8u\hotspot\src\share\vm\prims\jni.cpp, line 709]
Event: 429.101 Thread 0x00000000193e2800 Exception <a 'sun/nio/fs/WindowsException'> (0x00000000e2c7fc70) thrown at [D:\src\AOSP-openjdk-cygwin\jdk8u\hotspot\src\share\vm\prims\jni.cpp, line 709]
Event: 429.101 Thread 0x00000000193e2800 Exception <a 'sun/nio/fs/WindowsException'> (0x00000000e2c80880) thrown at [D:\src\AOSP-openjdk-cygwin\jdk8u\hotspot\src\share\vm\prims\jni.cpp, line 709]
Event: 429.123 Thread 0x00000000193e2800 Exception <a 'sun/nio/fs/WindowsException'> (0x00000000e2c83b40) thrown at [D:\src\AOSP-openjdk-cygwin\jdk8u\hotspot\src\share\vm\prims\jni.cpp, line 709]
Event: 429.124 Thread 0x00000000193e2800 Exception <a 'sun/nio/fs/WindowsException'> (0x00000000e2c845d8) thrown at [D:\src\AOSP-openjdk-cygwin\jdk8u\hotspot\src\share\vm\prims\jni.cpp, line 709]
Event: 429.124 Thread 0x00000000193e2800 Exception <a 'sun/nio/fs/WindowsException'> (0x00000000e2c860b0) thrown at [D:\src\AOSP-openjdk-cygwin\jdk8u\hotspot\src\share\vm\prims\jni.cpp, line 709]
Event: 429.124 Thread 0x00000000193e2800 Exception <a 'sun/nio/fs/WindowsException'> (0x00000000e2c86b80) thrown at [D:\src\AOSP-openjdk-cygwin\jdk8u\hotspot\src\share\vm\prims\jni.cpp, line 709]
Event: 429.214 Thread 0x00000000193e2800 Exception <a 'java/lang/ClassNotFoundException': com/sun/org/glassfish/hk2/osgiresourcelocator/ServiceLoader> (0x00000000e2d150d8) thrown at [D:\src\AOSP-openjdk-cygwin\jdk8u\hotspot\src\share\vm\classfile\systemDictionary.cpp, line 210]
Event: 429.347 Thread 0x00000000193e2800 Exception <a 'java/lang/NullPointerException'> (0x00000000e31c6620) thrown at [D:\src\AOSP-openjdk-cygwin\jdk8u\hotspot\src\share\vm\interpreter\linkResolver.cpp, line 1301]

Events (10 events):
Event: 431.043 Executing VM operation: ForceSafepoint done
Event: 431.265 Executing VM operation: ParallelGCFailedAllocation
Event: 431.288 Executing VM operation: ParallelGCFailedAllocation done
Event: 431.288 Executing VM operation: RevokeBias
Event: 431.288 Executing VM operation: RevokeBias done
Event: 431.289 Thread 0x0000000016828800 Uncommon trap: trap_request=0xffffff65 fr.pc=0x000000000333e614
Event: 431.289 Thread 0x0000000016828800 DEOPT PACKING pc=0x000000000333e614 sp=0x0000000017b8f450
Event: 431.289 Thread 0x0000000016828800 DEOPT UNPACKING pc=0x0000000002f1557b sp=0x0000000017b8f2b0 mode 2
Event: 431.374 loading class java/util/AbstractList$1
Event: 431.389 loading class java/util/AbstractList$1 done


Dynamic libraries:
0x00007ff76e6b0000 - 0x00007ff76e6e1000 	E:\Program Files\Android\Android Studio\jre\bin\java.exe
0x00007ff96c130000 - 0x00007ff96c311000 	C:\Windows\SYSTEM32\ntdll.dll
0x00007ff969c70000 - 0x00007ff969d21000 	C:\Windows\System32\KERNEL32.DLL
0x00007ff968c60000 - 0x00007ff968ed3000 	C:\Windows\System32\KERNELBASE.dll
0x00007ff96a3b0000 - 0x00007ff96a451000 	C:\Windows\System32\ADVAPI32.dll
0x00007ff969a30000 - 0x00007ff969ace000 	C:\Windows\System32\msvcrt.dll
0x00007ff96a4f0000 - 0x00007ff96a54b000 	C:\Windows\System32\sechost.dll
0x00007ff96a0f0000 - 0x00007ff96a214000 	C:\Windows\System32\RPCRT4.dll
0x00007ff969ae0000 - 0x00007ff969c70000 	C:\Windows\System32\USER32.dll
0x00007ff9695a0000 - 0x00007ff9695c0000 	C:\Windows\System32\win32u.dll
0x00007ff9695c0000 - 0x00007ff9695e8000 	C:\Windows\System32\GDI32.dll
0x00007ff969250000 - 0x00007ff9693e2000 	C:\Windows\System32\gdi32full.dll
0x00007ff9691b0000 - 0x00007ff96924f000 	C:\Windows\System32\msvcp_win.dll
0x00007ff9694a0000 - 0x00007ff969598000 	C:\Windows\System32\ucrtbase.dll
0x00007ff956cd0000 - 0x00007ff956f39000 	C:\Windows\WinSxS\amd64_microsoft.windows.common-controls_6595b64144ccf1df_6.0.17134.765_none_fb42a1a930655896\COMCTL32.dll
0x00007ff9695f0000 - 0x00007ff969912000 	C:\Windows\System32\combase.dll
0x00007ff968ee0000 - 0x00007ff968f5a000 	C:\Windows\System32\bcryptPrimitives.dll
0x00007ff96a4c0000 - 0x00007ff96a4ed000 	C:\Windows\System32\IMM32.DLL
0x00000000693b0000 - 0x0000000069482000 	E:\Program Files\Android\Android Studio\jre\jre\bin\msvcr100.dll
0x0000000069490000 - 0x0000000069cd1000 	E:\Program Files\Android\Android Studio\jre\jre\bin\server\jvm.dll
0x00007ff969ad0000 - 0x00007ff969ad8000 	C:\Windows\System32\PSAPI.DLL
0x00007ff965e00000 - 0x00007ff965e23000 	C:\Windows\SYSTEM32\WINMM.dll
0x00007ff95d640000 - 0x00007ff95d64a000 	C:\Windows\SYSTEM32\VERSION.dll
0x00007ff9498f0000 - 0x00007ff9498f9000 	C:\Windows\SYSTEM32\WSOCK32.dll
0x00007ff96a220000 - 0x00007ff96a28c000 	C:\Windows\System32\WS2_32.dll
0x00007ff965dd0000 - 0x00007ff965dfa000 	C:\Windows\SYSTEM32\winmmbase.dll
0x00007ff968500000 - 0x00007ff968549000 	C:\Windows\System32\cfgmgr32.dll
0x00007ff95ecc0000 - 0x00007ff95eccf000 	E:\Program Files\Android\Android Studio\jre\jre\bin\verify.dll
0x00007ff95bd80000 - 0x00007ff95bda9000 	E:\Program Files\Android\Android Studio\jre\jre\bin\java.dll
0x00007ff95ab80000 - 0x00007ff95ab96000 	E:\Program Files\Android\Android Studio\jre\jre\bin\zip.dll
0x00007ff96ab20000 - 0x00007ff96bf60000 	C:\Windows\System32\SHELL32.dll
0x00007ff96aa60000 - 0x00007ff96ab09000 	C:\Windows\System32\shcore.dll
0x00007ff968550000 - 0x00007ff968c5d000 	C:\Windows\System32\windows.storage.dll
0x00007ff96a5b0000 - 0x00007ff96a601000 	C:\Windows\System32\shlwapi.dll
0x00007ff968470000 - 0x00007ff968481000 	C:\Windows\System32\kernel.appcore.dll
0x00007ff968450000 - 0x00007ff96846f000 	C:\Windows\System32\profapi.dll
0x00007ff9684b0000 - 0x00007ff9684fc000 	C:\Windows\System32\powrprof.dll
0x00007ff968440000 - 0x00007ff96844a000 	C:\Windows\System32\FLTLIB.DLL
0x00007ff95aa20000 - 0x00007ff95aa3a000 	E:\Program Files\Android\Android Studio\jre\jre\bin\net.dll
0x00007ff967960000 - 0x00007ff9679c6000 	C:\Windows\system32\mswsock.dll
0x00007ff95aa00000 - 0x00007ff95aa11000 	E:\Program Files\Android\Android Studio\jre\jre\bin\nio.dll
0x00007ff95bd60000 - 0x00007ff95bd7e000 	C:\Users\Denova\.gradle\native\25\windows-amd64\native-platform.dll
0x00007ff95ecb0000 - 0x00007ff95ecbd000 	E:\Program Files\Android\Android Studio\jre\jre\bin\management.dll
0x00007ff968160000 - 0x00007ff968177000 	C:\Windows\SYSTEM32\CRYPTSP.dll
0x00007ff967540000 - 0x00007ff967573000 	C:\Windows\system32\rsaenh.dll
0x00007ff967dd0000 - 0x00007ff967df5000 	C:\Windows\SYSTEM32\bcrypt.dll
0x00007ff968340000 - 0x00007ff968368000 	C:\Windows\SYSTEM32\USERENV.dll
0x00007ff967b30000 - 0x00007ff967b3b000 	C:\Windows\SYSTEM32\CRYPTBASE.dll
0x00007ff9676e0000 - 0x00007ff967718000 	C:\Windows\SYSTEM32\IPHLPAPI.DLL
0x00007ff96a0e0000 - 0x00007ff96a0e8000 	C:\Windows\System32\NSI.dll
0x00007ff95f2d0000 - 0x00007ff95f2e6000 	C:\Windows\SYSTEM32\dhcpcsvc6.DLL
0x00007ff95f3d0000 - 0x00007ff95f3ea000 	C:\Windows\SYSTEM32\dhcpcsvc.DLL
0x00007ff95a5a0000 - 0x00007ff95a5c4000 	E:\Program Files\Android\Android Studio\jre\jre\bin\sunec.dll
0x00007ff967720000 - 0x00007ff9677de000 	C:\Windows\SYSTEM32\DNSAPI.dll
0x00007ff95a3d0000 - 0x00007ff95a3da000 	C:\Windows\System32\rasadhlp.dll
0x00007ff95ada0000 - 0x00007ff95ae12000 	C:\Windows\System32\fwpuclnt.dll
0x00007ff95bc70000 - 0x00007ff95bc7b000 	E:\Program Files\Android\Android Studio\jre\jre\bin\sunmscapi.dll
0x00007ff968f60000 - 0x00007ff969142000 	C:\Windows\System32\CRYPT32.dll
0x00007ff968490000 - 0x00007ff9684a2000 	C:\Windows\System32\MSASN1.dll

VM Arguments:
jvm_args: -Xmx1536m -Dfile.encoding=windows-1252 -Duser.country=US -Duser.language=en -Duser.variant 
java_command: org.gradle.launcher.daemon.bootstrap.GradleDaemon 4.6
java_class_path (initial): C:\Users\Denova\.gradle\wrapper\dists\gradle-4.6-all\bcst21l2brirad8k2ben1letg\gradle-4.6\lib\gradle-launcher-4.6.jar
Launcher Type: SUN_STANDARD

Environment Variables:
PATH=C:\Program Files (x86)\Common Files\Oracle\Java\javapath;C:\Program Files (x86)\Common Files\Intel\Shared Libraries\redist\intel64\compiler;C:\Windows\system32;C:\Windows;C:\Windows\System32\Wbem;C:\Windows\System32\WindowsPowerShell\v1.0\;C:\Windows\System32\OpenSSH\;C:\Program Files\Lenovo\Bluetooth Software\;C:\Program Files\Lenovo\Bluetooth Software\syswow64;C:\Program Files\Git\cmd;E:\Program Files\androidsdk\platform-tools;C:\Users\Denova\AppData\Local\Microsoft\WindowsApps;;C:\Users\Denova\AppData\Local\Programs\Fiddler
USERNAME=Denova
OS=Windows_NT
PROCESSOR_IDENTIFIER=Intel64 Family 6 Model 60 Stepping 3, GenuineIntel



---------------  S Y S T E M  ---------------

OS: Windows 10.0 , 64 bit Build 17134 (10.0.17134.753)

CPU:total 4 (initial active 4) (2 cores per cpu, 2 threads per core) family 6 model 60 stepping 3, cmov, cx8, fxsr, mmx, sse, sse2, sse3, ssse3, sse4.1, sse4.2, popcnt, avx, avx2, clmul, erms, lzcnt, ht, tsc, tscinvbit, bmi1, bmi2

Memory: 4k page, physical 8302956k(2373276k free), swap 10498824k(3416k free)

vm_info: OpenJDK 64-Bit Server VM (25.152-b06) for windows-amd64 JRE (1.8.0_152-release-1136-b06), built by "builder" with MS VC++ 10.0 (VS2010)

time: Sun May 26 12:47:45 2019
elapsed time: 431 seconds (0d 0h 7m 11s)

