#
# There is insufficient memory for the Java Runtime Environment to continue.
# Native memory allocation (malloc) failed to allocate 699456 bytes for Chunk::new
# Possible reasons:
#   The system is out of physical RAM or swap space
#   In 32 bit mode, the process size limit was hit
# Possible solutions:
#   Reduce memory load on the system
#   Increase physical memory or swap space
#   Check if swap backing store is full
#   Use 64 bit Java on a 64 bit OS
#   Decrease Java heap size (-Xmx/-Xms)
#   Decrease number of Java threads
#   Decrease Java thread stack sizes (-Xss)
#   Set larger code cache with -XX:ReservedCodeCacheSize=
# This output file may be truncated or incomplete.
#
#  Out of Memory Error (allocation.cpp:390), pid=18240, tid=0x00000000000040f8
#
# JRE version: OpenJDK Runtime Environment (8.0_152-b06) (build 1.8.0_152-release-1136-b06)
# Java VM: OpenJDK 64-Bit Server VM (25.152-b06 mixed mode windows-amd64 compressed oops)
# Failed to write core dump. Minidumps are not enabled by default on client versions of Windows
#

---------------  T H R E A D  ---------------

Current thread (0x0000000016afd000):  JavaThread "C2 CompilerThread0" daemon [_thread_in_native, id=16632, stack(0x0000000018140000,0x0000000018240000)]

Stack: [0x0000000018140000,0x0000000018240000]
[error occurred during error reporting (printing stack bounds), id 0xc0000005]

Native frames: (J=compiled Java code, j=interpreted, Vv=VM code, C=native code)


Current CompileTask:
C2:6098160 19968 %     4       com.android.tools.r8.dex.DexParser::parseCodeItem @ 75 (484 bytes)


---------------  P R O C E S S  ---------------

Java Threads: ( => current thread )
  0x000000001c0a3000 JavaThread "ForkJoinPool.commonPool-worker-3" daemon [_thread_blocked, id=17188, stack(0x0000000029340000,0x0000000029440000)]
  0x000000001c09d000 JavaThread "ForkJoinPool.commonPool-worker-1" daemon [_thread_in_vm, id=10668, stack(0x0000000029240000,0x0000000029340000)]
  0x000000001c09c000 JavaThread "ForkJoinPool-6-worker-5" daemon [_thread_blocked, id=13036, stack(0x0000000028e40000,0x0000000028f40000)]
  0x000000001c0a2000 JavaThread "ForkJoinPool-6-worker-7" daemon [_thread_blocked, id=14288, stack(0x0000000028d40000,0x0000000028e40000)]
  0x000000001c0a1800 JavaThread "ForkJoinPool-6-worker-6" daemon [_thread_blocked, id=1948, stack(0x0000000028c40000,0x0000000028d40000)]
  0x000000001c0a0000 JavaThread "ForkJoinPool-6-worker-0" daemon [_thread_blocked, id=8456, stack(0x0000000028a40000,0x0000000028b40000)]
  0x000000001c0a0800 JavaThread "ForkJoinPool-6-worker-2" daemon [_thread_blocked, id=15736, stack(0x0000000028840000,0x0000000028940000)]
  0x000000001c09e800 JavaThread "ForkJoinPool-6-worker-1" daemon [_thread_blocked, id=12612, stack(0x0000000028740000,0x0000000028840000)]
  0x0000000019bb4000 JavaThread "ForkJoinPool.commonPool-worker-2" daemon [_thread_blocked, id=15168, stack(0x0000000028340000,0x0000000028440000)]
  0x0000000019e6e800 JavaThread "Cache worker for Java compile cache (E:\AndroidStudioProjects\AndroidWoope\.gradle\4.6\javaCompile)" [_thread_blocked, id=15796, stack(0x0000000028240000,0x0000000028340000)]
  0x0000000019e73800 JavaThread "stdout" daemon [_thread_in_native, id=3780, stack(0x0000000028140000,0x0000000028240000)]
  0x0000000019e72000 JavaThread "stderr" daemon [_thread_in_native, id=1680, stack(0x0000000028040000,0x0000000028140000)]
  0x0000000019e73000 JavaThread "stdout" daemon [_thread_in_native, id=15464, stack(0x0000000027f40000,0x0000000028040000)]
  0x0000000019e71800 JavaThread "stderr" daemon [_thread_in_native, id=3416, stack(0x0000000027e40000,0x0000000027f40000)]
  0x0000000019e6d800 JavaThread "stdout" daemon [_thread_in_native, id=12352, stack(0x0000000027d40000,0x0000000027e40000)]
  0x0000000019e6f000 JavaThread "stderr" daemon [_thread_in_native, id=1056, stack(0x0000000027c40000,0x0000000027d40000)]
  0x0000000019e66000 JavaThread "pool-5-thread-1" [_thread_blocked, id=18344, stack(0x0000000027b40000,0x0000000027c40000)]
  0x0000000019e66800 JavaThread "Task worker for ':' Thread 3" [_thread_blocked, id=17612, stack(0x0000000027740000,0x0000000027840000)]
  0x0000000019e6b000 JavaThread "Task worker for ':' Thread 2" [_thread_blocked, id=14528, stack(0x0000000027640000,0x0000000027740000)]
  0x000000001db6a800 JavaThread "Task worker for ':'" [_thread_blocked, id=16184, stack(0x0000000027540000,0x0000000027640000)]
  0x000000001db64800 JavaThread "Cache worker for Build Output Cleanup Cache (E:\AndroidStudioProjects\AndroidWoope\.gradle\buildOutputCleanup)" [_thread_blocked, id=6732, stack(0x0000000027440000,0x0000000027540000)]
  0x000000001db69800 JavaThread "Cache worker for task history cache (E:\AndroidStudioProjects\AndroidWoope\.gradle\4.6\taskHistory)" [_thread_blocked, id=7532, stack(0x0000000027340000,0x0000000027440000)]
  0x000000001db65000 JavaThread "Cache worker for file content cache (E:\AndroidStudioProjects\AndroidWoope\.gradle\4.6\fileContent)" [_thread_blocked, id=8372, stack(0x0000000027240000,0x0000000027340000)]
  0x000000001db63800 JavaThread "Build operations Thread 4" [_thread_blocked, id=8256, stack(0x0000000027140000,0x0000000027240000)]
  0x000000001db66800 JavaThread "Build operations Thread 3" [_thread_blocked, id=10352, stack(0x0000000027040000,0x0000000027140000)]
  0x000000001db66000 JavaThread "Build operations Thread 2" [_thread_blocked, id=13260, stack(0x0000000026f40000,0x0000000027040000)]
  0x000000001db67800 JavaThread "Build operations" [_thread_blocked, id=17608, stack(0x0000000026e40000,0x0000000026f40000)]
  0x000000001db69000 JavaThread "Cache worker for Artifact transforms cache (C:\Users\Denova\.gradle\caches\transforms-1)" [_thread_blocked, id=17452, stack(0x0000000026d40000,0x0000000026e40000)]
  0x000000001db5c000 JavaThread "Cache worker for file hash cache (E:\AndroidStudioProjects\AndroidWoope\.gradle\4.6\fileHashes)" [_thread_blocked, id=6124, stack(0x0000000026c40000,0x0000000026d40000)]
  0x000000001db63000 JavaThread "Stdin handler" [_thread_blocked, id=10292, stack(0x0000000026b40000,0x0000000026c40000)]
  0x000000001db61800 JavaThread "Asynchronous log dispatcher for DefaultDaemonConnection: socket connection from /127.0.0.1:10543 to /127.0.0.1:11199" [_thread_blocked, id=16292, stack(0x0000000026a40000,0x0000000026b40000)]
  0x000000001db5b800 JavaThread "Daemon worker Thread 2" [_thread_blocked, id=664, stack(0x0000000026940000,0x0000000026a40000)]
  0x000000001db5e800 JavaThread "Cancel handler" [_thread_blocked, id=12260, stack(0x0000000026840000,0x0000000026940000)]
  0x000000001db62000 JavaThread "Handler for socket connection from /127.0.0.1:10543 to /127.0.0.1:11199" [_thread_in_native, id=11620, stack(0x0000000026740000,0x0000000026840000)]
  0x000000001db60000 JavaThread "Daemon Thread 2" [_thread_blocked, id=11316, stack(0x0000000026640000,0x0000000026740000)]
  0x000000001db5d000 JavaThread "pool-1-thread-1" [_thread_blocked, id=16076, stack(0x0000000026540000,0x0000000026640000)]
  0x0000000019e67800 JavaThread "Memory manager" [_thread_blocked, id=5140, stack(0x0000000022fb0000,0x00000000230b0000)]
  0x0000000019c0f800 JavaThread "File lock request listener" [_thread_in_native, id=5360, stack(0x000000001b590000,0x000000001b690000)]
  0x0000000019b86800 JavaThread "Cache worker for file hash cache (C:\Users\Denova\.gradle\caches\4.6\fileHashes)" [_thread_blocked, id=10504, stack(0x000000001b490000,0x000000001b590000)]
  0x00000000197e0800 JavaThread "Daemon periodic checks" [_thread_blocked, id=12704, stack(0x000000001a990000,0x000000001aa90000)]
  0x00000000197df000 JavaThread "Incoming local TCP Connector on port 10543" [_thread_in_native, id=13576, stack(0x000000001a750000,0x000000001a850000)]
  0x0000000018247000 JavaThread "Service Thread" daemon [_thread_blocked, id=2032, stack(0x0000000018840000,0x0000000018940000)]
  0x0000000018243000 JavaThread "C1 CompilerThread2" daemon [_thread_blocked, id=18084, stack(0x0000000018740000,0x0000000018840000)]
  0x0000000016b5d800 JavaThread "C2 CompilerThread1" daemon [_thread_in_native, id=2324, stack(0x0000000018640000,0x0000000018740000)]
=>0x0000000016afd000 JavaThread "C2 CompilerThread0" daemon [_thread_in_native, id=16632, stack(0x0000000018140000,0x0000000018240000)]
  0x0000000016af9800 JavaThread "Attach Listener" daemon [_thread_blocked, id=4336, stack(0x0000000018040000,0x0000000018140000)]
  0x0000000016b06000 JavaThread "Signal Dispatcher" daemon [_thread_blocked, id=10408, stack(0x0000000017f40000,0x0000000018040000)]
  0x0000000016ae8800 JavaThread "Finalizer" daemon [_thread_blocked, id=18332, stack(0x0000000017d50000,0x0000000017e50000)]
  0x0000000003161000 JavaThread "Reference Handler" daemon [_thread_blocked, id=16340, stack(0x0000000017c50000,0x0000000017d50000)]
  0x000000000318d800 JavaThread "main" [_thread_blocked, id=12328, stack(0x0000000002f60000,0x0000000003060000)]

Other Threads:
  0x0000000016ac4800 VMThread [stack: 0x0000000017b50000,0x0000000017c50000] [id=2328]
  0x0000000018249000 WatcherThread [stack: 0x0000000018940000,0x0000000018a40000] [id=7348]

VM state:not at safepoint (normal execution)

VM Mutex/Monitor currently owned by a thread:  ([mutex/lock_event])
[0x000000000318cb00] SymbolTable_lock - owner thread: 0x0000000000000000

Heap:
 PSYoungGen      total 388096K, used 293621K [0x00000000e0000000, 0x00000000fe400000, 0x0000000100000000)
  eden space 316928K, 90% used [0x00000000e0000000,0x00000000f18be048,0x00000000f3580000)
  from space 71168K, 8% used [0x00000000f8700000,0x00000000f8cff780,0x00000000fcc80000)
  to   space 83456K, 0% used [0x00000000f3580000,0x00000000f3580000,0x00000000f8700000)
 ParOldGen       total 253440K, used 193380K [0x00000000a0000000, 0x00000000af780000, 0x00000000e0000000)
  object space 253440K, 76% used [0x00000000a0000000,0x00000000abcd91b0,0x00000000af780000)
 Metaspace       used 88540K, capacity 91806K, committed 92032K, reserved 1130496K
  class space    used 11122K, capacity 11826K, committed 11904K, reserved 1048576K

Card table byte_map: [0x0000000012550000,0x0000000012860000] byte_map_base: 0x0000000012050000

Marking Bits: (ParMarkBitMap*) 0x0000000067885aa0
 Begin Bits: [0x0000000012e60000, 0x0000000014660000)
 End Bits:   [0x0000000014660000, 0x0000000015e60000)

Polling page: 0x0000000001740000

CodeCache: size=245760Kb used=55102Kb max_used=56031Kb free=190657Kb
 bounds [0x0000000003190000, 0x00000000068b0000, 0x0000000012190000]
 total_blobs=16548 nmethods=15673 adapters=785
 compilation: enabled

Compilation events (10 events):
Event: 6097.217 Thread 0x0000000016b5d800 20211       4       java.util.Arrays::equals (78 bytes)
Event: 6097.218 Thread 0x0000000018243000 nmethod 20264 0x0000000005f80750 code [0x0000000005f80960, 0x0000000005f81248]
Event: 6097.221 Thread 0x0000000016b5d800 nmethod 20211 0x0000000003e1ce90 code [0x0000000003e1cfe0, 0x0000000003e1d158]
Event: 6097.221 Thread 0x0000000016b5d800 19962       4       com.android.tools.r8.it.unimi.dsi.fastutil.objects.Reference2IntLinkedOpenHashMap::containsKey (76 bytes)
Event: 6097.224 Thread 0x0000000016b5d800 nmethod 19962 0x00000000047d6e50 code [0x00000000047d6fa0, 0x00000000047d71e8]
Event: 6097.225 Thread 0x0000000016b5d800 19927       4       java.util.stream.MatchOps$1MatchSink::accept (44 bytes)
Event: 6097.226 Thread 0x0000000016b5d800 nmethod 19927 0x00000000047d6990 code [0x00000000047d6ae0, 0x00000000047d6c18]
Event: 6097.226 Thread 0x0000000016b5d800 19932       4       java.nio.Buffer::nextPutIndex (31 bytes)
Event: 6097.227 Thread 0x0000000016b5d800 nmethod 19932 0x0000000004172010 code [0x0000000004172140, 0x00000000041721d8]
Event: 6097.227 Thread 0x0000000016b5d800 20023       4       com.android.tools.r8.code.Instruction::read16BitValue (11 bytes)

GC Heap History (10 events):
Event: 6058.163 GC heap before
{Heap before GC invocations=20 (full 4):
 PSYoungGen      total 262656K, used 6624K [0x00000000e0000000, 0x00000000fa480000, 0x0000000100000000)
  eden space 256000K, 0% used [0x00000000e0000000,0x00000000e0000000,0x00000000efa00000)
  from space 6656K, 99% used [0x00000000f3380000,0x00000000f39f8020,0x00000000f3a00000)
  to   space 58880K, 0% used [0x00000000efa00000,0x00000000efa00000,0x00000000f3380000)
 ParOldGen       total 137728K, used 122139K [0x00000000a0000000, 0x00000000a8680000, 0x00000000e0000000)
  object space 137728K, 88% used [0x00000000a0000000,0x00000000a7746f80,0x00000000a8680000)
 Metaspace       used 74542K, capacity 76964K, committed 77184K, reserved 1116160K
  class space    used 9608K, capacity 10260K, committed 10368K, reserved 1048576K
Event: 6058.956 GC heap after
Heap after GC invocations=20 (full 4):
 PSYoungGen      total 262656K, used 0K [0x00000000e0000000, 0x00000000fa480000, 0x0000000100000000)
  eden space 256000K, 0% used [0x00000000e0000000,0x00000000e0000000,0x00000000efa00000)
  from space 6656K, 0% used [0x00000000f3380000,0x00000000f3380000,0x00000000f3a00000)
  to   space 58880K, 0% used [0x00000000efa00000,0x00000000efa00000,0x00000000f3380000)
 ParOldGen       total 253440K, used 108662K [0x00000000a0000000, 0x00000000af780000, 0x00000000e0000000)
  object space 253440K, 42% used [0x00000000a0000000,0x00000000a6a1db30,0x00000000af780000)
 Metaspace       used 73750K, capacity 75746K, committed 77184K, reserved 1116160K
  class space    used 9458K, capacity 9992K, committed 10368K, reserved 1048576K
}
Event: 6068.322 GC heap before
{Heap before GC invocations=21 (full 4):
 PSYoungGen      total 262656K, used 256000K [0x00000000e0000000, 0x00000000fa480000, 0x0000000100000000)
  eden space 256000K, 100% used [0x00000000e0000000,0x00000000efa00000,0x00000000efa00000)
  from space 6656K, 0% used [0x00000000f3380000,0x00000000f3380000,0x00000000f3a00000)
  to   space 58880K, 0% used [0x00000000efa00000,0x00000000efa00000,0x00000000f3380000)
 ParOldGen       total 253440K, used 108662K [0x00000000a0000000, 0x00000000af780000, 0x00000000e0000000)
  object space 253440K, 42% used [0x00000000a0000000,0x00000000a6a1db30,0x00000000af780000)
 Metaspace       used 75362K, capacity 77314K, committed 78464K, reserved 1118208K
  class space    used 9554K, capacity 10088K, committed 10368K, reserved 1048576K
Event: 6068.440 GC heap after
Heap after GC invocations=21 (full 4):
 PSYoungGen      total 314880K, used 58868K [0x00000000e0000000, 0x00000000fcc80000, 0x0000000100000000)
  eden space 256000K, 0% used [0x00000000e0000000,0x00000000e0000000,0x00000000efa00000)
  from space 58880K, 99% used [0x00000000efa00000,0x00000000f337d170,0x00000000f3380000)
  to   space 71168K, 0% used [0x00000000f8700000,0x00000000f8700000,0x00000000fcc80000)
 ParOldGen       total 253440K, used 115153K [0x00000000a0000000, 0x00000000af780000, 0x00000000e0000000)
  object space 253440K, 45% used [0x00000000a0000000,0x00000000a7074728,0x00000000af780000)
 Metaspace       used 75362K, capacity 77314K, committed 78464K, reserved 1118208K
  class space    used 9554K, capacity 10088K, committed 10368K, reserved 1048576K
}
Event: 6074.055 GC heap before
{Heap before GC invocations=22 (full 4):
 PSYoungGen      total 314880K, used 314656K [0x00000000e0000000, 0x00000000fcc80000, 0x0000000100000000)
  eden space 256000K, 99% used [0x00000000e0000000,0x00000000ef9cafc0,0x00000000efa00000)
  from space 58880K, 99% used [0x00000000efa00000,0x00000000f337d170,0x00000000f3380000)
  to   space 71168K, 0% used [0x00000000f8700000,0x00000000f8700000,0x00000000fcc80000)
 ParOldGen       total 253440K, used 115153K [0x00000000a0000000, 0x00000000af780000, 0x00000000e0000000)
  object space 253440K, 45% used [0x00000000a0000000,0x00000000a7074728,0x00000000af780000)
 Metaspace       used 76610K, capacity 78690K, committed 79616K, reserved 1118208K
  class space    used 9719K, capacity 10250K, committed 10496K, reserved 1048576K
Event: 6074.152 GC heap after
Heap after GC invocations=22 (full 4):
 PSYoungGen      total 388096K, used 71143K [0x00000000e0000000, 0x00000000fe400000, 0x0000000100000000)
  eden space 316928K, 0% used [0x00000000e0000000,0x00000000e0000000,0x00000000f3580000)
  from space 71168K, 99% used [0x00000000f8700000,0x00000000fcc79cc8,0x00000000fcc80000)
  to   space 83456K, 0% used [0x00000000f3580000,0x00000000f3580000,0x00000000f8700000)
 ParOldGen       total 253440K, used 116183K [0x00000000a0000000, 0x00000000af780000, 0x00000000e0000000)
  object space 253440K, 45% used [0x00000000a0000000,0x00000000a7175e40,0x00000000af780000)
 Metaspace       used 76610K, capacity 78690K, committed 79616K, reserved 1118208K
  class space    used 9719K, capacity 10250K, committed 10496K, reserved 1048576K
}
Event: 6083.054 GC heap before
{Heap before GC invocations=23 (full 4):
 PSYoungGen      total 388096K, used 388071K [0x00000000e0000000, 0x00000000fe400000, 0x0000000100000000)
  eden space 316928K, 100% used [0x00000000e0000000,0x00000000f3580000,0x00000000f3580000)
  from space 71168K, 99% used [0x00000000f8700000,0x00000000fcc79cc8,0x00000000fcc80000)
  to   space 83456K, 0% used [0x00000000f3580000,0x00000000f3580000,0x00000000f8700000)
 ParOldGen       total 253440K, used 116183K [0x00000000a0000000, 0x00000000af780000, 0x00000000e0000000)
  object space 253440K, 45% used [0x00000000a0000000,0x00000000a7175e40,0x00000000af780000)
 Metaspace       used 84402K, capacity 87206K, committed 87552K, reserved 1126400K
  class space    used 10726K, capacity 11392K, committed 11520K, reserved 1048576K
Event: 6083.178 GC heap after
Heap after GC invocations=23 (full 4):
 PSYoungGen      total 400384K, used 21596K [0x00000000e0000000, 0x00000000fe400000, 0x0000000100000000)
  eden space 316928K, 0% used [0x00000000e0000000,0x00000000e0000000,0x00000000f3580000)
  from space 83456K, 25% used [0x00000000f3580000,0x00000000f4a97198,0x00000000f8700000)
  to   space 71168K, 0% used [0x00000000f8700000,0x00000000f8700000,0x00000000fcc80000)
 ParOldGen       total 253440K, used 183228K [0x00000000a0000000, 0x00000000af780000, 0x00000000e0000000)
  object space 253440K, 72% used [0x00000000a0000000,0x00000000ab2ef020,0x00000000af780000)
 Metaspace       used 84402K, capacity 87206K, committed 87552K, reserved 1126400K
  class space    used 10726K, capacity 11392K, committed 11520K, reserved 1048576K
}
Event: 6087.689 GC heap before
{Heap before GC invocations=24 (full 4):
 PSYoungGen      total 400384K, used 338524K [0x00000000e0000000, 0x00000000fe400000, 0x0000000100000000)
  eden space 316928K, 100% used [0x00000000e0000000,0x00000000f3580000,0x00000000f3580000)
  from space 83456K, 25% used [0x00000000f3580000,0x00000000f4a97198,0x00000000f8700000)
  to   space 71168K, 0% used [0x00000000f8700000,0x00000000f8700000,0x00000000fcc80000)
 ParOldGen       total 253440K, used 183228K [0x00000000a0000000, 0x00000000af780000, 0x00000000e0000000)
  object space 253440K, 72% used [0x00000000a0000000,0x00000000ab2ef020,0x00000000af780000)
 Metaspace       used 87408K, capacity 90626K, committed 90880K, reserved 1128448K
  class space    used 10998K, capacity 11694K, committed 11776K, reserved 1048576K
Event: 6087.739 GC heap after
Heap after GC invocations=24 (full 4):
 PSYoungGen      total 388096K, used 6141K [0x00000000e0000000, 0x00000000fe400000, 0x0000000100000000)
  eden space 316928K, 0% used [0x00000000e0000000,0x00000000e0000000,0x00000000f3580000)
  from space 71168K, 8% used [0x00000000f8700000,0x00000000f8cff780,0x00000000fcc80000)
  to   space 83456K, 0% used [0x00000000f3580000,0x00000000f3580000,0x00000000f8700000)
 ParOldGen       total 253440K, used 193380K [0x00000000a0000000, 0x00000000af780000, 0x00000000e0000000)
  object space 253440K, 76% used [0x00000000a0000000,0x00000000abcd91b0,0x00000000af780000)
 Metaspace       used 87408K, capacity 90626K, committed 90880K, reserved 1128448K
  class space    used 10998K, capacity 11694K, committed 11776K, reserved 1048576K
}

Deoptimization events (10 events):
Event: 6096.888 Thread 0x000000001c0a3800 Uncommon trap: reason=predicate action=maybe_recompile pc=0x0000000003984780 method=java.util.TimSort.mergeLo(IIII)V @ 153
Event: 6097.017 Thread 0x000000001db6a800 Uncommon trap: reason=bimorphic action=maybe_recompile pc=0x0000000003c221e4 method=java.util.stream.AbstractPipeline.copyIntoWithCancel(Ljava/util/stream/Sink;Ljava/util/Spliterator;)V @ 24
Event: 6097.017 Thread 0x000000001db6a800 Uncommon trap: reason=bimorphic action=maybe_recompile pc=0x0000000005bb16f8 method=java.util.stream.ReferencePipeline.forEachWithCancel(Ljava/util/Spliterator;Ljava/util/stream/Sink;)V @ 1
Event: 6097.127 Thread 0x0000000019bb4000 Uncommon trap: reason=bimorphic action=maybe_recompile pc=0x0000000004238614 method=java.io.DataInputStream.readUnsignedShort()I @ 4
Event: 6097.127 Thread 0x000000001c0a3000 Uncommon trap: reason=bimorphic action=maybe_recompile pc=0x0000000004238614 method=java.io.DataInputStream.readUnsignedShort()I @ 4
Event: 6097.127 Thread 0x000000001c09d000 Uncommon trap: reason=bimorphic action=maybe_recompile pc=0x0000000004238614 method=java.io.DataInputStream.readUnsignedShort()I @ 4
Event: 6097.127 Thread 0x0000000019bb4000 Uncommon trap: reason=bimorphic action=maybe_recompile pc=0x0000000004238614 method=java.io.DataInputStream.readUnsignedShort()I @ 4
Event: 6097.127 Thread 0x000000001c0a3000 Uncommon trap: reason=bimorphic action=maybe_recompile pc=0x0000000004238614 method=java.io.DataInputStream.readUnsignedShort()I @ 4
Event: 6097.128 Thread 0x0000000019bb4000 Uncommon trap: reason=unstable_if action=reinterpret pc=0x0000000003b23f70 method=sun.security.util.Cache$EqualByteArray.hashCode()I @ 6
Event: 6097.129 Thread 0x0000000019bb4000 Uncommon trap: reason=unstable_if action=reinterpret pc=0x0000000003aaf714 method=java.util.LinkedHashMap.afterNodeAccess(Ljava/util/HashMap$Node;)V @ 14

Classes redefined (0 events):
No events

Internal exceptions (10 events):
Event: 6096.271 Thread 0x000000001c0a6800 Exception <a 'sun/nio/fs/WindowsException'> (0x00000000eeab6b38) thrown at [D:\src\AOSP-openjdk-cygwin\jdk8u\hotspot\src\share\vm\prims\jni.cpp, line 709]
Event: 6096.332 Thread 0x000000001c0a6800 Exception <a 'sun/nio/fs/WindowsException'> (0x00000000eeddc330) thrown at [D:\src\AOSP-openjdk-cygwin\jdk8u\hotspot\src\share\vm\prims\jni.cpp, line 709]
Event: 6096.390 Thread 0x000000001c0a1800 Exception <a 'sun/nio/fs/WindowsException'> (0x00000000ef273f10) thrown at [D:\src\AOSP-openjdk-cygwin\jdk8u\hotspot\src\share\vm\prims\jni.cpp, line 709]
Event: 6096.477 Thread 0x000000001c0a0800 Exception <a 'sun/nio/fs/WindowsException'> (0x00000000efb55490) thrown at [D:\src\AOSP-openjdk-cygwin\jdk8u\hotspot\src\share\vm\prims\jni.cpp, line 709]
Event: 6096.634 Thread 0x000000001c0a1800 Exception <a 'sun/nio/fs/WindowsException'> (0x00000000f01c9bf0) thrown at [D:\src\AOSP-openjdk-cygwin\jdk8u\hotspot\src\share\vm\prims\jni.cpp, line 709]
Event: 6096.696 Thread 0x000000001c09c000 Exception <a 'sun/nio/fs/WindowsException'> (0x00000000f077aa10) thrown at [D:\src\AOSP-openjdk-cygwin\jdk8u\hotspot\src\share\vm\prims\jni.cpp, line 709]
Event: 6096.725 Thread 0x000000001c0a1800 Exception <a 'sun/nio/fs/WindowsException'> (0x00000000f09e6bc0) thrown at [D:\src\AOSP-openjdk-cygwin\jdk8u\hotspot\src\share\vm\prims\jni.cpp, line 709]
Event: 6096.783 Thread 0x000000001c0a6800 Exception <a 'sun/nio/fs/WindowsException'> (0x00000000f0d5d140) thrown at [D:\src\AOSP-openjdk-cygwin\jdk8u\hotspot\src\share\vm\prims\jni.cpp, line 709]
Event: 6096.842 Thread 0x000000001c0a3000 Exception <a 'sun/nio/fs/WindowsException'> (0x00000000f0cb3180) thrown at [D:\src\AOSP-openjdk-cygwin\jdk8u\hotspot\src\share\vm\prims\jni.cpp, line 709]
Event: 6096.940 Thread 0x000000001c0a3800 Exception <a 'sun/nio/fs/WindowsException'> (0x00000000f136cf00) thrown at [D:\src\AOSP-openjdk-cygwin\jdk8u\hotspot\src\share\vm\prims\jni.cpp, line 709]

Events (10 events):
Event: 6097.132 loading class com/android/ide/common/signing/CertificateInfo
Event: 6097.132 loading class com/android/ide/common/signing/CertificateInfo done
Event: 6097.134 Executing VM operation: RevokeBias
Event: 6097.135 Executing VM operation: RevokeBias done
Event: 6097.207 loading class com/android/tools/build/apkzlib/sign/SigningExtension
Event: 6097.207 loading class com/android/tools/build/apkzlib/sign/SigningExtension done
Event: 6097.208 loading class com/android/apksig/ApkSignerEngine
Event: 6097.208 loading class com/android/apksig/ApkSignerEngine done
Event: 6097.229 loading class com/android/tools/build/apkzlib/sign/SigningExtension$1
Event: 6097.229 loading class com/android/tools/build/apkzlib/sign/SigningExtension$1 done


Dynamic libraries:
0x00007ff605750000 - 0x00007ff605781000 	E:\Program Files\Android\Android Studio\jre\bin\java.exe
0x00007ffa98290000 - 0x00007ffa98471000 	C:\Windows\SYSTEM32\ntdll.dll
0x00007ffa962c0000 - 0x00007ffa96371000 	C:\Windows\System32\KERNEL32.DLL
0x00007ffa952a0000 - 0x00007ffa95513000 	C:\Windows\System32\KERNELBASE.dll
0x00007ffa96380000 - 0x00007ffa96421000 	C:\Windows\System32\ADVAPI32.dll
0x00007ffa96010000 - 0x00007ffa960ae000 	C:\Windows\System32\msvcrt.dll
0x00007ffa96490000 - 0x00007ffa964eb000 	C:\Windows\System32\sechost.dll
0x00007ffa96120000 - 0x00007ffa96244000 	C:\Windows\System32\RPCRT4.dll
0x00007ffa957f0000 - 0x00007ffa95980000 	C:\Windows\System32\USER32.dll
0x00007ffa950e0000 - 0x00007ffa95100000 	C:\Windows\System32\win32u.dll
0x00007ffa96430000 - 0x00007ffa96458000 	C:\Windows\System32\GDI32.dll
0x00007ffa95580000 - 0x00007ffa95712000 	C:\Windows\System32\gdi32full.dll
0x00007ffa95100000 - 0x00007ffa9519f000 	C:\Windows\System32\msvcp_win.dll
0x00007ffa94f60000 - 0x00007ffa95058000 	C:\Windows\System32\ucrtbase.dll
0x00007ffa82ef0000 - 0x00007ffa83159000 	C:\Windows\WinSxS\amd64_microsoft.windows.common-controls_6595b64144ccf1df_6.0.17134.765_none_fb42a1a930655896\COMCTL32.dll
0x00007ffa95980000 - 0x00007ffa95ca2000 	C:\Windows\System32\combase.dll
0x00007ffa95060000 - 0x00007ffa950da000 	C:\Windows\System32\bcryptPrimitives.dll
0x00007ffa96460000 - 0x00007ffa9648d000 	C:\Windows\System32\IMM32.DLL
0x00000000684a0000 - 0x0000000068572000 	E:\Program Files\Android\Android Studio\jre\jre\bin\msvcr100.dll
0x00000000670c0000 - 0x0000000067901000 	E:\Program Files\Android\Android Studio\jre\jre\bin\server\jvm.dll
0x00007ffa960b0000 - 0x00007ffa960b8000 	C:\Windows\System32\PSAPI.DLL
0x00007ffa88950000 - 0x00007ffa8895a000 	C:\Windows\SYSTEM32\VERSION.dll
0x00007ffa59780000 - 0x00007ffa59789000 	C:\Windows\SYSTEM32\WSOCK32.dll
0x00007ffa96250000 - 0x00007ffa962bc000 	C:\Windows\System32\WS2_32.dll
0x00007ffa92220000 - 0x00007ffa92243000 	C:\Windows\SYSTEM32\WINMM.dll
0x00007ffa921f0000 - 0x00007ffa9221a000 	C:\Windows\SYSTEM32\WINMMBASE.dll
0x00007ffa95250000 - 0x00007ffa95299000 	C:\Windows\System32\cfgmgr32.dll
0x00007ffa90f10000 - 0x00007ffa90f1f000 	E:\Program Files\Android\Android Studio\jre\jre\bin\verify.dll
0x00007ffa857d0000 - 0x00007ffa857f9000 	E:\Program Files\Android\Android Studio\jre\jre\bin\java.dll
0x00007ffa88ea0000 - 0x00007ffa88eb6000 	E:\Program Files\Android\Android Studio\jre\jre\bin\zip.dll
0x00007ffa96b70000 - 0x00007ffa97fb0000 	C:\Windows\System32\SHELL32.dll
0x00007ffa95d30000 - 0x00007ffa95dd9000 	C:\Windows\System32\shcore.dll
0x00007ffa94660000 - 0x00007ffa94d6d000 	C:\Windows\System32\windows.storage.dll
0x00007ffa95f80000 - 0x00007ffa95fd1000 	C:\Windows\System32\shlwapi.dll
0x00007ffa945a0000 - 0x00007ffa945b1000 	C:\Windows\System32\kernel.appcore.dll
0x00007ffa945e0000 - 0x00007ffa945ff000 	C:\Windows\System32\profapi.dll
0x00007ffa94610000 - 0x00007ffa9465c000 	C:\Windows\System32\powrprof.dll
0x00007ffa94600000 - 0x00007ffa9460a000 	C:\Windows\System32\FLTLIB.DLL
0x00007ffa88e10000 - 0x00007ffa88e2a000 	E:\Program Files\Android\Android Studio\jre\jre\bin\net.dll
0x00007ffa93e20000 - 0x00007ffa93e86000 	C:\Windows\system32\mswsock.dll
0x00007ffa85910000 - 0x00007ffa85921000 	E:\Program Files\Android\Android Studio\jre\jre\bin\nio.dll
0x00007ffa7c000000 - 0x00007ffa7c01e000 	C:\Users\Denova\.gradle\native\25\windows-amd64\native-platform.dll
0x00007ffa90f00000 - 0x00007ffa90f0d000 	E:\Program Files\Android\Android Studio\jre\jre\bin\management.dll
0x00007ffa93fe0000 - 0x00007ffa93ff7000 	C:\Windows\SYSTEM32\CRYPTSP.dll
0x00007ffa93a00000 - 0x00007ffa93a33000 	C:\Windows\system32\rsaenh.dll
0x00007ffa94100000 - 0x00007ffa94125000 	C:\Windows\SYSTEM32\bcrypt.dll
0x00007ffa944a0000 - 0x00007ffa944c8000 	C:\Windows\SYSTEM32\USERENV.dll
0x00007ffa93fd0000 - 0x00007ffa93fdb000 	C:\Windows\SYSTEM32\CRYPTBASE.dll
0x00007ffa93ba0000 - 0x00007ffa93bd8000 	C:\Windows\SYSTEM32\IPHLPAPI.DLL
0x00007ffa95fe0000 - 0x00007ffa95fe8000 	C:\Windows\System32\NSI.dll
0x00007ffa8aef0000 - 0x00007ffa8af06000 	C:\Windows\SYSTEM32\dhcpcsvc6.DLL
0x00007ffa8b390000 - 0x00007ffa8b3aa000 	C:\Windows\SYSTEM32\dhcpcsvc.DLL
0x00007ffa778b0000 - 0x00007ffa778d4000 	E:\Program Files\Android\Android Studio\jre\jre\bin\sunec.dll
0x00007ffa93be0000 - 0x00007ffa93c9e000 	C:\Windows\SYSTEM32\DNSAPI.dll
0x00007ffa84f50000 - 0x00007ffa84f5a000 	C:\Windows\System32\rasadhlp.dll
0x00007ffa851b0000 - 0x00007ffa85222000 	C:\Windows\System32\fwpuclnt.dll
0x00007ffa8d5a0000 - 0x00007ffa8d5ab000 	E:\Program Files\Android\Android Studio\jre\jre\bin\sunmscapi.dll
0x00007ffa94d70000 - 0x00007ffa94f52000 	C:\Windows\System32\CRYPT32.dll
0x00007ffa945c0000 - 0x00007ffa945d2000 	C:\Windows\System32\MSASN1.dll

VM Arguments:
jvm_args: -Xmx1536m -Dfile.encoding=windows-1252 -Duser.country=US -Duser.language=en -Duser.variant 
java_command: org.gradle.launcher.daemon.bootstrap.GradleDaemon 4.6
java_class_path (initial): C:\Users\Denova\.gradle\wrapper\dists\gradle-4.6-all\bcst21l2brirad8k2ben1letg\gradle-4.6\lib\gradle-launcher-4.6.jar
Launcher Type: SUN_STANDARD

Environment Variables:
PATH=C:\Program Files (x86)\Common Files\Oracle\Java\javapath;C:\Program Files (x86)\Common Files\Intel\Shared Libraries\redist\intel64\compiler;C:\Windows\system32;C:\Windows;C:\Windows\System32\Wbem;C:\Windows\System32\WindowsPowerShell\v1.0\;C:\Windows\System32\OpenSSH\;C:\Program Files\Lenovo\Bluetooth Software\;C:\Program Files\Lenovo\Bluetooth Software\syswow64;C:\Program Files\Git\cmd;E:\Program Files\androidsdk\platform-tools;C:\Users\Denova\AppData\Local\Microsoft\WindowsApps;;C:\Users\Denova\AppData\Local\Programs\Fiddler
USERNAME=Denova
OS=Windows_NT
PROCESSOR_IDENTIFIER=Intel64 Family 6 Model 60 Stepping 3, GenuineIntel



---------------  S Y S T E M  ---------------

OS: Windows 10.0 , 64 bit Build 17134 (10.0.17134.753)

CPU:total 4 (initial active 4) (2 cores per cpu, 2 threads per core) family 6 model 60 stepping 3, cmov, cx8, fxsr, mmx, sse, sse2, sse3, ssse3, sse4.1, sse4.2, popcnt, avx, avx2, clmul, erms, lzcnt, ht, tsc, tscinvbit, bmi1, bmi2

Memory: 4k page, physical 8302956k(2527272k free), swap 10498580k(2748k free)

vm_info: OpenJDK 64-Bit Server VM (25.152-b06) for windows-amd64 JRE (1.8.0_152-release-1136-b06), built by "builder" with MS VC++ 10.0 (VS2010)

time: Wed May 29 12:49:16 2019
elapsed time: 6097 seconds (0d 1h 41m 37s)

