#
# There is insufficient memory for the Java Runtime Environment to continue.
# Native memory allocation (malloc) failed to allocate 233424 bytes for Chunk::new
# Possible reasons:
#   The system is out of physical RAM or swap space
#   In 32 bit mode, the process size limit was hit
# Possible solutions:
#   Reduce memory load on the system
#   Increase physical memory or swap space
#   Check if swap backing store is full
#   Use 64 bit Java on a 64 bit OS
#   Decrease Java heap size (-Xmx/-Xms)
#   Decrease number of Java threads
#   Decrease Java thread stack sizes (-Xss)
#   Set larger code cache with -XX:ReservedCodeCacheSize=
# This output file may be truncated or incomplete.
#
#  Out of Memory Error (allocation.cpp:390), pid=15044, tid=0x00000000000030a0
#
# JRE version: OpenJDK Runtime Environment (8.0_152-b06) (build 1.8.0_152-release-1136-b06)
# Java VM: OpenJDK 64-Bit Server VM (25.152-b06 mixed mode windows-amd64 compressed oops)
# Failed to write core dump. Minidumps are not enabled by default on client versions of Windows
#

---------------  T H R E A D  ---------------

Current thread (0x0000000016caa800):  JavaThread "C2 CompilerThread0" daemon [_thread_in_native, id=12448, stack(0x0000000018320000,0x0000000018420000)]

Stack: [0x0000000018320000,0x0000000018420000]
[error occurred during error reporting (printing stack bounds), id 0xc0000005]

Native frames: (J=compiled Java code, j=interpreted, Vv=VM code, C=native code)


Current CompileTask:
C2:  54763 3791       4       java.lang.reflect.Executable::printModifiersIfNonzero (101 bytes)


---------------  P R O C E S S  ---------------

Java Threads: ( => current thread )
  0x000000001e0e2000 JavaThread "Memory manager" [_thread_blocked, id=8004, stack(0x0000000021570000,0x0000000021670000)]
  0x0000000016cf7000 JavaThread "Build operations Thread 4" [_thread_blocked, id=8700, stack(0x0000000021270000,0x0000000021370000)]
  0x0000000016cf5000 JavaThread "Build operations Thread 3" [_thread_blocked, id=12812, stack(0x0000000021170000,0x0000000021270000)]
  0x0000000016cf9000 JavaThread "Build operations Thread 2" [_thread_blocked, id=4168, stack(0x0000000021070000,0x0000000021170000)]
  0x0000000016cf8800 JavaThread "Build operations" [_thread_blocked, id=6892, stack(0x0000000020f70000,0x0000000021070000)]
  0x0000000016cfb800 JavaThread "Cache worker for Artifact transforms cache (C:\Users\Denova\.gradle\caches\transforms-1)" [_thread_blocked, id=12072, stack(0x000000001db10000,0x000000001dc10000)]
  0x000000001b854800 JavaThread "Cache worker for file hash cache (E:\AndroidStudioProjects\AndroidWoope\.gradle\4.6\fileHashes)" [_thread_blocked, id=14588, stack(0x000000001c840000,0x000000001c940000)]
  0x0000000019d09800 JavaThread "File lock request listener" [_thread_in_native, id=14684, stack(0x000000001c740000,0x000000001c840000)]
  0x000000001914c800 JavaThread "Cache worker for file hash cache (C:\Users\Denova\.gradle\caches\4.6\fileHashes)" [_thread_blocked, id=15264, stack(0x000000001b670000,0x000000001b770000)]
  0x0000000018765000 JavaThread "Stdin handler" [_thread_blocked, id=11900, stack(0x000000001b370000,0x000000001b470000)]
  0x0000000018764800 JavaThread "Asynchronous log dispatcher for DefaultDaemonConnection: socket connection from /127.0.0.1:11977 to /127.0.0.1:11978" [_thread_blocked, id=13980, stack(0x000000001b270000,0x000000001b370000)]
  0x0000000018761800 JavaThread "Daemon worker" [_thread_in_vm, id=9200, stack(0x000000001b170000,0x000000001b270000)]
  0x0000000018761000 JavaThread "Cancel handler" [_thread_blocked, id=13876, stack(0x000000001b070000,0x000000001b170000)]
  0x0000000019463800 JavaThread "Handler for socket connection from /127.0.0.1:11977 to /127.0.0.1:11978" [_thread_in_native, id=14812, stack(0x000000001ad70000,0x000000001ae70000)]
  0x00000000194cb000 JavaThread "Daemon" [_thread_blocked, id=13200, stack(0x000000001ac70000,0x000000001ad70000)]
  0x0000000018fee800 JavaThread "Daemon periodic checks" [_thread_blocked, id=6464, stack(0x000000001ab70000,0x000000001ac70000)]
  0x0000000018ff1000 JavaThread "Incoming local TCP Connector on port 11977" [_thread_in_native, id=220, stack(0x000000001a930000,0x000000001aa30000)]
  0x0000000018651000 JavaThread "Service Thread" daemon [_thread_blocked, id=5664, stack(0x0000000018a20000,0x0000000018b20000)]
  0x0000000016cfa800 JavaThread "C1 CompilerThread2" daemon [_thread_blocked, id=4496, stack(0x0000000018520000,0x0000000018620000)]
  0x0000000016cad800 JavaThread "C2 CompilerThread1" daemon [_thread_in_native, id=5144, stack(0x0000000018420000,0x0000000018520000)]
=>0x0000000016caa800 JavaThread "C2 CompilerThread0" daemon [_thread_in_native, id=12448, stack(0x0000000018320000,0x0000000018420000)]
  0x0000000016cb6800 JavaThread "Attach Listener" daemon [_thread_blocked, id=8692, stack(0x0000000018220000,0x0000000018320000)]
  0x0000000016cb5000 JavaThread "Signal Dispatcher" daemon [_thread_blocked, id=5696, stack(0x0000000018120000,0x0000000018220000)]
  0x000000000333c000 JavaThread "Finalizer" daemon [_thread_blocked, id=13088, stack(0x0000000017f30000,0x0000000018030000)]
  0x0000000003331000 JavaThread "Reference Handler" daemon [_thread_blocked, id=12752, stack(0x0000000017e30000,0x0000000017f30000)]
  0x000000000323d800 JavaThread "main" [_thread_blocked, id=10216, stack(0x0000000003060000,0x0000000003160000)]

Other Threads:
  0x0000000016c74800 VMThread [stack: 0x0000000017d30000,0x0000000017e30000] [id=4532]
  0x0000000016d0d800 WatcherThread [stack: 0x0000000018b20000,0x0000000018c20000] [id=15156]

VM state:not at safepoint (normal execution)

VM Mutex/Monitor currently owned by a thread: None

Heap:
 PSYoungGen      total 78336K, used 50419K [0x00000000e0000000, 0x00000000e6e00000, 0x0000000100000000)
  eden space 67072K, 75% used [0x00000000e0000000,0x00000000e313cd00,0x00000000e4180000)
  from space 11264K, 0% used [0x00000000e4180000,0x00000000e4180000,0x00000000e4c80000)
  to   space 12288K, 0% used [0x00000000e6200000,0x00000000e6200000,0x00000000e6e00000)
 ParOldGen       total 101376K, used 17395K [0x00000000a0000000, 0x00000000a6300000, 0x00000000e0000000)
  object space 101376K, 17% used [0x00000000a0000000,0x00000000a10fcc98,0x00000000a6300000)
 Metaspace       used 37867K, capacity 38732K, committed 38872K, reserved 1083392K
  class space    used 5224K, capacity 5529K, committed 5632K, reserved 1048576K

Card table byte_map: [0x0000000012700000,0x0000000012a10000] byte_map_base: 0x0000000012200000

Marking Bits: (ParMarkBitMap*) 0x000000005c745aa0
 Begin Bits: [0x0000000013010000, 0x0000000014810000)
 End Bits:   [0x0000000014810000, 0x0000000016010000)

Polling page: 0x00000000013f0000

CodeCache: size=245760Kb used=11688Kb max_used=11688Kb free=234071Kb
 bounds [0x0000000003340000, 0x0000000003ec0000, 0x0000000012340000]
 total_blobs=4134 nmethods=3424 adapters=622
 compilation: enabled

Compilation events (10 events):
Event: 54.595 Thread 0x0000000016cfa800 3798       3       sun.reflect.generics.reflectiveObjects.TypeVariableImpl::<init> (22 bytes)
Event: 54.595 Thread 0x0000000016cfa800 nmethod 3798 0x0000000003eaca90 code [0x0000000003eacc00, 0x0000000003eace70]
Event: 54.621 Thread 0x0000000016cfa800 3799       1       org.gradle.model.internal.manage.schema.cache.MultiWeakClassSet::hashCode (5 bytes)
Event: 54.623 Thread 0x0000000016cfa800 nmethod 3799 0x0000000003eac7d0 code [0x0000000003eac920, 0x0000000003eaca30]
Event: 54.624 Thread 0x0000000016cfa800 3800       3       com.google.common.collect.RegularImmutableSortedSet::<init> (26 bytes)
Event: 54.627 Thread 0x0000000016cfa800 nmethod 3800 0x0000000003eabcd0 code [0x0000000003eabe80, 0x0000000003eac498]
Event: 54.627 Thread 0x0000000016cfa800 3801       3       org.gradle.model.internal.asm.AsmClassGeneratorUtils::signature (45 bytes)
Event: 54.638 Thread 0x0000000016cfa800 nmethod 3801 0x0000000003eb2090 code [0x0000000003eb2480, 0x0000000003eb49e8]
Event: 54.736 Thread 0x0000000016cfa800 3802       3       org.gradle.model.internal.manage.schema.extract.PropertyAccessorExtractionContext::collectAnnotations (106 bytes)
Event: 54.742 Thread 0x0000000016cfa800 nmethod 3802 0x0000000003ea9710 code [0x0000000003ea9a00, 0x0000000003eab0d8]

GC Heap History (10 events):
Event: 33.637 GC heap before
{Heap before GC invocations=7 (full 1):
 PSYoungGen      total 38400K, used 33280K [0x00000000e0000000, 0x00000000e5500000, 0x0000000100000000)
  eden space 33280K, 100% used [0x00000000e0000000,0x00000000e2080000,0x00000000e2080000)
  from space 5120K, 0% used [0x00000000e2080000,0x00000000e2080000,0x00000000e2580000)
  to   space 10240K, 0% used [0x00000000e4b00000,0x00000000e4b00000,0x00000000e5500000)
 ParOldGen       total 64000K, used 8235K [0x00000000a0000000, 0x00000000a3e80000, 0x00000000e0000000)
  object space 64000K, 12% used [0x00000000a0000000,0x00000000a080afc0,0x00000000a3e80000)
 Metaspace       used 23817K, capacity 24328K, committed 24576K, reserved 1071104K
  class space    used 3284K, capacity 3463K, committed 3584K, reserved 1048576K
Event: 33.665 GC heap after
Heap after GC invocations=7 (full 1):
 PSYoungGen      total 51712K, used 3490K [0x00000000e0000000, 0x00000000e4e80000, 0x0000000100000000)
  eden space 48128K, 0% used [0x00000000e0000000,0x00000000e0000000,0x00000000e2f00000)
  from space 3584K, 97% used [0x00000000e4b00000,0x00000000e4e68b38,0x00000000e4e80000)
  to   space 10240K, 0% used [0x00000000e3a80000,0x00000000e3a80000,0x00000000e4480000)
 ParOldGen       total 64000K, used 8243K [0x00000000a0000000, 0x00000000a3e80000, 0x00000000e0000000)
  object space 64000K, 12% used [0x00000000a0000000,0x00000000a080cfc0,0x00000000a3e80000)
 Metaspace       used 23817K, capacity 24328K, committed 24576K, reserved 1071104K
  class space    used 3284K, capacity 3463K, committed 3584K, reserved 1048576K
}
Event: 39.772 GC heap before
{Heap before GC invocations=8 (full 1):
 PSYoungGen      total 51712K, used 51618K [0x00000000e0000000, 0x00000000e4e80000, 0x0000000100000000)
  eden space 48128K, 100% used [0x00000000e0000000,0x00000000e2f00000,0x00000000e2f00000)
  from space 3584K, 97% used [0x00000000e4b00000,0x00000000e4e68b38,0x00000000e4e80000)
  to   space 10240K, 0% used [0x00000000e3a80000,0x00000000e3a80000,0x00000000e4480000)
 ParOldGen       total 64000K, used 8243K [0x00000000a0000000, 0x00000000a3e80000, 0x00000000e0000000)
  object space 64000K, 12% used [0x00000000a0000000,0x00000000a080cfc0,0x00000000a3e80000)
 Metaspace       used 27330K, capacity 27884K, committed 28032K, reserved 1073152K
  class space    used 3740K, capacity 3914K, committed 3968K, reserved 1048576K
Event: 39.822 GC heap after
Heap after GC invocations=8 (full 1):
 PSYoungGen      total 70144K, used 6261K [0x00000000e0000000, 0x00000000e5600000, 0x0000000100000000)
  eden space 59904K, 0% used [0x00000000e0000000,0x00000000e0000000,0x00000000e3a80000)
  from space 10240K, 61% used [0x00000000e3a80000,0x00000000e409d730,0x00000000e4480000)
  to   space 9728K, 0% used [0x00000000e4c80000,0x00000000e4c80000,0x00000000e5600000)
 ParOldGen       total 64000K, used 8251K [0x00000000a0000000, 0x00000000a3e80000, 0x00000000e0000000)
  object space 64000K, 12% used [0x00000000a0000000,0x00000000a080efc0,0x00000000a3e80000)
 Metaspace       used 27330K, capacity 27884K, committed 28032K, reserved 1073152K
  class space    used 3740K, capacity 3914K, committed 3968K, reserved 1048576K
}
Event: 45.899 GC heap before
{Heap before GC invocations=9 (full 1):
 PSYoungGen      total 70144K, used 66165K [0x00000000e0000000, 0x00000000e5600000, 0x0000000100000000)
  eden space 59904K, 100% used [0x00000000e0000000,0x00000000e3a80000,0x00000000e3a80000)
  from space 10240K, 61% used [0x00000000e3a80000,0x00000000e409d730,0x00000000e4480000)
  to   space 9728K, 0% used [0x00000000e4c80000,0x00000000e4c80000,0x00000000e5600000)
 ParOldGen       total 64000K, used 8251K [0x00000000a0000000, 0x00000000a3e80000, 0x00000000e0000000)
  object space 64000K, 12% used [0x00000000a0000000,0x00000000a080efc0,0x00000000a3e80000)
 Metaspace       used 30744K, capacity 31344K, committed 31488K, reserved 1077248K
  class space    used 4314K, capacity 4513K, committed 4608K, reserved 1048576K
Event: 45.971 GC heap after
Heap after GC invocations=9 (full 1):
 PSYoungGen      total 76800K, used 9699K [0x00000000e0000000, 0x00000000e6a00000, 0x0000000100000000)
  eden space 67072K, 0% used [0x00000000e0000000,0x00000000e0000000,0x00000000e4180000)
  from space 9728K, 99% used [0x00000000e4c80000,0x00000000e55f8e98,0x00000000e5600000)
  to   space 11264K, 0% used [0x00000000e4180000,0x00000000e4180000,0x00000000e4c80000)
 ParOldGen       total 64000K, used 8406K [0x00000000a0000000, 0x00000000a3e80000, 0x00000000e0000000)
  object space 64000K, 13% used [0x00000000a0000000,0x00000000a0835a40,0x00000000a3e80000)
 Metaspace       used 30744K, capacity 31344K, committed 31488K, reserved 1077248K
  class space    used 4314K, capacity 4513K, committed 4608K, reserved 1048576K
}
Event: 50.122 GC heap before
{Heap before GC invocations=10 (full 1):
 PSYoungGen      total 76800K, used 46402K [0x00000000e0000000, 0x00000000e6a00000, 0x0000000100000000)
  eden space 67072K, 54% used [0x00000000e0000000,0x00000000e23d7978,0x00000000e4180000)
  from space 9728K, 99% used [0x00000000e4c80000,0x00000000e55f8e98,0x00000000e5600000)
  to   space 11264K, 0% used [0x00000000e4180000,0x00000000e4180000,0x00000000e4c80000)
 ParOldGen       total 64000K, used 8406K [0x00000000a0000000, 0x00000000a3e80000, 0x00000000e0000000)
  object space 64000K, 13% used [0x00000000a0000000,0x00000000a0835a40,0x00000000a3e80000)
 Metaspace       used 34491K, capacity 35348K, committed 35416K, reserved 1079296K
  class space    used 4852K, capacity 5189K, committed 5248K, reserved 1048576K
Event: 50.236 GC heap after
Heap after GC invocations=10 (full 1):
 PSYoungGen      total 78336K, used 10927K [0x00000000e0000000, 0x00000000e6e00000, 0x0000000100000000)
  eden space 67072K, 0% used [0x00000000e0000000,0x00000000e0000000,0x00000000e4180000)
  from space 11264K, 97% used [0x00000000e4180000,0x00000000e4c2bd20,0x00000000e4c80000)
  to   space 12288K, 0% used [0x00000000e6200000,0x00000000e6200000,0x00000000e6e00000)
 ParOldGen       total 64000K, used 8414K [0x00000000a0000000, 0x00000000a3e80000, 0x00000000e0000000)
  object space 64000K, 13% used [0x00000000a0000000,0x00000000a0837a40,0x00000000a3e80000)
 Metaspace       used 34491K, capacity 35348K, committed 35416K, reserved 1079296K
  class space    used 4852K, capacity 5189K, committed 5248K, reserved 1048576K
}
Event: 50.237 GC heap before
{Heap before GC invocations=11 (full 2):
 PSYoungGen      total 78336K, used 10927K [0x00000000e0000000, 0x00000000e6e00000, 0x0000000100000000)
  eden space 67072K, 0% used [0x00000000e0000000,0x00000000e0000000,0x00000000e4180000)
  from space 11264K, 97% used [0x00000000e4180000,0x00000000e4c2bd20,0x00000000e4c80000)
  to   space 12288K, 0% used [0x00000000e6200000,0x00000000e6200000,0x00000000e6e00000)
 ParOldGen       total 64000K, used 8414K [0x00000000a0000000, 0x00000000a3e80000, 0x00000000e0000000)
  object space 64000K, 13% used [0x00000000a0000000,0x00000000a0837a40,0x00000000a3e80000)
 Metaspace       used 34491K, capacity 35348K, committed 35416K, reserved 1079296K
  class space    used 4852K, capacity 5189K, committed 5248K, reserved 1048576K
Event: 50.709 GC heap after
Heap after GC invocations=11 (full 2):
 PSYoungGen      total 78336K, used 0K [0x00000000e0000000, 0x00000000e6e00000, 0x0000000100000000)
  eden space 67072K, 0% used [0x00000000e0000000,0x00000000e0000000,0x00000000e4180000)
  from space 11264K, 0% used [0x00000000e4180000,0x00000000e4180000,0x00000000e4c80000)
  to   space 12288K, 0% used [0x00000000e6200000,0x00000000e6200000,0x00000000e6e00000)
 ParOldGen       total 101376K, used 17395K [0x00000000a0000000, 0x00000000a6300000, 0x00000000e0000000)
  object space 101376K, 17% used [0x00000000a0000000,0x00000000a10fcc98,0x00000000a6300000)
 Metaspace       used 34491K, capacity 35348K, committed 35416K, reserved 1079296K
  class space    used 4852K, capacity 5189K, committed 5248K, reserved 1048576K
}

Deoptimization events (10 events):
Event: 49.346 Thread 0x0000000018761800 Uncommon trap: reason=bimorphic action=maybe_recompile pc=0x0000000003b76b6c method=java.util.Arrays.binarySearch0([Ljava/lang/Object;IILjava/lang/Object;Ljava/util/Comparator;)I @ 48
Event: 49.524 Thread 0x0000000018761800 Uncommon trap: reason=unstable_if action=reinterpret pc=0x0000000003605a28 method=sun.misc.MetaIndex.mayContain(Ljava/lang/String;)Z @ 38
Event: 49.527 Thread 0x0000000018761800 Uncommon trap: reason=unstable_if action=reinterpret pc=0x0000000003da9a4c method=java.security.CodeSource.hashCode()I @ 4
Event: 52.394 Thread 0x0000000018761800 Uncommon trap: reason=unstable_if action=reinterpret pc=0x0000000003d29f38 method=java.util.HashMap.putVal(ILjava/lang/Object;Ljava/lang/Object;ZZ)Ljava/lang/Object; @ 162
Event: 52.394 Thread 0x0000000018761800 Uncommon trap: reason=unstable_if action=reinterpret pc=0x0000000003d300e8 method=java.util.HashMap.putVal(ILjava/lang/Object;Ljava/lang/Object;ZZ)Ljava/lang/Object; @ 162
Event: 52.395 Thread 0x0000000018761800 Uncommon trap: reason=unstable_if action=reinterpret pc=0x00000000035f4158 method=java.util.HashMap.resize()[Ljava/util/HashMap$Node; @ 206
Event: 53.626 Thread 0x0000000018761800 Uncommon trap: reason=unstable_if action=reinterpret pc=0x0000000003e1def8 method=java.lang.reflect.Modifier.toString(I)Ljava/lang/String; @ 123
Event: 53.626 Thread 0x0000000018761800 Uncommon trap: reason=unstable_if action=reinterpret pc=0x0000000003e16fd0 method=java.lang.reflect.Modifier.toString(I)Ljava/lang/String; @ 123
Event: 54.394 Thread 0x0000000018761800 Uncommon trap: reason=null_check action=make_not_entrant pc=0x0000000003eae308 method=org.gradle.internal.reflect.Methods$1.doEquivalent(Ljava/lang/reflect/Method;Ljava/lang/reflect/Method;)Z @ 36
Event: 54.588 Thread 0x0000000018761800 Uncommon trap: reason=null_check action=make_not_entrant pc=0x0000000003eb0dc8 method=org.gradle.internal.reflect.Methods$1.doEquivalent(Ljava/lang/reflect/Method;Ljava/lang/reflect/Method;)Z @ 36

Classes redefined (0 events):
No events

Internal exceptions (10 events):
Event: 48.281 Thread 0x0000000018761800 Exception <a 'java/lang/ClassNotFoundException': org/gradle/api/internal/AbstractTaskCustomizer> (0x00000000e10d85f0) thrown at [D:\src\AOSP-openjdk-cygwin\jdk8u\hotspot\src\share\vm\classfile\systemDictionary.cpp, line 210]
Event: 48.295 Thread 0x0000000018761800 Exception <a 'java/lang/ClassNotFoundException': org/gradle/api/DefaultTaskCustomizer> (0x00000000e1162960) thrown at [D:\src\AOSP-openjdk-cygwin\jdk8u\hotspot\src\share\vm\classfile\systemDictionary.cpp, line 210]
Event: 48.304 Thread 0x0000000018761800 Exception <a 'java/lang/ClassNotFoundException': org/gradle/api/internal/ConventionTaskCustomizer> (0x00000000e119f0f8) thrown at [D:\src\AOSP-openjdk-cygwin\jdk8u\hotspot\src\share\vm\classfile\systemDictionary.cpp, line 210]
Event: 48.310 Thread 0x0000000018761800 Exception <a 'java/lang/ClassNotFoundException': org/gradle/api/tasks/DeleteCustomizer> (0x00000000e11d9038) thrown at [D:\src\AOSP-openjdk-cygwin\jdk8u\hotspot\src\share\vm\classfile\systemDictionary.cpp, line 210]
Event: 48.322 Thread 0x0000000018761800 Exception <a 'java/lang/ClassNotFoundException': org/gradle/api/tasks/Delete_DecoratedCustomizer> (0x00000000e1221030) thrown at [D:\src\AOSP-openjdk-cygwin\jdk8u\hotspot\src\share\vm\classfile\systemDictionary.cpp, line 210]
Event: 48.457 Thread 0x0000000018761800 Exception <a 'java/lang/ClassNotFoundException': build_9n65rt59284m33dwnxw6xpf2jBeanInfo> (0x00000000e13242d8) thrown at [D:\src\AOSP-openjdk-cygwin\jdk8u\hotspot\src\share\vm\classfile\systemDictionary.cpp, line 210]
Event: 48.458 Thread 0x0000000018761800 Exception <a 'java/lang/ClassNotFoundException': build_9n65rt59284m33dwnxw6xpf2jCustomizer> (0x00000000e132e968) thrown at [D:\src\AOSP-openjdk-cygwin\jdk8u\hotspot\src\share\vm\classfile\systemDictionary.cpp, line 210]
Event: 48.687 Thread 0x0000000018761800 Exception <a 'java/lang/ClassNotFoundException': build_9n65rt59284m33dwnxw6xpf2jBeanInfo> (0x00000000e15ae0b8) thrown at [D:\src\AOSP-openjdk-cygwin\jdk8u\hotspot\src\share\vm\classfile\systemDictionary.cpp, line 210]
Event: 48.690 Thread 0x0000000018761800 Exception <a 'java/lang/ClassNotFoundException': build_9n65rt59284m33dwnxw6xpf2jCustomizer> (0x00000000e15b8a78) thrown at [D:\src\AOSP-openjdk-cygwin\jdk8u\hotspot\src\share\vm\classfile\systemDictionary.cpp, line 210]
Event: 49.527 Thread 0x0000000018761800 Implicit null exception at 0x0000000003da9755 to 0x0000000003da9a3d

Events (10 events):
Event: 54.176 loading class org/apache/tools/ant/input/InputRequest
Event: 54.176 loading class org/apache/tools/ant/input/InputRequest done
Event: 54.293 loading class org/apache/tools/ant/taskdefs/condition/Condition
Event: 54.293 loading class org/apache/tools/ant/taskdefs/condition/Condition done
Event: 54.394 Thread 0x0000000018761800 Uncommon trap: trap_request=0xfffffff4 fr.pc=0x0000000003eae308
Event: 54.394 Thread 0x0000000018761800 DEOPT PACKING pc=0x0000000003eae308 sp=0x000000001b269840
Event: 54.394 Thread 0x0000000018761800 DEOPT UNPACKING pc=0x000000000338557b sp=0x000000001b2697d0 mode 2
Event: 54.588 Thread 0x0000000018761800 Uncommon trap: trap_request=0xfffffff4 fr.pc=0x0000000003eb0dc8
Event: 54.588 Thread 0x0000000018761800 DEOPT PACKING pc=0x0000000003eb0dc8 sp=0x000000001b269800
Event: 54.588 Thread 0x0000000018761800 DEOPT UNPACKING pc=0x000000000338557b sp=0x000000001b2697f8 mode 2


Dynamic libraries:
0x00007ff6f6af0000 - 0x00007ff6f6b21000 	E:\Program Files\Android\Android Studio\jre\bin\java.exe
0x00007fffc5410000 - 0x00007fffc55f1000 	C:\Windows\SYSTEM32\ntdll.dll
0x00007fffc4d10000 - 0x00007fffc4dc1000 	C:\Windows\System32\KERNEL32.DLL
0x00007fffc24c0000 - 0x00007fffc2733000 	C:\Windows\System32\KERNELBASE.dll
0x00007fffc5330000 - 0x00007fffc53d1000 	C:\Windows\System32\ADVAPI32.dll
0x00007fffc43a0000 - 0x00007fffc443e000 	C:\Windows\System32\msvcrt.dll
0x00007fffc4c00000 - 0x00007fffc4c5b000 	C:\Windows\System32\sechost.dll
0x00007fffc5200000 - 0x00007fffc5324000 	C:\Windows\System32\RPCRT4.dll
0x00007fffc5010000 - 0x00007fffc51a0000 	C:\Windows\System32\USER32.dll
0x00007fffc1830000 - 0x00007fffc1850000 	C:\Windows\System32\win32u.dll
0x00007fffc4dd0000 - 0x00007fffc4df8000 	C:\Windows\System32\GDI32.dll
0x00007fffc2280000 - 0x00007fffc2412000 	C:\Windows\System32\gdi32full.dll
0x00007fffc2420000 - 0x00007fffc24bf000 	C:\Windows\System32\msvcp_win.dll
0x00007fffc27a0000 - 0x00007fffc2898000 	C:\Windows\System32\ucrtbase.dll
0x00007fffb6870000 - 0x00007fffb6ad9000 	C:\Windows\WinSxS\amd64_microsoft.windows.common-controls_6595b64144ccf1df_6.0.17134.706_none_fb43a2cb30647007\COMCTL32.dll
0x00007fffc4000000 - 0x00007fffc4322000 	C:\Windows\System32\combase.dll
0x00007fffc2200000 - 0x00007fffc227a000 	C:\Windows\System32\bcryptPrimitives.dll
0x00007fffc4f80000 - 0x00007fffc4fad000 	C:\Windows\System32\IMM32.DLL
0x000000005cdd0000 - 0x000000005cea2000 	E:\Program Files\Android\Android Studio\jre\jre\bin\msvcr100.dll
0x000000005bf80000 - 0x000000005c7c1000 	E:\Program Files\Android\Android Studio\jre\jre\bin\server\jvm.dll
0x00007fffc4460000 - 0x00007fffc4468000 	C:\Windows\System32\PSAPI.DLL
0x00007fffaf3b0000 - 0x00007fffaf3b9000 	C:\Windows\SYSTEM32\WSOCK32.dll
0x00007fffc4330000 - 0x00007fffc439c000 	C:\Windows\System32\WS2_32.dll
0x00007fffb6840000 - 0x00007fffb6863000 	C:\Windows\SYSTEM32\WINMM.dll
0x00007fffb6ee0000 - 0x00007fffb6eea000 	C:\Windows\SYSTEM32\VERSION.dll
0x00007fffb6810000 - 0x00007fffb683a000 	C:\Windows\SYSTEM32\WINMMBASE.dll
0x00007fffc17e0000 - 0x00007fffc1829000 	C:\Windows\System32\cfgmgr32.dll
0x00007fffba2d0000 - 0x00007fffba2df000 	E:\Program Files\Android\Android Studio\jre\jre\bin\verify.dll
0x00007fffa9b30000 - 0x00007fffa9b59000 	E:\Program Files\Android\Android Studio\jre\jre\bin\java.dll
0x00007fffb0e90000 - 0x00007fffb0ea6000 	E:\Program Files\Android\Android Studio\jre\jre\bin\zip.dll
0x00007fffc2bc0000 - 0x00007fffc4000000 	C:\Windows\System32\SHELL32.dll
0x00007fffc49b0000 - 0x00007fffc4a59000 	C:\Windows\System32\shcore.dll
0x00007fffc1af0000 - 0x00007fffc21fd000 	C:\Windows\System32\windows.storage.dll
0x00007fffc2970000 - 0x00007fffc29c1000 	C:\Windows\System32\shlwapi.dll
0x00007fffc1730000 - 0x00007fffc1741000 	C:\Windows\System32\kernel.appcore.dll
0x00007fffc1750000 - 0x00007fffc176f000 	C:\Windows\System32\profapi.dll
0x00007fffc1790000 - 0x00007fffc17dc000 	C:\Windows\System32\powrprof.dll
0x00007fffc1720000 - 0x00007fffc172a000 	C:\Windows\System32\FLTLIB.DLL
0x00007fffb0d90000 - 0x00007fffb0daa000 	E:\Program Files\Android\Android Studio\jre\jre\bin\net.dll
0x00007fffc0fa0000 - 0x00007fffc1006000 	C:\Windows\system32\mswsock.dll
0x00007fffaf4e0000 - 0x00007fffaf4f1000 	E:\Program Files\Android\Android Studio\jre\jre\bin\nio.dll
0x00007fffa99f0000 - 0x00007fffa9a0e000 	C:\Users\Denova\.gradle\native\25\windows-amd64\native-platform.dll
0x00007fffaffa0000 - 0x00007fffaffad000 	E:\Program Files\Android\Android Studio\jre\jre\bin\management.dll
0x00007fffc1150000 - 0x00007fffc1167000 	C:\Windows\SYSTEM32\CRYPTSP.dll
0x00007fffc0b80000 - 0x00007fffc0bb3000 	C:\Windows\system32\rsaenh.dll
0x00007fffc1280000 - 0x00007fffc12a5000 	C:\Windows\SYSTEM32\bcrypt.dll
0x00007fffc1620000 - 0x00007fffc1648000 	C:\Windows\SYSTEM32\USERENV.dll
0x00007fffc1170000 - 0x00007fffc117b000 	C:\Windows\SYSTEM32\CRYPTBASE.dll
0x00007fffc0d20000 - 0x00007fffc0d58000 	C:\Windows\SYSTEM32\IPHLPAPI.DLL
0x00007fffc4c60000 - 0x00007fffc4c68000 	C:\Windows\System32\NSI.dll
0x00007fffba6c0000 - 0x00007fffba6d6000 	C:\Windows\SYSTEM32\dhcpcsvc6.DLL
0x00007fffba6a0000 - 0x00007fffba6ba000 	C:\Windows\SYSTEM32\dhcpcsvc.DLL

VM Arguments:
jvm_args: -Xmx1536m -Dfile.encoding=windows-1252 -Duser.country=US -Duser.language=en -Duser.variant 
java_command: org.gradle.launcher.daemon.bootstrap.GradleDaemon 4.6
java_class_path (initial): C:\Users\Denova\.gradle\wrapper\dists\gradle-4.6-all\bcst21l2brirad8k2ben1letg\gradle-4.6\lib\gradle-launcher-4.6.jar
Launcher Type: SUN_STANDARD

Environment Variables:
PATH=C:\Program Files (x86)\Common Files\Oracle\Java\javapath;C:\Program Files (x86)\Common Files\Intel\Shared Libraries\redist\intel64\compiler;C:\Windows\system32;C:\Windows;C:\Windows\System32\Wbem;C:\Windows\System32\WindowsPowerShell\v1.0\;C:\Windows\System32\OpenSSH\;C:\Program Files\Lenovo\Bluetooth Software\;C:\Program Files\Lenovo\Bluetooth Software\syswow64;C:\Program Files\Git\cmd;E:\Program Files\androidsdk\platform-tools;C:\Users\Denova\AppData\Local\Microsoft\WindowsApps;;C:\Users\Denova\AppData\Local\Programs\Fiddler
USERNAME=Denova
OS=Windows_NT
PROCESSOR_IDENTIFIER=Intel64 Family 6 Model 60 Stepping 3, GenuineIntel



---------------  S Y S T E M  ---------------

OS: Windows 10.0 , 64 bit Build 17134 (10.0.17134.706)

CPU:total 4 (initial active 4) (2 cores per cpu, 2 threads per core) family 6 model 60 stepping 3, cmov, cx8, fxsr, mmx, sse, sse2, sse3, ssse3, sse4.1, sse4.2, popcnt, avx, avx2, clmul, erms, lzcnt, ht, tsc, tscinvbit, bmi1, bmi2

Memory: 4k page, physical 8302956k(2463396k free), swap 10486452k(3668k free)

vm_info: OpenJDK 64-Bit Server VM (25.152-b06) for windows-amd64 JRE (1.8.0_152-release-1136-b06), built by "builder" with MS VC++ 10.0 (VS2010)

time: Sat Apr 13 18:26:09 2019
elapsed time: 54 seconds (0d 0h 0m 54s)

