#
# There is insufficient memory for the Java Runtime Environment to continue.
# Native memory allocation (malloc) failed to allocate 1067936 bytes for Chunk::new
# Possible reasons:
#   The system is out of physical RAM or swap space
#   In 32 bit mode, the process size limit was hit
# Possible solutions:
#   Reduce memory load on the system
#   Increase physical memory or swap space
#   Check if swap backing store is full
#   Use 64 bit Java on a 64 bit OS
#   Decrease Java heap size (-Xmx/-Xms)
#   Decrease number of Java threads
#   Decrease Java thread stack sizes (-Xss)
#   Set larger code cache with -XX:ReservedCodeCacheSize=
# This output file may be truncated or incomplete.
#
#  Out of Memory Error (allocation.cpp:390), pid=2724, tid=0x000000000000186c
#
# JRE version: OpenJDK Runtime Environment (8.0_152-b02) (build 1.8.0_152-release-1024-b02)
# Java VM: OpenJDK 64-Bit Server VM (25.152-b02 mixed mode windows-amd64 compressed oops)
# Failed to write core dump. Minidumps are not enabled by default on client versions of Windows
#

---------------  T H R E A D  ---------------

Current thread (0x000000001616a000):  JavaThread "C2 CompilerThread1" daemon [_thread_in_native, id=6252, stack(0x00000000178c0000,0x00000000179c0000)]

Stack: [0x00000000178c0000,0x00000000179c0000]
[error occurred during error reporting (printing stack bounds), id 0xc0000005]

Native frames: (J=compiled Java code, j=interpreted, Vv=VM code, C=native code)


Current CompileTask:
C2:  68064 16346       4       com.android.tools.r8.graph.DexMethod::collectIndexedItems (38 bytes)


---------------  P R O C E S S  ---------------

Java Threads: ( => current thread )
  0x000000001b611000 JavaThread "ForkJoinPool-1-worker-0" daemon [_thread_in_Java, id=6360, stack(0x0000000025e80000,0x0000000025f80000)]
  0x000000001b60d800 JavaThread "ForkJoinPool-1-worker-1" daemon [_thread_blocked, id=6616, stack(0x0000000025d80000,0x0000000025e80000)]
  0x000000001de66800 JavaThread "ForkJoinPool.commonPool-worker-2" daemon [_thread_blocked, id=11416, stack(0x0000000025580000,0x0000000025680000)]
  0x000000001de65800 JavaThread "ForkJoinPool.commonPool-worker-1" daemon [_thread_blocked, id=7288, stack(0x0000000025480000,0x0000000025580000)]
  0x000000001de62000 JavaThread "Cache worker for Java compile cache (D:\AndroidStudioProjects\WoopeAndroid\AndroidWoope\.gradle\4.4\javaCompile)" [_thread_blocked, id=7792, stack(0x0000000025380000,0x0000000025480000)]
  0x000000001de67000 JavaThread "Task worker for ':' Thread 3" [_thread_blocked, id=11072, stack(0x0000000023480000,0x0000000023580000)]
  0x000000001de62800 JavaThread "Task worker for ':' Thread 2" [_thread_blocked, id=8732, stack(0x0000000023380000,0x0000000023480000)]
  0x000000001de59000 JavaThread "Task worker for ':'" [_thread_blocked, id=6724, stack(0x0000000023280000,0x0000000023380000)]
  0x000000001de5f800 JavaThread "Cache worker for Build Output Cleanup Cache (D:\AndroidStudioProjects\WoopeAndroid\AndroidWoope\.gradle\buildOutputCleanup)" [_thread_blocked, id=3924, stack(0x0000000022f30000,0x0000000023030000)]
  0x000000001de5f000 JavaThread "Cache worker for task history cache (D:\AndroidStudioProjects\WoopeAndroid\AndroidWoope\.gradle\4.4\taskHistory)" [_thread_blocked, id=7884, stack(0x0000000022e30000,0x0000000022f30000)]
  0x000000001de5d800 JavaThread "Cache worker for file content cache (D:\AndroidStudioProjects\WoopeAndroid\AndroidWoope\.gradle\4.4\fileContent)" [_thread_blocked, id=11840, stack(0x0000000021900000,0x0000000021a00000)]
  0x000000001adac000 JavaThread "Memory manager" [_thread_blocked, id=10620, stack(0x00000000206f0000,0x00000000207f0000)]
  0x000000001adab800 JavaThread "pool-1-thread-1" [_thread_blocked, id=9388, stack(0x0000000020400000,0x0000000020500000)]
  0x000000001ada9000 JavaThread "build operations Thread 4" [_thread_blocked, id=12908, stack(0x000000001fc70000,0x000000001fd70000)]
  0x000000001adae800 JavaThread "build operations Thread 3" [_thread_blocked, id=9356, stack(0x000000001fb70000,0x000000001fc70000)]
  0x000000001adaa800 JavaThread "build operations Thread 2" [_thread_blocked, id=2796, stack(0x000000001fa70000,0x000000001fb70000)]
  0x000000001adaf800 JavaThread "build operations" [_thread_blocked, id=6956, stack(0x000000001e670000,0x000000001e770000)]
  0x000000001adaa000 JavaThread "Cache worker for Artifact transforms cache (C:\Users\Denova\.gradle\caches\transforms-1)" [_thread_blocked, id=6532, stack(0x000000001e370000,0x000000001e470000)]
  0x000000001ad3d000 JavaThread "Cache worker for file hash cache (D:\AndroidStudioProjects\WoopeAndroid\AndroidWoope\.gradle\4.4\fileHashes)" [_thread_blocked, id=416, stack(0x000000001bcd0000,0x000000001bdd0000)]
  0x0000000019533800 JavaThread "File lock request listener" [_thread_in_native, id=204, stack(0x000000001ac00000,0x000000001ad00000)]
  0x0000000019545800 JavaThread "Cache worker for file hash cache (C:\Users\Denova\.gradle\caches\4.4\fileHashes)" [_thread_blocked, id=240, stack(0x000000001ab00000,0x000000001ac00000)]
  0x00000000191e1800 JavaThread "Asynchronous log dispatcher for DefaultDaemonConnection: socket connection from /127.0.0.1:13269 to /127.0.0.1:13270" [_thread_blocked, id=8416, stack(0x000000001a700000,0x000000001a800000)]
  0x0000000019221800 JavaThread "Daemon worker" [_thread_blocked, id=5908, stack(0x000000001a600000,0x000000001a700000)]
  0x0000000019205800 JavaThread "Cancel handler" [_thread_blocked, id=10212, stack(0x000000001a500000,0x000000001a600000)]
  0x000000001914c800 JavaThread "Handler for socket connection from /127.0.0.1:13269 to /127.0.0.1:13270" [_thread_in_native, id=1704, stack(0x000000001a200000,0x000000001a300000)]
  0x000000001914b800 JavaThread "Daemon" [_thread_blocked, id=3676, stack(0x000000001a100000,0x000000001a200000)]
  0x00000000190be000 JavaThread "Daemon periodic checks" [_thread_blocked, id=10468, stack(0x000000001a000000,0x000000001a100000)]
  0x000000001905f800 JavaThread "Incoming local TCP Connector on port 13269" [_thread_in_native, id=5088, stack(0x0000000019dd0000,0x0000000019ed0000)]
  0x0000000017b34000 JavaThread "Service Thread" daemon [_thread_blocked, id=1444, stack(0x0000000017ec0000,0x0000000017fc0000)]
  0x000000001616d800 JavaThread "C1 CompilerThread2" daemon [_thread_blocked, id=11684, stack(0x00000000179c0000,0x0000000017ac0000)]
=>0x000000001616a000 JavaThread "C2 CompilerThread1" daemon [_thread_in_native, id=6252, stack(0x00000000178c0000,0x00000000179c0000)]
  0x0000000016167000 JavaThread "C2 CompilerThread0" daemon [_thread_in_native, id=5488, stack(0x00000000177c0000,0x00000000178c0000)]
  0x0000000016164800 JavaThread "Attach Listener" daemon [_thread_blocked, id=11304, stack(0x00000000176c0000,0x00000000177c0000)]
  0x00000000161b2800 JavaThread "Signal Dispatcher" daemon [_thread_blocked, id=11964, stack(0x00000000175c0000,0x00000000176c0000)]
  0x000000000264c800 JavaThread "Finalizer" daemon [_thread_blocked, id=9680, stack(0x00000000173d0000,0x00000000174d0000)]
  0x0000000002641800 JavaThread "Reference Handler" daemon [_thread_blocked, id=13096, stack(0x00000000172d0000,0x00000000173d0000)]
  0x00000000028ee000 JavaThread "main" [_thread_blocked, id=4652, stack(0x0000000000cc0000,0x0000000000dc0000)]

Other Threads:
  0x0000000016125000 VMThread [stack: 0x00000000171d0000,0x00000000172d0000] [id=7820]
  0x00000000161be800 WatcherThread [stack: 0x0000000017fc0000,0x00000000180c0000] [id=10392]

VM state:not at safepoint (normal execution)

VM Mutex/Monitor currently owned by a thread: None

Heap:
 PSYoungGen      total 277504K, used 81475K [0x00000000e0000000, 0x00000000f7b00000, 0x0000000100000000)
  eden space 250880K, 21% used [0x00000000e0000000,0x00000000e3596068,0x00000000ef500000)
  from space 26624K, 99% used [0x00000000ef500000,0x00000000f0efabd0,0x00000000f0f00000)
  to   space 40960K, 0% used [0x00000000f5300000,0x00000000f5300000,0x00000000f7b00000)
 ParOldGen       total 146944K, used 74035K [0x00000000a0000000, 0x00000000a8f80000, 0x00000000e0000000)
  object space 146944K, 50% used [0x00000000a0000000,0x00000000a484cfc8,0x00000000a8f80000)
 Metaspace       used 78146K, capacity 81381K, committed 81624K, reserved 1120256K
  class space    used 10060K, capacity 10711K, committed 10752K, reserved 1048576K

Card table byte_map: [0x0000000011cb0000,0x0000000011fc0000] byte_map_base: 0x00000000117b0000

Marking Bits: (ParMarkBitMap*) 0x000000005d324970
 Begin Bits: [0x00000000124c0000, 0x0000000013cc0000)
 End Bits:   [0x0000000013cc0000, 0x00000000154c0000)

Polling page: 0x0000000000860000

CodeCache: size=245760Kb used=46270Kb max_used=46278Kb free=199489Kb
 bounds [0x00000000028f0000, 0x0000000005660000, 0x00000000118f0000]
 total_blobs=14421 nmethods=13576 adapters=756
 compilation: enabled

Compilation events (10 events):
Event: 67.995 Thread 0x000000001616d800 16425       2       com.android.tools.r8.graph.DexAnnotationSetRefList::equals (31 bytes)
Event: 67.995 Thread 0x000000001616d800 nmethod 16425 0x0000000005643bd0 code [0x0000000005643d40, 0x0000000005643f68]
Event: 67.997 Thread 0x000000001616d800 16426       2       com.android.tools.r8.graph.DexValue$DexValueNull::equals (12 bytes)
Event: 67.998 Thread 0x000000001616d800 nmethod 16426 0x0000000005643850 code [0x00000000056439a0, 0x0000000005643b50]
Event: 68.008 Thread 0x000000001616d800 16429       2       com.android.tools.r8.graph.DexDebugEvent$Default::equals (27 bytes)
Event: 68.009 Thread 0x000000001616d800 nmethod 16429 0x0000000005643450 code [0x00000000056435a0, 0x0000000005643790]
Event: 68.015 Thread 0x000000001616d800 16431       2       com.android.tools.r8.graph.DexValue$DexValueMethod::equals (6 bytes)
Event: 68.015 Thread 0x000000001616d800 nmethod 16431 0x00000000056430d0 code [0x0000000005643240, 0x00000000056433a8]
Event: 68.023 Thread 0x000000001616d800 16434       2       com.android.tools.r8.graph.DexValue$DexValueAnnotation::hashCode (11 bytes)
Event: 68.023 Thread 0x000000001616d800 nmethod 16434 0x0000000005642b90 code [0x0000000005642d00, 0x0000000005642f18]

GC Heap History (10 events):
Event: 26.661 GC heap before
{Heap before GC invocations=14 (full 3):
 PSYoungGen      total 196096K, used 11581K [0x00000000e0000000, 0x00000000ef900000, 0x0000000100000000)
  eden space 176128K, 0% used [0x00000000e0000000,0x00000000e0000000,0x00000000eac00000)
  from space 19968K, 58% used [0x00000000eac00000,0x00000000eb74f778,0x00000000ebf80000)
  to   space 19456K, 0% used [0x00000000ee600000,0x00000000ee600000,0x00000000ef900000)
 ParOldGen       total 101888K, used 34351K [0x00000000a0000000, 0x00000000a6380000, 0x00000000e0000000)
  object space 101888K, 33% used [0x00000000a0000000,0x00000000a218bde8,0x00000000a6380000)
 Metaspace       used 56960K, capacity 58971K, committed 59028K, reserved 1099776K
  class space    used 7670K, capacity 8192K, committed 8192K, reserved 1048576K
Event: 26.927 GC heap after
Heap after GC invocations=14 (full 3):
 PSYoungGen      total 196096K, used 0K [0x00000000e0000000, 0x00000000ef900000, 0x0000000100000000)
  eden space 176128K, 0% used [0x00000000e0000000,0x00000000e0000000,0x00000000eac00000)
  from space 19968K, 0% used [0x00000000eac00000,0x00000000eac00000,0x00000000ebf80000)
  to   space 19456K, 0% used [0x00000000ee600000,0x00000000ee600000,0x00000000ef900000)
 ParOldGen       total 146944K, used 35123K [0x00000000a0000000, 0x00000000a8f80000, 0x00000000e0000000)
  object space 146944K, 23% used [0x00000000a0000000,0x00000000a224ce38,0x00000000a8f80000)
 Metaspace       used 56960K, capacity 58971K, committed 59028K, reserved 1099776K
  class space    used 7670K, capacity 8192K, committed 8192K, reserved 1048576K
}
Event: 36.130 GC heap before
{Heap before GC invocations=15 (full 3):
 PSYoungGen      total 196096K, used 176128K [0x00000000e0000000, 0x00000000ef900000, 0x0000000100000000)
  eden space 176128K, 100% used [0x00000000e0000000,0x00000000eac00000,0x00000000eac00000)
  from space 19968K, 0% used [0x00000000eac00000,0x00000000eac00000,0x00000000ebf80000)
  to   space 19456K, 0% used [0x00000000ee600000,0x00000000ee600000,0x00000000ef900000)
 ParOldGen       total 146944K, used 35123K [0x00000000a0000000, 0x00000000a8f80000, 0x00000000e0000000)
  object space 146944K, 23% used [0x00000000a0000000,0x00000000a224ce38,0x00000000a8f80000)
 Metaspace       used 60238K, capacity 62361K, committed 62552K, reserved 1103872K
  class space    used 8049K, capacity 8561K, committed 8576K, reserved 1048576K
Event: 36.180 GC heap after
Heap after GC invocations=15 (full 3):
 PSYoungGen      total 235008K, used 13801K [0x00000000e0000000, 0x00000000efa00000, 0x0000000100000000)
  eden space 215552K, 0% used [0x00000000e0000000,0x00000000e0000000,0x00000000ed280000)
  from space 19456K, 70% used [0x00000000ee600000,0x00000000ef37a718,0x00000000ef900000)
  to   space 19968K, 0% used [0x00000000ed280000,0x00000000ed280000,0x00000000ee600000)
 ParOldGen       total 146944K, used 35131K [0x00000000a0000000, 0x00000000a8f80000, 0x00000000e0000000)
  object space 146944K, 23% used [0x00000000a0000000,0x00000000a224ee38,0x00000000a8f80000)
 Metaspace       used 60238K, capacity 62361K, committed 62552K, reserved 1103872K
  class space    used 8049K, capacity 8561K, committed 8576K, reserved 1048576K
}
Event: 51.901 GC heap before
{Heap before GC invocations=16 (full 3):
 PSYoungGen      total 235008K, used 229353K [0x00000000e0000000, 0x00000000efa00000, 0x0000000100000000)
  eden space 215552K, 100% used [0x00000000e0000000,0x00000000ed280000,0x00000000ed280000)
  from space 19456K, 70% used [0x00000000ee600000,0x00000000ef37a718,0x00000000ef900000)
  to   space 19968K, 0% used [0x00000000ed280000,0x00000000ed280000,0x00000000ee600000)
 ParOldGen       total 146944K, used 35131K [0x00000000a0000000, 0x00000000a8f80000, 0x00000000e0000000)
  object space 146944K, 23% used [0x00000000a0000000,0x00000000a224ee38,0x00000000a8f80000)
 Metaspace       used 66597K, capacity 68863K, committed 68952K, reserved 1110016K
  class space    used 8771K, capacity 9312K, committed 9344K, reserved 1048576K
Event: 51.922 GC heap after
Heap after GC invocations=16 (full 3):
 PSYoungGen      total 235520K, used 14481K [0x00000000e0000000, 0x00000000f2300000, 0x0000000100000000)
  eden space 215552K, 0% used [0x00000000e0000000,0x00000000e0000000,0x00000000ed280000)
  from space 19968K, 72% used [0x00000000ed280000,0x00000000ee0a4568,0x00000000ee600000)
  to   space 20480K, 0% used [0x00000000f0f00000,0x00000000f0f00000,0x00000000f2300000)
 ParOldGen       total 146944K, used 35139K [0x00000000a0000000, 0x00000000a8f80000, 0x00000000e0000000)
  object space 146944K, 23% used [0x00000000a0000000,0x00000000a2250e38,0x00000000a8f80000)
 Metaspace       used 66597K, capacity 68863K, committed 68952K, reserved 1110016K
  class space    used 8771K, capacity 9312K, committed 9344K, reserved 1048576K
}
Event: 62.879 GC heap before
{Heap before GC invocations=17 (full 3):
 PSYoungGen      total 235520K, used 230033K [0x00000000e0000000, 0x00000000f2300000, 0x0000000100000000)
  eden space 215552K, 100% used [0x00000000e0000000,0x00000000ed280000,0x00000000ed280000)
  from space 19968K, 72% used [0x00000000ed280000,0x00000000ee0a4568,0x00000000ee600000)
  to   space 20480K, 0% used [0x00000000f0f00000,0x00000000f0f00000,0x00000000f2300000)
 ParOldGen       total 146944K, used 35139K [0x00000000a0000000, 0x00000000a8f80000, 0x00000000e0000000)
  object space 146944K, 23% used [0x00000000a0000000,0x00000000a2250e38,0x00000000a8f80000)
 Metaspace       used 75480K, capacity 78311K, committed 78552K, reserved 1118208K
  class space    used 9775K, capacity 10394K, committed 10496K, reserved 1048576K
Event: 62.929 GC heap after
Heap after GC invocations=17 (full 3):
 PSYoungGen      total 271360K, used 20452K [0x00000000e0000000, 0x00000000f2a80000, 0x0000000100000000)
  eden space 250880K, 0% used [0x00000000e0000000,0x00000000e0000000,0x00000000ef500000)
  from space 20480K, 99% used [0x00000000f0f00000,0x00000000f22f9310,0x00000000f2300000)
  to   space 26624K, 0% used [0x00000000ef500000,0x00000000ef500000,0x00000000f0f00000)
 ParOldGen       total 146944K, used 45281K [0x00000000a0000000, 0x00000000a8f80000, 0x00000000e0000000)
  object space 146944K, 30% used [0x00000000a0000000,0x00000000a2c38468,0x00000000a8f80000)
 Metaspace       used 75480K, capacity 78311K, committed 78552K, reserved 1118208K
  class space    used 9775K, capacity 10394K, committed 10496K, reserved 1048576K
}
Event: 66.658 GC heap before
{Heap before GC invocations=18 (full 3):
 PSYoungGen      total 271360K, used 271332K [0x00000000e0000000, 0x00000000f2a80000, 0x0000000100000000)
  eden space 250880K, 100% used [0x00000000e0000000,0x00000000ef500000,0x00000000ef500000)
  from space 20480K, 99% used [0x00000000f0f00000,0x00000000f22f9310,0x00000000f2300000)
  to   space 26624K, 0% used [0x00000000ef500000,0x00000000ef500000,0x00000000f0f00000)
 ParOldGen       total 146944K, used 45281K [0x00000000a0000000, 0x00000000a8f80000, 0x00000000e0000000)
  object space 146944K, 30% used [0x00000000a0000000,0x00000000a2c38468,0x00000000a8f80000)
 Metaspace       used 78000K, capacity 81233K, committed 81368K, reserved 1120256K
  class space    used 10057K, capacity 10709K, committed 10752K, reserved 1048576K
Event: 66.758 GC heap after
Heap after GC invocations=18 (full 3):
 PSYoungGen      total 277504K, used 26602K [0x00000000e0000000, 0x00000000f7b00000, 0x0000000100000000)
  eden space 250880K, 0% used [0x00000000e0000000,0x00000000e0000000,0x00000000ef500000)
  from space 26624K, 99% used [0x00000000ef500000,0x00000000f0efabd0,0x00000000f0f00000)
  to   space 40960K, 0% used [0x00000000f5300000,0x00000000f5300000,0x00000000f7b00000)
 ParOldGen       total 146944K, used 74035K [0x00000000a0000000, 0x00000000a8f80000, 0x00000000e0000000)
  object space 146944K, 50% used [0x00000000a0000000,0x00000000a484cfc8,0x00000000a8f80000)
 Metaspace       used 78000K, capacity 81233K, committed 81368K, reserved 1120256K
  class space    used 10057K, capacity 10709K, committed 10752K, reserved 1048576K
}

Deoptimization events (10 events):
Event: 67.245 Thread 0x000000001de59000 Uncommon trap: reason=class_check action=maybe_recompile pc=0x00000000054153b4 method=com.android.tools.r8.graph.DexAnnotationSet.collectMixedSectionItems(Lcom/android/tools/r8/dex/MixedSectionCollection;)V @ 2
Event: 67.245 Thread 0x000000001de59000 Uncommon trap: reason=class_check action=maybe_recompile pc=0x00000000054153b4 method=com.android.tools.r8.graph.DexAnnotationSet.collectMixedSectionItems(Lcom/android/tools/r8/dex/MixedSectionCollection;)V @ 2
Event: 67.245 Thread 0x000000001de59000 Uncommon trap: reason=class_check action=maybe_recompile pc=0x00000000054153b4 method=com.android.tools.r8.graph.DexAnnotationSet.collectMixedSectionItems(Lcom/android/tools/r8/dex/MixedSectionCollection;)V @ 2
Event: 67.245 Thread 0x000000001de59000 Uncommon trap: reason=class_check action=maybe_recompile pc=0x00000000054153b4 method=com.android.tools.r8.graph.DexAnnotationSet.collectMixedSectionItems(Lcom/android/tools/r8/dex/MixedSectionCollection;)V @ 2
Event: 67.499 Thread 0x000000001b611000 Uncommon trap: reason=bimorphic action=maybe_recompile pc=0x0000000005539b30 method=java.util.Map.computeIfAbsent(Ljava/lang/Object;Ljava/util/function/Function;)Ljava/lang/Object; @ 7
Event: 67.499 Thread 0x000000001b611000 Uncommon trap: reason=bimorphic action=maybe_recompile pc=0x0000000005539b30 method=java.util.Map.computeIfAbsent(Ljava/lang/Object;Ljava/util/function/Function;)Ljava/lang/Object; @ 7
Event: 67.499 Thread 0x000000001b611000 Uncommon trap: reason=bimorphic action=maybe_recompile pc=0x0000000005539b30 method=java.util.Map.computeIfAbsent(Ljava/lang/Object;Ljava/util/function/Function;)Ljava/lang/Object; @ 7
Event: 67.499 Thread 0x000000001b611000 Uncommon trap: reason=bimorphic action=maybe_recompile pc=0x0000000005539b30 method=java.util.Map.computeIfAbsent(Ljava/lang/Object;Ljava/util/function/Function;)Ljava/lang/Object; @ 7
Event: 67.729 Thread 0x000000001b611000 Uncommon trap: reason=unstable_if action=reinterpret pc=0x0000000002cac4a4 method=java.util.TimSort.mergeHi(IIII)V @ 503
Event: 67.986 Thread 0x000000001b611000 Uncommon trap: reason=unstable_if action=reinterpret pc=0x00000000054013c8 method=com.android.tools.r8.it.unimi.dsi.fastutil.objects.Object2IntLinkedOpenHashMap.insert(Ljava/lang/Object;I)I @ 216

Classes redefined (0 events):
No events

Internal exceptions (10 events):
Event: 65.405 Thread 0x000000001b611000 Exception <a 'sun/nio/fs/WindowsException'> (0x00000000e92f80d8) thrown at [D:\src\AOSP-openjdk-cygwin\jdk8u\hotspot\src\share\vm\prims\jni.cpp, line 709]
Event: 65.412 Thread 0x000000001b612000 Exception <a 'sun/nio/fs/WindowsException'> (0x00000000e8fbea90) thrown at [D:\src\AOSP-openjdk-cygwin\jdk8u\hotspot\src\share\vm\prims\jni.cpp, line 709]
Event: 65.413 Thread 0x000000001b611000 Exception <a 'sun/nio/fs/WindowsException'> (0x00000000e92fd148) thrown at [D:\src\AOSP-openjdk-cygwin\jdk8u\hotspot\src\share\vm\prims\jni.cpp, line 709]
Event: 65.421 Thread 0x000000001b611000 Exception <a 'sun/nio/fs/WindowsException'> (0x00000000e9303028) thrown at [D:\src\AOSP-openjdk-cygwin\jdk8u\hotspot\src\share\vm\prims\jni.cpp, line 709]
Event: 65.421 Thread 0x000000001b612000 Exception <a 'sun/nio/fs/WindowsException'> (0x00000000e8fc44c8) thrown at [D:\src\AOSP-openjdk-cygwin\jdk8u\hotspot\src\share\vm\prims\jni.cpp, line 709]
Event: 65.427 Thread 0x000000001b611000 Exception <a 'sun/nio/fs/WindowsException'> (0x00000000e930b570) thrown at [D:\src\AOSP-openjdk-cygwin\jdk8u\hotspot\src\share\vm\prims\jni.cpp, line 709]
Event: 65.665 Thread 0x000000001de59000 Implicit null exception at 0x0000000004793178 to 0x0000000004795d29
Event: 66.118 Thread 0x000000001de59000 Exception <a 'sun/nio/fs/WindowsException'> (0x00000000eb4facd0) thrown at [D:\src\AOSP-openjdk-cygwin\jdk8u\hotspot\src\share\vm\prims\jni.cpp, line 709]
Event: 66.424 Thread 0x000000001b611000 Implicit null exception at 0x000000000321156f to 0x0000000003211661
Event: 66.424 Thread 0x000000001b60d800 Implicit null exception at 0x000000000321156f to 0x0000000003211661

Events (10 events):
Event: 67.928 Thread 0x000000001b611000 DEOPT UNPACKING pc=0x00000000029375d0 sp=0x0000000025f7e4a8 mode 0
Event: 67.939 Thread 0x000000001b611000 DEOPT PACKING pc=0x0000000005614cc6 sp=0x0000000025f7e730
Event: 67.939 Thread 0x000000001b611000 DEOPT UNPACKING pc=0x00000000029375d0 sp=0x0000000025f7e4a8 mode 0
Event: 67.943 Thread 0x000000001b611000 DEOPT PACKING pc=0x0000000005614cc6 sp=0x0000000025f7e730
Event: 67.943 Thread 0x000000001b611000 DEOPT UNPACKING pc=0x00000000029375d0 sp=0x0000000025f7e4a8 mode 0
Event: 67.945 Thread 0x000000001b611000 DEOPT PACKING pc=0x0000000005614cc6 sp=0x0000000025f7e730
Event: 67.945 Thread 0x000000001b611000 DEOPT UNPACKING pc=0x00000000029375d0 sp=0x0000000025f7e4a8 mode 0
Event: 67.986 Thread 0x000000001b611000 Uncommon trap: trap_request=0xffffff65 fr.pc=0x00000000054013c8
Event: 67.986 Thread 0x000000001b611000 DEOPT PACKING pc=0x00000000054013c8 sp=0x0000000025f7e830
Event: 67.986 Thread 0x000000001b611000 DEOPT UNPACKING pc=0x000000000293557b sp=0x0000000025f7e680 mode 2


Dynamic libraries:
0x00007ff740fc0000 - 0x00007ff740ff1000 	E:\Program Files\Android\Android Studio\jre\bin\java.exe
0x00007ffa228f0000 - 0x00007ffa22ac1000 	C:\Windows\SYSTEM32\ntdll.dll
0x00007ffa223e0000 - 0x00007ffa2248b000 	C:\Windows\System32\KERNEL32.DLL
0x00007ffa1f7f0000 - 0x00007ffa1fa0d000 	C:\Windows\System32\KERNELBASE.dll
0x00007ffa20800000 - 0x00007ffa208a2000 	C:\Windows\System32\ADVAPI32.dll
0x00007ffa20310000 - 0x00007ffa203ae000 	C:\Windows\System32\msvcrt.dll
0x00007ffa1fe80000 - 0x00007ffa1fed9000 	C:\Windows\System32\sechost.dll
0x00007ffa203f0000 - 0x00007ffa20511000 	C:\Windows\System32\RPCRT4.dll
0x00007ffa22270000 - 0x00007ffa223d5000 	C:\Windows\System32\USER32.dll
0x00007ffa1fcc0000 - 0x00007ffa1fcde000 	C:\Windows\System32\win32u.dll
0x00007ffa203b0000 - 0x00007ffa203e4000 	C:\Windows\System32\GDI32.dll
0x00007ffa1fb30000 - 0x00007ffa1fcb2000 	C:\Windows\System32\gdi32full.dll
0x00007ffa11200000 - 0x00007ffa11479000 	C:\Windows\WinSxS\amd64_microsoft.windows.common-controls_6595b64144ccf1df_6.0.14393.0_none_2d0f50fcbdb171b8\COMCTL32.dll
0x00007ffa20530000 - 0x00007ffa207f7000 	C:\Windows\System32\combase.dll
0x00007ffa1fd80000 - 0x00007ffa1fe75000 	C:\Windows\System32\ucrtbase.dll
0x00007ffa1fa10000 - 0x00007ffa1fa7a000 	C:\Windows\System32\bcryptPrimitives.dll
0x00007ffa20910000 - 0x00007ffa2093e000 	C:\Windows\System32\IMM32.DLL
0x000000005ca80000 - 0x000000005cb52000 	E:\Program Files\Android\Android Studio\jre\jre\bin\msvcr100.dll
0x000000005cb60000 - 0x000000005d39f000 	E:\Program Files\Android\Android Studio\jre\jre\bin\server\jvm.dll
0x00007ffa225f0000 - 0x00007ffa225f8000 	C:\Windows\System32\PSAPI.DLL
0x00007ffa1c310000 - 0x00007ffa1c31a000 	C:\Windows\SYSTEM32\VERSION.dll
0x00007ffa1cdd0000 - 0x00007ffa1cdd9000 	C:\Windows\SYSTEM32\WSOCK32.dll
0x00007ffa1cea0000 - 0x00007ffa1cec3000 	C:\Windows\SYSTEM32\WINMM.dll
0x00007ffa22810000 - 0x00007ffa2287a000 	C:\Windows\System32\WS2_32.dll
0x00007ffa1ce40000 - 0x00007ffa1ce6b000 	C:\Windows\SYSTEM32\WINMMBASE.dll
0x00007ffa1fa80000 - 0x00007ffa1fac2000 	C:\Windows\System32\cfgmgr32.dll
0x00007ffa15370000 - 0x00007ffa1537f000 	E:\Program Files\Android\Android Studio\jre\jre\bin\verify.dll
0x00007ffa12870000 - 0x00007ffa12899000 	E:\Program Files\Android\Android Studio\jre\jre\bin\java.dll
0x00007ffa13670000 - 0x00007ffa13686000 	E:\Program Files\Android\Android Studio\jre\jre\bin\zip.dll
0x00007ffa20aa0000 - 0x00007ffa21fa8000 	C:\Windows\System32\SHELL32.dll
0x00007ffa1f110000 - 0x00007ffa1f7ea000 	C:\Windows\System32\windows.storage.dll
0x00007ffa1ed90000 - 0x00007ffa1eddc000 	C:\Windows\System32\powrprof.dll
0x00007ffa227b0000 - 0x00007ffa22802000 	C:\Windows\System32\shlwapi.dll
0x00007ffa1ed80000 - 0x00007ffa1ed8f000 	C:\Windows\System32\kernel.appcore.dll
0x00007ffa1ede0000 - 0x00007ffa1ee89000 	C:\Windows\System32\shcore.dll
0x00007ffa1ed50000 - 0x00007ffa1ed64000 	C:\Windows\System32\profapi.dll
0x00007ffa12810000 - 0x00007ffa1282a000 	E:\Program Files\Android\Android Studio\jre\jre\bin\net.dll
0x00007ffa1e580000 - 0x00007ffa1e5dc000 	C:\Windows\system32\mswsock.dll
0x00007ffa126f0000 - 0x00007ffa12701000 	E:\Program Files\Android\Android Studio\jre\jre\bin\nio.dll
0x00007ffa0d820000 - 0x00007ffa0d83e000 	C:\Users\Denova\.gradle\native\25\windows-amd64\native-platform.dll
0x00007ffa136d0000 - 0x00007ffa136dd000 	E:\Program Files\Android\Android Studio\jre\jre\bin\management.dll
0x00007ffa1e830000 - 0x00007ffa1e847000 	C:\Windows\SYSTEM32\CRYPTSP.dll
0x00007ffa1e700000 - 0x00007ffa1e733000 	C:\Windows\system32\rsaenh.dll
0x00007ffa1e930000 - 0x00007ffa1e95b000 	C:\Windows\SYSTEM32\bcrypt.dll
0x00007ffa1e400000 - 0x00007ffa1e41f000 	C:\Windows\SYSTEM32\USERENV.dll
0x00007ffa1e820000 - 0x00007ffa1e82b000 	C:\Windows\SYSTEM32\CRYPTBASE.dll
0x00007ffa1e310000 - 0x00007ffa1e348000 	C:\Windows\SYSTEM32\IPHLPAPI.DLL
0x00007ffa20520000 - 0x00007ffa20528000 	C:\Windows\System32\NSI.dll
0x00007ffa16890000 - 0x00007ffa168a6000 	C:\Windows\SYSTEM32\dhcpcsvc6.DLL
0x00007ffa16870000 - 0x00007ffa1688a000 	C:\Windows\SYSTEM32\dhcpcsvc.DLL
0x00007ffa1e350000 - 0x00007ffa1e3f0000 	C:\Windows\SYSTEM32\DNSAPI.dll
0x000000005f780000 - 0x000000005f7b5000 	C:\Program Files\Bonjour\mdnsNSP.dll
0x00007ffa13850000 - 0x00007ffa1385a000 	C:\Windows\System32\rasadhlp.dll
0x00007ffa15d20000 - 0x00007ffa15d8a000 	C:\Windows\System32\fwpuclnt.dll
0x00007ffa0f430000 - 0x00007ffa0f454000 	E:\Program Files\Android\Android Studio\jre\jre\bin\sunec.dll
0x00007ffa1c340000 - 0x00007ffa1c34b000 	E:\Program Files\Android\Android Studio\jre\jre\bin\sunmscapi.dll
0x00007ffa1ef40000 - 0x00007ffa1f108000 	C:\Windows\System32\CRYPT32.dll
0x00007ffa1ed70000 - 0x00007ffa1ed80000 	C:\Windows\System32\MSASN1.dll
0x00007ffa1e160000 - 0x00007ffa1e192000 	C:\Windows\SYSTEM32\ntmarta.dll

VM Arguments:
jvm_args: -Xmx1536m -Dfile.encoding=windows-1256 -Duser.country=US -Duser.language=en -Duser.variant 
java_command: org.gradle.launcher.daemon.bootstrap.GradleDaemon 4.4
java_class_path (initial): C:\Users\Denova\.gradle\wrapper\dists\gradle-4.4-all\9br9xq1tocpiv8o6njlyu5op1\gradle-4.4\lib\gradle-launcher-4.4.jar
Launcher Type: SUN_STANDARD

Environment Variables:
JAVA_HOME=C:\Program Files\Java\jre-9.0.1
PATH=C:\Program Files (x86)\Common Files\Intel\Shared Libraries\redist\intel64_win\compiler;C:\ProgramData\Oracle\Java\javapath;C:\Windows\system32;C:\Windows;C:\Windows\System32\Wbem;C:\Windows\System32\WindowsPowerShell\v1.0\;C:\Program Files (x86)\AMD\ATI.ACE\Core-Static;C:\Program Files\Lenovo\Bluetooth Software\;C:\Program Files\Lenovo\Bluetooth Software\syswow64;C:\Users\Denova\.dnx\bin;C:\Program Files\Microsoft DNX\Dnvm\;C:\Program Files\Microsoft SQL Server\130\Tools\Binn\;C:\Windows\system32\config\systemprofile\.dnx\bin;C:\Users\Denova\AppData\Local\Microsoft\WindowsApps;D:\Program Files\androidsdk\platform-tools;C:\Users\Denova\AppData\Local\atom\bin;C:\adb;C:\Program Files\Git\cmd;C:\ProgramData\Oracle\Java\javapath;C:\Windows\system32;C:\Windows;C:\Windows\System32\Wbem;C:\Windows\System32\WindowsPowerShell\v1.0\;C:\Program Files (x86)\AMD\ATI.ACE\Core-Static;C:\Program Files\Lenovo\Bluetooth Software\;C:\Program Files\Lenovo\Bluetooth Software\syswow64;C:\Windows\system32\config\systemprofile\.dnx\bin;C:\Program Files\Microsoft DNX\Dnvm\;C:\Program Files\Microsoft SQL Server\130\Tools\Binn\;C:\Users\Denova\AppData\Local\Microsoft\WindowsApps;D:\Program Files\androidsdk\platform-tools;C:\Users\Denova\AppData\Local\atom\bin;C:\Users\Denova\AppData\Local\Programs\Fiddler
USERNAME=Denova
OS=Windows_NT
PROCESSOR_IDENTIFIER=Intel64 Family 6 Model 60 Stepping 3, GenuineIntel



---------------  S Y S T E M  ---------------

OS: Windows 10.0 , 64 bit Build 14393 (10.0.14393.0)

CPU:total 4 (initial active 4) (2 cores per cpu, 2 threads per core) family 6 model 60 stepping 3, cmov, cx8, fxsr, mmx, sse, sse2, sse3, ssse3, sse4.1, sse4.2, popcnt, avx, avx2, clmul, erms, lzcnt, ht, tsc, tscinvbit, bmi1, bmi2

Memory: 4k page, physical 8302956k(1736264k free), swap 9037676k(2940k free)

vm_info: OpenJDK 64-Bit Server VM (25.152-b02) for windows-amd64 JRE (1.8.0_152-release-1024-b02), built by "builder" with MS VC++ 10.0 (VS2010)

time: Sun Aug 05 11:18:33 2018
elapsed time: 68 seconds (0d 0h 1m 8s)

