#
# There is insufficient memory for the Java Runtime Environment to continue.
# Native memory allocation (malloc) failed to allocate 32744 bytes for ChunkPool::allocate
# Possible reasons:
#   The system is out of physical RAM or swap space
#   In 32 bit mode, the process size limit was hit
# Possible solutions:
#   Reduce memory load on the system
#   Increase physical memory or swap space
#   Check if swap backing store is full
#   Use 64 bit Java on a 64 bit OS
#   Decrease Java heap size (-Xmx/-Xms)
#   Decrease number of Java threads
#   Decrease Java thread stack sizes (-Xss)
#   Set larger code cache with -XX:ReservedCodeCacheSize=
# This output file may be truncated or incomplete.
#
#  Out of Memory Error (allocation.cpp:273), pid=7768, tid=0x00000000000034e4
#
# JRE version: OpenJDK Runtime Environment (8.0_152-b06) (build 1.8.0_152-release-1136-b06)
# Java VM: OpenJDK 64-Bit Server VM (25.152-b06 mixed mode windows-amd64 compressed oops)
# Failed to write core dump. Minidumps are not enabled by default on client versions of Windows
#

---------------  T H R E A D  ---------------

Current thread (0x000000001b197000):  JavaThread "ForkJoinPool-6-worker-5" daemon [_thread_in_vm, id=13540, stack(0x000000002b260000,0x000000002b360000)]

Stack: [0x000000002b260000,0x000000002b360000]
[error occurred during error reporting (printing stack bounds), id 0xc0000005]

Native frames: (J=compiled Java code, j=interpreted, Vv=VM code, C=native code)

Java frames: (J=compiled Java code, j=interpreted, Vv=VM code)
v  ~RuntimeStub::counter_overflow Runtime1 stub
J 19041 C1 java.util.concurrent.ForkJoinPool.helpStealer(Ljava/util/concurrent/ForkJoinPool$WorkQueue;Ljava/util/concurrent/ForkJoinTask;)V (394 bytes) @ 0x0000000005dc75b5 [0x0000000005dc6920+0xc95]
J 19055 C1 java.util.concurrent.ForkJoinPool.awaitJoin(Ljava/util/concurrent/ForkJoinPool$WorkQueue;Ljava/util/concurrent/ForkJoinTask;J)I (206 bytes) @ 0x0000000004aa7fc4 [0x0000000004aa79c0+0x604]
J 13839 C1 java.util.concurrent.ForkJoinTask.doJoin()I (75 bytes) @ 0x0000000004728b8c [0x0000000004728640+0x54c]
J 18256 C1 java.util.concurrent.ForkJoinTask.get()Ljava/lang/Object; (69 bytes) @ 0x0000000005c09fb4 [0x0000000005c09f00+0xb4]
J 18973 C1 com.android.tools.r8.utils.ThreadUtils.awaitFutures(Ljava/lang/Iterable;)V (113 bytes) @ 0x00000000054d2f04 [0x00000000054d2e40+0xc4]
j  com.android.tools.r8.dex.ApplicationWriter.write(Ljava/util/concurrent/ExecutorService;)V+185
j  com.android.tools.r8.D8.run(Lcom/android/tools/r8/utils/AndroidApp;Lcom/android/tools/r8/utils/InternalOptions;Ljava/util/concurrent/ExecutorService;)V+139
j  com.android.tools.r8.D8.lambda$run$1(Lcom/android/tools/r8/utils/AndroidApp;Lcom/android/tools/r8/utils/InternalOptions;Ljava/util/concurrent/ExecutorService;)V+3
j  com.android.tools.r8.D8$$Lambda$446.run()V+12
j  com.android.tools.r8.utils.ExceptionUtils.withCompilationHandler(Lcom/android/tools/r8/utils/Reporter;Lcom/android/tools/r8/utils/ExceptionUtils$CompileAction;)V+1
j  com.android.tools.r8.utils.ExceptionUtils.withD8CompilationHandler(Lcom/android/tools/r8/utils/Reporter;Lcom/android/tools/r8/utils/ExceptionUtils$CompileAction;)V+2
j  com.android.tools.r8.D8.run(Lcom/android/tools/r8/D8Command;Ljava/util/concurrent/ExecutorService;)V+22
j  com.android.builder.dexing.D8DexArchiveMerger.mergeDexArchives(Ljava/lang/Iterable;Ljava/nio/file/Path;Ljava/nio/file/Path;Lcom/android/builder/dexing/DexingType;)V+388
j  com.android.build.gradle.internal.transforms.DexMergerTransformCallable.call()Ljava/lang/Void;+171
j  com.android.build.gradle.internal.transforms.DexMergerTransformCallable.call()Ljava/lang/Object;+1
J 13152 C1 java.util.concurrent.ForkJoinTask$AdaptedCallable.exec()Z (31 bytes) @ 0x000000000402b54c [0x000000000402b440+0x10c]
J 13093 C1 java.util.concurrent.ForkJoinTask.doExec()I (37 bytes) @ 0x0000000004bf244c [0x0000000004bf2300+0x14c]
J 13092 C1 java.util.concurrent.ForkJoinPool$WorkQueue.runTask(Ljava/util/concurrent/ForkJoinTask;)V (86 bytes) @ 0x00000000045af9dc [0x00000000045af860+0x17c]
j  java.util.concurrent.ForkJoinPool.runWorker(Ljava/util/concurrent/ForkJoinPool$WorkQueue;)V+35
j  java.util.concurrent.ForkJoinWorkerThread.run()V+24
v  ~StubRoutines::call_stub

---------------  P R O C E S S  ---------------

Java Threads: ( => current thread )
  0x000000001cc3f800 JavaThread "ForkJoinPool-6-worker-19" daemon [_thread_blocked, id=13188, stack(0x000000002bc60000,0x000000002bd60000)]
  0x000000001cc3e000 JavaThread "ForkJoinPool-6-worker-18" daemon [_thread_in_native, id=5732, stack(0x000000002bb60000,0x000000002bc60000)]
  0x000000001cc3f000 JavaThread "ForkJoinPool-6-worker-8" daemon [_thread_blocked, id=12024, stack(0x000000002ba60000,0x000000002bb60000)]
  0x000000001bdbb000 JavaThread "ForkJoinPool-6-worker-15" daemon [_thread_blocked, id=16536, stack(0x000000002b960000,0x000000002ba60000)]
  0x000000001bdaf000 JavaThread "ForkJoinPool-6-worker-13" daemon [_thread_blocked, id=12584, stack(0x000000002b860000,0x000000002b960000)]
  0x000000001b191000 JavaThread "ForkJoinPool-6-worker-9" daemon [_thread_blocked, id=8348, stack(0x000000002b760000,0x000000002b860000)]
  0x000000001b195800 JavaThread "ForkJoinPool-6-worker-14" daemon [_thread_in_native, id=15244, stack(0x000000002b660000,0x000000002b760000)]
  0x000000001b198000 JavaThread "ForkJoinPool-6-worker-12" daemon [_thread_blocked, id=11368, stack(0x000000002b560000,0x000000002b660000)]
  0x000000001b195000 JavaThread "ForkJoinPool-6-worker-10" daemon [_thread_blocked, id=9992, stack(0x000000002b460000,0x000000002b560000)]
  0x000000001b193800 JavaThread "ForkJoinPool-6-worker-11" daemon [_thread_blocked, id=14700, stack(0x000000002b360000,0x000000002b460000)]
=>0x000000001b197000 JavaThread "ForkJoinPool-6-worker-5" daemon [_thread_in_vm, id=13540, stack(0x000000002b260000,0x000000002b360000)]
  0x000000001b5b9800 JavaThread "ForkJoinPool-6-worker-7" daemon [_thread_blocked, id=16556, stack(0x000000002b160000,0x000000002b260000)]
  0x000000001b5b8000 JavaThread "ForkJoinPool-6-worker-6" daemon [_thread_in_vm, id=6640, stack(0x000000002b060000,0x000000002b160000)]
  0x000000001b5b0800 JavaThread "ForkJoinPool-6-worker-4" daemon [_thread_blocked, id=17124, stack(0x000000002af60000,0x000000002b060000)]
  0x000000001b5af800 JavaThread "ForkJoinPool-6-worker-0" daemon [_thread_in_vm, id=1728, stack(0x000000002ae60000,0x000000002af60000)]
  0x000000001b5ae000 JavaThread "ForkJoinPool-6-worker-3" daemon [_thread_blocked, id=6460, stack(0x000000002ad60000,0x000000002ae60000)]
  0x000000001b5ad800 JavaThread "ForkJoinPool-6-worker-2" daemon [_thread_blocked, id=15632, stack(0x000000002ac60000,0x000000002ad60000)]
  0x000000001b5b2800 JavaThread "ForkJoinPool-6-worker-1" daemon [_thread_in_vm, id=4588, stack(0x000000002ab60000,0x000000002ac60000)]
  0x000000001b5ac800 JavaThread "Task worker for ':' Thread 3" [_thread_blocked, id=3104, stack(0x000000002aa60000,0x000000002ab60000)]
  0x000000001b5ab000 JavaThread "Task worker for ':' Thread 2" [_thread_blocked, id=4880, stack(0x000000002a960000,0x000000002aa60000)]
  0x000000001b5ac000 JavaThread "Task worker for ':'" [_thread_blocked, id=15536, stack(0x000000002a860000,0x000000002a960000)]
  0x000000001b5af000 JavaThread "Cache worker for Build Output Cleanup Cache (E:\AndroidStudioProjects\AndroidWoope\.gradle\buildOutputCleanup)" [_thread_blocked, id=10956, stack(0x000000002a760000,0x000000002a860000)]
  0x000000001bdba800 JavaThread "Cache worker for task history cache (E:\AndroidStudioProjects\AndroidWoope\.gradle\4.6\taskHistory)" [_thread_blocked, id=17500, stack(0x000000002a660000,0x000000002a760000)]
  0x000000001bdb9800 JavaThread "Cache worker for file content cache (E:\AndroidStudioProjects\AndroidWoope\.gradle\4.6\fileContent)" [_thread_blocked, id=18148, stack(0x000000002a560000,0x000000002a660000)]
  0x000000001bdb9000 JavaThread "Build operations Thread 4" [_thread_blocked, id=16136, stack(0x000000002a460000,0x000000002a560000)]
  0x000000001bdb7800 JavaThread "Build operations Thread 3" [_thread_blocked, id=17236, stack(0x000000002a360000,0x000000002a460000)]
  0x000000001bdb0000 JavaThread "Build operations Thread 2" [_thread_blocked, id=2448, stack(0x000000002a260000,0x000000002a360000)]
  0x000000001bdb6800 JavaThread "Build operations" [_thread_blocked, id=17956, stack(0x000000002a160000,0x000000002a260000)]
  0x000000001bdb6000 JavaThread "Cache worker for Artifact transforms cache (C:\Users\Denova\.gradle\caches\transforms-1)" [_thread_blocked, id=12284, stack(0x000000002a060000,0x000000002a160000)]
  0x000000001bdb4800 JavaThread "Cache worker for file hash cache (E:\AndroidStudioProjects\AndroidWoope\.gradle\4.6\fileHashes)" [_thread_blocked, id=14600, stack(0x0000000029f60000,0x000000002a060000)]
  0x000000001bdad000 JavaThread "Stdin handler" [_thread_blocked, id=3896, stack(0x0000000029e60000,0x0000000029f60000)]
  0x000000001bdb0800 JavaThread "Asynchronous log dispatcher for DefaultDaemonConnection: socket connection from /127.0.0.1:11616 to /127.0.0.1:11631" [_thread_blocked, id=15468, stack(0x0000000029d60000,0x0000000029e60000)]
  0x000000001bdae800 JavaThread "Cancel handler" [_thread_blocked, id=15448, stack(0x0000000029c60000,0x0000000029d60000)]
  0x000000001bdac000 JavaThread "Handler for socket connection from /127.0.0.1:11616 to /127.0.0.1:11631" [_thread_in_native, id=14632, stack(0x0000000029b60000,0x0000000029c60000)]
  0x000000001bdb1800 JavaThread "pool-1-thread-1" [_thread_blocked, id=15240, stack(0x0000000029a60000,0x0000000029b60000)]
  0x000000001bdb5000 JavaThread "ForkJoinPool-2-worker-5" daemon [_thread_blocked, id=10520, stack(0x00000000285a0000,0x00000000286a0000)]
  0x000000001bdb3800 JavaThread "ForkJoinPool-2-worker-6" daemon [_thread_blocked, id=12292, stack(0x00000000283a0000,0x00000000284a0000)]
  0x000000001bdb2000 JavaThread "ForkJoinPool-1-worker-3" daemon [_thread_blocked, id=16712, stack(0x00000000274e0000,0x00000000275e0000)]
  0x000000001b192800 JavaThread "Memory manager" [_thread_blocked, id=15392, stack(0x0000000021690000,0x0000000021790000)]
  0x00000000197d0000 JavaThread "File lock request listener" [_thread_in_native, id=16532, stack(0x000000001afc0000,0x000000001b0c0000)]
  0x000000001961c800 JavaThread "Cache worker for file hash cache (C:\Users\Denova\.gradle\caches\4.6\fileHashes)" [_thread_blocked, id=2364, stack(0x000000001aec0000,0x000000001afc0000)]
  0x000000001920c000 JavaThread "Daemon worker" [_thread_blocked, id=3632, stack(0x000000001a9c0000,0x000000001aac0000)]
  0x0000000019496800 JavaThread "Daemon" [_thread_blocked, id=4164, stack(0x000000001a4c0000,0x000000001a5c0000)]
  0x00000000192eb000 JavaThread "Daemon periodic checks" [_thread_blocked, id=17032, stack(0x000000001a3c0000,0x000000001a4c0000)]
  0x00000000192ea000 JavaThread "Incoming local TCP Connector on port 11616" [_thread_in_native, id=12068, stack(0x000000001a180000,0x000000001a280000)]
  0x0000000017ea8800 JavaThread "Service Thread" daemon [_thread_blocked, id=15792, stack(0x0000000018270000,0x0000000018370000)]
  0x0000000016513000 JavaThread "C1 CompilerThread2" daemon [_thread_blocked, id=10908, stack(0x0000000017d70000,0x0000000017e70000)]
  0x000000001650b800 JavaThread "C2 CompilerThread1" daemon [_thread_in_native, id=3088, stack(0x0000000017c70000,0x0000000017d70000)]
  0x000000001651a800 JavaThread "C2 CompilerThread0" daemon [_thread_in_native, id=12536, stack(0x0000000017b70000,0x0000000017c70000)]
  0x0000000016517000 JavaThread "Attach Listener" daemon [_thread_blocked, id=2244, stack(0x0000000017a70000,0x0000000017b70000)]
  0x0000000016516000 JavaThread "Signal Dispatcher" daemon [_thread_blocked, id=16248, stack(0x0000000017970000,0x0000000017a70000)]
  0x00000000164fe000 JavaThread "Finalizer" daemon [_thread_blocked, id=16376, stack(0x0000000017780000,0x0000000017880000)]
  0x0000000002b92800 JavaThread "Reference Handler" daemon [_thread_blocked, id=16596, stack(0x0000000017680000,0x0000000017780000)]
  0x0000000002a9d800 JavaThread "main" [_thread_blocked, id=7744, stack(0x00000000028f0000,0x00000000029f0000)]

Other Threads:
  0x00000000164d4000 VMThread [stack: 0x0000000017580000,0x0000000017680000] [id=17876]
  0x000000001656a800 WatcherThread [stack: 0x0000000018370000,0x0000000018470000] [id=15656]

VM state:synchronizing (normal execution)

VM Mutex/Monitor currently owned by a thread:  ([mutex/lock_event])
[0x0000000002a9c600] Threads_lock - owner thread: 0x00000000164d4000

Heap:
 PSYoungGen      total 408576K, used 167942K [0x00000000e0000000, 0x00000000fcb80000, 0x0000000100000000)
  eden space 353792K, 35% used [0x00000000e0000000,0x00000000e7a041e0,0x00000000f5980000)
  from space 54784K, 78% used [0x00000000f9600000,0x00000000fbffd628,0x00000000fcb80000)
  to   space 58368K, 0% used [0x00000000f5980000,0x00000000f5980000,0x00000000f9280000)
 ParOldGen       total 229888K, used 74069K [0x00000000a0000000, 0x00000000ae080000, 0x00000000e0000000)
  object space 229888K, 32% used [0x00000000a0000000,0x00000000a4855688,0x00000000ae080000)
 Metaspace       used 82714K, capacity 86204K, committed 86272K, reserved 1124352K
  class space    used 10453K, capacity 11200K, committed 11264K, reserved 1048576K

Card table byte_map: [0x0000000011f60000,0x0000000012270000] byte_map_base: 0x0000000011a60000

Marking Bits: (ParMarkBitMap*) 0x0000000067885aa0
 Begin Bits: [0x0000000012870000, 0x0000000014070000)
 End Bits:   [0x0000000014070000, 0x0000000015870000)

Polling page: 0x0000000000c10000

CodeCache: size=245760Kb used=53306Kb max_used=53319Kb free=192453Kb
 bounds [0x0000000002ba0000, 0x0000000006000000, 0x0000000011ba0000]
 total_blobs=16450 nmethods=15616 adapters=744
 compilation: enabled

Compilation events (10 events):
Event: 76.765 Thread 0x0000000016513000 20332       2       com.android.tools.r8.com.google.gson.stream.JsonWriter::replaceTop (13 bytes)
Event: 76.765 Thread 0x0000000016513000 nmethod 20332 0x0000000005fd5a50 code [0x0000000005fd5ba0, 0x0000000005fd5d10]
Event: 76.794 Thread 0x0000000016513000 20335       3       com.android.tools.r8.dex.DexParser::addClassDefsTo (641 bytes)
Event: 76.802 Thread 0x000000001651a800 nmethod 20308 0x0000000005fe6d50 code [0x0000000005fe6f20, 0x0000000005fe8918]
Event: 76.802 Thread 0x000000001651a800 20334       4       java.util.stream.ReduceOps$3ReducingSink::accept (15 bytes)
Event: 76.802 Thread 0x0000000016513000 nmethod 20335 0x0000000005fe9fd0 code [0x0000000005fea6c0, 0x0000000005fef318]
Event: 76.803 Thread 0x000000001651a800 nmethod 20334 0x0000000004ddda10 code [0x0000000004dddb40, 0x0000000004dddbd8]
Event: 76.803 Thread 0x000000001651a800 20316       4       java.util.concurrent.ForkJoinPool::scan (416 bytes)
Event: 76.816 Thread 0x000000001651a800 nmethod 20316 0x0000000005fe2b10 code [0x0000000005fe2c80, 0x0000000005fe33f8]
Event: 76.816 Thread 0x000000001651a800 20328       4       com.android.tools.r8.graph.DexTypeList::collectIndexedItems (43 bytes)

GC Heap History (10 events):
Event: 51.904 GC heap before
{Heap before GC invocations=24 (full 4):
 PSYoungGen      total 412160K, used 381143K [0x00000000e0000000, 0x00000000fcb80000, 0x0000000100000000)
  eden space 353792K, 100% used [0x00000000e0000000,0x00000000f5980000,0x00000000f5980000)
  from space 58368K, 46% used [0x00000000f5980000,0x00000000f7435e88,0x00000000f9280000)
  to   space 54784K, 0% used [0x00000000f9600000,0x00000000f9600000,0x00000000fcb80000)
 ParOldGen       total 229888K, used 57339K [0x00000000a0000000, 0x00000000ae080000, 0x00000000e0000000)
  object space 229888K, 24% used [0x00000000a0000000,0x00000000a37fee90,0x00000000ae080000)
 Metaspace       used 78316K, capacity 81564K, committed 81792K, reserved 1120256K
  class space    used 10128K, capacity 10854K, committed 10880K, reserved 1048576K
Event: 51.959 GC heap after
Heap after GC invocations=24 (full 4):
 PSYoungGen      total 408576K, used 30125K [0x00000000e0000000, 0x00000000fcb80000, 0x0000000100000000)
  eden space 353792K, 0% used [0x00000000e0000000,0x00000000e0000000,0x00000000f5980000)
  from space 54784K, 54% used [0x00000000f9600000,0x00000000fb36b6f8,0x00000000fcb80000)
  to   space 58368K, 0% used [0x00000000f5980000,0x00000000f5980000,0x00000000f9280000)
 ParOldGen       total 229888K, used 57339K [0x00000000a0000000, 0x00000000ae080000, 0x00000000e0000000)
  object space 229888K, 24% used [0x00000000a0000000,0x00000000a37fee90,0x00000000ae080000)
 Metaspace       used 78316K, capacity 81564K, committed 81792K, reserved 1120256K
  class space    used 10128K, capacity 10854K, committed 10880K, reserved 1048576K
}
Event: 55.022 GC heap before
{Heap before GC invocations=25 (full 4):
 PSYoungGen      total 408576K, used 383917K [0x00000000e0000000, 0x00000000fcb80000, 0x0000000100000000)
  eden space 353792K, 100% used [0x00000000e0000000,0x00000000f5980000,0x00000000f5980000)
  from space 54784K, 54% used [0x00000000f9600000,0x00000000fb36b6f8,0x00000000fcb80000)
  to   space 58368K, 0% used [0x00000000f5980000,0x00000000f5980000,0x00000000f9280000)
 ParOldGen       total 229888K, used 57339K [0x00000000a0000000, 0x00000000ae080000, 0x00000000e0000000)
  object space 229888K, 24% used [0x00000000a0000000,0x00000000a37fee90,0x00000000ae080000)
 Metaspace       used 78689K, capacity 81960K, committed 82176K, reserved 1120256K
  class space    used 10158K, capacity 10890K, committed 11008K, reserved 1048576K
Event: 55.078 GC heap after
Heap after GC invocations=25 (full 4):
 PSYoungGen      total 412160K, used 14439K [0x00000000e0000000, 0x00000000fcb80000, 0x0000000100000000)
  eden space 353792K, 0% used [0x00000000e0000000,0x00000000e0000000,0x00000000f5980000)
  from space 58368K, 24% used [0x00000000f5980000,0x00000000f6799d88,0x00000000f9280000)
  to   space 54784K, 0% used [0x00000000f9600000,0x00000000f9600000,0x00000000fcb80000)
 ParOldGen       total 229888K, used 66648K [0x00000000a0000000, 0x00000000ae080000, 0x00000000e0000000)
  object space 229888K, 28% used [0x00000000a0000000,0x00000000a4116058,0x00000000ae080000)
 Metaspace       used 78689K, capacity 81960K, committed 82176K, reserved 1120256K
  class space    used 10158K, capacity 10890K, committed 11008K, reserved 1048576K
}
Event: 59.972 GC heap before
{Heap before GC invocations=26 (full 4):
 PSYoungGen      total 412160K, used 368231K [0x00000000e0000000, 0x00000000fcb80000, 0x0000000100000000)
  eden space 353792K, 100% used [0x00000000e0000000,0x00000000f5980000,0x00000000f5980000)
  from space 58368K, 24% used [0x00000000f5980000,0x00000000f6799d88,0x00000000f9280000)
  to   space 54784K, 0% used [0x00000000f9600000,0x00000000f9600000,0x00000000fcb80000)
 ParOldGen       total 229888K, used 66648K [0x00000000a0000000, 0x00000000ae080000, 0x00000000e0000000)
  object space 229888K, 28% used [0x00000000a0000000,0x00000000a4116058,0x00000000ae080000)
 Metaspace       used 78906K, capacity 82198K, committed 82432K, reserved 1120256K
  class space    used 10177K, capacity 10925K, committed 11008K, reserved 1048576K
Event: 60.003 GC heap after
Heap after GC invocations=26 (full 4):
 PSYoungGen      total 408576K, used 28755K [0x00000000e0000000, 0x00000000fcb80000, 0x0000000100000000)
  eden space 353792K, 0% used [0x00000000e0000000,0x00000000e0000000,0x00000000f5980000)
  from space 54784K, 52% used [0x00000000f9600000,0x00000000fb214fb0,0x00000000fcb80000)
  to   space 58368K, 0% used [0x00000000f5980000,0x00000000f5980000,0x00000000f9280000)
 ParOldGen       total 229888K, used 70509K [0x00000000a0000000, 0x00000000ae080000, 0x00000000e0000000)
  object space 229888K, 30% used [0x00000000a0000000,0x00000000a44db638,0x00000000ae080000)
 Metaspace       used 78906K, capacity 82198K, committed 82432K, reserved 1120256K
  class space    used 10177K, capacity 10925K, committed 11008K, reserved 1048576K
}
Event: 63.514 GC heap before
{Heap before GC invocations=27 (full 4):
 PSYoungGen      total 408576K, used 382547K [0x00000000e0000000, 0x00000000fcb80000, 0x0000000100000000)
  eden space 353792K, 100% used [0x00000000e0000000,0x00000000f5980000,0x00000000f5980000)
  from space 54784K, 52% used [0x00000000f9600000,0x00000000fb214fb0,0x00000000fcb80000)
  to   space 58368K, 0% used [0x00000000f5980000,0x00000000f5980000,0x00000000f9280000)
 ParOldGen       total 229888K, used 70509K [0x00000000a0000000, 0x00000000ae080000, 0x00000000e0000000)
  object space 229888K, 30% used [0x00000000a0000000,0x00000000a44db638,0x00000000ae080000)
 Metaspace       used 79490K, capacity 82828K, committed 82944K, reserved 1122304K
  class space    used 10230K, capacity 10972K, committed 11008K, reserved 1048576K
Event: 63.521 GC heap after
Heap after GC invocations=27 (full 4):
 PSYoungGen      total 412160K, used 4128K [0x00000000e0000000, 0x00000000fcb80000, 0x0000000100000000)
  eden space 353792K, 0% used [0x00000000e0000000,0x00000000e0000000,0x00000000f5980000)
  from space 58368K, 7% used [0x00000000f5980000,0x00000000f5d88080,0x00000000f9280000)
  to   space 54784K, 0% used [0x00000000f9600000,0x00000000f9600000,0x00000000fcb80000)
 ParOldGen       total 229888K, used 70565K [0x00000000a0000000, 0x00000000ae080000, 0x00000000e0000000)
  object space 229888K, 30% used [0x00000000a0000000,0x00000000a44e9638,0x00000000ae080000)
 Metaspace       used 79490K, capacity 82828K, committed 82944K, reserved 1122304K
  class space    used 10230K, capacity 10972K, committed 11008K, reserved 1048576K
}
Event: 76.215 GC heap before
{Heap before GC invocations=28 (full 4):
 PSYoungGen      total 412160K, used 351330K [0x00000000e0000000, 0x00000000fcb80000, 0x0000000100000000)
  eden space 353792K, 98% used [0x00000000e0000000,0x00000000f5310870,0x00000000f5980000)
  from space 58368K, 7% used [0x00000000f5980000,0x00000000f5d88080,0x00000000f9280000)
  to   space 54784K, 0% used [0x00000000f9600000,0x00000000f9600000,0x00000000fcb80000)
 ParOldGen       total 229888K, used 70565K [0x00000000a0000000, 0x00000000ae080000, 0x00000000e0000000)
  object space 229888K, 30% used [0x00000000a0000000,0x00000000a44e9638,0x00000000ae080000)
 Metaspace       used 82708K, capacity 86204K, committed 86272K, reserved 1124352K
  class space    used 10452K, capacity 11200K, committed 11264K, reserved 1048576K
Event: 76.247 GC heap after
Heap after GC invocations=28 (full 4):
 PSYoungGen      total 408576K, used 42997K [0x00000000e0000000, 0x00000000fcb80000, 0x0000000100000000)
  eden space 353792K, 0% used [0x00000000e0000000,0x00000000e0000000,0x00000000f5980000)
  from space 54784K, 78% used [0x00000000f9600000,0x00000000fbffd628,0x00000000fcb80000)
  to   space 58368K, 0% used [0x00000000f5980000,0x00000000f5980000,0x00000000f9280000)
 ParOldGen       total 229888K, used 74069K [0x00000000a0000000, 0x00000000ae080000, 0x00000000e0000000)
  object space 229888K, 32% used [0x00000000a0000000,0x00000000a4855688,0x00000000ae080000)
 Metaspace       used 82708K, capacity 86204K, committed 86272K, reserved 1124352K
  class space    used 10452K, capacity 11200K, committed 11264K, reserved 1048576K
}

Deoptimization events (10 events):
Event: 73.051 Thread 0x000000001920c000 Uncommon trap: reason=unstable_if action=reinterpret pc=0x0000000004ba4eec method=com.google.common.collect.ImmutableList.contains(Ljava/lang/Object;)Z @ 5
Event: 73.116 Thread 0x000000001920c000 Uncommon trap: reason=unstable_if action=reinterpret pc=0x0000000004500658 method=org.apache.commons.io.FilenameUtils.doNormalize(Ljava/lang/String;CZ)Ljava/lang/String; @ 215
Event: 73.167 Thread 0x000000001920c000 Uncommon trap: reason=unstable_if action=reinterpret pc=0x0000000002e8d110 method=java.util.ArrayDeque.addFirst(Ljava/lang/Object;)V @ 45
Event: 73.187 Thread 0x000000001920c000 Uncommon trap: reason=bimorphic action=maybe_recompile pc=0x000000000531b038 method=java.util.concurrent.ConcurrentHashMap.computeIfAbsent(Ljava/lang/Object;Ljava/util/function/Function;)Ljava/lang/Object; @ 278
Event: 74.254 Thread 0x000000001b5ac000 Uncommon trap: reason=unstable_if action=reinterpret pc=0x000000000535f7cc method=java.util.Arrays.equals([B[B)Z @ 23
Event: 75.246 Thread 0x000000001bdb6800 Uncommon trap: reason=unstable_if action=reinterpret pc=0x0000000002d73400 method=java.util.concurrent.locks.ReentrantLock$Sync.nonfairTryAcquire(I)Z @ 19
Event: 75.669 Thread 0x000000001b5ab000 Uncommon trap: reason=unstable_if action=reinterpret pc=0x0000000002e2c670 method=java.io.WinNTFileSystem.resolve(Ljava/lang/String;Ljava/lang/String;)Ljava/lang/String; @ 36
Event: 76.208 Thread 0x000000001b198000 Uncommon trap: reason=unstable_if action=reinterpret pc=0x0000000005f2deec method=java.nio.Bits.copyToArray(JLjava/lang/Object;JJJ)V @ 19
Event: 76.247 Thread 0x0000000002b92800 Uncommon trap: reason=unstable_if action=reinterpret pc=0x00000000035895b4 method=java.lang.ref.Reference.tryHandlePending(Z)Z @ 20
Event: 76.481 Thread 0x000000001b195800 Uncommon trap: reason=unloaded action=reinterpret pc=0x0000000005c60044 method=com.android.tools.r8.code.BaseInstructionFactory.create(IILcom/android/tools/r8/code/BytecodeStream;Lcom/android/tools/r8/graph/OffsetToObjectMapping;)Lcom/android/tools/r8/cod

Classes redefined (0 events):
No events

Internal exceptions (10 events):
Event: 76.736 Thread 0x000000001cc3e000 Exception <a 'sun/nio/fs/WindowsException'> (0x00000000e69ea810) thrown at [D:\src\AOSP-openjdk-cygwin\jdk8u\hotspot\src\share\vm\prims\jni.cpp, line 709]
Event: 76.742 Thread 0x000000001cc3f000 Exception <a 'sun/nio/fs/WindowsException'> (0x00000000e6b9c8d8) thrown at [D:\src\AOSP-openjdk-cygwin\jdk8u\hotspot\src\share\vm\prims\jni.cpp, line 709]
Event: 76.746 Thread 0x000000001bdbb000 Exception <a 'sun/nio/fs/WindowsException'> (0x00000000e6b0d068) thrown at [D:\src\AOSP-openjdk-cygwin\jdk8u\hotspot\src\share\vm\prims\jni.cpp, line 709]
Event: 76.748 Thread 0x000000001cc3e000 Exception <a 'sun/nio/fs/WindowsException'> (0x00000000e69f5668) thrown at [D:\src\AOSP-openjdk-cygwin\jdk8u\hotspot\src\share\vm\prims\jni.cpp, line 709]
Event: 76.748 Thread 0x000000001b191000 Exception <a 'sun/nio/fs/WindowsException'> (0x00000000e68945b0) thrown at [D:\src\AOSP-openjdk-cygwin\jdk8u\hotspot\src\share\vm\prims\jni.cpp, line 709]
Event: 76.753 Thread 0x000000001cc3f800 Exception <a 'sun/nio/fs/WindowsException'> (0x00000000e6cfdec8) thrown at [D:\src\AOSP-openjdk-cygwin\jdk8u\hotspot\src\share\vm\prims\jni.cpp, line 709]
Event: 76.759 Thread 0x000000001cc3e000 Exception <a 'sun/nio/fs/WindowsException'> (0x00000000e6dd4418) thrown at [D:\src\AOSP-openjdk-cygwin\jdk8u\hotspot\src\share\vm\prims\jni.cpp, line 709]
Event: 76.774 Thread 0x000000001cc3f800 Exception <a 'sun/nio/fs/WindowsException'> (0x00000000e70b8058) thrown at [D:\src\AOSP-openjdk-cygwin\jdk8u\hotspot\src\share\vm\prims\jni.cpp, line 709]
Event: 76.782 Thread 0x000000001b195800 Exception <a 'sun/nio/fs/WindowsException'> (0x00000000e71a22a8) thrown at [D:\src\AOSP-openjdk-cygwin\jdk8u\hotspot\src\share\vm\prims\jni.cpp, line 709]
Event: 76.784 Thread 0x000000001cc3e000 Exception <a 'sun/nio/fs/WindowsException'> (0x00000000e6e266c8) thrown at [D:\src\AOSP-openjdk-cygwin\jdk8u\hotspot\src\share\vm\prims\jni.cpp, line 709]

Events (10 events):
Event: 76.945 Thread 0x000000001b5b9800 DEOPT UNPACKING pc=0x0000000002be75d0 sp=0x000000002b25eb68 mode 0
Event: 76.945 Thread 0x000000001b5b9800 DEOPT PACKING pc=0x0000000005dc75b5 sp=0x000000002b25ee50
Event: 76.945 Thread 0x000000001b5b9800 DEOPT UNPACKING pc=0x0000000002be75d0 sp=0x000000002b25eb68 mode 0
Event: 76.946 Thread 0x000000001b5b9800 DEOPT PACKING pc=0x0000000005dc75b5 sp=0x000000002b25ee50
Event: 76.946 Thread 0x000000001b5b9800 DEOPT UNPACKING pc=0x0000000002be75d0 sp=0x000000002b25eb68 mode 0
Event: 76.944 Thread 0x000000001b5b2800 DEOPT UNPACKING pc=0x0000000002be75d0 sp=0x000000002ac5e638 mode 0
Event: 76.946 Thread 0x000000001b197000 DEOPT PACKING pc=0x0000000005dc75b5 sp=0x000000002b35eea0
Event: 76.946 Thread 0x000000001b197000 DEOPT UNPACKING pc=0x0000000002be75d0 sp=0x000000002b35ebb8 mode 0
Event: 76.946 Thread 0x000000001b5b9800 DEOPT PACKING pc=0x0000000005dc75b5 sp=0x000000002b25ee50
Event: 76.946 Thread 0x000000001b5b9800 DEOPT UNPACKING pc=0x0000000002be75d0 sp=0x000000002b25eb68 mode 0


Dynamic libraries:
0x00007ff605750000 - 0x00007ff605781000 	E:\Program Files\Android\Android Studio\jre\bin\java.exe
0x00007ffa98290000 - 0x00007ffa98471000 	C:\Windows\SYSTEM32\ntdll.dll
0x00007ffa962c0000 - 0x00007ffa96371000 	C:\Windows\System32\KERNEL32.DLL
0x00007ffa952a0000 - 0x00007ffa95513000 	C:\Windows\System32\KERNELBASE.dll
0x00007ffa96380000 - 0x00007ffa96421000 	C:\Windows\System32\ADVAPI32.dll
0x00007ffa96010000 - 0x00007ffa960ae000 	C:\Windows\System32\msvcrt.dll
0x00007ffa96490000 - 0x00007ffa964eb000 	C:\Windows\System32\sechost.dll
0x00007ffa96120000 - 0x00007ffa96244000 	C:\Windows\System32\RPCRT4.dll
0x00007ffa957f0000 - 0x00007ffa95980000 	C:\Windows\System32\USER32.dll
0x00007ffa950e0000 - 0x00007ffa95100000 	C:\Windows\System32\win32u.dll
0x00007ffa96430000 - 0x00007ffa96458000 	C:\Windows\System32\GDI32.dll
0x00007ffa95580000 - 0x00007ffa95712000 	C:\Windows\System32\gdi32full.dll
0x00007ffa95100000 - 0x00007ffa9519f000 	C:\Windows\System32\msvcp_win.dll
0x00007ffa94f60000 - 0x00007ffa95058000 	C:\Windows\System32\ucrtbase.dll
0x00007ffa82ef0000 - 0x00007ffa83159000 	C:\Windows\WinSxS\amd64_microsoft.windows.common-controls_6595b64144ccf1df_6.0.17134.765_none_fb42a1a930655896\COMCTL32.dll
0x00007ffa95980000 - 0x00007ffa95ca2000 	C:\Windows\System32\combase.dll
0x00007ffa95060000 - 0x00007ffa950da000 	C:\Windows\System32\bcryptPrimitives.dll
0x00007ffa96460000 - 0x00007ffa9648d000 	C:\Windows\System32\IMM32.DLL
0x00000000684a0000 - 0x0000000068572000 	E:\Program Files\Android\Android Studio\jre\jre\bin\msvcr100.dll
0x00000000670c0000 - 0x0000000067901000 	E:\Program Files\Android\Android Studio\jre\jre\bin\server\jvm.dll
0x00007ffa960b0000 - 0x00007ffa960b8000 	C:\Windows\System32\PSAPI.DLL
0x00007ffa59780000 - 0x00007ffa59789000 	C:\Windows\SYSTEM32\WSOCK32.dll
0x00007ffa88950000 - 0x00007ffa8895a000 	C:\Windows\SYSTEM32\VERSION.dll
0x00007ffa92220000 - 0x00007ffa92243000 	C:\Windows\SYSTEM32\WINMM.dll
0x00007ffa96250000 - 0x00007ffa962bc000 	C:\Windows\System32\WS2_32.dll
0x00007ffa921f0000 - 0x00007ffa9221a000 	C:\Windows\SYSTEM32\winmmbase.dll
0x00007ffa95250000 - 0x00007ffa95299000 	C:\Windows\System32\cfgmgr32.dll
0x00007ffa90f10000 - 0x00007ffa90f1f000 	E:\Program Files\Android\Android Studio\jre\jre\bin\verify.dll
0x00007ffa857d0000 - 0x00007ffa857f9000 	E:\Program Files\Android\Android Studio\jre\jre\bin\java.dll
0x00007ffa88ea0000 - 0x00007ffa88eb6000 	E:\Program Files\Android\Android Studio\jre\jre\bin\zip.dll
0x00007ffa96b70000 - 0x00007ffa97fb0000 	C:\Windows\System32\SHELL32.dll
0x00007ffa95d30000 - 0x00007ffa95dd9000 	C:\Windows\System32\shcore.dll
0x00007ffa94660000 - 0x00007ffa94d6d000 	C:\Windows\System32\windows.storage.dll
0x00007ffa95f80000 - 0x00007ffa95fd1000 	C:\Windows\System32\shlwapi.dll
0x00007ffa945a0000 - 0x00007ffa945b1000 	C:\Windows\System32\kernel.appcore.dll
0x00007ffa945e0000 - 0x00007ffa945ff000 	C:\Windows\System32\profapi.dll
0x00007ffa94610000 - 0x00007ffa9465c000 	C:\Windows\System32\powrprof.dll
0x00007ffa94600000 - 0x00007ffa9460a000 	C:\Windows\System32\FLTLIB.DLL
0x00007ffa88e10000 - 0x00007ffa88e2a000 	E:\Program Files\Android\Android Studio\jre\jre\bin\net.dll
0x00007ffa93e20000 - 0x00007ffa93e86000 	C:\Windows\system32\mswsock.dll
0x00007ffa85910000 - 0x00007ffa85921000 	E:\Program Files\Android\Android Studio\jre\jre\bin\nio.dll
0x00007ffa7c000000 - 0x00007ffa7c01e000 	C:\Users\Denova\.gradle\native\25\windows-amd64\native-platform.dll
0x00007ffa90f00000 - 0x00007ffa90f0d000 	E:\Program Files\Android\Android Studio\jre\jre\bin\management.dll
0x00007ffa93fe0000 - 0x00007ffa93ff7000 	C:\Windows\SYSTEM32\CRYPTSP.dll
0x00007ffa93a00000 - 0x00007ffa93a33000 	C:\Windows\system32\rsaenh.dll
0x00007ffa94100000 - 0x00007ffa94125000 	C:\Windows\SYSTEM32\bcrypt.dll
0x00007ffa944a0000 - 0x00007ffa944c8000 	C:\Windows\SYSTEM32\USERENV.dll
0x00007ffa93fd0000 - 0x00007ffa93fdb000 	C:\Windows\SYSTEM32\CRYPTBASE.dll
0x00007ffa93ba0000 - 0x00007ffa93bd8000 	C:\Windows\SYSTEM32\IPHLPAPI.DLL
0x00007ffa95fe0000 - 0x00007ffa95fe8000 	C:\Windows\System32\NSI.dll
0x00007ffa8aef0000 - 0x00007ffa8af06000 	C:\Windows\SYSTEM32\dhcpcsvc6.DLL
0x00007ffa8b390000 - 0x00007ffa8b3aa000 	C:\Windows\SYSTEM32\dhcpcsvc.DLL
0x00007ffa93690000 - 0x00007ffa936c1000 	C:\Windows\SYSTEM32\ntmarta.dll

VM Arguments:
jvm_args: -Xmx1536m -Dfile.encoding=windows-1252 -Duser.country=US -Duser.language=en -Duser.variant 
java_command: org.gradle.launcher.daemon.bootstrap.GradleDaemon 4.6
java_class_path (initial): C:\Users\Denova\.gradle\wrapper\dists\gradle-4.6-all\bcst21l2brirad8k2ben1letg\gradle-4.6\lib\gradle-launcher-4.6.jar
Launcher Type: SUN_STANDARD

Environment Variables:
PATH=C:\Program Files (x86)\Common Files\Oracle\Java\javapath;C:\Program Files (x86)\Common Files\Intel\Shared Libraries\redist\intel64\compiler;C:\Windows\system32;C:\Windows;C:\Windows\System32\Wbem;C:\Windows\System32\WindowsPowerShell\v1.0\;C:\Windows\System32\OpenSSH\;C:\Program Files\Lenovo\Bluetooth Software\;C:\Program Files\Lenovo\Bluetooth Software\syswow64;C:\Program Files\Git\cmd;E:\Program Files\androidsdk\platform-tools;C:\Users\Denova\AppData\Local\Microsoft\WindowsApps;;C:\Users\Denova\AppData\Local\Programs\Fiddler
USERNAME=Denova
OS=Windows_NT
PROCESSOR_IDENTIFIER=Intel64 Family 6 Model 60 Stepping 3, GenuineIntel



---------------  S Y S T E M  ---------------

OS: Windows 10.0 , 64 bit Build 17134 (10.0.17134.753)

CPU:total 4 (initial active 4) (2 cores per cpu, 2 threads per core) family 6 model 60 stepping 3, cmov, cx8, fxsr, mmx, sse, sse2, sse3, ssse3, sse4.1, sse4.2, popcnt, avx, avx2, clmul, erms, lzcnt, ht, tsc, tscinvbit, bmi1, bmi2

Memory: 4k page, physical 8302956k(2415784k free), swap 10498580k(3096k free)

vm_info: OpenJDK 64-Bit Server VM (25.152-b06) for windows-amd64 JRE (1.8.0_152-release-1136-b06), built by "builder" with MS VC++ 10.0 (VS2010)

time: Wed May 29 13:14:31 2019
elapsed time: 76 seconds (0d 0h 1m 16s)

