#
# There is insufficient memory for the Java Runtime Environment to continue.
# Native memory allocation (malloc) failed to allocate 1755856 bytes for Chunk::new
# Possible reasons:
#   The system is out of physical RAM or swap space
#   In 32 bit mode, the process size limit was hit
# Possible solutions:
#   Reduce memory load on the system
#   Increase physical memory or swap space
#   Check if swap backing store is full
#   Use 64 bit Java on a 64 bit OS
#   Decrease Java heap size (-Xmx/-Xms)
#   Decrease number of Java threads
#   Decrease Java thread stack sizes (-Xss)
#   Set larger code cache with -XX:ReservedCodeCacheSize=
# This output file may be truncated or incomplete.
#
#  Out of Memory Error (allocation.cpp:390), pid=11076, tid=0x0000000000001b54
#
# JRE version: OpenJDK Runtime Environment (8.0_152-b06) (build 1.8.0_152-release-1136-b06)
# Java VM: OpenJDK 64-Bit Server VM (25.152-b06 mixed mode windows-amd64 compressed oops)
# Failed to write core dump. Minidumps are not enabled by default on client versions of Windows
#

---------------  T H R E A D  ---------------

Current thread (0x0000000016acb800):  JavaThread "C2 CompilerThread0" daemon [_thread_in_native, id=6996, stack(0x0000000018120000,0x0000000018220000)]

Stack: [0x0000000018120000,0x0000000018220000]
[error occurred during error reporting (printing stack bounds), id 0xc0000005]

Native frames: (J=compiled Java code, j=interpreted, Vv=VM code, C=native code)


Current CompileTask:
C2:   8279 2952       4       groovy.lang.MetaClassImpl$1MOPIter::methodNameAction (479 bytes)


---------------  P R O C E S S  ---------------

Java Threads: ( => current thread )
  0x000000001c123000 JavaThread "Build operations Thread 4" [_thread_blocked, id=8392, stack(0x00000000206d0000,0x00000000207d0000)]
  0x000000001c128800 JavaThread "Build operations Thread 3" [_thread_blocked, id=11832, stack(0x00000000205d0000,0x00000000206d0000)]
  0x000000001c12a000 JavaThread "Build operations Thread 2" [_thread_blocked, id=12044, stack(0x00000000204d0000,0x00000000205d0000)]
  0x000000001c125800 JavaThread "Build operations" [_thread_blocked, id=12308, stack(0x000000001ebe0000,0x000000001ece0000)]
  0x000000001c124000 JavaThread "Cache worker for Artifact transforms cache (C:\Users\Denova\.gradle\caches\transforms-1)" [_thread_blocked, id=13624, stack(0x000000001eae0000,0x000000001ebe0000)]
  0x0000000019ccc800 JavaThread "Cache worker for file hash cache (E:\AndroidStudioProjects\AndroidWoope\.gradle\4.6\fileHashes)" [_thread_blocked, id=13668, stack(0x000000001c640000,0x000000001c740000)]
  0x0000000019d41000 JavaThread "File lock request listener" [_thread_in_native, id=4520, stack(0x000000001b570000,0x000000001b670000)]
  0x0000000019c88000 JavaThread "Cache worker for file hash cache (C:\Users\Denova\.gradle\caches\4.6\fileHashes)" [_thread_blocked, id=524, stack(0x000000001b470000,0x000000001b570000)]
  0x0000000019c1e800 JavaThread "Stdin handler" [_thread_blocked, id=2368, stack(0x000000001b170000,0x000000001b270000)]
  0x0000000019c01800 JavaThread "Asynchronous log dispatcher for DefaultDaemonConnection: socket connection from /127.0.0.1:10987 to /127.0.0.1:10988" [_thread_blocked, id=4796, stack(0x000000001b070000,0x000000001b170000)]
  0x0000000019be4000 JavaThread "Daemon worker" [_thread_blocked, id=7104, stack(0x000000001af70000,0x000000001b070000)]
  0x0000000019be0000 JavaThread "Cancel handler" [_thread_blocked, id=13044, stack(0x000000001ae70000,0x000000001af70000)]
  0x0000000019ad8000 JavaThread "Handler for socket connection from /127.0.0.1:10987 to /127.0.0.1:10988" [_thread_in_native, id=8316, stack(0x000000001ab70000,0x000000001ac70000)]
  0x0000000019ad7800 JavaThread "Daemon" [_thread_blocked, id=12228, stack(0x000000001aa70000,0x000000001ab70000)]
  0x0000000019bcb800 JavaThread "Daemon periodic checks" [_thread_blocked, id=11904, stack(0x000000001a970000,0x000000001aa70000)]
  0x0000000019bca800 JavaThread "Incoming local TCP Connector on port 10987" [_thread_in_native, id=3500, stack(0x000000001a730000,0x000000001a830000)]
  0x0000000018448800 JavaThread "Service Thread" daemon [_thread_blocked, id=220, stack(0x0000000018820000,0x0000000018920000)]
  0x0000000016adb000 JavaThread "C1 CompilerThread2" daemon [_thread_blocked, id=12696, stack(0x0000000018320000,0x0000000018420000)]
  0x0000000016ad2800 JavaThread "C2 CompilerThread1" daemon [_thread_blocked, id=9664, stack(0x0000000018220000,0x0000000018320000)]
=>0x0000000016acb800 JavaThread "C2 CompilerThread0" daemon [_thread_in_native, id=6996, stack(0x0000000018120000,0x0000000018220000)]
  0x0000000016ad7800 JavaThread "Attach Listener" daemon [_thread_blocked, id=13704, stack(0x0000000018020000,0x0000000018120000)]
  0x0000000016ad6000 JavaThread "Signal Dispatcher" daemon [_thread_blocked, id=14120, stack(0x0000000017f20000,0x0000000018020000)]
  0x000000000315d000 JavaThread "Finalizer" daemon [_thread_blocked, id=12892, stack(0x0000000017d30000,0x0000000017e30000)]
  0x0000000003151000 JavaThread "Reference Handler" daemon [_thread_blocked, id=5336, stack(0x0000000017c30000,0x0000000017d30000)]
  0x0000000002f5d800 JavaThread "main" [_thread_blocked, id=10920, stack(0x0000000002f60000,0x0000000003060000)]

Other Threads:
  0x0000000016a94800 VMThread [stack: 0x0000000017b30000,0x0000000017c30000] [id=14240]
  0x0000000016b19000 WatcherThread [stack: 0x0000000018920000,0x0000000018a20000] [id=8308]

VM state:at safepoint (normal execution)

VM Mutex/Monitor currently owned by a thread:  ([mutex/lock_event])
[0x0000000002f5ca00] Threads_lock - owner thread: 0x0000000016a94800
[0x0000000002f5c880] Heap_lock - owner thread: 0x0000000019be4000

Heap:
 PSYoungGen      total 111104K, used 9700K [0x00000000e0000000, 0x00000000e9300000, 0x0000000100000000)
  eden space 101376K, 0% used [0x00000000e0000000,0x00000000e0000000,0x00000000e6300000)
  from space 9728K, 99% used [0x00000000e8000000,0x00000000e8979248,0x00000000e8980000)
  to   space 7168K, 0% used [0x00000000e8c00000,0x00000000e8c00000,0x00000000e9300000)
 ParOldGen       total 60928K, used 11813K [0x00000000a0000000, 0x00000000a3b80000, 0x00000000e0000000)
  object space 60928K, 19% used [0x00000000a0000000,0x00000000a0b89478,0x00000000a3b80000)
 Metaspace       used 34691K, capacity 35378K, committed 35416K, reserved 1079296K
  class space    used 4818K, capacity 5089K, committed 5120K, reserved 1048576K

Card table byte_map: [0x0000000012520000,0x0000000012830000] byte_map_base: 0x0000000012020000

Marking Bits: (ParMarkBitMap*) 0x0000000069c55aa0
 Begin Bits: [0x0000000012e30000, 0x0000000014630000)
 End Bits:   [0x0000000014630000, 0x0000000015e30000)

Polling page: 0x0000000001630000

CodeCache: size=245760Kb used=9856Kb max_used=9874Kb free=235903Kb
 bounds [0x0000000003160000, 0x0000000003b10000, 0x0000000012160000]
 total_blobs=3527 nmethods=2830 adapters=610
 compilation: enabled

Compilation events (10 events):
Event: 7.943 Thread 0x0000000016adb000 3108       3       sun.net.www.MessageHeader::grow (92 bytes)
Event: 7.943 Thread 0x0000000016adb000 nmethod 3108 0x0000000003af8ad0 code [0x0000000003af8c60, 0x0000000003af9198]
Event: 7.952 Thread 0x0000000016ad2800 nmethod 3102 0x0000000003b02a50 code [0x0000000003b02c00, 0x0000000003b038f0]
Event: 7.956 Thread 0x0000000016ad2800 3109       4       java.security.CodeSource::hashCode (17 bytes)
Event: 7.959 Thread 0x0000000016ad2800 nmethod 3109 0x0000000003b00810 code [0x0000000003b00960, 0x0000000003b00da8]
Event: 7.959 Thread 0x0000000016ad2800 3110       4       java.net.URLStreamHandler::equals (45 bytes)
Event: 8.048 Thread 0x0000000016ad2800 nmethod 3110 0x0000000003b07bd0 code [0x0000000003b07e00, 0x0000000003b0a1d8]
Event: 8.048 Thread 0x0000000016ad2800 3111       4       java.util.ArrayDeque::poll (5 bytes)
Event: 8.049 Thread 0x0000000016ad2800 nmethod 3111 0x0000000003af8750 code [0x0000000003af8880, 0x0000000003af8938]
Event: 8.084 Thread 0x0000000016ad2800 3112       4       java.lang.ClassLoader::defineClass (43 bytes)

GC Heap History (10 events):
Event: 3.878 GC heap after
Heap after GC invocations=4 (full 0):
 PSYoungGen      total 71680K, used 5088K [0x00000000e0000000, 0x00000000e4b00000, 0x0000000100000000)
  eden space 66560K, 0% used [0x00000000e0000000,0x00000000e0000000,0x00000000e4100000)
  from space 5120K, 99% used [0x00000000e4600000,0x00000000e4af8020,0x00000000e4b00000)
  to   space 5120K, 0% used [0x00000000e4100000,0x00000000e4100000,0x00000000e4600000)
 ParOldGen       total 87552K, used 5326K [0x00000000a0000000, 0x00000000a5580000, 0x00000000e0000000)
  object space 87552K, 6% used [0x00000000a0000000,0x00000000a0533898,0x00000000a5580000)
 Metaspace       used 17365K, capacity 17750K, committed 17792K, reserved 1064960K
  class space    used 2511K, capacity 2655K, committed 2688K, reserved 1048576K
}
Event: 4.297 GC heap before
{Heap before GC invocations=5 (full 0):
 PSYoungGen      total 71680K, used 23047K [0x00000000e0000000, 0x00000000e4b00000, 0x0000000100000000)
  eden space 66560K, 26% used [0x00000000e0000000,0x00000000e1189ec8,0x00000000e4100000)
  from space 5120K, 99% used [0x00000000e4600000,0x00000000e4af8020,0x00000000e4b00000)
  to   space 5120K, 0% used [0x00000000e4100000,0x00000000e4100000,0x00000000e4600000)
 ParOldGen       total 87552K, used 5326K [0x00000000a0000000, 0x00000000a5580000, 0x00000000e0000000)
  object space 87552K, 6% used [0x00000000a0000000,0x00000000a0533898,0x00000000a5580000)
 Metaspace       used 20843K, capacity 21244K, committed 21248K, reserved 1067008K
  class space    used 2926K, capacity 3072K, committed 3072K, reserved 1048576K
Event: 4.317 GC heap after
Heap after GC invocations=5 (full 0):
 PSYoungGen      total 71680K, used 5108K [0x00000000e0000000, 0x00000000e9600000, 0x0000000100000000)
  eden space 66560K, 0% used [0x00000000e0000000,0x00000000e0000000,0x00000000e4100000)
  from space 5120K, 99% used [0x00000000e4100000,0x00000000e45fd040,0x00000000e4600000)
  to   space 10240K, 0% used [0x00000000e8c00000,0x00000000e8c00000,0x00000000e9600000)
 ParOldGen       total 87552K, used 8193K [0x00000000a0000000, 0x00000000a5580000, 0x00000000e0000000)
  object space 87552K, 9% used [0x00000000a0000000,0x00000000a08007b8,0x00000000a5580000)
 Metaspace       used 20843K, capacity 21244K, committed 21248K, reserved 1067008K
  class space    used 2926K, capacity 3072K, committed 3072K, reserved 1048576K
}
Event: 4.317 GC heap before
{Heap before GC invocations=6 (full 1):
 PSYoungGen      total 71680K, used 5108K [0x00000000e0000000, 0x00000000e9600000, 0x0000000100000000)
  eden space 66560K, 0% used [0x00000000e0000000,0x00000000e0000000,0x00000000e4100000)
  from space 5120K, 99% used [0x00000000e4100000,0x00000000e45fd040,0x00000000e4600000)
  to   space 10240K, 0% used [0x00000000e8c00000,0x00000000e8c00000,0x00000000e9600000)
 ParOldGen       total 87552K, used 8193K [0x00000000a0000000, 0x00000000a5580000, 0x00000000e0000000)
  object space 87552K, 9% used [0x00000000a0000000,0x00000000a08007b8,0x00000000a5580000)
 Metaspace       used 20843K, capacity 21244K, committed 21248K, reserved 1067008K
  class space    used 2926K, capacity 3072K, committed 3072K, reserved 1048576K
Event: 4.391 GC heap after
Heap after GC invocations=6 (full 1):
 PSYoungGen      total 71680K, used 0K [0x00000000e0000000, 0x00000000e9600000, 0x0000000100000000)
  eden space 66560K, 0% used [0x00000000e0000000,0x00000000e0000000,0x00000000e4100000)
  from space 5120K, 0% used [0x00000000e4100000,0x00000000e4100000,0x00000000e4600000)
  to   space 10240K, 0% used [0x00000000e8c00000,0x00000000e8c00000,0x00000000e9600000)
 ParOldGen       total 60928K, used 8214K [0x00000000a0000000, 0x00000000a3b80000, 0x00000000e0000000)
  object space 60928K, 13% used [0x00000000a0000000,0x00000000a08058b0,0x00000000a3b80000)
 Metaspace       used 20843K, capacity 21244K, committed 21248K, reserved 1067008K
  class space    used 2926K, capacity 3072K, committed 3072K, reserved 1048576K
}
Event: 5.839 GC heap before
{Heap before GC invocations=7 (full 1):
 PSYoungGen      total 71680K, used 66560K [0x00000000e0000000, 0x00000000e9600000, 0x0000000100000000)
  eden space 66560K, 100% used [0x00000000e0000000,0x00000000e4100000,0x00000000e4100000)
  from space 5120K, 0% used [0x00000000e4100000,0x00000000e4100000,0x00000000e4600000)
  to   space 10240K, 0% used [0x00000000e8c00000,0x00000000e8c00000,0x00000000e9600000)
 ParOldGen       total 60928K, used 8214K [0x00000000a0000000, 0x00000000a3b80000, 0x00000000e0000000)
  object space 60928K, 13% used [0x00000000a0000000,0x00000000a08058b0,0x00000000a3b80000)
 Metaspace       used 26650K, capacity 27126K, committed 27392K, reserved 1073152K
  class space    used 3672K, capacity 3829K, committed 3840K, reserved 1048576K
Event: 5.851 GC heap after
Heap after GC invocations=7 (full 1):
 PSYoungGen      total 108544K, used 7068K [0x00000000e0000000, 0x00000000e9300000, 0x0000000100000000)
  eden space 101376K, 0% used [0x00000000e0000000,0x00000000e0000000,0x00000000e6300000)
  from space 7168K, 98% used [0x00000000e8c00000,0x00000000e92e72c0,0x00000000e9300000)
  to   space 9728K, 0% used [0x00000000e8000000,0x00000000e8000000,0x00000000e8980000)
 ParOldGen       total 60928K, used 8222K [0x00000000a0000000, 0x00000000a3b80000, 0x00000000e0000000)
  object space 60928K, 13% used [0x00000000a0000000,0x00000000a08078b0,0x00000000a3b80000)
 Metaspace       used 26650K, capacity 27126K, committed 27392K, reserved 1073152K
  class space    used 3672K, capacity 3829K, committed 3840K, reserved 1048576K
}
Event: 8.097 GC heap before
{Heap before GC invocations=8 (full 1):
 PSYoungGen      total 108544K, used 107980K [0x00000000e0000000, 0x00000000e9300000, 0x0000000100000000)
  eden space 101376K, 99% used [0x00000000e0000000,0x00000000e628c0e0,0x00000000e6300000)
  from space 7168K, 98% used [0x00000000e8c00000,0x00000000e92e72c0,0x00000000e9300000)
  to   space 9728K, 0% used [0x00000000e8000000,0x00000000e8000000,0x00000000e8980000)
 ParOldGen       total 60928K, used 8222K [0x00000000a0000000, 0x00000000a3b80000, 0x00000000e0000000)
  object space 60928K, 13% used [0x00000000a0000000,0x00000000a08078b0,0x00000000a3b80000)
 Metaspace       used 34691K, capacity 35378K, committed 35416K, reserved 1079296K
  class space    used 4818K, capacity 5089K, committed 5120K, reserved 1048576K
Event: 8.154 GC heap after
Heap after GC invocations=8 (full 1):
 PSYoungGen      total 111104K, used 9700K [0x00000000e0000000, 0x00000000e9300000, 0x0000000100000000)
  eden space 101376K, 0% used [0x00000000e0000000,0x00000000e0000000,0x00000000e6300000)
  from space 9728K, 99% used [0x00000000e8000000,0x00000000e8979248,0x00000000e8980000)
  to   space 7168K, 0% used [0x00000000e8c00000,0x00000000e8c00000,0x00000000e9300000)
 ParOldGen       total 60928K, used 11813K [0x00000000a0000000, 0x00000000a3b80000, 0x00000000e0000000)
  object space 60928K, 19% used [0x00000000a0000000,0x00000000a0b89478,0x00000000a3b80000)
 Metaspace       used 34691K, capacity 35378K, committed 35416K, reserved 1079296K
  class space    used 4818K, capacity 5089K, committed 5120K, reserved 1048576K
}
Event: 8.154 GC heap before
{Heap before GC invocations=9 (full 2):
 PSYoungGen      total 111104K, used 9700K [0x00000000e0000000, 0x00000000e9300000, 0x0000000100000000)
  eden space 101376K, 0% used [0x00000000e0000000,0x00000000e0000000,0x00000000e6300000)
  from space 9728K, 99% used [0x00000000e8000000,0x00000000e8979248,0x00000000e8980000)
  to   space 7168K, 0% used [0x00000000e8c00000,0x00000000e8c00000,0x00000000e9300000)
 ParOldGen       total 60928K, used 11813K [0x00000000a0000000, 0x00000000a3b80000, 0x00000000e0000000)
  object space 60928K, 19% used [0x00000000a0000000,0x00000000a0b89478,0x00000000a3b80000)
 Metaspace       used 34691K, capacity 35378K, committed 35416K, reserved 1079296K
  class space    used 4818K, capacity 5089K, committed 5120K, reserved 1048576K

Deoptimization events (10 events):
Event: 6.762 Thread 0x000000001c128800 Uncommon trap: reason=unstable_if action=reinterpret pc=0x00000000035e0d40 method=java.util.concurrent.ConcurrentHashMap.transfer([Ljava/util/concurrent/ConcurrentHashMap$Node;[Ljava/util/concurrent/ConcurrentHashMap$Node;)V @ 277
Event: 6.762 Thread 0x000000001c128800 Uncommon trap: reason=unstable_if action=reinterpret pc=0x00000000036c38b4 method=java.util.concurrent.ConcurrentHashMap.addCount(JI)V @ 168
Event: 6.762 Thread 0x000000001c12a000 Uncommon trap: reason=unstable_if action=reinterpret pc=0x00000000035d2594 method=java.util.concurrent.ConcurrentHashMap.addCount(JI)V @ 168
Event: 6.817 Thread 0x000000001c12a000 Uncommon trap: reason=unstable_if action=reinterpret pc=0x0000000003a1b828 method=java.util.concurrent.ConcurrentHashMap.get(Ljava/lang/Object;)Ljava/lang/Object; @ 86
Event: 7.212 Thread 0x0000000019be4000 Uncommon trap: reason=unstable_if action=reinterpret pc=0x000000000396ff70 method=java.net.URLClassLoader.isSealed(Ljava/lang/String;Ljava/util/jar/Manifest;)Z @ 26
Event: 7.213 Thread 0x0000000019be4000 Uncommon trap: reason=unstable_if action=reinterpret pc=0x000000000393d5c8 method=java.net.URLClassLoader.isSealed(Ljava/lang/String;Ljava/util/jar/Manifest;)Z @ 26
Event: 7.628 Thread 0x0000000019be4000 Uncommon trap: reason=class_check action=maybe_recompile pc=0x00000000039ece9c method=java.io.BufferedInputStream.read1([BII)I @ 39
Event: 7.629 Thread 0x0000000019be4000 Uncommon trap: reason=class_check action=maybe_recompile pc=0x00000000039ece9c method=java.io.BufferedInputStream.read1([BII)I @ 39
Event: 7.629 Thread 0x0000000019be4000 Uncommon trap: reason=class_check action=maybe_recompile pc=0x00000000039ece9c method=java.io.BufferedInputStream.read1([BII)I @ 39
Event: 7.799 Thread 0x0000000019be4000 Uncommon trap: reason=unstable_if action=reinterpret pc=0x0000000003764afc method=sun.misc.MetaIndex.mayContain(Ljava/lang/String;)Z @ 38

Classes redefined (0 events):
No events

Internal exceptions (10 events):
Event: 7.379 Thread 0x0000000019be4000 Exception <a 'java/lang/ClassNotFoundException': org/gradle/api/DefaultTaskCustomizer> (0x00000000e4845af0) thrown at [D:\src\AOSP-openjdk-cygwin\jdk8u\hotspot\src\share\vm\classfile\systemDictionary.cpp, line 210]
Event: 7.381 Thread 0x0000000019be4000 Exception <a 'java/lang/ClassNotFoundException': org/gradle/api/internal/ConventionTaskCustomizer> (0x00000000e4882268) thrown at [D:\src\AOSP-openjdk-cygwin\jdk8u\hotspot\src\share\vm\classfile\systemDictionary.cpp, line 210]
Event: 7.384 Thread 0x0000000019be4000 Exception <a 'java/lang/ClassNotFoundException': org/gradle/api/tasks/DeleteCustomizer> (0x00000000e48bc188) thrown at [D:\src\AOSP-openjdk-cygwin\jdk8u\hotspot\src\share\vm\classfile\systemDictionary.cpp, line 210]
Event: 7.387 Thread 0x0000000019be4000 Exception <a 'java/lang/ClassNotFoundException': org/gradle/api/tasks/Delete_DecoratedCustomizer> (0x00000000e49041a8) thrown at [D:\src\AOSP-openjdk-cygwin\jdk8u\hotspot\src\share\vm\classfile\systemDictionary.cpp, line 210]
Event: 7.422 Thread 0x0000000019be4000 Exception <a 'java/lang/ClassNotFoundException': build_9n65rt59284m33dwnxw6xpf2jBeanInfo> (0x00000000e4a21d60) thrown at [D:\src\AOSP-openjdk-cygwin\jdk8u\hotspot\src\share\vm\classfile\systemDictionary.cpp, line 210]
Event: 7.422 Thread 0x0000000019be4000 Exception <a 'java/lang/ClassNotFoundException': build_9n65rt59284m33dwnxw6xpf2jCustomizer> (0x00000000e4a2c3f0) thrown at [D:\src\AOSP-openjdk-cygwin\jdk8u\hotspot\src\share\vm\classfile\systemDictionary.cpp, line 210]
Event: 7.484 Thread 0x0000000019be4000 Exception <a 'java/lang/ClassNotFoundException': build_9n65rt59284m33dwnxw6xpf2jBeanInfo> (0x00000000e4cdcd10) thrown at [D:\src\AOSP-openjdk-cygwin\jdk8u\hotspot\src\share\vm\classfile\systemDictionary.cpp, line 210]
Event: 7.485 Thread 0x0000000019be4000 Exception <a 'java/lang/ClassNotFoundException': build_9n65rt59284m33dwnxw6xpf2jCustomizer> (0x00000000e4ce76d0) thrown at [D:\src\AOSP-openjdk-cygwin\jdk8u\hotspot\src\share\vm\classfile\systemDictionary.cpp, line 210]
Event: 7.494 Thread 0x0000000019be4000 Exception <a 'java/lang/ClassNotFoundException': org/gradle/api/internal/plugins/DefaultObjectConfigurationActionBeanInfo> (0x00000000e4d52ea0) thrown at [D:\src\AOSP-openjdk-cygwin\jdk8u\hotspot\src\share\vm\classfile\systemDictionary.cpp, line 210]
Event: 7.495 Thread 0x0000000019be4000 Exception <a 'java/lang/ClassNotFoundException': org/gradle/api/internal/plugins/DefaultObjectConfigurationActionCustomizer> (0x00000000e4d8e1e0) thrown at [D:\src\AOSP-openjdk-cygwin\jdk8u\hotspot\src\share\vm\classfile\systemDictionary.cpp, line 210]

Events (10 events):
Event: 8.092 loading class sun/security/provider/SHA2 done
Event: 8.092 loading class sun/security/provider/SHA2$SHA256 done
Event: 8.092 loading class com/google/common/hash/MessageDigestHashFunction$MessageDigestHasher
Event: 8.092 loading class com/google/common/hash/MessageDigestHashFunction$MessageDigestHasher done
Event: 8.093 loading class com/google/common/hash/AbstractByteHasher
Event: 8.093 loading class com/google/common/hash/AbstractByteHasher done
Event: 8.093 loading class com/google/common/hash/AbstractHasher
Event: 8.093 loading class com/google/common/hash/AbstractHasher done
Event: 8.096 loading class java/time/ZonedDateTime
Event: 8.097 Executing VM operation: CollectForMetadataAllocation


Dynamic libraries:
0x00007ff76e6b0000 - 0x00007ff76e6e1000 	E:\Program Files\Android\Android Studio\jre\bin\java.exe
0x00007ff96c130000 - 0x00007ff96c311000 	C:\Windows\SYSTEM32\ntdll.dll
0x00007ff969c70000 - 0x00007ff969d21000 	C:\Windows\System32\KERNEL32.DLL
0x00007ff968c60000 - 0x00007ff968ed3000 	C:\Windows\System32\KERNELBASE.dll
0x00007ff96a3b0000 - 0x00007ff96a451000 	C:\Windows\System32\ADVAPI32.dll
0x00007ff969a30000 - 0x00007ff969ace000 	C:\Windows\System32\msvcrt.dll
0x00007ff96a4f0000 - 0x00007ff96a54b000 	C:\Windows\System32\sechost.dll
0x00007ff96a0f0000 - 0x00007ff96a214000 	C:\Windows\System32\RPCRT4.dll
0x00007ff969ae0000 - 0x00007ff969c70000 	C:\Windows\System32\USER32.dll
0x00007ff9695a0000 - 0x00007ff9695c0000 	C:\Windows\System32\win32u.dll
0x00007ff9695c0000 - 0x00007ff9695e8000 	C:\Windows\System32\GDI32.dll
0x00007ff969250000 - 0x00007ff9693e2000 	C:\Windows\System32\gdi32full.dll
0x00007ff9691b0000 - 0x00007ff96924f000 	C:\Windows\System32\msvcp_win.dll
0x00007ff9694a0000 - 0x00007ff969598000 	C:\Windows\System32\ucrtbase.dll
0x00007ff956cd0000 - 0x00007ff956f39000 	C:\Windows\WinSxS\amd64_microsoft.windows.common-controls_6595b64144ccf1df_6.0.17134.765_none_fb42a1a930655896\COMCTL32.dll
0x00007ff9695f0000 - 0x00007ff969912000 	C:\Windows\System32\combase.dll
0x00007ff968ee0000 - 0x00007ff968f5a000 	C:\Windows\System32\bcryptPrimitives.dll
0x00007ff96a4c0000 - 0x00007ff96a4ed000 	C:\Windows\System32\IMM32.DLL
0x00000000693b0000 - 0x0000000069482000 	E:\Program Files\Android\Android Studio\jre\jre\bin\msvcr100.dll
0x0000000069490000 - 0x0000000069cd1000 	E:\Program Files\Android\Android Studio\jre\jre\bin\server\jvm.dll
0x00007ff969ad0000 - 0x00007ff969ad8000 	C:\Windows\System32\PSAPI.DLL
0x00007ff9498f0000 - 0x00007ff9498f9000 	C:\Windows\SYSTEM32\WSOCK32.dll
0x00007ff965e00000 - 0x00007ff965e23000 	C:\Windows\SYSTEM32\WINMM.dll
0x00007ff96a220000 - 0x00007ff96a28c000 	C:\Windows\System32\WS2_32.dll
0x00007ff95d640000 - 0x00007ff95d64a000 	C:\Windows\SYSTEM32\VERSION.dll
0x00007ff965dd0000 - 0x00007ff965dfa000 	C:\Windows\SYSTEM32\WINMMBASE.dll
0x00007ff968500000 - 0x00007ff968549000 	C:\Windows\System32\cfgmgr32.dll
0x00007ff95ecc0000 - 0x00007ff95eccf000 	E:\Program Files\Android\Android Studio\jre\jre\bin\verify.dll
0x00007ff95bd80000 - 0x00007ff95bda9000 	E:\Program Files\Android\Android Studio\jre\jre\bin\java.dll
0x00007ff95ab80000 - 0x00007ff95ab96000 	E:\Program Files\Android\Android Studio\jre\jre\bin\zip.dll
0x00007ff96ab20000 - 0x00007ff96bf60000 	C:\Windows\System32\SHELL32.dll
0x00007ff96aa60000 - 0x00007ff96ab09000 	C:\Windows\System32\shcore.dll
0x00007ff968550000 - 0x00007ff968c5d000 	C:\Windows\System32\windows.storage.dll
0x00007ff96a5b0000 - 0x00007ff96a601000 	C:\Windows\System32\shlwapi.dll
0x00007ff968470000 - 0x00007ff968481000 	C:\Windows\System32\kernel.appcore.dll
0x00007ff968450000 - 0x00007ff96846f000 	C:\Windows\System32\profapi.dll
0x00007ff9684b0000 - 0x00007ff9684fc000 	C:\Windows\System32\powrprof.dll
0x00007ff968440000 - 0x00007ff96844a000 	C:\Windows\System32\FLTLIB.DLL
0x00007ff95aa20000 - 0x00007ff95aa3a000 	E:\Program Files\Android\Android Studio\jre\jre\bin\net.dll
0x00007ff967960000 - 0x00007ff9679c6000 	C:\Windows\system32\mswsock.dll
0x00007ff95aa00000 - 0x00007ff95aa11000 	E:\Program Files\Android\Android Studio\jre\jre\bin\nio.dll
0x00007ff95bd60000 - 0x00007ff95bd7e000 	C:\Users\Denova\.gradle\native\25\windows-amd64\native-platform.dll
0x00007ff95ecb0000 - 0x00007ff95ecbd000 	E:\Program Files\Android\Android Studio\jre\jre\bin\management.dll
0x00007ff968160000 - 0x00007ff968177000 	C:\Windows\SYSTEM32\CRYPTSP.dll
0x00007ff967540000 - 0x00007ff967573000 	C:\Windows\system32\rsaenh.dll
0x00007ff967dd0000 - 0x00007ff967df5000 	C:\Windows\SYSTEM32\bcrypt.dll
0x00007ff968340000 - 0x00007ff968368000 	C:\Windows\SYSTEM32\USERENV.dll
0x00007ff967b30000 - 0x00007ff967b3b000 	C:\Windows\SYSTEM32\CRYPTBASE.dll
0x00007ff9676e0000 - 0x00007ff967718000 	C:\Windows\SYSTEM32\IPHLPAPI.DLL
0x00007ff96a0e0000 - 0x00007ff96a0e8000 	C:\Windows\System32\NSI.dll
0x00007ff95f2d0000 - 0x00007ff95f2e6000 	C:\Windows\SYSTEM32\dhcpcsvc6.DLL
0x00007ff95f3d0000 - 0x00007ff95f3ea000 	C:\Windows\SYSTEM32\dhcpcsvc.DLL

VM Arguments:
jvm_args: -Xmx1536m -Dfile.encoding=windows-1252 -Duser.country=US -Duser.language=en -Duser.variant 
java_command: org.gradle.launcher.daemon.bootstrap.GradleDaemon 4.6
java_class_path (initial): C:\Users\Denova\.gradle\wrapper\dists\gradle-4.6-all\bcst21l2brirad8k2ben1letg\gradle-4.6\lib\gradle-launcher-4.6.jar
Launcher Type: SUN_STANDARD

Environment Variables:
PATH=C:\Program Files (x86)\Common Files\Oracle\Java\javapath;C:\Program Files (x86)\Common Files\Intel\Shared Libraries\redist\intel64\compiler;C:\Windows\system32;C:\Windows;C:\Windows\System32\Wbem;C:\Windows\System32\WindowsPowerShell\v1.0\;C:\Windows\System32\OpenSSH\;C:\Program Files\Lenovo\Bluetooth Software\;C:\Program Files\Lenovo\Bluetooth Software\syswow64;C:\Program Files\Git\cmd;E:\Program Files\androidsdk\platform-tools;C:\Users\Denova\AppData\Local\Microsoft\WindowsApps;;C:\Users\Denova\AppData\Local\Programs\Fiddler
USERNAME=Denova
OS=Windows_NT
PROCESSOR_IDENTIFIER=Intel64 Family 6 Model 60 Stepping 3, GenuineIntel



---------------  S Y S T E M  ---------------

OS: Windows 10.0 , 64 bit Build 17134 (10.0.17134.753)

CPU:total 4 (initial active 4) (2 cores per cpu, 2 threads per core) family 6 model 60 stepping 3, cmov, cx8, fxsr, mmx, sse, sse2, sse3, ssse3, sse4.1, sse4.2, popcnt, avx, avx2, clmul, erms, lzcnt, ht, tsc, tscinvbit, bmi1, bmi2

Memory: 4k page, physical 8302956k(2293240k free), swap 10498824k(6308k free)

vm_info: OpenJDK 64-Bit Server VM (25.152-b06) for windows-amd64 JRE (1.8.0_152-release-1136-b06), built by "builder" with MS VC++ 10.0 (VS2010)

time: Sun May 26 12:51:43 2019
elapsed time: 8 seconds (0d 0h 0m 8s)

