#
# There is insufficient memory for the Java Runtime Environment to continue.
# Native memory allocation (malloc) failed to allocate 2094416 bytes for Chunk::new
# Possible reasons:
#   The system is out of physical RAM or swap space
#   In 32 bit mode, the process size limit was hit
# Possible solutions:
#   Reduce memory load on the system
#   Increase physical memory or swap space
#   Check if swap backing store is full
#   Use 64 bit Java on a 64 bit OS
#   Decrease Java heap size (-Xmx/-Xms)
#   Decrease number of Java threads
#   Decrease Java thread stack sizes (-Xss)
#   Set larger code cache with -XX:ReservedCodeCacheSize=
# This output file may be truncated or incomplete.
#
#  Out of Memory Error (allocation.cpp:390), pid=10060, tid=0x000000000000330c
#
# JRE version: OpenJDK Runtime Environment (8.0_152-b02) (build 1.8.0_152-release-1024-b02)
# Java VM: OpenJDK 64-Bit Server VM (25.152-b02 mixed mode windows-amd64 compressed oops)
# Failed to write core dump. Minidumps are not enabled by default on client versions of Windows
#

---------------  T H R E A D  ---------------

Current thread (0x000000001635a000):  JavaThread "C2 CompilerThread1" daemon [_thread_in_native, id=13068, stack(0x0000000017a90000,0x0000000017b90000)]

Stack: [0x0000000017a90000,0x0000000017b90000]
[error occurred during error reporting (printing stack bounds), id 0xc0000005]

Native frames: (J=compiled Java code, j=interpreted, Vv=VM code, C=native code)


Current CompileTask:
C2:   6296 1844   !   4       java.net.URLClassLoader$1::run (63 bytes)


---------------  P R O C E S S  ---------------

Java Threads: ( => current thread )
  0x000000001b59b800 JavaThread "Cache worker for file hash cache (D:\AndroidStudioProjects\WoopeAndroid\AndroidWoope\.gradle\4.4\fileHashes)" [_thread_blocked, id=11132, stack(0x000000001ce70000,0x000000001cf70000)]
  0x00000000194e8800 JavaThread "File lock request listener" [_thread_in_native, id=13164, stack(0x000000001bda0000,0x000000001bea0000)]
  0x00000000194d4800 JavaThread "Cache worker for file hash cache (C:\Users\Denova\.gradle\caches\4.4\fileHashes)" [_thread_blocked, id=9544, stack(0x000000001bca0000,0x000000001bda0000)]
  0x00000000193ea000 JavaThread "Stdin handler" [_thread_blocked, id=9392, stack(0x000000001a9d0000,0x000000001aad0000)]
  0x00000000193e8800 JavaThread "Asynchronous log dispatcher for DefaultDaemonConnection: socket connection from /127.0.0.1:13104 to /127.0.0.1:13105" [_thread_blocked, id=7384, stack(0x000000001a8d0000,0x000000001a9d0000)]
  0x00000000193e4800 JavaThread "Daemon worker" [_thread_in_native, id=9692, stack(0x000000001a7d0000,0x000000001a8d0000)]
  0x00000000193e3800 JavaThread "Cancel handler" [_thread_blocked, id=12164, stack(0x000000001a6d0000,0x000000001a7d0000)]
  0x0000000019327800 JavaThread "Handler for socket connection from /127.0.0.1:13104 to /127.0.0.1:13105" [_thread_in_native, id=1076, stack(0x000000001a3d0000,0x000000001a4d0000)]
  0x0000000019329800 JavaThread "Daemon" [_thread_blocked, id=10128, stack(0x000000001a2d0000,0x000000001a3d0000)]
  0x00000000191cb800 JavaThread "Daemon periodic checks" [_thread_blocked, id=13032, stack(0x000000001a1d0000,0x000000001a2d0000)]
  0x00000000191ca800 JavaThread "Incoming local TCP Connector on port 13104" [_thread_in_native, id=4640, stack(0x0000000019fa0000,0x000000001a0a0000)]
  0x0000000017d03800 JavaThread "Service Thread" daemon [_thread_blocked, id=1604, stack(0x0000000018090000,0x0000000018190000)]
  0x00000000163a6000 JavaThread "C1 CompilerThread2" daemon [_thread_blocked, id=8096, stack(0x0000000017b90000,0x0000000017c90000)]
=>0x000000001635a000 JavaThread "C2 CompilerThread1" daemon [_thread_in_native, id=13068, stack(0x0000000017a90000,0x0000000017b90000)]
  0x0000000016357000 JavaThread "C2 CompilerThread0" daemon [_thread_in_native, id=12652, stack(0x0000000017990000,0x0000000017a90000)]
  0x0000000016354800 JavaThread "Attach Listener" daemon [_thread_blocked, id=9904, stack(0x0000000017890000,0x0000000017990000)]
  0x00000000163a2800 JavaThread "Signal Dispatcher" daemon [_thread_blocked, id=12188, stack(0x0000000017790000,0x0000000017890000)]
  0x00000000029dc800 JavaThread "Finalizer" daemon [_thread_blocked, id=12256, stack(0x00000000175a0000,0x00000000176a0000)]
  0x00000000029d1800 JavaThread "Reference Handler" daemon [_thread_blocked, id=13024, stack(0x00000000174a0000,0x00000000175a0000)]
  0x0000000000b4e000 JavaThread "main" [_thread_blocked, id=9508, stack(0x00000000027b0000,0x00000000028b0000)]

Other Threads:
  0x0000000016315000 VMThread [stack: 0x00000000173a0000,0x00000000174a0000] [id=9876]
  0x0000000017d04800 WatcherThread [stack: 0x0000000018190000,0x0000000018290000] [id=12428]

VM state:not at safepoint (normal execution)

VM Mutex/Monitor currently owned by a thread: None

Heap:
 PSYoungGen      total 71680K, used 26719K [0x00000000e0000000, 0x00000000e9600000, 0x0000000100000000)
  eden space 66560K, 40% used [0x00000000e0000000,0x00000000e1a17c98,0x00000000e4100000)
  from space 5120K, 0% used [0x00000000e4100000,0x00000000e4100000,0x00000000e4600000)
  to   space 10240K, 0% used [0x00000000e8c00000,0x00000000e8c00000,0x00000000e9600000)
 ParOldGen       total 62464K, used 8020K [0x00000000a0000000, 0x00000000a3d00000, 0x00000000e0000000)
  object space 62464K, 12% used [0x00000000a0000000,0x00000000a07d53a0,0x00000000a3d00000)
 Metaspace       used 23483K, capacity 23936K, committed 24192K, reserved 1071104K
  class space    used 3200K, capacity 3367K, committed 3456K, reserved 1048576K

Card table byte_map: [0x0000000011da0000,0x00000000120b0000] byte_map_base: 0x00000000118a0000

Marking Bits: (ParMarkBitMap*) 0x000000005d324970
 Begin Bits: [0x00000000126b0000, 0x0000000013eb0000)
 End Bits:   [0x0000000013eb0000, 0x00000000156b0000)

Polling page: 0x00000000007f0000

CodeCache: size=245760Kb used=7815Kb max_used=7815Kb free=237944Kb
 bounds [0x00000000029e0000, 0x0000000003190000, 0x00000000119e0000]
 total_blobs=2584 nmethods=1955 adapters=542
 compilation: enabled

Compilation events (10 events):
Event: 6.186 Thread 0x00000000163a6000 1957       3       java.util.HashMap::get (23 bytes)
Event: 6.186 Thread 0x00000000163a6000 nmethod 1957 0x0000000003183e10 code [0x0000000003183fa0, 0x0000000003184398]
Event: 6.211 Thread 0x00000000163a6000 1958       3       com.google.common.cache.LocalCache::evictsBySize (15 bytes)
Event: 6.211 Thread 0x00000000163a6000 nmethod 1958 0x0000000003184510 code [0x0000000003184660, 0x0000000003184810]
Event: 6.252 Thread 0x00000000163a6000 1959       3       sun.reflect.generics.parser.SignatureParser::parseFieldTypeSignature (6 bytes)
Event: 6.252 Thread 0x00000000163a6000 nmethod 1959 0x0000000003184890 code [0x0000000003184a00, 0x0000000003184b88]
Event: 6.252 Thread 0x00000000163a6000 1960       3       sun.reflect.generics.parser.SignatureParser::parseFieldTypeSignature (73 bytes)
Event: 6.253 Thread 0x00000000163a6000 nmethod 1960 0x0000000003184c10 code [0x0000000003184e20, 0x0000000003185428]
Event: 6.285 Thread 0x00000000163a6000 1961       3       com.google.common.cache.LocalCache::expiresAfterAccess (15 bytes)
Event: 6.285 Thread 0x00000000163a6000 nmethod 1961 0x0000000003185790 code [0x00000000031858e0, 0x0000000003185a90]

GC Heap History (10 events):
Event: 2.694 GC heap before
{Heap before GC invocations=2 (full 0):
 PSYoungGen      total 38400K, used 37433K [0x00000000e0000000, 0x00000000e2a80000, 0x0000000100000000)
  eden space 33280K, 100% used [0x00000000e0000000,0x00000000e2080000,0x00000000e2080000)
  from space 5120K, 81% used [0x00000000e2080000,0x00000000e248e538,0x00000000e2580000)
  to   space 5120K, 0% used [0x00000000e2580000,0x00000000e2580000,0x00000000e2a80000)
 ParOldGen       total 87552K, used 8K [0x00000000a0000000, 0x00000000a5580000, 0x00000000e0000000)
  object space 87552K, 0% used [0x00000000a0000000,0x00000000a0002000,0x00000000a5580000)
 Metaspace       used 11284K, capacity 11550K, committed 11904K, reserved 1058816K
  class space    used 1493K, capacity 1593K, committed 1664K, reserved 1048576K
Event: 2.704 GC heap after
Heap after GC invocations=2 (full 0):
 PSYoungGen      total 38400K, used 5101K [0x00000000e0000000, 0x00000000e2a80000, 0x0000000100000000)
  eden space 33280K, 0% used [0x00000000e0000000,0x00000000e0000000,0x00000000e2080000)
  from space 5120K, 99% used [0x00000000e2580000,0x00000000e2a7b778,0x00000000e2a80000)
  to   space 5120K, 0% used [0x00000000e2080000,0x00000000e2080000,0x00000000e2580000)
 ParOldGen       total 87552K, used 426K [0x00000000a0000000, 0x00000000a5580000, 0x00000000e0000000)
  object space 87552K, 0% used [0x00000000a0000000,0x00000000a006ab80,0x00000000a5580000)
 Metaspace       used 11284K, capacity 11550K, committed 11904K, reserved 1058816K
  class space    used 1493K, capacity 1593K, committed 1664K, reserved 1048576K
}
Event: 3.403 GC heap before
{Heap before GC invocations=3 (full 0):
 PSYoungGen      total 38400K, used 38381K [0x00000000e0000000, 0x00000000e2a80000, 0x0000000100000000)
  eden space 33280K, 100% used [0x00000000e0000000,0x00000000e2080000,0x00000000e2080000)
  from space 5120K, 99% used [0x00000000e2580000,0x00000000e2a7b778,0x00000000e2a80000)
  to   space 5120K, 0% used [0x00000000e2080000,0x00000000e2080000,0x00000000e2580000)
 ParOldGen       total 87552K, used 426K [0x00000000a0000000, 0x00000000a5580000, 0x00000000e0000000)
  object space 87552K, 0% used [0x00000000a0000000,0x00000000a006ab80,0x00000000a5580000)
 Metaspace       used 14445K, capacity 14710K, committed 14976K, reserved 1062912K
  class space    used 2013K, capacity 2123K, committed 2176K, reserved 1048576K
Event: 3.418 GC heap after
Heap after GC invocations=3 (full 0):
 PSYoungGen      total 38400K, used 5105K [0x00000000e0000000, 0x00000000e4b00000, 0x0000000100000000)
  eden space 33280K, 0% used [0x00000000e0000000,0x00000000e0000000,0x00000000e2080000)
  from space 5120K, 99% used [0x00000000e2080000,0x00000000e257c410,0x00000000e2580000)
  to   space 5120K, 0% used [0x00000000e4600000,0x00000000e4600000,0x00000000e4b00000)
 ParOldGen       total 87552K, used 2459K [0x00000000a0000000, 0x00000000a5580000, 0x00000000e0000000)
  object space 87552K, 2% used [0x00000000a0000000,0x00000000a0266f38,0x00000000a5580000)
 Metaspace       used 14445K, capacity 14710K, committed 14976K, reserved 1062912K
  class space    used 2013K, capacity 2123K, committed 2176K, reserved 1048576K
}
Event: 4.535 GC heap before
{Heap before GC invocations=4 (full 0):
 PSYoungGen      total 38400K, used 38385K [0x00000000e0000000, 0x00000000e4b00000, 0x0000000100000000)
  eden space 33280K, 100% used [0x00000000e0000000,0x00000000e2080000,0x00000000e2080000)
  from space 5120K, 99% used [0x00000000e2080000,0x00000000e257c410,0x00000000e2580000)
  to   space 5120K, 0% used [0x00000000e4600000,0x00000000e4600000,0x00000000e4b00000)
 ParOldGen       total 87552K, used 2459K [0x00000000a0000000, 0x00000000a5580000, 0x00000000e0000000)
  object space 87552K, 2% used [0x00000000a0000000,0x00000000a0266f38,0x00000000a5580000)
 Metaspace       used 17653K, capacity 18096K, committed 18304K, reserved 1064960K
  class space    used 2540K, capacity 2686K, committed 2688K, reserved 1048576K
Event: 4.562 GC heap after
Heap after GC invocations=4 (full 0):
 PSYoungGen      total 71680K, used 5119K [0x00000000e0000000, 0x00000000e4b00000, 0x0000000100000000)
  eden space 66560K, 0% used [0x00000000e0000000,0x00000000e0000000,0x00000000e4100000)
  from space 5120K, 99% used [0x00000000e4600000,0x00000000e4affc50,0x00000000e4b00000)
  to   space 5120K, 0% used [0x00000000e4100000,0x00000000e4100000,0x00000000e4600000)
 ParOldGen       total 87552K, used 5845K [0x00000000a0000000, 0x00000000a5580000, 0x00000000e0000000)
  object space 87552K, 6% used [0x00000000a0000000,0x00000000a05b57b8,0x00000000a5580000)
 Metaspace       used 17653K, capacity 18096K, committed 18304K, reserved 1064960K
  class space    used 2540K, capacity 2686K, committed 2688K, reserved 1048576K
}
Event: 5.031 GC heap before
{Heap before GC invocations=5 (full 0):
 PSYoungGen      total 71680K, used 19174K [0x00000000e0000000, 0x00000000e4b00000, 0x0000000100000000)
  eden space 66560K, 21% used [0x00000000e0000000,0x00000000e0db9eb0,0x00000000e4100000)
  from space 5120K, 99% used [0x00000000e4600000,0x00000000e4affc50,0x00000000e4b00000)
  to   space 5120K, 0% used [0x00000000e4100000,0x00000000e4100000,0x00000000e4600000)
 ParOldGen       total 87552K, used 5845K [0x00000000a0000000, 0x00000000a5580000, 0x00000000e0000000)
  object space 87552K, 6% used [0x00000000a0000000,0x00000000a05b57b8,0x00000000a5580000)
 Metaspace       used 20836K, capacity 21200K, committed 21248K, reserved 1067008K
  class space    used 2903K, capacity 3038K, committed 3072K, reserved 1048576K
Event: 5.055 GC heap after
Heap after GC invocations=5 (full 0):
 PSYoungGen      total 71680K, used 5104K [0x00000000e0000000, 0x00000000e9600000, 0x0000000100000000)
  eden space 66560K, 0% used [0x00000000e0000000,0x00000000e0000000,0x00000000e4100000)
  from space 5120K, 99% used [0x00000000e4100000,0x00000000e45fc040,0x00000000e4600000)
  to   space 10240K, 0% used [0x00000000e8c00000,0x00000000e8c00000,0x00000000e9600000)
 ParOldGen       total 87552K, used 8325K [0x00000000a0000000, 0x00000000a5580000, 0x00000000e0000000)
  object space 87552K, 9% used [0x00000000a0000000,0x00000000a08214c8,0x00000000a5580000)
 Metaspace       used 20836K, capacity 21200K, committed 21248K, reserved 1067008K
  class space    used 2903K, capacity 3038K, committed 3072K, reserved 1048576K
}
Event: 5.055 GC heap before
{Heap before GC invocations=6 (full 1):
 PSYoungGen      total 71680K, used 5104K [0x00000000e0000000, 0x00000000e9600000, 0x0000000100000000)
  eden space 66560K, 0% used [0x00000000e0000000,0x00000000e0000000,0x00000000e4100000)
  from space 5120K, 99% used [0x00000000e4100000,0x00000000e45fc040,0x00000000e4600000)
  to   space 10240K, 0% used [0x00000000e8c00000,0x00000000e8c00000,0x00000000e9600000)
 ParOldGen       total 87552K, used 8325K [0x00000000a0000000, 0x00000000a5580000, 0x00000000e0000000)
  object space 87552K, 9% used [0x00000000a0000000,0x00000000a08214c8,0x00000000a5580000)
 Metaspace       used 20836K, capacity 21200K, committed 21248K, reserved 1067008K
  class space    used 2903K, capacity 3038K, committed 3072K, reserved 1048576K
Event: 5.171 GC heap after
Heap after GC invocations=6 (full 1):
 PSYoungGen      total 71680K, used 0K [0x00000000e0000000, 0x00000000e9600000, 0x0000000100000000)
  eden space 66560K, 0% used [0x00000000e0000000,0x00000000e0000000,0x00000000e4100000)
  from space 5120K, 0% used [0x00000000e4100000,0x00000000e4100000,0x00000000e4600000)
  to   space 10240K, 0% used [0x00000000e8c00000,0x00000000e8c00000,0x00000000e9600000)
 ParOldGen       total 62464K, used 8020K [0x00000000a0000000, 0x00000000a3d00000, 0x00000000e0000000)
  object space 62464K, 12% used [0x00000000a0000000,0x00000000a07d53a0,0x00000000a3d00000)
 Metaspace       used 20836K, capacity 21200K, committed 21248K, reserved 1067008K
  class space    used 2903K, capacity 3038K, committed 3072K, reserved 1048576K
}

Deoptimization events (10 events):
Event: 4.323 Thread 0x00000000193e4800 Uncommon trap: reason=bimorphic action=maybe_recompile pc=0x0000000002f10768 method=java.lang.ClassLoader.getPackage(Ljava/lang/String;)Ljava/lang/Package; @ 47
Event: 5.312 Thread 0x00000000193e4800 Uncommon trap: reason=unstable_if action=reinterpret pc=0x0000000002d29e08 method=java.lang.AbstractStringBuilder.append(Ljava/lang/String;)Ljava/lang/AbstractStringBuilder; @ 1
Event: 5.312 Thread 0x00000000193e4800 Uncommon trap: reason=unstable_if action=reinterpret pc=0x0000000002bf2280 method=java.lang.AbstractStringBuilder.append(Ljava/lang/String;)Ljava/lang/AbstractStringBuilder; @ 1
Event: 5.533 Thread 0x00000000193e4800 Uncommon trap: reason=class_check action=maybe_recompile pc=0x0000000002bab848 method=sun.misc.URLClassPath.getLoader(I)Lsun/misc/URLClassPath$Loader; @ 94
Event: 5.533 Thread 0x00000000193e4800 Uncommon trap: reason=class_check action=maybe_recompile pc=0x0000000002f49ac0 method=sun.misc.URLClassPath.getResource(Ljava/lang/String;Z)Lsun/misc/Resource; @ 62
Event: 5.570 Thread 0x00000000193e4800 Uncommon trap: reason=unstable_if action=reinterpret pc=0x0000000002f36404 method=java.lang.ClassLoader.getClassLoadingLock(Ljava/lang/String;)Ljava/lang/Object; @ 6
Event: 5.689 Thread 0x00000000193e4800 Uncommon trap: reason=class_check action=maybe_recompile pc=0x0000000002bab9e8 method=sun.misc.URLClassPath.getLoader(I)Lsun/misc/URLClassPath$Loader; @ 239
Event: 5.736 Thread 0x00000000193e4800 Uncommon trap: reason=class_check action=maybe_recompile pc=0x0000000002bab9e8 method=sun.misc.URLClassPath.getLoader(I)Lsun/misc/URLClassPath$Loader; @ 239
Event: 6.149 Thread 0x00000000193e4800 Uncommon trap: reason=unstable_if action=reinterpret pc=0x0000000002e00cbc method=java.util.HashMap.hash(Ljava/lang/Object;)I @ 1
Event: 6.149 Thread 0x00000000193e4800 Uncommon trap: reason=unstable_if action=reinterpret pc=0x0000000002e6cfa8 method=java.util.HashMap.hash(Ljava/lang/Object;)I @ 1

Classes redefined (0 events):
No events

Internal exceptions (10 events):
Event: 5.931 Thread 0x00000000193e4800 Exception <a 'java/lang/ClassNotFoundException': org/gradle/api/internal/project/AbstractPluginAwareBeanInfo> (0x00000000e0db3ab8) thrown at [D:\src\AOSP-openjdk-cygwin\jdk8u\hotspot\src\share\vm\classfile\systemDictionary.cpp, line 210]
Event: 5.933 Thread 0x00000000193e4800 Exception <a 'java/lang/ClassNotFoundException': org/gradle/api/internal/project/AbstractPluginAwareCustomizer> (0x00000000e0ddbbe0) thrown at [D:\src\AOSP-openjdk-cygwin\jdk8u\hotspot\src\share\vm\classfile\systemDictionary.cpp, line 210]
Event: 5.938 Thread 0x00000000193e4800 Exception <a 'java/lang/ClassNotFoundException': org/gradle/initialization/DefaultSettingsCustomizer> (0x00000000e0e07990) thrown at [D:\src\AOSP-openjdk-cygwin\jdk8u\hotspot\src\share\vm\classfile\systemDictionary.cpp, line 210]
Event: 5.947 Thread 0x00000000193e4800 Exception <a 'java/lang/ClassNotFoundException': org/gradle/initialization/DefaultSettings_DecoratedCustomizer> (0x00000000e0e638d0) thrown at [D:\src\AOSP-openjdk-cygwin\jdk8u\hotspot\src\share\vm\classfile\systemDictionary.cpp, line 210]
Event: 5.967 Thread 0x00000000193e4800 Exception <a 'java/lang/NoSuchMethodError': <clinit>> (0x00000000e0f178a0) thrown at [D:\src\AOSP-openjdk-cygwin\jdk8u\hotspot\src\share\vm\prims\jni.cpp, line 1613]
Event: 5.971 Thread 0x00000000193e4800 Exception <a 'java/lang/NoSuchMethodError': <clinit>> (0x00000000e0f3d128) thrown at [D:\src\AOSP-openjdk-cygwin\jdk8u\hotspot\src\share\vm\prims\jni.cpp, line 1613]
Event: 5.971 Thread 0x00000000193e4800 Exception <a 'java/lang/NoSuchMethodError': <clinit>> (0x00000000e0f3e5e0) thrown at [D:\src\AOSP-openjdk-cygwin\jdk8u\hotspot\src\share\vm\prims\jni.cpp, line 1613]
Event: 5.971 Thread 0x00000000193e4800 Exception <a 'java/lang/NoSuchMethodError': <clinit>> (0x00000000e0f40340) thrown at [D:\src\AOSP-openjdk-cygwin\jdk8u\hotspot\src\share\vm\prims\jni.cpp, line 1613]
Event: 6.149 Thread 0x00000000193e4800 Implicit null exception at 0x0000000002e00ad5 to 0x0000000002e00cad
Event: 6.149 Thread 0x00000000193e4800 Implicit null exception at 0x0000000002e6cf2f to 0x0000000002e6cf99

Events (10 events):
Event: 6.289 loading class org/gradle/model/Model
Event: 6.289 loading class org/gradle/model/Model done
Event: 6.289 loading class org/gradle/model/internal/inspect/ManagedModelCreationRuleExtractor
Event: 6.289 loading class org/gradle/model/internal/inspect/ManagedModelCreationRuleExtractor done
Event: 6.290 loading class org/gradle/model/internal/core/ModelTypeInitializationException
Event: 6.290 loading class org/gradle/model/internal/core/ModelTypeInitializationException done
Event: 6.293 loading class org/gradle/model/InvalidModelRuleDeclarationException
Event: 6.293 loading class org/gradle/model/InvalidModelRuleDeclarationException done
Event: 6.294 loading class org/gradle/model/internal/core/NodeInitializerRegistry
Event: 6.294 loading class org/gradle/model/internal/core/NodeInitializerRegistry done


Dynamic libraries:
0x00007ff740fc0000 - 0x00007ff740ff1000 	E:\Program Files\Android\Android Studio\jre\bin\java.exe
0x00007ffa228f0000 - 0x00007ffa22ac1000 	C:\Windows\SYSTEM32\ntdll.dll
0x00007ffa223e0000 - 0x00007ffa2248b000 	C:\Windows\System32\KERNEL32.DLL
0x00007ffa1f7f0000 - 0x00007ffa1fa0d000 	C:\Windows\System32\KERNELBASE.dll
0x00007ffa20800000 - 0x00007ffa208a2000 	C:\Windows\System32\ADVAPI32.dll
0x00007ffa20310000 - 0x00007ffa203ae000 	C:\Windows\System32\msvcrt.dll
0x00007ffa1fe80000 - 0x00007ffa1fed9000 	C:\Windows\System32\sechost.dll
0x00007ffa203f0000 - 0x00007ffa20511000 	C:\Windows\System32\RPCRT4.dll
0x00007ffa22270000 - 0x00007ffa223d5000 	C:\Windows\System32\USER32.dll
0x00007ffa1fcc0000 - 0x00007ffa1fcde000 	C:\Windows\System32\win32u.dll
0x00007ffa203b0000 - 0x00007ffa203e4000 	C:\Windows\System32\GDI32.dll
0x00007ffa1fb30000 - 0x00007ffa1fcb2000 	C:\Windows\System32\gdi32full.dll
0x00007ffa11200000 - 0x00007ffa11479000 	C:\Windows\WinSxS\amd64_microsoft.windows.common-controls_6595b64144ccf1df_6.0.14393.0_none_2d0f50fcbdb171b8\COMCTL32.dll
0x00007ffa20530000 - 0x00007ffa207f7000 	C:\Windows\System32\combase.dll
0x00007ffa1fd80000 - 0x00007ffa1fe75000 	C:\Windows\System32\ucrtbase.dll
0x00007ffa1fa10000 - 0x00007ffa1fa7a000 	C:\Windows\System32\bcryptPrimitives.dll
0x00007ffa20910000 - 0x00007ffa2093e000 	C:\Windows\System32\IMM32.DLL
0x000000005ca80000 - 0x000000005cb52000 	E:\Program Files\Android\Android Studio\jre\jre\bin\msvcr100.dll
0x000000005cb60000 - 0x000000005d39f000 	E:\Program Files\Android\Android Studio\jre\jre\bin\server\jvm.dll
0x00007ffa225f0000 - 0x00007ffa225f8000 	C:\Windows\System32\PSAPI.DLL
0x00007ffa1c310000 - 0x00007ffa1c31a000 	C:\Windows\SYSTEM32\VERSION.dll
0x00007ffa1cea0000 - 0x00007ffa1cec3000 	C:\Windows\SYSTEM32\WINMM.dll
0x00007ffa1cdd0000 - 0x00007ffa1cdd9000 	C:\Windows\SYSTEM32\WSOCK32.dll
0x00007ffa22810000 - 0x00007ffa2287a000 	C:\Windows\System32\WS2_32.dll
0x0000000000b50000 - 0x0000000000b7b000 	C:\Windows\SYSTEM32\WINMMBASE.dll
0x00007ffa1fa80000 - 0x00007ffa1fac2000 	C:\Windows\System32\cfgmgr32.dll
0x00007ffa15370000 - 0x00007ffa1537f000 	E:\Program Files\Android\Android Studio\jre\jre\bin\verify.dll
0x00007ffa12870000 - 0x00007ffa12899000 	E:\Program Files\Android\Android Studio\jre\jre\bin\java.dll
0x00007ffa13670000 - 0x00007ffa13686000 	E:\Program Files\Android\Android Studio\jre\jre\bin\zip.dll
0x00007ffa20aa0000 - 0x00007ffa21fa8000 	C:\Windows\System32\SHELL32.dll
0x00007ffa1f110000 - 0x00007ffa1f7ea000 	C:\Windows\System32\windows.storage.dll
0x00007ffa1ed90000 - 0x00007ffa1eddc000 	C:\Windows\System32\powrprof.dll
0x00007ffa227b0000 - 0x00007ffa22802000 	C:\Windows\System32\shlwapi.dll
0x00007ffa1ed80000 - 0x00007ffa1ed8f000 	C:\Windows\System32\kernel.appcore.dll
0x00007ffa1ede0000 - 0x00007ffa1ee89000 	C:\Windows\System32\shcore.dll
0x00007ffa1ed50000 - 0x00007ffa1ed64000 	C:\Windows\System32\profapi.dll
0x00007ffa12810000 - 0x00007ffa1282a000 	E:\Program Files\Android\Android Studio\jre\jre\bin\net.dll
0x00007ffa1e580000 - 0x00007ffa1e5dc000 	C:\Windows\system32\mswsock.dll
0x00007ffa126f0000 - 0x00007ffa12701000 	E:\Program Files\Android\Android Studio\jre\jre\bin\nio.dll
0x00007ffa0d820000 - 0x00007ffa0d83e000 	C:\Users\Denova\.gradle\native\25\windows-amd64\native-platform.dll
0x00007ffa136d0000 - 0x00007ffa136dd000 	E:\Program Files\Android\Android Studio\jre\jre\bin\management.dll
0x00007ffa1e830000 - 0x00007ffa1e847000 	C:\Windows\SYSTEM32\CRYPTSP.dll
0x00007ffa1e700000 - 0x00007ffa1e733000 	C:\Windows\system32\rsaenh.dll
0x00007ffa1e930000 - 0x00007ffa1e95b000 	C:\Windows\SYSTEM32\bcrypt.dll
0x00007ffa1e400000 - 0x00007ffa1e41f000 	C:\Windows\SYSTEM32\USERENV.dll
0x00007ffa1e820000 - 0x00007ffa1e82b000 	C:\Windows\SYSTEM32\CRYPTBASE.dll
0x00007ffa1e310000 - 0x00007ffa1e348000 	C:\Windows\SYSTEM32\IPHLPAPI.DLL
0x00007ffa20520000 - 0x00007ffa20528000 	C:\Windows\System32\NSI.dll
0x00007ffa16890000 - 0x00007ffa168a6000 	C:\Windows\SYSTEM32\dhcpcsvc6.DLL
0x00007ffa16870000 - 0x00007ffa1688a000 	C:\Windows\SYSTEM32\dhcpcsvc.DLL

VM Arguments:
jvm_args: -Xmx1536m -Dfile.encoding=windows-1256 -Duser.country=US -Duser.language=en -Duser.variant 
java_command: org.gradle.launcher.daemon.bootstrap.GradleDaemon 4.4
java_class_path (initial): C:\Users\Denova\.gradle\wrapper\dists\gradle-4.4-all\9br9xq1tocpiv8o6njlyu5op1\gradle-4.4\lib\gradle-launcher-4.4.jar
Launcher Type: SUN_STANDARD

Environment Variables:
JAVA_HOME=C:\Program Files\Java\jre-9.0.1
PATH=C:\Program Files (x86)\Common Files\Intel\Shared Libraries\redist\intel64_win\compiler;C:\ProgramData\Oracle\Java\javapath;C:\Windows\system32;C:\Windows;C:\Windows\System32\Wbem;C:\Windows\System32\WindowsPowerShell\v1.0\;C:\Program Files (x86)\AMD\ATI.ACE\Core-Static;C:\Program Files\Lenovo\Bluetooth Software\;C:\Program Files\Lenovo\Bluetooth Software\syswow64;C:\Users\Denova\.dnx\bin;C:\Program Files\Microsoft DNX\Dnvm\;C:\Program Files\Microsoft SQL Server\130\Tools\Binn\;C:\Windows\system32\config\systemprofile\.dnx\bin;C:\Users\Denova\AppData\Local\Microsoft\WindowsApps;D:\Program Files\androidsdk\platform-tools;C:\Users\Denova\AppData\Local\atom\bin;C:\adb;C:\Program Files\Git\cmd;C:\ProgramData\Oracle\Java\javapath;C:\Windows\system32;C:\Windows;C:\Windows\System32\Wbem;C:\Windows\System32\WindowsPowerShell\v1.0\;C:\Program Files (x86)\AMD\ATI.ACE\Core-Static;C:\Program Files\Lenovo\Bluetooth Software\;C:\Program Files\Lenovo\Bluetooth Software\syswow64;C:\Windows\system32\config\systemprofile\.dnx\bin;C:\Program Files\Microsoft DNX\Dnvm\;C:\Program Files\Microsoft SQL Server\130\Tools\Binn\;C:\Users\Denova\AppData\Local\Microsoft\WindowsApps;D:\Program Files\androidsdk\platform-tools;C:\Users\Denova\AppData\Local\atom\bin;C:\Users\Denova\AppData\Local\Programs\Fiddler
USERNAME=Denova
OS=Windows_NT
PROCESSOR_IDENTIFIER=Intel64 Family 6 Model 60 Stepping 3, GenuineIntel



---------------  S Y S T E M  ---------------

OS: Windows 10.0 , 64 bit Build 14393 (10.0.14393.0)

CPU:total 4 (initial active 4) (2 cores per cpu, 2 threads per core) family 6 model 60 stepping 3, cmov, cx8, fxsr, mmx, sse, sse2, sse3, ssse3, sse4.1, sse4.2, popcnt, avx, avx2, clmul, erms, lzcnt, ht, tsc, tscinvbit, bmi1, bmi2

Memory: 4k page, physical 8302956k(1700708k free), swap 9037676k(4360k free)

vm_info: OpenJDK 64-Bit Server VM (25.152-b02) for windows-amd64 JRE (1.8.0_152-release-1024-b02), built by "builder" with MS VC++ 10.0 (VS2010)

time: Sun Aug 05 11:05:43 2018
elapsed time: 6 seconds (0d 0h 0m 6s)

