#
# There is insufficient memory for the Java Runtime Environment to continue.
# Native memory allocation (malloc) failed to allocate 1343856 bytes for Chunk::new
# Possible reasons:
#   The system is out of physical RAM or swap space
#   In 32 bit mode, the process size limit was hit
# Possible solutions:
#   Reduce memory load on the system
#   Increase physical memory or swap space
#   Check if swap backing store is full
#   Use 64 bit Java on a 64 bit OS
#   Decrease Java heap size (-Xmx/-Xms)
#   Decrease number of Java threads
#   Decrease Java thread stack sizes (-Xss)
#   Set larger code cache with -XX:ReservedCodeCacheSize=
# This output file may be truncated or incomplete.
#
#  Out of Memory Error (allocation.cpp:390), pid=12124, tid=0x00000000000032d0
#
# JRE version: OpenJDK Runtime Environment (8.0_152-b06) (build 1.8.0_152-release-1136-b06)
# Java VM: OpenJDK 64-Bit Server VM (25.152-b06 mixed mode windows-amd64 compressed oops)
# Failed to write core dump. Minidumps are not enabled by default on client versions of Windows
#

---------------  T H R E A D  ---------------

Current thread (0x000000001637c800):  JavaThread "C2 CompilerThread0" daemon [_thread_in_native, id=13008, stack(0x00000000179f0000,0x0000000017af0000)]

Stack: [0x00000000179f0000,0x0000000017af0000]
[error occurred during error reporting (printing stack bounds), id 0xc0000005]

Native frames: (J=compiled Java code, j=interpreted, Vv=VM code, C=native code)


Current CompileTask:
C2:1093390 24339       4       com.android.ide.common.resources.NodeUtils::duplicateNode (315 bytes)


---------------  P R O C E S S  ---------------

Java Threads: ( => current thread )
  0x000000001ed49000 JavaThread "stdout" daemon [_thread_in_native, id=12896, stack(0x00000000342e0000,0x00000000343e0000)]
  0x000000001ed41800 JavaThread "stderr" daemon [_thread_in_native, id=15016, stack(0x00000000341e0000,0x00000000342e0000)]
  0x000000001ed3f000 JavaThread "stdout" daemon [_thread_in_native, id=12964, stack(0x00000000340e0000,0x00000000341e0000)]
  0x000000001f4d7800 JavaThread "stderr" daemon [_thread_in_native, id=5696, stack(0x0000000033fe0000,0x00000000340e0000)]
  0x000000001f4d6000 JavaThread "ForkJoinPool.commonPool-worker-3" daemon [_thread_in_native, id=7420, stack(0x0000000033ee0000,0x0000000033fe0000)]
  0x000000001f4ce800 JavaThread "ForkJoinPool.commonPool-worker-2" daemon [_thread_blocked, id=12752, stack(0x0000000033de0000,0x0000000033ee0000)]
  0x000000001f4d5000 JavaThread "pool-30-thread-1" [_thread_blocked, id=14920, stack(0x0000000033ce0000,0x0000000033de0000)]
  0x000000001f4cd800 JavaThread "ForkJoinPool.commonPool-worker-1" daemon [_thread_blocked, id=12764, stack(0x0000000033be0000,0x0000000033ce0000)]
  0x000000001f4cc000 JavaThread "Worker Daemon Execution Thread 4" [_thread_blocked, id=13580, stack(0x00000000337e0000,0x00000000338e0000)]
  0x000000001f4d0800 JavaThread "Worker Daemon Execution Thread 3" [_thread_blocked, id=6048, stack(0x00000000336e0000,0x00000000337e0000)]
  0x000000001f4cd000 JavaThread "Worker Daemon Execution Thread 2" [_thread_blocked, id=11304, stack(0x00000000335e0000,0x00000000336e0000)]
  0x000000001f4d3000 JavaThread "Worker Daemon Execution" [_thread_blocked, id=6472, stack(0x00000000334e0000,0x00000000335e0000)]
  0x000000001f4d0000 JavaThread "Task worker for ':' Thread 3" [_thread_blocked, id=6008, stack(0x00000000333e0000,0x00000000334e0000)]
  0x000000001f4c8800 JavaThread "Task worker for ':' Thread 2" [_thread_blocked, id=5380, stack(0x00000000332e0000,0x00000000333e0000)]
  0x000000001f4ca800 JavaThread "Task worker for ':'" [_thread_blocked, id=12324, stack(0x00000000331e0000,0x00000000332e0000)]
  0x000000001f4ca000 JavaThread "Cache worker for Build Output Cleanup Cache (E:\AndroidStudioProjects\AndroidWoope\.gradle\buildOutputCleanup)" [_thread_blocked, id=17884, stack(0x00000000330e0000,0x00000000331e0000)]
  0x000000001c3a2000 JavaThread "Cache worker for task history cache (E:\AndroidStudioProjects\AndroidWoope\.gradle\4.6\taskHistory)" [_thread_blocked, id=15896, stack(0x0000000032fe0000,0x00000000330e0000)]
  0x000000001c3a8000 JavaThread "Build operations Thread 4" [_thread_blocked, id=17260, stack(0x0000000032ee0000,0x0000000032fe0000)]
  0x000000001c3a6800 JavaThread "Build operations Thread 3" [_thread_blocked, id=13748, stack(0x0000000032de0000,0x0000000032ee0000)]
  0x000000001c3a5800 JavaThread "Build operations Thread 2" [_thread_blocked, id=12840, stack(0x0000000032ce0000,0x0000000032de0000)]
  0x000000001c3a7000 JavaThread "Build operations" [_thread_blocked, id=13744, stack(0x0000000032be0000,0x0000000032ce0000)]
  0x000000001c3a8800 JavaThread "Cache worker for Artifact transforms cache (C:\Users\Denova\.gradle\caches\transforms-1)" [_thread_blocked, id=11388, stack(0x0000000032ae0000,0x0000000032be0000)]
  0x000000001c39e000 JavaThread "Cache worker for file hash cache (E:\AndroidStudioProjects\AndroidWoope\.gradle\4.6\fileHashes)" [_thread_blocked, id=9376, stack(0x00000000329e0000,0x0000000032ae0000)]
  0x000000001c3a3800 JavaThread "Stdin handler" [_thread_blocked, id=16864, stack(0x00000000328e0000,0x00000000329e0000)]
  0x000000001c3a2800 JavaThread "Asynchronous log dispatcher for DefaultDaemonConnection: socket connection from /127.0.0.1:11211 to /127.0.0.1:11592" [_thread_blocked, id=504, stack(0x00000000327e0000,0x00000000328e0000)]
  0x000000001c3a1000 JavaThread "Cancel handler" [_thread_blocked, id=7300, stack(0x00000000326e0000,0x00000000327e0000)]
  0x000000001c39d000 JavaThread "Handler for socket connection from /127.0.0.1:11211 to /127.0.0.1:11592" [_thread_in_native, id=14340, stack(0x00000000325e0000,0x00000000326e0000)]
  0x000000001c3a4000 JavaThread "Daemon worker Thread 4" [_thread_blocked, id=6216, stack(0x000000002bfe0000,0x000000002c0e0000)]
  0x000000001c39c800 JavaThread "Daemon Thread 4" [_thread_blocked, id=16320, stack(0x000000002bce0000,0x000000002bde0000)]
  0x000000001ed42000 JavaThread "pool-1-thread-1" [_thread_blocked, id=11556, stack(0x00000000275e0000,0x00000000276e0000)]
  0x000000001c39b000 JavaThread "Memory manager" [_thread_blocked, id=16496, stack(0x0000000021060000,0x0000000021160000)]
  0x00000000195f1800 JavaThread "File lock request listener" [_thread_in_native, id=5628, stack(0x000000001ae40000,0x000000001af40000)]
  0x00000000196b6800 JavaThread "Cache worker for file hash cache (C:\Users\Denova\.gradle\caches\4.6\fileHashes)" [_thread_blocked, id=16708, stack(0x000000001ad40000,0x000000001ae40000)]
  0x0000000019248000 JavaThread "Daemon periodic checks" [_thread_blocked, id=14136, stack(0x000000001a240000,0x000000001a340000)]
  0x00000000191f9000 JavaThread "Incoming local TCP Connector on port 11211" [_thread_in_native, id=15848, stack(0x000000001a000000,0x000000001a100000)]
  0x0000000017d18800 JavaThread "Service Thread" daemon [_thread_blocked, id=14028, stack(0x00000000180f0000,0x00000000181f0000)]
  0x0000000016395000 JavaThread "C1 CompilerThread2" daemon [_thread_in_vm, id=18324, stack(0x0000000017bf0000,0x0000000017cf0000)]
  0x0000000016383000 JavaThread "C2 CompilerThread1" daemon [_thread_blocked, id=16112, stack(0x0000000017af0000,0x0000000017bf0000)]
=>0x000000001637c800 JavaThread "C2 CompilerThread0" daemon [_thread_in_native, id=13008, stack(0x00000000179f0000,0x0000000017af0000)]
  0x0000000016387800 JavaThread "Attach Listener" daemon [_thread_blocked, id=15780, stack(0x00000000178f0000,0x00000000179f0000)]
  0x0000000016386000 JavaThread "Signal Dispatcher" daemon [_thread_blocked, id=17200, stack(0x00000000177f0000,0x00000000178f0000)]
  0x0000000016368800 JavaThread "Finalizer" daemon [_thread_blocked, id=72, stack(0x0000000017600000,0x0000000017700000)]
  0x0000000002a01000 JavaThread "Reference Handler" daemon [_thread_blocked, id=6824, stack(0x0000000017500000,0x0000000017600000)]
  0x000000000280d800 JavaThread "main" [_thread_blocked, id=17672, stack(0x0000000002810000,0x0000000002910000)]

Other Threads:
  0x0000000016344800 VMThread [stack: 0x0000000017400000,0x0000000017500000] [id=11612]
  0x00000000163de800 WatcherThread [stack: 0x00000000181f0000,0x00000000182f0000] [id=1684]

VM state:not at safepoint (normal execution)

VM Mutex/Monitor currently owned by a thread: None

Heap:
 PSYoungGen      total 368128K, used 33374K [0x00000000e0000000, 0x00000000fa980000, 0x0000000100000000)
  eden space 300544K, 0% used [0x00000000e0000000,0x00000000e0152438,0x00000000f2580000)
  from space 67584K, 47% used [0x00000000f2580000,0x00000000f44c5690,0x00000000f6780000)
  to   space 66048K, 0% used [0x00000000f6900000,0x00000000f6900000,0x00000000fa980000)
 ParOldGen       total 285696K, used 191607K [0x00000000a0000000, 0x00000000b1700000, 0x00000000e0000000)
  object space 285696K, 67% used [0x00000000a0000000,0x00000000abb1dfa8,0x00000000b1700000)
 Metaspace       used 93182K, capacity 97572K, committed 97792K, reserved 1134592K
  class space    used 11653K, capacity 12534K, committed 12544K, reserved 1048576K

Card table byte_map: [0x0000000011dd0000,0x00000000120e0000] byte_map_base: 0x00000000118d0000

Marking Bits: (ParMarkBitMap*) 0x0000000067885aa0
 Begin Bits: [0x00000000126e0000, 0x0000000013ee0000)
 End Bits:   [0x0000000013ee0000, 0x00000000156e0000)

Polling page: 0x0000000000a80000

CodeCache: size=245760Kb used=65896Kb max_used=65946Kb free=179863Kb
 bounds [0x0000000002a10000, 0x0000000006ad0000, 0x0000000011a10000]
 total_blobs=19240 nmethods=18348 adapters=802
 compilation: enabled

Compilation events (10 events):
Event: 1092.911 Thread 0x0000000016383000 24272   !   4       com.sun.org.apache.xerces.internal.dom.CoreDocumentImpl::adoptNode (512 bytes)
Event: 1093.037 Thread 0x0000000016395000 24356       3       java.io.FileOutputStream::finalize (39 bytes)
Event: 1093.038 Thread 0x0000000016395000 nmethod 24356 0x0000000006ab6a10 code [0x0000000006ab6b80, 0x0000000006ab6f48]
Event: 1093.093 Thread 0x0000000016383000 nmethod 24272 0x0000000006ac8d50 code [0x0000000006ac9080, 0x0000000006acb400]
Event: 1093.116 Thread 0x0000000016383000 24355       4       java.io.FileInputStream::finalize (22 bytes)
Event: 1093.123 Thread 0x0000000016383000 nmethod 24355 0x0000000006ab3310 code [0x0000000006ab3480, 0x0000000006ab3bf8]
Event: 1093.156 Thread 0x0000000016395000 24357   !   3       java.lang.ThreadGroup::add (110 bytes)
Event: 1093.157 Thread 0x0000000016395000 nmethod 24357 0x0000000002c9e2d0 code [0x0000000002c9e4a0, 0x0000000002c9ed58]
Event: 1093.203 Thread 0x0000000016395000 24358       3       org.gradle.internal.logging.slf4j.OutputEventListenerBackedLoggerContext::getLogger (69 bytes)
Event: 1093.204 Thread 0x0000000016395000 nmethod 24358 0x0000000006ab8390 code [0x0000000006ab8560, 0x0000000006ab8e48]

GC Heap History (10 events):
Event: 933.171 GC heap before
{Heap before GC invocations=37 (full 6):
 PSYoungGen      total 368128K, used 67563K [0x00000000e0000000, 0x00000000fa980000, 0x0000000100000000)
  eden space 300544K, 0% used [0x00000000e0000000,0x00000000e0000000,0x00000000f2580000)
  from space 67584K, 99% used [0x00000000f2580000,0x00000000f677ac80,0x00000000f6780000)
  to   space 66048K, 0% used [0x00000000f6900000,0x00000000f6900000,0x00000000fa980000)
 ParOldGen       total 285696K, used 228792K [0x00000000a0000000, 0x00000000b1700000, 0x00000000e0000000)
  object space 285696K, 80% used [0x00000000a0000000,0x00000000adf6e090,0x00000000b1700000)
 Metaspace       used 85817K, capacity 89258K, committed 89472K, reserved 1126400K
  class space    used 10815K, capacity 11590K, committed 11648K, reserved 1048576K
Event: 933.988 GC heap after
Heap after GC invocations=37 (full 6):
 PSYoungGen      total 368128K, used 0K [0x00000000e0000000, 0x00000000fa980000, 0x0000000100000000)
  eden space 300544K, 0% used [0x00000000e0000000,0x00000000e0000000,0x00000000f2580000)
  from space 67584K, 0% used [0x00000000f2580000,0x00000000f2580000,0x00000000f6780000)
  to   space 66048K, 0% used [0x00000000f6900000,0x00000000f6900000,0x00000000fa980000)
 ParOldGen       total 285696K, used 162425K [0x00000000a0000000, 0x00000000b1700000, 0x00000000e0000000)
  object space 285696K, 56% used [0x00000000a0000000,0x00000000a9e9e4e8,0x00000000b1700000)
 Metaspace       used 84898K, capacity 88312K, committed 89472K, reserved 1126400K
  class space    used 10726K, capacity 11485K, committed 11648K, reserved 1048576K
}
Event: 939.253 GC heap before
{Heap before GC invocations=38 (full 6):
 PSYoungGen      total 368128K, used 300544K [0x00000000e0000000, 0x00000000fa980000, 0x0000000100000000)
  eden space 300544K, 100% used [0x00000000e0000000,0x00000000f2580000,0x00000000f2580000)
  from space 67584K, 0% used [0x00000000f2580000,0x00000000f2580000,0x00000000f6780000)
  to   space 66048K, 0% used [0x00000000f6900000,0x00000000f6900000,0x00000000fa980000)
 ParOldGen       total 285696K, used 162425K [0x00000000a0000000, 0x00000000b1700000, 0x00000000e0000000)
  object space 285696K, 56% used [0x00000000a0000000,0x00000000a9e9e4e8,0x00000000b1700000)
 Metaspace       used 85130K, capacity 88600K, committed 89472K, reserved 1126400K
  class space    used 10726K, capacity 11485K, committed 11648K, reserved 1048576K
Event: 939.302 GC heap after
Heap after GC invocations=38 (full 6):
 PSYoungGen      total 366592K, used 28624K [0x00000000e0000000, 0x00000000fa980000, 0x0000000100000000)
  eden space 300544K, 0% used [0x00000000e0000000,0x00000000e0000000,0x00000000f2580000)
  from space 66048K, 43% used [0x00000000f6900000,0x00000000f84f41a8,0x00000000fa980000)
  to   space 67584K, 0% used [0x00000000f2580000,0x00000000f2580000,0x00000000f6780000)
 ParOldGen       total 285696K, used 162433K [0x00000000a0000000, 0x00000000b1700000, 0x00000000e0000000)
  object space 285696K, 56% used [0x00000000a0000000,0x00000000a9ea04e8,0x00000000b1700000)
 Metaspace       used 85130K, capacity 88600K, committed 89472K, reserved 1126400K
  class space    used 10726K, capacity 11485K, committed 11648K, reserved 1048576K
}
Event: 1020.382 GC heap before
{Heap before GC invocations=39 (full 6):
 PSYoungGen      total 366592K, used 329168K [0x00000000e0000000, 0x00000000fa980000, 0x0000000100000000)
  eden space 300544K, 100% used [0x00000000e0000000,0x00000000f2580000,0x00000000f2580000)
  from space 66048K, 43% used [0x00000000f6900000,0x00000000f84f41a8,0x00000000fa980000)
  to   space 67584K, 0% used [0x00000000f2580000,0x00000000f2580000,0x00000000f6780000)
 ParOldGen       total 285696K, used 162433K [0x00000000a0000000, 0x00000000b1700000, 0x00000000e0000000)
  object space 285696K, 56% used [0x00000000a0000000,0x00000000a9ea04e8,0x00000000b1700000)
 Metaspace       used 86673K, capacity 90332K, committed 90496K, reserved 1128448K
  class space    used 10869K, capacity 11637K, committed 11648K, reserved 1048576K
Event: 1020.440 GC heap after
Heap after GC invocations=39 (full 6):
 PSYoungGen      total 368128K, used 21716K [0x00000000e0000000, 0x00000000fa980000, 0x0000000100000000)
  eden space 300544K, 0% used [0x00000000e0000000,0x00000000e0000000,0x00000000f2580000)
  from space 67584K, 32% used [0x00000000f2580000,0x00000000f3ab50a8,0x00000000f6780000)
  to   space 66048K, 0% used [0x00000000f6900000,0x00000000f6900000,0x00000000fa980000)
 ParOldGen       total 285696K, used 189116K [0x00000000a0000000, 0x00000000b1700000, 0x00000000e0000000)
  object space 285696K, 66% used [0x00000000a0000000,0x00000000ab8af138,0x00000000b1700000)
 Metaspace       used 86673K, capacity 90332K, committed 90496K, reserved 1128448K
  class space    used 10869K, capacity 11637K, committed 11648K, reserved 1048576K
}
Event: 1085.720 GC heap before
{Heap before GC invocations=40 (full 6):
 PSYoungGen      total 368128K, used 322260K [0x00000000e0000000, 0x00000000fa980000, 0x0000000100000000)
  eden space 300544K, 100% used [0x00000000e0000000,0x00000000f2580000,0x00000000f2580000)
  from space 67584K, 32% used [0x00000000f2580000,0x00000000f3ab50a8,0x00000000f6780000)
  to   space 66048K, 0% used [0x00000000f6900000,0x00000000f6900000,0x00000000fa980000)
 ParOldGen       total 285696K, used 189116K [0x00000000a0000000, 0x00000000b1700000, 0x00000000e0000000)
  object space 285696K, 66% used [0x00000000a0000000,0x00000000ab8af138,0x00000000b1700000)
 Metaspace       used 87939K, capacity 92244K, committed 92288K, reserved 1130496K
  class space    used 11032K, capacity 11893K, committed 11904K, reserved 1048576K
Event: 1085.743 GC heap after
Heap after GC invocations=40 (full 6):
 PSYoungGen      total 366592K, used 5823K [0x00000000e0000000, 0x00000000fa980000, 0x0000000100000000)
  eden space 300544K, 0% used [0x00000000e0000000,0x00000000e0000000,0x00000000f2580000)
  from space 66048K, 8% used [0x00000000f6900000,0x00000000f6eaff00,0x00000000fa980000)
  to   space 67584K, 0% used [0x00000000f2580000,0x00000000f2580000,0x00000000f6780000)
 ParOldGen       total 285696K, used 191599K [0x00000000a0000000, 0x00000000b1700000, 0x00000000e0000000)
  object space 285696K, 67% used [0x00000000a0000000,0x00000000abb1bfa8,0x00000000b1700000)
 Metaspace       used 87939K, capacity 92244K, committed 92288K, reserved 1130496K
  class space    used 11032K, capacity 11893K, committed 11904K, reserved 1048576K
}
Event: 1092.985 GC heap before
{Heap before GC invocations=41 (full 6):
 PSYoungGen      total 366592K, used 306367K [0x00000000e0000000, 0x00000000fa980000, 0x0000000100000000)
  eden space 300544K, 100% used [0x00000000e0000000,0x00000000f2580000,0x00000000f2580000)
  from space 66048K, 8% used [0x00000000f6900000,0x00000000f6eaff00,0x00000000fa980000)
  to   space 67584K, 0% used [0x00000000f2580000,0x00000000f2580000,0x00000000f6780000)
 ParOldGen       total 285696K, used 191599K [0x00000000a0000000, 0x00000000b1700000, 0x00000000e0000000)
  object space 285696K, 67% used [0x00000000a0000000,0x00000000abb1bfa8,0x00000000b1700000)
 Metaspace       used 93174K, capacity 97572K, committed 97792K, reserved 1134592K
  class space    used 11653K, capacity 12534K, committed 12544K, reserved 1048576K
Event: 1093.034 GC heap after
Heap after GC invocations=41 (full 6):
 PSYoungGen      total 368128K, used 32021K [0x00000000e0000000, 0x00000000fa980000, 0x0000000100000000)
  eden space 300544K, 0% used [0x00000000e0000000,0x00000000e0000000,0x00000000f2580000)
  from space 67584K, 47% used [0x00000000f2580000,0x00000000f44c5690,0x00000000f6780000)
  to   space 66048K, 0% used [0x00000000f6900000,0x00000000f6900000,0x00000000fa980000)
 ParOldGen       total 285696K, used 191607K [0x00000000a0000000, 0x00000000b1700000, 0x00000000e0000000)
  object space 285696K, 67% used [0x00000000a0000000,0x00000000abb1dfa8,0x00000000b1700000)
 Metaspace       used 93174K, capacity 97572K, committed 97792K, reserved 1134592K
  class space    used 11653K, capacity 12534K, committed 12544K, reserved 1048576K
}

Deoptimization events (10 events):
Event: 1091.856 Thread 0x000000001c3a4000 Uncommon trap: reason=bimorphic action=maybe_recompile pc=0x0000000006a1542c method=com.sun.org.apache.xerces.internal.dom.NodeImpl.getUserData(Ljava/lang/String;)Ljava/lang/Object; @ 1
Event: 1092.188 Thread 0x000000001c3a4000 Uncommon trap: reason=class_check action=maybe_recompile pc=0x0000000006a4f09c method=com.sun.org.apache.xerces.internal.dom.NamedNodeMapImpl.item(I)Lorg/w3c/dom/Node; @ 33
Event: 1092.188 Thread 0x000000001c3a4000 Uncommon trap: reason=class_check action=maybe_recompile pc=0x0000000006a4f09c method=com.sun.org.apache.xerces.internal.dom.NamedNodeMapImpl.item(I)Lorg/w3c/dom/Node; @ 33
Event: 1092.188 Thread 0x000000001c3a4000 Uncommon trap: reason=class_check action=maybe_recompile pc=0x0000000006a4f09c method=com.sun.org.apache.xerces.internal.dom.NamedNodeMapImpl.item(I)Lorg/w3c/dom/Node; @ 33
Event: 1092.188 Thread 0x000000001c3a4000 Uncommon trap: reason=class_check action=maybe_recompile pc=0x0000000006a4f09c method=com.sun.org.apache.xerces.internal.dom.NamedNodeMapImpl.item(I)Lorg/w3c/dom/Node; @ 33
Event: 1092.771 Thread 0x000000001c3a4000 Uncommon trap: reason=unstable_if action=reinterpret pc=0x000000000686113c method=com.sun.org.apache.xerces.internal.dom.ParentNode.checkNormalizationAfterInsert(Lcom/sun/org/apache/xerces/internal/dom/ChildNode;)V @ 27
Event: 1092.775 Thread 0x000000001c3a4000 Uncommon trap: reason=class_check action=maybe_recompile pc=0x0000000006a33388 method=com.sun.org.apache.xerces.internal.dom.ElementImpl.getAttributes()Lorg/w3c/dom/NamedNodeMap; @ 8
Event: 1092.775 Thread 0x000000001c3a4000 Uncommon trap: reason=class_check action=maybe_recompile pc=0x0000000006a33388 method=com.sun.org.apache.xerces.internal.dom.ElementImpl.getAttributes()Lorg/w3c/dom/NamedNodeMap; @ 8
Event: 1092.775 Thread 0x000000001c3a4000 Uncommon trap: reason=class_check action=maybe_recompile pc=0x0000000006a33388 method=com.sun.org.apache.xerces.internal.dom.ElementImpl.getAttributes()Lorg/w3c/dom/NamedNodeMap; @ 8
Event: 1092.775 Thread 0x000000001c3a4000 Uncommon trap: reason=class_check action=maybe_recompile pc=0x0000000006a33388 method=com.sun.org.apache.xerces.internal.dom.ElementImpl.getAttributes()Lorg/w3c/dom/NamedNodeMap; @ 8

Classes redefined (0 events):
No events

Internal exceptions (10 events):
Event: 1087.695 Thread 0x000000001f4d3800 Implicit null exception at 0x0000000005062ee4 to 0x00000000050641d5
Event: 1088.692 Thread 0x000000001f4d3800 Implicit null exception at 0x0000000002c88058 to 0x0000000002c8818d
Event: 1089.288 Thread 0x000000001c3a4000 Implicit null exception at 0x0000000006945d83 to 0x0000000006946111
Event: 1090.874 Thread 0x000000001c3a4000 Implicit null exception at 0x000000000694adbc to 0x000000000694b119
Event: 1091.678 Thread 0x000000001c3a4000 Implicit null exception at 0x0000000006941cdd to 0x00000000069421d1
Event: 1091.678 Thread 0x000000001c3a4000 Implicit null exception at 0x0000000006943b34 to 0x0000000006944111
Event: 1091.822 Thread 0x000000001c3a4000 Implicit null exception at 0x0000000006a19d77 to 0x0000000006a1b9cd
Event: 1093.115 Thread 0x000000001f4d6000 Exception <a 'java/io/IOException'> (0x00000000e00afbf8) thrown at [D:\src\AOSP-openjdk-cygwin\jdk8u\hotspot\src\share\vm\prims\jni.cpp, line 709]
Event: 1093.156 Thread 0x000000001f4d6000 Exception <a 'java/lang/OutOfMemoryError': unable to create new native thread> (0x00000000e00b59a0) thrown at [D:\src\AOSP-openjdk-cygwin\jdk8u\hotspot\src\share\vm\prims\jvm.cpp, line 3033]
Event: 1093.203 Thread 0x000000001f4d6000 Exception <a 'java/io/IOException'> (0x00000000e00c1640) thrown at [D:\src\AOSP-openjdk-cygwin\jdk8u\hotspot\src\share\vm\prims\jni.cpp, line 709]

Events (10 events):
Event: 1093.203 Executing VM operation: RevokeBias done
Event: 1093.203 Thread 0x000000001ed4a800 Thread exited: 0x000000001ed4a800
Event: 1093.203 Thread 0x000000001ed43800 Thread exited: 0x000000001ed43800
Event: 1093.204 Thread 0x0000000016395000 flushing nmethod 0x00000000035ea550
Event: 1093.205 Thread 0x0000000016395000 flushing nmethod 0x0000000003663790
Event: 1093.205 Thread 0x0000000016395000 flushing nmethod 0x0000000003679b10
Event: 1093.205 Thread 0x0000000016395000 flushing nmethod 0x0000000003718850
Event: 1093.205 Thread 0x0000000016395000 flushing nmethod 0x000000000371a550
Event: 1093.205 Thread 0x0000000016395000 flushing nmethod 0x000000000371d4d0
Event: 1093.206 Thread 0x0000000016395000 flushing nmethod 0x00000000038cda90


Dynamic libraries:
0x00007ff605750000 - 0x00007ff605781000 	E:\Program Files\Android\Android Studio\jre\bin\java.exe
0x00007ffa98290000 - 0x00007ffa98471000 	C:\Windows\SYSTEM32\ntdll.dll
0x00007ffa962c0000 - 0x00007ffa96371000 	C:\Windows\System32\KERNEL32.DLL
0x00007ffa952a0000 - 0x00007ffa95513000 	C:\Windows\System32\KERNELBASE.dll
0x00007ffa96380000 - 0x00007ffa96421000 	C:\Windows\System32\ADVAPI32.dll
0x00007ffa96010000 - 0x00007ffa960ae000 	C:\Windows\System32\msvcrt.dll
0x00007ffa96490000 - 0x00007ffa964eb000 	C:\Windows\System32\sechost.dll
0x00007ffa96120000 - 0x00007ffa96244000 	C:\Windows\System32\RPCRT4.dll
0x00007ffa957f0000 - 0x00007ffa95980000 	C:\Windows\System32\USER32.dll
0x00007ffa950e0000 - 0x00007ffa95100000 	C:\Windows\System32\win32u.dll
0x00007ffa96430000 - 0x00007ffa96458000 	C:\Windows\System32\GDI32.dll
0x00007ffa95580000 - 0x00007ffa95712000 	C:\Windows\System32\gdi32full.dll
0x00007ffa95100000 - 0x00007ffa9519f000 	C:\Windows\System32\msvcp_win.dll
0x00007ffa94f60000 - 0x00007ffa95058000 	C:\Windows\System32\ucrtbase.dll
0x00007ffa82ef0000 - 0x00007ffa83159000 	C:\Windows\WinSxS\amd64_microsoft.windows.common-controls_6595b64144ccf1df_6.0.17134.765_none_fb42a1a930655896\COMCTL32.dll
0x00007ffa95980000 - 0x00007ffa95ca2000 	C:\Windows\System32\combase.dll
0x00007ffa95060000 - 0x00007ffa950da000 	C:\Windows\System32\bcryptPrimitives.dll
0x00007ffa96460000 - 0x00007ffa9648d000 	C:\Windows\System32\IMM32.DLL
0x00000000684a0000 - 0x0000000068572000 	E:\Program Files\Android\Android Studio\jre\jre\bin\msvcr100.dll
0x00000000670c0000 - 0x0000000067901000 	E:\Program Files\Android\Android Studio\jre\jre\bin\server\jvm.dll
0x00007ffa960b0000 - 0x00007ffa960b8000 	C:\Windows\System32\PSAPI.DLL
0x00007ffa59780000 - 0x00007ffa59789000 	C:\Windows\SYSTEM32\WSOCK32.dll
0x00007ffa92220000 - 0x00007ffa92243000 	C:\Windows\SYSTEM32\WINMM.dll
0x00007ffa96250000 - 0x00007ffa962bc000 	C:\Windows\System32\WS2_32.dll
0x00007ffa88950000 - 0x00007ffa8895a000 	C:\Windows\SYSTEM32\VERSION.dll
0x00007ffa921f0000 - 0x00007ffa9221a000 	C:\Windows\SYSTEM32\WINMMBASE.dll
0x00007ffa95250000 - 0x00007ffa95299000 	C:\Windows\System32\cfgmgr32.dll
0x00007ffa90f10000 - 0x00007ffa90f1f000 	E:\Program Files\Android\Android Studio\jre\jre\bin\verify.dll
0x00007ffa857d0000 - 0x00007ffa857f9000 	E:\Program Files\Android\Android Studio\jre\jre\bin\java.dll
0x00007ffa88ea0000 - 0x00007ffa88eb6000 	E:\Program Files\Android\Android Studio\jre\jre\bin\zip.dll
0x00007ffa96b70000 - 0x00007ffa97fb0000 	C:\Windows\System32\SHELL32.dll
0x00007ffa95d30000 - 0x00007ffa95dd9000 	C:\Windows\System32\shcore.dll
0x00007ffa94660000 - 0x00007ffa94d6d000 	C:\Windows\System32\windows.storage.dll
0x00007ffa95f80000 - 0x00007ffa95fd1000 	C:\Windows\System32\shlwapi.dll
0x00007ffa945a0000 - 0x00007ffa945b1000 	C:\Windows\System32\kernel.appcore.dll
0x00007ffa945e0000 - 0x00007ffa945ff000 	C:\Windows\System32\profapi.dll
0x00007ffa94610000 - 0x00007ffa9465c000 	C:\Windows\System32\powrprof.dll
0x00007ffa94600000 - 0x00007ffa9460a000 	C:\Windows\System32\FLTLIB.DLL
0x00007ffa88e10000 - 0x00007ffa88e2a000 	E:\Program Files\Android\Android Studio\jre\jre\bin\net.dll
0x00007ffa93e20000 - 0x00007ffa93e86000 	C:\Windows\system32\mswsock.dll
0x00007ffa85910000 - 0x00007ffa85921000 	E:\Program Files\Android\Android Studio\jre\jre\bin\nio.dll
0x00007ffa7c000000 - 0x00007ffa7c01e000 	C:\Users\Denova\.gradle\native\25\windows-amd64\native-platform.dll
0x00007ffa90f00000 - 0x00007ffa90f0d000 	E:\Program Files\Android\Android Studio\jre\jre\bin\management.dll
0x00007ffa93fe0000 - 0x00007ffa93ff7000 	C:\Windows\SYSTEM32\CRYPTSP.dll
0x00007ffa93a00000 - 0x00007ffa93a33000 	C:\Windows\system32\rsaenh.dll
0x00007ffa94100000 - 0x00007ffa94125000 	C:\Windows\SYSTEM32\bcrypt.dll
0x00007ffa944a0000 - 0x00007ffa944c8000 	C:\Windows\SYSTEM32\USERENV.dll
0x00007ffa93fd0000 - 0x00007ffa93fdb000 	C:\Windows\SYSTEM32\CRYPTBASE.dll
0x00007ffa93ba0000 - 0x00007ffa93bd8000 	C:\Windows\SYSTEM32\IPHLPAPI.DLL
0x00007ffa95fe0000 - 0x00007ffa95fe8000 	C:\Windows\System32\NSI.dll
0x00007ffa8aef0000 - 0x00007ffa8af06000 	C:\Windows\SYSTEM32\dhcpcsvc6.DLL
0x00007ffa8b390000 - 0x00007ffa8b3aa000 	C:\Windows\SYSTEM32\dhcpcsvc.DLL
0x00007ffa93690000 - 0x00007ffa936c1000 	C:\Windows\SYSTEM32\ntmarta.dll
0x00007ffa778b0000 - 0x00007ffa778d4000 	E:\Program Files\Android\Android Studio\jre\jre\bin\sunec.dll
0x00007ffa93be0000 - 0x00007ffa93c9e000 	C:\Windows\SYSTEM32\DNSAPI.dll
0x00007ffa84f50000 - 0x00007ffa84f5a000 	C:\Windows\System32\rasadhlp.dll
0x00007ffa851b0000 - 0x00007ffa85222000 	C:\Windows\System32\fwpuclnt.dll
0x00007ffa8d5a0000 - 0x00007ffa8d5ab000 	E:\Program Files\Android\Android Studio\jre\jre\bin\sunmscapi.dll
0x00007ffa94d70000 - 0x00007ffa94f52000 	C:\Windows\System32\CRYPT32.dll
0x00007ffa945c0000 - 0x00007ffa945d2000 	C:\Windows\System32\MSASN1.dll

VM Arguments:
jvm_args: -Xmx1536m -Dfile.encoding=windows-1252 -Duser.country=US -Duser.language=en -Duser.variant 
java_command: org.gradle.launcher.daemon.bootstrap.GradleDaemon 4.6
java_class_path (initial): C:\Users\Denova\.gradle\wrapper\dists\gradle-4.6-all\bcst21l2brirad8k2ben1letg\gradle-4.6\lib\gradle-launcher-4.6.jar
Launcher Type: SUN_STANDARD

Environment Variables:
PATH=C:\Program Files (x86)\Common Files\Oracle\Java\javapath;C:\Program Files (x86)\Common Files\Intel\Shared Libraries\redist\intel64\compiler;C:\Windows\system32;C:\Windows;C:\Windows\System32\Wbem;C:\Windows\System32\WindowsPowerShell\v1.0\;C:\Windows\System32\OpenSSH\;C:\Program Files\Lenovo\Bluetooth Software\;C:\Program Files\Lenovo\Bluetooth Software\syswow64;C:\Program Files\Git\cmd;E:\Program Files\androidsdk\platform-tools;C:\Users\Denova\AppData\Local\Microsoft\WindowsApps;;C:\Users\Denova\AppData\Local\Programs\Fiddler
USERNAME=Denova
OS=Windows_NT
PROCESSOR_IDENTIFIER=Intel64 Family 6 Model 60 Stepping 3, GenuineIntel



---------------  S Y S T E M  ---------------

OS: Windows 10.0 , 64 bit Build 17134 (10.0.17134.753)

CPU:total 4 (initial active 4) (2 cores per cpu, 2 threads per core) family 6 model 60 stepping 3, cmov, cx8, fxsr, mmx, sse, sse2, sse3, ssse3, sse4.1, sse4.2, popcnt, avx, avx2, clmul, erms, lzcnt, ht, tsc, tscinvbit, bmi1, bmi2

Memory: 4k page, physical 8302956k(2236368k free), swap 10498580k(3580k free)

vm_info: OpenJDK 64-Bit Server VM (25.152-b06) for windows-amd64 JRE (1.8.0_152-release-1136-b06), built by "builder" with MS VC++ 10.0 (VS2010)

time: Wed May 29 13:10:41 2019
elapsed time: 1093 seconds (0d 0h 18m 13s)

