#
# There is insufficient memory for the Java Runtime Environment to continue.
# Native memory allocation (malloc) failed to allocate 1064896 bytes for Chunk::new
# Possible reasons:
#   The system is out of physical RAM or swap space
#   In 32 bit mode, the process size limit was hit
# Possible solutions:
#   Reduce memory load on the system
#   Increase physical memory or swap space
#   Check if swap backing store is full
#   Use 64 bit Java on a 64 bit OS
#   Decrease Java heap size (-Xmx/-Xms)
#   Decrease number of Java threads
#   Decrease Java thread stack sizes (-Xss)
#   Set larger code cache with -XX:ReservedCodeCacheSize=
# This output file may be truncated or incomplete.
#
#  Out of Memory Error (allocation.cpp:390), pid=7240, tid=0x0000000000003180
#
# JRE version: OpenJDK Runtime Environment (8.0_152-b02) (build 1.8.0_152-release-1024-b02)
# Java VM: OpenJDK 64-Bit Server VM (25.152-b02 mixed mode windows-amd64 compressed oops)
# Failed to write core dump. Minidumps are not enabled by default on client versions of Windows
#

---------------  T H R E A D  ---------------

Current thread (0x0000000016288000):  JavaThread "C2 CompilerThread0" daemon [_thread_in_native, id=12672, stack(0x00000000178e0000,0x00000000179e0000)]

Stack: [0x00000000178e0000,0x00000000179e0000]
[error occurred during error reporting (printing stack bounds), id 0xc0000005]

Native frames: (J=compiled Java code, j=interpreted, Vv=VM code, C=native code)


Current CompileTask:
C2:2151237 20510       4       com.android.tools.r8.ir.code.Phi::removeTrivialPhi (304 bytes)


---------------  P R O C E S S  ---------------

Java Threads: ( => current thread )
  0x000000001b90d800 JavaThread "pool-16-thread-2" [_thread_in_Java, id=12360, stack(0x0000000030cf0000,0x0000000030df0000)]
  0x000000001b90f000 JavaThread "pool-16-thread-1" [_thread_blocked, id=12244, stack(0x0000000030bf0000,0x0000000030cf0000)]
  0x000000001b90c000 JavaThread "pool-15-thread-2" [_thread_in_Java, id=9944, stack(0x0000000030af0000,0x0000000030bf0000)]
  0x000000001b90f800 JavaThread "pool-15-thread-1" [_thread_blocked, id=12804, stack(0x00000000309f0000,0x0000000030af0000)]
  0x000000001b90b000 JavaThread "pool-14-thread-2" [_thread_blocked, id=2064, stack(0x00000000308f0000,0x00000000309f0000)]
  0x000000001b911000 JavaThread "pool-14-thread-1" [_thread_blocked, id=8876, stack(0x00000000307f0000,0x00000000308f0000)]
  0x000000001b4bc800 JavaThread "pool-13-thread-2" [_thread_blocked, id=7612, stack(0x00000000306f0000,0x00000000307f0000)]
  0x000000001b4bb000 JavaThread "pool-13-thread-1" [_thread_blocked, id=4364, stack(0x00000000305f0000,0x00000000306f0000)]
  0x000000001b903800 JavaThread "ForkJoinPool.commonPool-worker-1" daemon [_thread_blocked, id=11344, stack(0x000000002fcf0000,0x000000002fdf0000)]
  0x000000001b912000 JavaThread "ForkJoinPool.commonPool-worker-0" daemon [_thread_blocked, id=4836, stack(0x000000002faf0000,0x000000002fbf0000)]
  0x000000001b90c800 JavaThread "ForkJoinPool.commonPool-worker-3" daemon [_thread_blocked, id=7336, stack(0x000000002f9f0000,0x000000002faf0000)]
  0x000000001b905000 JavaThread "Cache worker for Java compile cache (D:\AndroidStudioProjects\WoopeAndroid\AndroidWoope\.gradle\4.4\javaCompile)" [_thread_blocked, id=9520, stack(0x000000002f5f0000,0x000000002f6f0000)]
  0x000000001b90a800 JavaThread "Task worker for ':' Thread 3" [_thread_blocked, id=8720, stack(0x000000002f4f0000,0x000000002f5f0000)]
  0x000000001b902800 JavaThread "Task worker for ':' Thread 2" [_thread_blocked, id=3812, stack(0x000000002f3f0000,0x000000002f4f0000)]
  0x000000001b906800 JavaThread "Task worker for ':'" [_thread_blocked, id=6720, stack(0x000000002f2f0000,0x000000002f3f0000)]
  0x000000001b909800 JavaThread "Cache worker for Build Output Cleanup Cache (D:\AndroidStudioProjects\WoopeAndroid\AndroidWoope\.gradle\buildOutputCleanup)" [_thread_blocked, id=10968, stack(0x000000002f1f0000,0x000000002f2f0000)]
  0x000000001b906000 JavaThread "Cache worker for task history cache (D:\AndroidStudioProjects\WoopeAndroid\AndroidWoope\.gradle\4.4\taskHistory)" [_thread_blocked, id=7820, stack(0x000000002f0f0000,0x000000002f1f0000)]
  0x000000001b908000 JavaThread "Cache worker for file content cache (D:\AndroidStudioProjects\WoopeAndroid\AndroidWoope\.gradle\4.4\fileContent)" [_thread_blocked, id=1588, stack(0x000000002eff0000,0x000000002f0f0000)]
  0x000000001988f800 JavaThread "build operations Thread 4" [_thread_blocked, id=7108, stack(0x000000002edf0000,0x000000002eef0000)]
  0x0000000019894800 JavaThread "build operations Thread 3" [_thread_blocked, id=4000, stack(0x000000002ecf0000,0x000000002edf0000)]
  0x000000001988d000 JavaThread "build operations Thread 2" [_thread_blocked, id=6708, stack(0x000000002ebf0000,0x000000002ecf0000)]
  0x0000000019894000 JavaThread "build operations" [_thread_blocked, id=6928, stack(0x000000002eaf0000,0x000000002ebf0000)]
  0x0000000019891800 JavaThread "Cache worker for Artifact transforms cache (C:\Users\Denova\.gradle\caches\transforms-1)" [_thread_blocked, id=1936, stack(0x000000002e9f0000,0x000000002eaf0000)]
  0x0000000019893000 JavaThread "Cache worker for file hash cache (D:\AndroidStudioProjects\WoopeAndroid\AndroidWoope\.gradle\4.4\fileHashes)" [_thread_blocked, id=948, stack(0x000000002e8f0000,0x000000002e9f0000)]
  0x0000000019885800 JavaThread "Stdin handler" [_thread_blocked, id=8852, stack(0x000000002e7f0000,0x000000002e8f0000)]
  0x000000001988c800 JavaThread "Asynchronous log dispatcher for DefaultDaemonConnection: socket connection from /127.0.0.1:6702 to /127.0.0.1:6855" [_thread_blocked, id=12460, stack(0x000000002e6f0000,0x000000002e7f0000)]
  0x0000000019888800 JavaThread "Daemon worker Thread 4" [_thread_blocked, id=11052, stack(0x000000002e5f0000,0x000000002e6f0000)]
  0x0000000019886800 JavaThread "Cancel handler" [_thread_blocked, id=5412, stack(0x000000002e4f0000,0x000000002e5f0000)]
  0x0000000019887000 JavaThread "Handler for socket connection from /127.0.0.1:6702 to /127.0.0.1:6855" [_thread_in_native, id=10676, stack(0x000000002e3f0000,0x000000002e4f0000)]
  0x0000000019888000 JavaThread "Daemon Thread 4" [_thread_blocked, id=3808, stack(0x000000002e2f0000,0x000000002e3f0000)]
  0x000000001b4bf000 JavaThread "Memory manager" [_thread_blocked, id=11312, stack(0x00000000218f0000,0x00000000219f0000)]
  0x000000001b4be000 JavaThread "pool-1-thread-1" [_thread_blocked, id=804, stack(0x00000000215f0000,0x00000000216f0000)]
  0x0000000019452000 JavaThread "File lock request listener" [_thread_in_native, id=12264, stack(0x000000001ad20000,0x000000001ae20000)]
  0x0000000019341000 JavaThread "Cache worker for file hash cache (C:\Users\Denova\.gradle\caches\4.4\fileHashes)" [_thread_blocked, id=6208, stack(0x000000001ac20000,0x000000001ad20000)]
  0x0000000018fd2800 JavaThread "Daemon periodic checks" [_thread_blocked, id=6868, stack(0x000000001a120000,0x000000001a220000)]
  0x00000000190e5000 JavaThread "Incoming local TCP Connector on port 6702" [_thread_in_native, id=12104, stack(0x0000000019ef0000,0x0000000019ff0000)]
  0x00000000162de800 JavaThread "Service Thread" daemon [_thread_blocked, id=12948, stack(0x0000000017fe0000,0x00000000180e0000)]
  0x000000001628f800 JavaThread "C1 CompilerThread2" daemon [_thread_in_vm, id=460, stack(0x0000000017ee0000,0x0000000017fe0000)]
  0x000000001628b000 JavaThread "C2 CompilerThread1" daemon [_thread_in_native, id=7836, stack(0x00000000179e0000,0x0000000017ae0000)]
=>0x0000000016288000 JavaThread "C2 CompilerThread0" daemon [_thread_in_native, id=12672, stack(0x00000000178e0000,0x00000000179e0000)]
  0x0000000016287000 JavaThread "Attach Listener" daemon [_thread_blocked, id=2664, stack(0x00000000177e0000,0x00000000178e0000)]
  0x00000000162d3800 JavaThread "Signal Dispatcher" daemon [_thread_blocked, id=11348, stack(0x00000000176e0000,0x00000000177e0000)]
  0x0000000016268000 JavaThread "Finalizer" daemon [_thread_blocked, id=4464, stack(0x00000000174f0000,0x00000000175f0000)]
  0x0000000002903800 JavaThread "Reference Handler" daemon [_thread_blocked, id=10592, stack(0x00000000173f0000,0x00000000174f0000)]
  0x0000000000f1e000 JavaThread "main" [_thread_blocked, id=5600, stack(0x0000000002710000,0x0000000002810000)]

Other Threads:
  0x0000000016244000 VMThread [stack: 0x00000000172f0000,0x00000000173f0000] [id=11556]
  0x0000000017b5e000 WatcherThread [stack: 0x00000000180e0000,0x00000000181e0000] [id=12212]

VM state:not at safepoint (normal execution)

VM Mutex/Monitor currently owned by a thread:  ([mutex/lock_event])
[0x00000000028110d0] MethodData_lock - owner thread: 0x000000001628f800

Heap:
 PSYoungGen      total 280064K, used 247670K [0x00000000e0000000, 0x00000000f8b00000, 0x0000000100000000)
  eden space 245248K, 99% used [0x00000000e0000000,0x00000000eedb2398,0x00000000eef80000)
  from space 34816K, 12% used [0x00000000eef80000,0x00000000ef3ab768,0x00000000f1180000)
  to   space 35328K, 0% used [0x00000000f6880000,0x00000000f6880000,0x00000000f8b00000)
 ParOldGen       total 143872K, used 101409K [0x00000000a0000000, 0x00000000a8c80000, 0x00000000e0000000)
  object space 143872K, 70% used [0x00000000a0000000,0x00000000a6308520,0x00000000a8c80000)
 Metaspace       used 84916K, capacity 89166K, committed 89344K, reserved 1126400K
  class space    used 10662K, capacity 11485K, committed 11520K, reserved 1048576K

Card table byte_map: [0x0000000011cd0000,0x0000000011fe0000] byte_map_base: 0x00000000117d0000

Marking Bits: (ParMarkBitMap*) 0x00000000734b4970
 Begin Bits: [0x00000000125e0000, 0x0000000013de0000)
 End Bits:   [0x0000000013de0000, 0x00000000155e0000)

Polling page: 0x0000000000e90000

CodeCache: size=245760Kb used=60186Kb max_used=60186Kb free=185573Kb
 bounds [0x0000000002910000, 0x0000000006430000, 0x0000000011910000]
 total_blobs=17474 nmethods=16621 adapters=763
 compilation: enabled

Compilation events (10 events):
Event: 2150.885 Thread 0x000000001628f800 nmethod 20848 0x000000000640a310 code [0x000000000640a460, 0x000000000640a570]
Event: 2150.885 Thread 0x000000001628f800 20845       1       com.android.tools.r8.ir.code.ArrayPut::asArrayPut (2 bytes)
Event: 2150.885 Thread 0x000000001628f800 nmethod 20845 0x000000000640a5d0 code [0x000000000640a720, 0x000000000640a830]
Event: 2150.885 Thread 0x000000001628f800 20849       2       com.android.tools.r8.com.google.common.collect.RegularImmutableSet::size (6 bytes)
Event: 2150.885 Thread 0x000000001628f800 nmethod 20849 0x000000000640a890 code [0x000000000640a9e0, 0x000000000640ab30]
Event: 2150.885 Thread 0x000000001628f800 20850       2       com.android.tools.r8.ir.optimize.DeadCodeRemover::updateWorklist (81 bytes)
Event: 2150.886 Thread 0x000000001628f800 nmethod 20850 0x000000000640abd0 code [0x000000000640ada0, 0x000000000640b178]
Event: 2150.886 Thread 0x000000001628f800 20846       2       com.android.tools.r8.ir.analysis.constant.SparseConditionalConstantPropagation$$Lambda$633/1790135441::accept (16 bytes)
Event: 2150.886 Thread 0x000000001628f800 nmethod 20846 0x000000000640b450 code [0x000000000640b5c0, 0x000000000640b7a8]
Event: 2150.887 Thread 0x000000001628f800 20847       2       com.android.tools.r8.ir.analysis.constant.SparseConditionalConstantPropagation::lambda$rewriteCode$3 (188 bytes)

GC Heap History (10 events):
Event: 2128.254 GC heap before
{Heap before GC invocations=20 (full 3):
 PSYoungGen      total 208384K, used 202623K [0x00000000e0000000, 0x00000000eea80000, 0x0000000100000000)
  eden space 190976K, 100% used [0x00000000e0000000,0x00000000eba80000,0x00000000eba80000)
  from space 17408K, 66% used [0x00000000ed980000,0x00000000ee4dfcf0,0x00000000eea80000)
  to   space 24576K, 0% used [0x00000000eba80000,0x00000000eba80000,0x00000000ed280000)
 ParOldGen       total 143872K, used 64956K [0x00000000a0000000, 0x00000000a8c80000, 0x00000000e0000000)
  object space 143872K, 45% used [0x00000000a0000000,0x00000000a3f6f398,0x00000000a8c80000)
 Metaspace       used 73850K, capacity 76676K, committed 76800K, reserved 1116160K
  class space    used 9272K, capacity 9904K, committed 9984K, reserved 1048576K
Event: 2128.300 GC heap after
Heap after GC invocations=20 (full 3):
 PSYoungGen      total 209408K, used 24565K [0x00000000e0000000, 0x00000000ef280000, 0x0000000100000000)
  eden space 184832K, 0% used [0x00000000e0000000,0x00000000e0000000,0x00000000eb480000)
  from space 24576K, 99% used [0x00000000eba80000,0x00000000ed27d798,0x00000000ed280000)
  to   space 31744K, 0% used [0x00000000ed380000,0x00000000ed380000,0x00000000ef280000)
 ParOldGen       total 143872K, used 75320K [0x00000000a0000000, 0x00000000a8c80000, 0x00000000e0000000)
  object space 143872K, 52% used [0x00000000a0000000,0x00000000a498e188,0x00000000a8c80000)
 Metaspace       used 73850K, capacity 76676K, committed 76800K, reserved 1116160K
  class space    used 9272K, capacity 9904K, committed 9984K, reserved 1048576K
}
Event: 2132.184 GC heap before
{Heap before GC invocations=21 (full 3):
 PSYoungGen      total 209408K, used 208731K [0x00000000e0000000, 0x00000000ef280000, 0x0000000100000000)
  eden space 184832K, 99% used [0x00000000e0000000,0x00000000eb3d94d8,0x00000000eb480000)
  from space 24576K, 99% used [0x00000000eba80000,0x00000000ed27d798,0x00000000ed280000)
  to   space 31744K, 0% used [0x00000000ed380000,0x00000000ed380000,0x00000000ef280000)
 ParOldGen       total 143872K, used 75320K [0x00000000a0000000, 0x00000000a8c80000, 0x00000000e0000000)
  object space 143872K, 52% used [0x00000000a0000000,0x00000000a498e188,0x00000000a8c80000)
 Metaspace       used 75048K, capacity 78050K, committed 78208K, reserved 1118208K
  class space    used 9422K, capacity 10075K, committed 10112K, reserved 1048576K
Event: 2132.243 GC heap after
Heap after GC invocations=21 (full 3):
 PSYoungGen      total 210432K, used 26826K [0x00000000e0000000, 0x00000000ef200000, 0x0000000100000000)
  eden space 179200K, 0% used [0x00000000e0000000,0x00000000e0000000,0x00000000eaf00000)
  from space 31232K, 85% used [0x00000000ed380000,0x00000000eedb2898,0x00000000ef200000)
  to   space 34304K, 0% used [0x00000000eaf00000,0x00000000eaf00000,0x00000000ed080000)
 ParOldGen       total 143872K, used 77840K [0x00000000a0000000, 0x00000000a8c80000, 0x00000000e0000000)
  object space 143872K, 54% used [0x00000000a0000000,0x00000000a4c041c8,0x00000000a8c80000)
 Metaspace       used 75048K, capacity 78050K, committed 78208K, reserved 1118208K
  class space    used 9422K, capacity 10075K, committed 10112K, reserved 1048576K
}
Event: 2132.271 GC heap before
{Heap before GC invocations=22 (full 3):
 PSYoungGen      total 210432K, used 205936K [0x00000000e0000000, 0x00000000ef200000, 0x0000000100000000)
  eden space 179200K, 99% used [0x00000000e0000000,0x00000000eaee98e8,0x00000000eaf00000)
  from space 31232K, 85% used [0x00000000ed380000,0x00000000eedb2898,0x00000000ef200000)
  to   space 34304K, 0% used [0x00000000eaf00000,0x00000000eaf00000,0x00000000ed080000)
 ParOldGen       total 143872K, used 77840K [0x00000000a0000000, 0x00000000a8c80000, 0x00000000e0000000)
  object space 143872K, 54% used [0x00000000a0000000,0x00000000a4c041c8,0x00000000a8c80000)
 Metaspace       used 75059K, capacity 78050K, committed 78208K, reserved 1118208K
  class space    used 9422K, capacity 10075K, committed 10112K, reserved 1048576K
Event: 2132.313 GC heap after
Heap after GC invocations=22 (full 3):
 PSYoungGen      total 213504K, used 25491K [0x00000000e0000000, 0x00000000f3580000, 0x0000000100000000)
  eden space 179200K, 0% used [0x00000000e0000000,0x00000000e0000000,0x00000000eaf00000)
  from space 34304K, 74% used [0x00000000eaf00000,0x00000000ec7e4f98,0x00000000ed080000)
  to   space 36352K, 0% used [0x00000000f1200000,0x00000000f1200000,0x00000000f3580000)
 ParOldGen       total 143872K, used 77848K [0x00000000a0000000, 0x00000000a8c80000, 0x00000000e0000000)
  object space 143872K, 54% used [0x00000000a0000000,0x00000000a4c061c8,0x00000000a8c80000)
 Metaspace       used 75059K, capacity 78050K, committed 78208K, reserved 1118208K
  class space    used 9422K, capacity 10075K, committed 10112K, reserved 1048576K
}
Event: 2132.407 GC heap before
{Heap before GC invocations=23 (full 3):
 PSYoungGen      total 213504K, used 204691K [0x00000000e0000000, 0x00000000f3580000, 0x0000000100000000)
  eden space 179200K, 100% used [0x00000000e0000000,0x00000000eaf00000,0x00000000eaf00000)
  from space 34304K, 74% used [0x00000000eaf00000,0x00000000ec7e4f98,0x00000000ed080000)
  to   space 36352K, 0% used [0x00000000f1200000,0x00000000f1200000,0x00000000f3580000)
 ParOldGen       total 143872K, used 77848K [0x00000000a0000000, 0x00000000a8c80000, 0x00000000e0000000)
  object space 143872K, 54% used [0x00000000a0000000,0x00000000a4c061c8,0x00000000a8c80000)
 Metaspace       used 75153K, capacity 78158K, committed 78208K, reserved 1118208K
  class space    used 9440K, capacity 10085K, committed 10112K, reserved 1048576K
Event: 2132.450 GC heap after
Heap after GC invocations=23 (full 3):
 PSYoungGen      total 279552K, used 18734K [0x00000000e0000000, 0x00000000f3380000, 0x0000000100000000)
  eden space 245248K, 0% used [0x00000000e0000000,0x00000000e0000000,0x00000000eef80000)
  from space 34304K, 54% used [0x00000000f1200000,0x00000000f244b9f8,0x00000000f3380000)
  to   space 34816K, 0% used [0x00000000eef80000,0x00000000eef80000,0x00000000f1180000)
 ParOldGen       total 143872K, used 83046K [0x00000000a0000000, 0x00000000a8c80000, 0x00000000e0000000)
  object space 143872K, 57% used [0x00000000a0000000,0x00000000a51198f8,0x00000000a8c80000)
 Metaspace       used 75153K, capacity 78158K, committed 78208K, reserved 1118208K
  class space    used 9440K, capacity 10085K, committed 10112K, reserved 1048576K
}
Event: 2141.862 GC heap before
{Heap before GC invocations=24 (full 3):
 PSYoungGen      total 279552K, used 263982K [0x00000000e0000000, 0x00000000f3380000, 0x0000000100000000)
  eden space 245248K, 100% used [0x00000000e0000000,0x00000000eef80000,0x00000000eef80000)
  from space 34304K, 54% used [0x00000000f1200000,0x00000000f244b9f8,0x00000000f3380000)
  to   space 34816K, 0% used [0x00000000eef80000,0x00000000eef80000,0x00000000f1180000)
 ParOldGen       total 143872K, used 83046K [0x00000000a0000000, 0x00000000a8c80000, 0x00000000e0000000)
  object space 143872K, 57% used [0x00000000a0000000,0x00000000a51198f8,0x00000000a8c80000)
 Metaspace       used 76621K, capacity 79982K, committed 80256K, reserved 1120256K
  class space    used 9630K, capacity 10317K, committed 10368K, reserved 1048576K
Event: 2141.898 GC heap after
Heap after GC invocations=24 (full 3):
 PSYoungGen      total 280064K, used 4269K [0x00000000e0000000, 0x00000000f8b00000, 0x0000000100000000)
  eden space 245248K, 0% used [0x00000000e0000000,0x00000000e0000000,0x00000000eef80000)
  from space 34816K, 12% used [0x00000000eef80000,0x00000000ef3ab768,0x00000000f1180000)
  to   space 35328K, 0% used [0x00000000f6880000,0x00000000f6880000,0x00000000f8b00000)
 ParOldGen       total 143872K, used 101409K [0x00000000a0000000, 0x00000000a8c80000, 0x00000000e0000000)
  object space 143872K, 70% used [0x00000000a0000000,0x00000000a6308520,0x00000000a8c80000)
 Metaspace       used 76621K, capacity 79982K, committed 80256K, reserved 1120256K
  class space    used 9630K, capacity 10317K, committed 10368K, reserved 1048576K
}

Deoptimization events (10 events):
Event: 2150.001 Thread 0x000000001b90f800 Uncommon trap: reason=unstable_if action=reinterpret pc=0x000000000616711c method=com.android.tools.r8.ir.code.ValueType.isWide()Z @ 4
Event: 2150.055 Thread 0x000000001b90f000 Uncommon trap: reason=unstable_if action=reinterpret pc=0x00000000061e8cb4 method=com.android.tools.r8.ir.regalloc.LiveIntervals.getSplitCovering(I)Lcom/android/tools/r8/ir/regalloc/LiveIntervals; @ 45
Event: 2150.258 Thread 0x000000001b90e000 Uncommon trap: reason=bimorphic action=maybe_recompile pc=0x0000000006186d20 method=com.android.tools.r8.com.google.common.collect.AbstractIndexedListIterator.next()Ljava/lang/Object; @ 27
Event: 2150.258 Thread 0x000000001b90e000 Uncommon trap: reason=bimorphic action=maybe_recompile pc=0x0000000006186d20 method=com.android.tools.r8.com.google.common.collect.AbstractIndexedListIterator.next()Ljava/lang/Object; @ 27
Event: 2150.311 Thread 0x000000001b912000 Uncommon trap: reason=unstable_if action=reinterpret pc=0x000000000313edc4 method=java.lang.StringBuffer.toString()Ljava/lang/String; @ 4
Event: 2150.318 Thread 0x000000001b912000 Uncommon trap: reason=array_check action=maybe_recompile pc=0x0000000003eba114 method=java.util.TimSort.reverseRange([Ljava/lang/Object;II)V @ 27
Event: 2150.322 Thread 0x000000001b90e000 Uncommon trap: reason=bimorphic action=maybe_recompile pc=0x0000000006186d20 method=com.android.tools.r8.com.google.common.collect.AbstractIndexedListIterator.next()Ljava/lang/Object; @ 27
Event: 2150.339 Thread 0x000000001b90c800 Uncommon trap: reason=unstable_if action=reinterpret pc=0x000000000313edc4 method=java.lang.StringBuffer.toString()Ljava/lang/String; @ 4
Event: 2150.341 Thread 0x000000001b90c800 Uncommon trap: reason=array_check action=maybe_recompile pc=0x0000000003eba114 method=java.util.TimSort.reverseRange([Ljava/lang/Object;II)V @ 27
Event: 2150.723 Thread 0x000000001b90c800 Uncommon trap: reason=unstable_if action=reinterpret pc=0x00000000036a101c method=sun.nio.fs.WindowsPathParser.isSlash(C)Z @ 9

Classes redefined (0 events):
No events

Internal exceptions (10 events):
Event: 2148.325 Thread 0x000000001b906800 Exception <a 'sun/nio/fs/WindowsException'> (0x00000000e8cadb50) thrown at [D:\src\AOSP-openjdk-cygwin\jdk8u\hotspot\src\share\vm\prims\jni.cpp, line 709]
Event: 2148.349 Thread 0x000000001b906800 Exception <a 'sun/nio/fs/WindowsException'> (0x00000000e8ce0fe0) thrown at [D:\src\AOSP-openjdk-cygwin\jdk8u\hotspot\src\share\vm\prims\jni.cpp, line 709]
Event: 2148.365 Thread 0x000000001b906800 Exception <a 'sun/nio/fs/WindowsException'> (0x00000000e8d12708) thrown at [D:\src\AOSP-openjdk-cygwin\jdk8u\hotspot\src\share\vm\prims\jni.cpp, line 709]
Event: 2148.381 Thread 0x000000001b906800 Exception <a 'sun/nio/fs/WindowsException'> (0x00000000e8d43290) thrown at [D:\src\AOSP-openjdk-cygwin\jdk8u\hotspot\src\share\vm\prims\jni.cpp, line 709]
Event: 2148.411 Thread 0x000000001b906800 Exception <a 'sun/nio/fs/WindowsException'> (0x00000000e8d73c20) thrown at [D:\src\AOSP-openjdk-cygwin\jdk8u\hotspot\src\share\vm\prims\jni.cpp, line 709]
Event: 2148.426 Thread 0x000000001b906800 Exception <a 'sun/nio/fs/WindowsException'> (0x00000000e8da4ab0) thrown at [D:\src\AOSP-openjdk-cygwin\jdk8u\hotspot\src\share\vm\prims\jni.cpp, line 709]
Event: 2148.440 Thread 0x000000001b906800 Exception <a 'sun/nio/fs/WindowsException'> (0x00000000e8dea120) thrown at [D:\src\AOSP-openjdk-cygwin\jdk8u\hotspot\src\share\vm\prims\jni.cpp, line 709]
Event: 2148.527 Thread 0x000000001b912000 Exception <a 'java/lang/NoSuchMethodError': java.lang.Object.lambda$static$0(Ljava/lang/String;)Z> (0x00000000e8f52c80) thrown at [D:\src\AOSP-openjdk-cygwin\jdk8u\hotspot\src\share\vm\interpreter\linkResolver.cpp, line 584]
Event: 2150.739 Thread 0x000000001b90c800 Exception <a 'sun/nio/fs/WindowsException'> (0x00000000ee007f00) thrown at [D:\src\AOSP-openjdk-cygwin\jdk8u\hotspot\src\share\vm\prims\jni.cpp, line 709]
Event: 2150.846 Thread 0x000000001b903800 Exception <a 'sun/nio/fs/WindowsException'> (0x00000000ee68e778) thrown at [D:\src\AOSP-openjdk-cygwin\jdk8u\hotspot\src\share\vm\prims\jni.cpp, line 709]

Events (10 events):
Event: 2150.823 loading class com/android/tools/r8/ir/optimize/CodeRewriter$InstructionBuilder
Event: 2150.823 loading class com/android/tools/r8/ir/optimize/CodeRewriter$InstructionBuilder done
Event: 2150.824 loading class com/android/tools/r8/ir/code/BasicBlock
Event: 2150.824 loading class com/android/tools/r8/ir/code/BasicBlock done
Event: 2150.835 Executing VM operation: RevokeBias
Event: 2150.836 Executing VM operation: RevokeBias done
Event: 2150.836 Thread 0x000000001b90e000 Thread exited: 0x000000001b90e000
Event: 2150.847 Thread 0x000000001b90f800 Thread added: 0x000000001b90f800
Event: 2150.847 Thread 0x000000001b90c000 Thread added: 0x000000001b90c000
Event: 2150.847 Thread 0x000000001b90f000 Thread exited: 0x000000001b90f000


Dynamic libraries:
0x00007ff7e7950000 - 0x00007ff7e7981000 	E:\Program Files\Android\Android Studio\jre\bin\java.exe
0x00007ffcdf6f0000 - 0x00007ffcdf8c1000 	C:\Windows\SYSTEM32\ntdll.dll
0x00007ffcdf600000 - 0x00007ffcdf6ab000 	C:\Windows\System32\KERNEL32.DLL
0x00007ffcdc4c0000 - 0x00007ffcdc6dd000 	C:\Windows\System32\KERNELBASE.dll
0x00007ffcdf280000 - 0x00007ffcdf322000 	C:\Windows\System32\ADVAPI32.dll
0x00007ffcdeab0000 - 0x00007ffcdeb4e000 	C:\Windows\System32\msvcrt.dll
0x00007ffcdf330000 - 0x00007ffcdf389000 	C:\Windows\System32\sechost.dll
0x00007ffcdf390000 - 0x00007ffcdf4b1000 	C:\Windows\System32\RPCRT4.dll
0x00007ffcdcdc0000 - 0x00007ffcdcf25000 	C:\Windows\System32\USER32.dll
0x00007ffcdc950000 - 0x00007ffcdc96e000 	C:\Windows\System32\win32u.dll
0x00007ffcdcc80000 - 0x00007ffcdccb4000 	C:\Windows\System32\GDI32.dll
0x00007ffcdca40000 - 0x00007ffcdcbc2000 	C:\Windows\System32\gdi32full.dll
0x00007ffccee60000 - 0x00007ffccf0d9000 	C:\Windows\WinSxS\amd64_microsoft.windows.common-controls_6595b64144ccf1df_6.0.14393.0_none_2d0f50fcbdb171b8\COMCTL32.dll
0x00007ffcdd070000 - 0x00007ffcdd337000 	C:\Windows\System32\combase.dll
0x00007ffcdbbe0000 - 0x00007ffcdbcd5000 	C:\Windows\System32\ucrtbase.dll
0x00007ffcdc9d0000 - 0x00007ffcdca3a000 	C:\Windows\System32\bcryptPrimitives.dll
0x00007ffcdf6b0000 - 0x00007ffcdf6de000 	C:\Windows\System32\IMM32.DLL
0x0000000071f90000 - 0x0000000072062000 	E:\Program Files\Android\Android Studio\jre\jre\bin\msvcr100.dll
0x0000000072cf0000 - 0x000000007352f000 	E:\Program Files\Android\Android Studio\jre\jre\bin\server\jvm.dll
0x00007ffcdeaa0000 - 0x00007ffcdeaa8000 	C:\Windows\System32\PSAPI.DLL
0x00007ffcd31c0000 - 0x00007ffcd31ca000 	C:\Windows\SYSTEM32\VERSION.dll
0x00007ffcd9860000 - 0x00007ffcd9883000 	C:\Windows\SYSTEM32\WINMM.dll
0x00007ffcd9950000 - 0x00007ffcd9959000 	C:\Windows\SYSTEM32\WSOCK32.dll
0x00007ffcde9b0000 - 0x00007ffcdea1a000 	C:\Windows\System32\WS2_32.dll
0x00007ffcd9800000 - 0x00007ffcd982b000 	C:\Windows\SYSTEM32\WINMMBASE.dll
0x00007ffcdc470000 - 0x00007ffcdc4b2000 	C:\Windows\System32\cfgmgr32.dll
0x00007ffcd8690000 - 0x00007ffcd869f000 	E:\Program Files\Android\Android Studio\jre\jre\bin\verify.dll
0x00007ffcd8660000 - 0x00007ffcd8689000 	E:\Program Files\Android\Android Studio\jre\jre\bin\java.dll
0x00007ffccfc60000 - 0x00007ffccfc76000 	E:\Program Files\Android\Android Studio\jre\jre\bin\zip.dll
0x00007ffcdd4a0000 - 0x00007ffcde9a8000 	C:\Windows\System32\SHELL32.dll
0x00007ffcdbce0000 - 0x00007ffcdc3ba000 	C:\Windows\System32\windows.storage.dll
0x00007ffcdbb90000 - 0x00007ffcdbbdc000 	C:\Windows\System32\powrprof.dll
0x00007ffcdea20000 - 0x00007ffcdea72000 	C:\Windows\System32\shlwapi.dll
0x00007ffcdbb70000 - 0x00007ffcdbb7f000 	C:\Windows\System32\kernel.appcore.dll
0x00007ffcdcbd0000 - 0x00007ffcdcc79000 	C:\Windows\System32\shcore.dll
0x00007ffcdbb50000 - 0x00007ffcdbb64000 	C:\Windows\System32\profapi.dll
0x00007ffcce520000 - 0x00007ffcce53a000 	E:\Program Files\Android\Android Studio\jre\jre\bin\net.dll
0x00007ffcdb380000 - 0x00007ffcdb3dc000 	C:\Windows\system32\mswsock.dll
0x00007ffcce080000 - 0x00007ffcce091000 	E:\Program Files\Android\Android Studio\jre\jre\bin\nio.dll
0x00007ffcbdb60000 - 0x00007ffcbdb7e000 	C:\Users\Denova\.gradle\native\25\windows-amd64\native-platform.dll
0x00007ffcd8f00000 - 0x00007ffcd8f0d000 	E:\Program Files\Android\Android Studio\jre\jre\bin\management.dll
0x00007ffcdb620000 - 0x00007ffcdb637000 	C:\Windows\SYSTEM32\CRYPTSP.dll
0x00007ffcdb500000 - 0x00007ffcdb533000 	C:\Windows\system32\rsaenh.dll
0x00007ffcdb730000 - 0x00007ffcdb75b000 	C:\Windows\SYSTEM32\bcrypt.dll
0x00007ffcdb200000 - 0x00007ffcdb21f000 	C:\Windows\SYSTEM32\USERENV.dll
0x00007ffcdb640000 - 0x00007ffcdb64b000 	C:\Windows\SYSTEM32\CRYPTBASE.dll
0x00007ffcdb110000 - 0x00007ffcdb148000 	C:\Windows\SYSTEM32\IPHLPAPI.DLL
0x00007ffcdd060000 - 0x00007ffcdd068000 	C:\Windows\System32\NSI.dll
0x00007ffcd31f0000 - 0x00007ffcd3206000 	C:\Windows\SYSTEM32\dhcpcsvc6.DLL
0x00007ffcd31d0000 - 0x00007ffcd31ea000 	C:\Windows\SYSTEM32\dhcpcsvc.DLL
0x00007ffcdb150000 - 0x00007ffcdb1f0000 	C:\Windows\SYSTEM32\DNSAPI.dll
0x0000000075910000 - 0x0000000075945000 	C:\Program Files\Bonjour\mdnsNSP.dll
0x00007ffcccdc0000 - 0x00007ffcccdca000 	C:\Windows\System32\rasadhlp.dll
0x00007ffcce740000 - 0x00007ffcce7aa000 	C:\Windows\System32\fwpuclnt.dll
0x00007ffcccc40000 - 0x00007ffcccc64000 	E:\Program Files\Android\Android Studio\jre\jre\bin\sunec.dll
0x00007ffccf3f0000 - 0x00007ffccf3fb000 	E:\Program Files\Android\Android Studio\jre\jre\bin\sunmscapi.dll
0x00007ffcdc6e0000 - 0x00007ffcdc8a8000 	C:\Windows\System32\CRYPT32.dll
0x00007ffcdbb80000 - 0x00007ffcdbb90000 	C:\Windows\System32\MSASN1.dll
0x00007ffcdaf60000 - 0x00007ffcdaf92000 	C:\Windows\SYSTEM32\ntmarta.dll

VM Arguments:
jvm_args: -Xmx1536m -Dfile.encoding=windows-1256 -Duser.country=US -Duser.language=en -Duser.variant 
java_command: org.gradle.launcher.daemon.bootstrap.GradleDaemon 4.4
java_class_path (initial): C:\Users\Denova\.gradle\wrapper\dists\gradle-4.4-all\9br9xq1tocpiv8o6njlyu5op1\gradle-4.4\lib\gradle-launcher-4.4.jar
Launcher Type: SUN_STANDARD

Environment Variables:
JAVA_HOME=C:\Program Files\Java\jre-9.0.1
PATH=C:\Program Files (x86)\Common Files\Intel\Shared Libraries\redist\intel64_win\compiler;C:\ProgramData\Oracle\Java\javapath;C:\Windows\system32;C:\Windows;C:\Windows\System32\Wbem;C:\Windows\System32\WindowsPowerShell\v1.0\;C:\Program Files (x86)\AMD\ATI.ACE\Core-Static;C:\Program Files\Lenovo\Bluetooth Software\;C:\Program Files\Lenovo\Bluetooth Software\syswow64;C:\Users\Denova\.dnx\bin;C:\Program Files\Microsoft DNX\Dnvm\;C:\Program Files\Microsoft SQL Server\130\Tools\Binn\;C:\Windows\system32\config\systemprofile\.dnx\bin;C:\Users\Denova\AppData\Local\Microsoft\WindowsApps;D:\Program Files\androidsdk\platform-tools;C:\Users\Denova\AppData\Local\atom\bin;C:\adb;C:\Program Files\Git\cmd;C:\ProgramData\Oracle\Java\javapath;C:\Windows\system32;C:\Windows;C:\Windows\System32\Wbem;C:\Windows\System32\WindowsPowerShell\v1.0\;C:\Program Files (x86)\AMD\ATI.ACE\Core-Static;C:\Program Files\Lenovo\Bluetooth Software\;C:\Program Files\Lenovo\Bluetooth Software\syswow64;C:\Windows\system32\config\systemprofile\.dnx\bin;C:\Program Files\Microsoft DNX\Dnvm\;C:\Program Files\Microsoft SQL Server\130\Tools\Binn\;C:\Users\Denova\AppData\Local\Microsoft\WindowsApps;D:\Program Files\androidsdk\platform-tools;C:\Users\Denova\AppData\Local\atom\bin;C:\Users\Denova\AppData\Local\Programs\Fiddler
USERNAME=Denova
OS=Windows_NT
PROCESSOR_IDENTIFIER=Intel64 Family 6 Model 60 Stepping 3, GenuineIntel



---------------  S Y S T E M  ---------------

OS: Windows 10.0 , 64 bit Build 14393 (10.0.14393.0)

CPU:total 4 (initial active 4) (2 cores per cpu, 2 threads per core) family 6 model 60 stepping 3, cmov, cx8, fxsr, mmx, sse, sse2, sse3, ssse3, sse4.1, sse4.2, popcnt, avx, avx2, clmul, erms, lzcnt, ht, tsc, tscinvbit, bmi1, bmi2

Memory: 4k page, physical 8302956k(1891344k free), swap 8718020k(3732k free)

vm_info: OpenJDK 64-Bit Server VM (25.152-b02) for windows-amd64 JRE (1.8.0_152-release-1024-b02), built by "builder" with MS VC++ 10.0 (VS2010)

time: Mon Aug 06 17:34:24 2018
elapsed time: 2150 seconds (0d 0h 35m 50s)

