#
# There is insufficient memory for the Java Runtime Environment to continue.
# Native memory allocation (malloc) failed to allocate 32744 bytes for ChunkPool::allocate
# Possible reasons:
#   The system is out of physical RAM or swap space
#   In 32 bit mode, the process size limit was hit
# Possible solutions:
#   Reduce memory load on the system
#   Increase physical memory or swap space
#   Check if swap backing store is full
#   Use 64 bit Java on a 64 bit OS
#   Decrease Java heap size (-Xmx/-Xms)
#   Decrease number of Java threads
#   Decrease Java thread stack sizes (-Xss)
#   Set larger code cache with -XX:ReservedCodeCacheSize=
# This output file may be truncated or incomplete.
#
#  Out of Memory Error (allocation.cpp:273), pid=10256, tid=0x000000000000316c
#
# JRE version: OpenJDK Runtime Environment (8.0_152-b06) (build 1.8.0_152-release-1136-b06)
# Java VM: OpenJDK 64-Bit Server VM (25.152-b06 mixed mode windows-amd64 compressed oops)
# Failed to write core dump. Minidumps are not enabled by default on client versions of Windows
#

---------------  T H R E A D  ---------------

Current thread (0x0000000016b3c800):  JavaThread "C2 CompilerThread1" daemon [_thread_in_native, id=12652, stack(0x00000000182c0000,0x00000000183c0000)]

Stack: [0x00000000182c0000,0x00000000183c0000]
[error occurred during error reporting (printing stack bounds), id 0xc0000005]

Native frames: (J=compiled Java code, j=interpreted, Vv=VM code, C=native code)


Current CompileTask:
C2:   8376 3576       4       org.gradle.model.internal.type.ModelType::wrap (219 bytes)


---------------  P R O C E S S  ---------------

Java Threads: ( => current thread )
  0x000000001c4e6000 JavaThread "Memory manager" [_thread_blocked, id=8608, stack(0x00000000210b0000,0x00000000211b0000)]
  0x000000001981f000 JavaThread "Build operations Thread 4" [_thread_blocked, id=4744, stack(0x0000000020700000,0x0000000020800000)]
  0x000000001981d800 JavaThread "Build operations Thread 3" [_thread_blocked, id=8788, stack(0x00000000203d0000,0x00000000204d0000)]
  0x000000001981e000 JavaThread "Build operations Thread 2" [_thread_blocked, id=2104, stack(0x00000000202d0000,0x00000000203d0000)]
  0x000000001981c800 JavaThread "Build operations" [_thread_blocked, id=3248, stack(0x00000000201d0000,0x00000000202d0000)]
  0x000000001981c000 JavaThread "Cache worker for Artifact transforms cache (C:\Users\Denova\.gradle\caches\transforms-1)" [_thread_blocked, id=2312, stack(0x000000001fed0000,0x000000001ffd0000)]
  0x0000000019c84800 JavaThread "Cache worker for file hash cache (E:\AndroidStudioProjects\AndroidWoope\.gradle\4.6\fileHashes)" [_thread_blocked, id=12776, stack(0x000000001c6e0000,0x000000001c7e0000)]
  0x0000000019940000 JavaThread "File lock request listener" [_thread_in_native, id=2116, stack(0x000000001b610000,0x000000001b710000)]
  0x000000001991c000 JavaThread "Cache worker for file hash cache (C:\Users\Denova\.gradle\caches\4.6\fileHashes)" [_thread_blocked, id=9984, stack(0x000000001b510000,0x000000001b610000)]
  0x00000000199c6000 JavaThread "Stdin handler" [_thread_blocked, id=3504, stack(0x000000001b210000,0x000000001b310000)]
  0x00000000199c5000 JavaThread "Asynchronous log dispatcher for DefaultDaemonConnection: socket connection from /127.0.0.1:11040 to /127.0.0.1:11041" [_thread_blocked, id=13636, stack(0x000000001b110000,0x000000001b210000)]
  0x00000000199c1000 JavaThread "Daemon worker" [_thread_in_vm, id=5808, stack(0x000000001b010000,0x000000001b110000)]
  0x00000000199dc000 JavaThread "Cancel handler" [_thread_blocked, id=12532, stack(0x000000001af10000,0x000000001b010000)]
  0x0000000019ba2800 JavaThread "Handler for socket connection from /127.0.0.1:11040 to /127.0.0.1:11041" [_thread_in_native, id=6104, stack(0x000000001ac10000,0x000000001ad10000)]
  0x0000000019b9e000 JavaThread "Daemon" [_thread_blocked, id=12436, stack(0x000000001ab10000,0x000000001ac10000)]
  0x0000000019b8a000 JavaThread "Daemon periodic checks" [_thread_blocked, id=10356, stack(0x000000001aa10000,0x000000001ab10000)]
  0x0000000019b04800 JavaThread "Incoming local TCP Connector on port 11040" [_thread_in_native, id=9832, stack(0x000000001a7d0000,0x000000001a8d0000)]
  0x00000000184e0800 JavaThread "Service Thread" daemon [_thread_blocked, id=2988, stack(0x00000000188c0000,0x00000000189c0000)]
  0x0000000016b49000 JavaThread "C1 CompilerThread2" daemon [_thread_blocked, id=684, stack(0x00000000183c0000,0x00000000184c0000)]
=>0x0000000016b3c800 JavaThread "C2 CompilerThread1" daemon [_thread_in_native, id=12652, stack(0x00000000182c0000,0x00000000183c0000)]
  0x0000000016b3a800 JavaThread "C2 CompilerThread0" daemon [_thread_in_native, id=13784, stack(0x00000000181c0000,0x00000000182c0000)]
  0x0000000016b46800 JavaThread "Attach Listener" daemon [_thread_blocked, id=9356, stack(0x00000000180c0000,0x00000000181c0000)]
  0x0000000016b45000 JavaThread "Signal Dispatcher" daemon [_thread_blocked, id=12428, stack(0x0000000017fc0000,0x00000000180c0000)]
  0x0000000016b28800 JavaThread "Finalizer" daemon [_thread_blocked, id=10064, stack(0x0000000017dd0000,0x0000000017ed0000)]
  0x00000000031c1000 JavaThread "Reference Handler" daemon [_thread_blocked, id=6688, stack(0x0000000017cd0000,0x0000000017dd0000)]
  0x000000000136d800 JavaThread "main" [_thread_blocked, id=11612, stack(0x00000000017b0000,0x00000000018b0000)]

Other Threads:
  0x0000000016b04800 VMThread [stack: 0x0000000017bd0000,0x0000000017cd0000] [id=8260]
  0x00000000184e5000 WatcherThread [stack: 0x00000000189c0000,0x0000000018ac0000] [id=13892]

VM state:not at safepoint (normal execution)

VM Mutex/Monitor currently owned by a thread: None

Heap:
 PSYoungGen      total 102400K, used 92160K [0x00000000e0000000, 0x00000000e7200000, 0x0000000100000000)
  eden space 92160K, 100% used [0x00000000e0000000,0x00000000e5a00000,0x00000000e5a00000)
  from space 10240K, 0% used [0x00000000e6500000,0x00000000e6500000,0x00000000e6f00000)
  to   space 11264K, 0% used [0x00000000e5a00000,0x00000000e5a00000,0x00000000e6500000)
 ParOldGen       total 60416K, used 16602K [0x00000000a0000000, 0x00000000a3b00000, 0x00000000e0000000)
  object space 60416K, 27% used [0x00000000a0000000,0x00000000a1036bd8,0x00000000a3b00000)
 Metaspace       used 40567K, capacity 41400K, committed 41728K, reserved 1085440K
  class space    used 5489K, capacity 5764K, committed 5888K, reserved 1048576K

Card table byte_map: [0x0000000012590000,0x00000000128a0000] byte_map_base: 0x0000000012090000

Marking Bits: (ParMarkBitMap*) 0x0000000069c55aa0
 Begin Bits: [0x0000000012ea0000, 0x00000000146a0000)
 End Bits:   [0x00000000146a0000, 0x0000000015ea0000)

Polling page: 0x0000000001340000

CodeCache: size=245760Kb used=12209Kb max_used=12209Kb free=233550Kb
 bounds [0x00000000031d0000, 0x0000000003dd0000, 0x00000000121d0000]
 total_blobs=4289 nmethods=3565 adapters=636
 compilation: enabled

Compilation events (10 events):
Event: 8.349 Thread 0x0000000016b49000 3864       2       com.google.gson.internal.bind.ReflectiveTypeAdapterFactory$1::read (30 bytes)
Event: 8.349 Thread 0x0000000016b49000 nmethod 3864 0x0000000003dc2c10 code [0x0000000003dc2d80, 0x0000000003dc2f78]
Event: 8.349 Thread 0x0000000016b49000 3860       2       java.lang.reflect.Field::getFieldAccessor (35 bytes)
Event: 8.349 Thread 0x0000000016b49000 nmethod 3860 0x0000000003dc3090 code [0x0000000003dc3200, 0x0000000003dc3388]
Event: 8.349 Thread 0x0000000016b49000 3861       2       sun.reflect.UnsafeFieldAccessorImpl::ensureObj (23 bytes)
Event: 8.350 Thread 0x0000000016b49000 nmethod 3861 0x0000000003dc3410 code [0x0000000003dc35a0, 0x0000000003dc38b8]
Event: 8.350 Thread 0x0000000016b49000 3862       2       java.lang.reflect.Field::set (52 bytes)
Event: 8.350 Thread 0x0000000016b49000 nmethod 3862 0x0000000003dc3dd0 code [0x0000000003dc3f60, 0x0000000003dc41e8]
Event: 8.350 Thread 0x0000000016b49000 3868       2       sun.reflect.UnsafeQualifiedObjectFieldAccessorImpl::set (56 bytes)
Event: 8.351 Thread 0x0000000016b49000 nmethod 3868 0x0000000003dc4350 code [0x0000000003dc4560, 0x0000000003dc4c28]

GC Heap History (10 events):
Event: 3.659 GC heap before
{Heap before GC invocations=6 (full 1):
 PSYoungGen      total 71680K, used 5108K [0x00000000e0000000, 0x00000000e4b00000, 0x0000000100000000)
  eden space 66560K, 0% used [0x00000000e0000000,0x00000000e0000000,0x00000000e4100000)
  from space 5120K, 99% used [0x00000000e4100000,0x00000000e45fd060,0x00000000e4600000)
  to   space 5120K, 0% used [0x00000000e4600000,0x00000000e4600000,0x00000000e4b00000)
 ParOldGen       total 87552K, used 8135K [0x00000000a0000000, 0x00000000a5580000, 0x00000000e0000000)
  object space 87552K, 9% used [0x00000000a0000000,0x00000000a07f1eb0,0x00000000a5580000)
 Metaspace       used 20845K, capacity 21244K, committed 21248K, reserved 1067008K
  class space    used 2924K, capacity 3072K, committed 3072K, reserved 1048576K
Event: 3.721 GC heap after
Heap after GC invocations=6 (full 1):
 PSYoungGen      total 71680K, used 0K [0x00000000e0000000, 0x00000000e4b00000, 0x0000000100000000)
  eden space 66560K, 0% used [0x00000000e0000000,0x00000000e0000000,0x00000000e4100000)
  from space 5120K, 0% used [0x00000000e4100000,0x00000000e4100000,0x00000000e4600000)
  to   space 5120K, 0% used [0x00000000e4600000,0x00000000e4600000,0x00000000e4b00000)
 ParOldGen       total 60416K, used 8162K [0x00000000a0000000, 0x00000000a3b00000, 0x00000000e0000000)
  object space 60416K, 13% used [0x00000000a0000000,0x00000000a07f8968,0x00000000a3b00000)
 Metaspace       used 20845K, capacity 21244K, committed 21248K, reserved 1067008K
  class space    used 2924K, capacity 3072K, committed 3072K, reserved 1048576K
}
Event: 4.965 GC heap before
{Heap before GC invocations=7 (full 1):
 PSYoungGen      total 71680K, used 66560K [0x00000000e0000000, 0x00000000e4b00000, 0x0000000100000000)
  eden space 66560K, 100% used [0x00000000e0000000,0x00000000e4100000,0x00000000e4100000)
  from space 5120K, 0% used [0x00000000e4100000,0x00000000e4100000,0x00000000e4600000)
  to   space 5120K, 0% used [0x00000000e4600000,0x00000000e4600000,0x00000000e4b00000)
 ParOldGen       total 60416K, used 8162K [0x00000000a0000000, 0x00000000a3b00000, 0x00000000e0000000)
  object space 60416K, 13% used [0x00000000a0000000,0x00000000a07f8968,0x00000000a3b00000)
 Metaspace       used 26597K, capacity 27126K, committed 27392K, reserved 1073152K
  class space    used 3661K, capacity 3829K, committed 3840K, reserved 1048576K
Event: 4.976 GC heap after
Heap after GC invocations=7 (full 1):
 PSYoungGen      total 67072K, used 5104K [0x00000000e0000000, 0x00000000e7680000, 0x0000000100000000)
  eden space 61952K, 0% used [0x00000000e0000000,0x00000000e0000000,0x00000000e3c80000)
  from space 5120K, 99% used [0x00000000e4600000,0x00000000e4afc080,0x00000000e4b00000)
  to   space 9728K, 0% used [0x00000000e3c80000,0x00000000e3c80000,0x00000000e4600000)
 ParOldGen       total 60416K, used 10163K [0x00000000a0000000, 0x00000000a3b00000, 0x00000000e0000000)
  object space 60416K, 16% used [0x00000000a0000000,0x00000000a09ecf60,0x00000000a3b00000)
 Metaspace       used 26597K, capacity 27126K, committed 27392K, reserved 1073152K
  class space    used 3661K, capacity 3829K, committed 3840K, reserved 1048576K
}
Event: 6.136 GC heap before
{Heap before GC invocations=8 (full 1):
 PSYoungGen      total 67072K, used 67056K [0x00000000e0000000, 0x00000000e7680000, 0x0000000100000000)
  eden space 61952K, 100% used [0x00000000e0000000,0x00000000e3c80000,0x00000000e3c80000)
  from space 5120K, 99% used [0x00000000e4600000,0x00000000e4afc080,0x00000000e4b00000)
  to   space 9728K, 0% used [0x00000000e3c80000,0x00000000e3c80000,0x00000000e4600000)
 ParOldGen       total 60416K, used 10163K [0x00000000a0000000, 0x00000000a3b00000, 0x00000000e0000000)
  object space 60416K, 16% used [0x00000000a0000000,0x00000000a09ecf60,0x00000000a3b00000)
 Metaspace       used 29787K, capacity 30184K, committed 30464K, reserved 1075200K
  class space    used 4159K, capacity 4315K, committed 4352K, reserved 1048576K
Event: 6.147 GC heap after
Heap after GC invocations=8 (full 1):
 PSYoungGen      total 71680K, used 8190K [0x00000000e0000000, 0x00000000e6f00000, 0x0000000100000000)
  eden space 61952K, 0% used [0x00000000e0000000,0x00000000e0000000,0x00000000e3c80000)
  from space 9728K, 84% used [0x00000000e3c80000,0x00000000e447fb58,0x00000000e4600000)
  to   space 10240K, 0% used [0x00000000e6500000,0x00000000e6500000,0x00000000e6f00000)
 ParOldGen       total 60416K, used 10171K [0x00000000a0000000, 0x00000000a3b00000, 0x00000000e0000000)
  object space 60416K, 16% used [0x00000000a0000000,0x00000000a09eef60,0x00000000a3b00000)
 Metaspace       used 29787K, capacity 30184K, committed 30464K, reserved 1075200K
  class space    used 4159K, capacity 4315K, committed 4352K, reserved 1048576K
}
Event: 6.969 GC heap before
{Heap before GC invocations=9 (full 1):
 PSYoungGen      total 71680K, used 47540K [0x00000000e0000000, 0x00000000e6f00000, 0x0000000100000000)
  eden space 61952K, 63% used [0x00000000e0000000,0x00000000e266d5b8,0x00000000e3c80000)
  from space 9728K, 84% used [0x00000000e3c80000,0x00000000e447fb58,0x00000000e4600000)
  to   space 10240K, 0% used [0x00000000e6500000,0x00000000e6500000,0x00000000e6f00000)
 ParOldGen       total 60416K, used 10171K [0x00000000a0000000, 0x00000000a3b00000, 0x00000000e0000000)
  object space 60416K, 16% used [0x00000000a0000000,0x00000000a09eef60,0x00000000a3b00000)
 Metaspace       used 34678K, capacity 35378K, committed 35416K, reserved 1079296K
  class space    used 4820K, capacity 5089K, committed 5120K, reserved 1048576K
Event: 6.987 GC heap after
Heap after GC invocations=9 (full 1):
 PSYoungGen      total 102400K, used 10118K [0x00000000e0000000, 0x00000000e7200000, 0x0000000100000000)
  eden space 92160K, 0% used [0x00000000e0000000,0x00000000e0000000,0x00000000e5a00000)
  from space 10240K, 98% used [0x00000000e6500000,0x00000000e6ee1918,0x00000000e6f00000)
  to   space 11264K, 0% used [0x00000000e5a00000,0x00000000e5a00000,0x00000000e6500000)
 ParOldGen       total 60416K, used 10179K [0x00000000a0000000, 0x00000000a3b00000, 0x00000000e0000000)
  object space 60416K, 16% used [0x00000000a0000000,0x00000000a09f0f60,0x00000000a3b00000)
 Metaspace       used 34678K, capacity 35378K, committed 35416K, reserved 1079296K
  class space    used 4820K, capacity 5089K, committed 5120K, reserved 1048576K
}
Event: 6.987 GC heap before
{Heap before GC invocations=10 (full 2):
 PSYoungGen      total 102400K, used 10118K [0x00000000e0000000, 0x00000000e7200000, 0x0000000100000000)
  eden space 92160K, 0% used [0x00000000e0000000,0x00000000e0000000,0x00000000e5a00000)
  from space 10240K, 98% used [0x00000000e6500000,0x00000000e6ee1918,0x00000000e6f00000)
  to   space 11264K, 0% used [0x00000000e5a00000,0x00000000e5a00000,0x00000000e6500000)
 ParOldGen       total 60416K, used 10179K [0x00000000a0000000, 0x00000000a3b00000, 0x00000000e0000000)
  object space 60416K, 16% used [0x00000000a0000000,0x00000000a09f0f60,0x00000000a3b00000)
 Metaspace       used 34678K, capacity 35378K, committed 35416K, reserved 1079296K
  class space    used 4820K, capacity 5089K, committed 5120K, reserved 1048576K
Event: 7.119 GC heap after
Heap after GC invocations=10 (full 2):
 PSYoungGen      total 102400K, used 0K [0x00000000e0000000, 0x00000000e7200000, 0x0000000100000000)
  eden space 92160K, 0% used [0x00000000e0000000,0x00000000e0000000,0x00000000e5a00000)
  from space 10240K, 0% used [0x00000000e6500000,0x00000000e6500000,0x00000000e6f00000)
  to   space 11264K, 0% used [0x00000000e5a00000,0x00000000e5a00000,0x00000000e6500000)
 ParOldGen       total 60416K, used 16602K [0x00000000a0000000, 0x00000000a3b00000, 0x00000000e0000000)
  object space 60416K, 27% used [0x00000000a0000000,0x00000000a1036bd8,0x00000000a3b00000)
 Metaspace       used 34678K, capacity 35378K, committed 35416K, reserved 1079296K
  class space    used 4820K, capacity 5089K, committed 5120K, reserved 1048576K
}

Deoptimization events (10 events):
Event: 7.864 Thread 0x00000000199c1000 Uncommon trap: reason=unstable_if action=reinterpret pc=0x00000000036479bc method=java.lang.CharacterDataLatin1.isWhitespace(I)Z @ 14
Event: 7.917 Thread 0x00000000199c1000 Uncommon trap: reason=unstable_if action=reinterpret pc=0x0000000003c07050 method=java.util.jar.JarFile.getInputStream(Ljava/util/zip/ZipEntry;)Ljava/io/InputStream; @ 37
Event: 7.922 Thread 0x00000000199c1000 Uncommon trap: reason=unstable_if action=reinterpret pc=0x00000000032f31ac method=java.security.CodeSource.getCertificates()[Ljava/security/cert/Certificate; @ 22
Event: 7.923 Thread 0x00000000199c1000 Uncommon trap: reason=unstable_if action=reinterpret pc=0x0000000003b64ad0 method=java.security.CodeSource.matchCerts(Ljava/security/CodeSource;Z)Z @ 11
Event: 7.950 Thread 0x00000000199c1000 Uncommon trap: reason=unstable_if action=reinterpret pc=0x0000000003d1cbbc method=java.util.LinkedHashMap.get(Ljava/lang/Object;)Ljava/lang/Object; @ 20
Event: 8.040 Thread 0x00000000199c1000 Uncommon trap: reason=unstable_if action=reinterpret pc=0x0000000003ba5e54 method=org.objectweb.asm.ByteVector.putUTF8(Ljava/lang/String;)Lorg/objectweb/asm/ByteVector; @ 91
Event: 8.041 Thread 0x00000000199c1000 Uncommon trap: reason=range_check action=make_not_entrant pc=0x0000000003c6c1f8 method=java.lang.String.charAt(I)C @ 27
Event: 8.163 Thread 0x00000000199c1000 Uncommon trap: reason=unstable_if action=reinterpret pc=0x00000000039fa4b0 method=org.objectweb.asm.ByteVector.putUTF8(Ljava/lang/String;)Lorg/objectweb/asm/ByteVector; @ 91
Event: 8.212 Thread 0x00000000199c1000 Uncommon trap: reason=unstable_if action=reinterpret pc=0x00000000035bb21c method=org.gradle.internal.logging.text.AbstractLineChoppingStyledTextOutput$2.execute(Lorg/gradle/internal/logging/text/AbstractLineChoppingStyledTextOutput$StateContext;)V @ 30
Event: 8.212 Thread 0x00000000199c1000 Uncommon trap: reason=unstable_if action=reinterpret pc=0x0000000003584e0c method=org.gradle.internal.logging.text.AbstractLineChoppingStyledTextOutput$2.execute(Lorg/gradle/internal/logging/text/AbstractLineChoppingStyledTextOutput$StateContext;)V @ 30

Classes redefined (0 events):
No events

Internal exceptions (10 events):
Event: 6.433 Thread 0x00000000199c1000 Exception <a 'java/lang/ClassNotFoundException': build_9n65rt59284m33dwnxw6xpf2jCustomizer> (0x00000000e0dee518) thrown at [D:\src\AOSP-openjdk-cygwin\jdk8u\hotspot\src\share\vm\classfile\systemDictionary.cpp, line 210]
Event: 6.494 Thread 0x00000000199c1000 Exception <a 'java/lang/ClassNotFoundException': build_9n65rt59284m33dwnxw6xpf2jBeanInfo> (0x00000000e1096638) thrown at [D:\src\AOSP-openjdk-cygwin\jdk8u\hotspot\src\share\vm\classfile\systemDictionary.cpp, line 210]
Event: 6.495 Thread 0x00000000199c1000 Exception <a 'java/lang/ClassNotFoundException': build_9n65rt59284m33dwnxw6xpf2jCustomizer> (0x00000000e10a0ff8) thrown at [D:\src\AOSP-openjdk-cygwin\jdk8u\hotspot\src\share\vm\classfile\systemDictionary.cpp, line 210]
Event: 6.503 Thread 0x00000000199c1000 Exception <a 'java/lang/ClassNotFoundException': org/gradle/api/internal/plugins/DefaultObjectConfigurationActionBeanInfo> (0x00000000e110ca60) thrown at [D:\src\AOSP-openjdk-cygwin\jdk8u\hotspot\src\share\vm\classfile\systemDictionary.cpp, line 210]
Event: 6.505 Thread 0x00000000199c1000 Exception <a 'java/lang/ClassNotFoundException': org/gradle/api/internal/plugins/DefaultObjectConfigurationActionCustomizer> (0x00000000e1147da0) thrown at [D:\src\AOSP-openjdk-cygwin\jdk8u\hotspot\src\share\vm\classfile\systemDictionary.cpp, line 210]
Event: 7.246 Thread 0x00000000199c1000 Exception <a 'sun/nio/fs/WindowsException'> (0x00000000e071c748) thrown at [D:\src\AOSP-openjdk-cygwin\jdk8u\hotspot\src\share\vm\prims\jni.cpp, line 709]
Event: 8.180 Thread 0x00000000199c1000 Exception <a 'java/lang/ClassNotFoundException': com/android/build/gradle/internal/api/DefaultAndroidSourceSet_DecoratedBeanInfo> (0x00000000e4e281d0) thrown at [D:\src\AOSP-openjdk-cygwin\jdk8u\hotspot\src\share\vm\classfile\systemDictionary.cpp, line 21
Event: 8.181 Thread 0x00000000199c1000 Exception <a 'java/lang/ClassNotFoundException': com/android/build/gradle/internal/api/DefaultAndroidSourceSetBeanInfo> (0x00000000e4e43428) thrown at [D:\src\AOSP-openjdk-cygwin\jdk8u\hotspot\src\share\vm\classfile\systemDictionary.cpp, line 210]
Event: 8.181 Thread 0x00000000199c1000 Exception <a 'java/lang/ClassNotFoundException': com/android/build/gradle/internal/api/DefaultAndroidSourceSetCustomizer> (0x00000000e4e5eb60) thrown at [D:\src\AOSP-openjdk-cygwin\jdk8u\hotspot\src\share\vm\classfile\systemDictionary.cpp, line 210]
Event: 8.184 Thread 0x00000000199c1000 Exception <a 'java/lang/ClassNotFoundException': com/android/build/gradle/internal/api/DefaultAndroidSourceSet_DecoratedCustomizer> (0x00000000e4ed3620) thrown at [D:\src\AOSP-openjdk-cygwin\jdk8u\hotspot\src\share\vm\classfile\systemDictionary.cpp, line 

Events (10 events):
Event: 8.369 loading class com/android/tools/build/jetifier/core/pom/DependencyVersionsMap
Event: 8.369 loading class com/android/tools/build/jetifier/core/pom/DependencyVersionsMap done
Event: 8.370 loading class com/android/tools/build/jetifier/core/pom/DependencyVersionsMap$Companion
Event: 8.370 loading class com/android/tools/build/jetifier/core/pom/DependencyVersionsMap$Companion done
Event: 8.371 loading class com/android/tools/build/jetifier/core/PackageMap
Event: 8.371 loading class com/android/tools/build/jetifier/core/PackageMap done
Event: 8.372 loading class com/android/tools/build/jetifier/core/PackageMap$Companion
Event: 8.372 loading class com/android/tools/build/jetifier/core/PackageMap$Companion done
Event: 8.372 loading class com/android/tools/build/jetifier/core/PackageMap$PackageRule
Event: 8.372 loading class com/android/tools/build/jetifier/core/PackageMap$PackageRule done


Dynamic libraries:
0x00007ff76e6b0000 - 0x00007ff76e6e1000 	E:\Program Files\Android\Android Studio\jre\bin\java.exe
0x00007ff96c130000 - 0x00007ff96c311000 	C:\Windows\SYSTEM32\ntdll.dll
0x00007ff969c70000 - 0x00007ff969d21000 	C:\Windows\System32\KERNEL32.DLL
0x00007ff968c60000 - 0x00007ff968ed3000 	C:\Windows\System32\KERNELBASE.dll
0x00007ff96a3b0000 - 0x00007ff96a451000 	C:\Windows\System32\ADVAPI32.dll
0x00007ff969a30000 - 0x00007ff969ace000 	C:\Windows\System32\msvcrt.dll
0x00007ff96a4f0000 - 0x00007ff96a54b000 	C:\Windows\System32\sechost.dll
0x00007ff96a0f0000 - 0x00007ff96a214000 	C:\Windows\System32\RPCRT4.dll
0x00007ff969ae0000 - 0x00007ff969c70000 	C:\Windows\System32\USER32.dll
0x00007ff9695a0000 - 0x00007ff9695c0000 	C:\Windows\System32\win32u.dll
0x00007ff9695c0000 - 0x00007ff9695e8000 	C:\Windows\System32\GDI32.dll
0x00007ff969250000 - 0x00007ff9693e2000 	C:\Windows\System32\gdi32full.dll
0x00007ff9691b0000 - 0x00007ff96924f000 	C:\Windows\System32\msvcp_win.dll
0x00007ff9694a0000 - 0x00007ff969598000 	C:\Windows\System32\ucrtbase.dll
0x00007ff956cd0000 - 0x00007ff956f39000 	C:\Windows\WinSxS\amd64_microsoft.windows.common-controls_6595b64144ccf1df_6.0.17134.765_none_fb42a1a930655896\COMCTL32.dll
0x00007ff9695f0000 - 0x00007ff969912000 	C:\Windows\System32\combase.dll
0x00007ff968ee0000 - 0x00007ff968f5a000 	C:\Windows\System32\bcryptPrimitives.dll
0x00007ff96a4c0000 - 0x00007ff96a4ed000 	C:\Windows\System32\IMM32.DLL
0x00000000693b0000 - 0x0000000069482000 	E:\Program Files\Android\Android Studio\jre\jre\bin\msvcr100.dll
0x0000000069490000 - 0x0000000069cd1000 	E:\Program Files\Android\Android Studio\jre\jre\bin\server\jvm.dll
0x00007ff969ad0000 - 0x00007ff969ad8000 	C:\Windows\System32\PSAPI.DLL
0x00007ff9498f0000 - 0x00007ff9498f9000 	C:\Windows\SYSTEM32\WSOCK32.dll
0x00007ff965e00000 - 0x00007ff965e23000 	C:\Windows\SYSTEM32\WINMM.dll
0x00007ff96a220000 - 0x00007ff96a28c000 	C:\Windows\System32\WS2_32.dll
0x00007ff95d640000 - 0x00007ff95d64a000 	C:\Windows\SYSTEM32\VERSION.dll
0x00007ff965dd0000 - 0x00007ff965dfa000 	C:\Windows\SYSTEM32\winmmbase.dll
0x00007ff968500000 - 0x00007ff968549000 	C:\Windows\System32\cfgmgr32.dll
0x00007ff95ecc0000 - 0x00007ff95eccf000 	E:\Program Files\Android\Android Studio\jre\jre\bin\verify.dll
0x00007ff95bd80000 - 0x00007ff95bda9000 	E:\Program Files\Android\Android Studio\jre\jre\bin\java.dll
0x00007ff95ab80000 - 0x00007ff95ab96000 	E:\Program Files\Android\Android Studio\jre\jre\bin\zip.dll
0x00007ff96ab20000 - 0x00007ff96bf60000 	C:\Windows\System32\SHELL32.dll
0x00007ff96aa60000 - 0x00007ff96ab09000 	C:\Windows\System32\shcore.dll
0x00007ff968550000 - 0x00007ff968c5d000 	C:\Windows\System32\windows.storage.dll
0x00007ff96a5b0000 - 0x00007ff96a601000 	C:\Windows\System32\shlwapi.dll
0x00007ff968470000 - 0x00007ff968481000 	C:\Windows\System32\kernel.appcore.dll
0x00007ff968450000 - 0x00007ff96846f000 	C:\Windows\System32\profapi.dll
0x00007ff9684b0000 - 0x00007ff9684fc000 	C:\Windows\System32\powrprof.dll
0x00007ff968440000 - 0x00007ff96844a000 	C:\Windows\System32\FLTLIB.DLL
0x00007ff95aa20000 - 0x00007ff95aa3a000 	E:\Program Files\Android\Android Studio\jre\jre\bin\net.dll
0x00007ff967960000 - 0x00007ff9679c6000 	C:\Windows\system32\mswsock.dll
0x00007ff95aa00000 - 0x00007ff95aa11000 	E:\Program Files\Android\Android Studio\jre\jre\bin\nio.dll
0x00007ff95bd60000 - 0x00007ff95bd7e000 	C:\Users\Denova\.gradle\native\25\windows-amd64\native-platform.dll
0x00007ff95ecb0000 - 0x00007ff95ecbd000 	E:\Program Files\Android\Android Studio\jre\jre\bin\management.dll
0x00007ff968160000 - 0x00007ff968177000 	C:\Windows\SYSTEM32\CRYPTSP.dll
0x00007ff967540000 - 0x00007ff967573000 	C:\Windows\system32\rsaenh.dll
0x00007ff967dd0000 - 0x00007ff967df5000 	C:\Windows\SYSTEM32\bcrypt.dll
0x00007ff968340000 - 0x00007ff968368000 	C:\Windows\SYSTEM32\USERENV.dll
0x00007ff967b30000 - 0x00007ff967b3b000 	C:\Windows\SYSTEM32\CRYPTBASE.dll
0x00007ff9676e0000 - 0x00007ff967718000 	C:\Windows\SYSTEM32\IPHLPAPI.DLL
0x00007ff96a0e0000 - 0x00007ff96a0e8000 	C:\Windows\System32\NSI.dll
0x00007ff95f2d0000 - 0x00007ff95f2e6000 	C:\Windows\SYSTEM32\dhcpcsvc6.DLL
0x00007ff95f3d0000 - 0x00007ff95f3ea000 	C:\Windows\SYSTEM32\dhcpcsvc.DLL

VM Arguments:
jvm_args: -Xmx1536m -Dfile.encoding=windows-1252 -Duser.country=US -Duser.language=en -Duser.variant 
java_command: org.gradle.launcher.daemon.bootstrap.GradleDaemon 4.6
java_class_path (initial): C:\Users\Denova\.gradle\wrapper\dists\gradle-4.6-all\bcst21l2brirad8k2ben1letg\gradle-4.6\lib\gradle-launcher-4.6.jar
Launcher Type: SUN_STANDARD

Environment Variables:
PATH=C:\Program Files (x86)\Common Files\Oracle\Java\javapath;C:\Program Files (x86)\Common Files\Intel\Shared Libraries\redist\intel64\compiler;C:\Windows\system32;C:\Windows;C:\Windows\System32\Wbem;C:\Windows\System32\WindowsPowerShell\v1.0\;C:\Windows\System32\OpenSSH\;C:\Program Files\Lenovo\Bluetooth Software\;C:\Program Files\Lenovo\Bluetooth Software\syswow64;C:\Program Files\Git\cmd;E:\Program Files\androidsdk\platform-tools;C:\Users\Denova\AppData\Local\Microsoft\WindowsApps;;C:\Users\Denova\AppData\Local\Programs\Fiddler
USERNAME=Denova
OS=Windows_NT
PROCESSOR_IDENTIFIER=Intel64 Family 6 Model 60 Stepping 3, GenuineIntel



---------------  S Y S T E M  ---------------

OS: Windows 10.0 , 64 bit Build 17134 (10.0.17134.753)

CPU:total 4 (initial active 4) (2 cores per cpu, 2 threads per core) family 6 model 60 stepping 3, cmov, cx8, fxsr, mmx, sse, sse2, sse3, ssse3, sse4.1, sse4.2, popcnt, avx, avx2, clmul, erms, lzcnt, ht, tsc, tscinvbit, bmi1, bmi2

Memory: 4k page, physical 8302956k(2495616k free), swap 10498824k(4156k free)

vm_info: OpenJDK 64-Bit Server VM (25.152-b06) for windows-amd64 JRE (1.8.0_152-release-1136-b06), built by "builder" with MS VC++ 10.0 (VS2010)

time: Sun May 26 13:05:08 2019
elapsed time: 8 seconds (0d 0h 0m 8s)

