#
# There is insufficient memory for the Java Runtime Environment to continue.
# Native memory allocation (malloc) failed to allocate 785456 bytes for Chunk::new
# Possible reasons:
#   The system is out of physical RAM or swap space
#   In 32 bit mode, the process size limit was hit
# Possible solutions:
#   Reduce memory load on the system
#   Increase physical memory or swap space
#   Check if swap backing store is full
#   Use 64 bit Java on a 64 bit OS
#   Decrease Java heap size (-Xmx/-Xms)
#   Decrease number of Java threads
#   Decrease Java thread stack sizes (-Xss)
#   Set larger code cache with -XX:ReservedCodeCacheSize=
# This output file may be truncated or incomplete.
#
#  Out of Memory Error (allocation.cpp:390), pid=7256, tid=0x0000000000003528
#
# JRE version: OpenJDK Runtime Environment (8.0_152-b06) (build 1.8.0_152-release-1136-b06)
# Java VM: OpenJDK 64-Bit Server VM (25.152-b06 mixed mode windows-amd64 compressed oops)
# Failed to write core dump. Minidumps are not enabled by default on client versions of Windows
#

---------------  T H R E A D  ---------------

Current thread (0x0000000016cbf000):  JavaThread "C2 CompilerThread1" daemon [_thread_in_native, id=13608, stack(0x0000000018410000,0x0000000018510000)]

Stack: [0x0000000018410000,0x0000000018510000]
[error occurred during error reporting (printing stack bounds), id 0xc0000005]

Native frames: (J=compiled Java code, j=interpreted, Vv=VM code, C=native code)


Current CompileTask:
C2:  83856 11686       4       com.sun.tools.javac.jvm.ClassReader::readClass (474 bytes)


---------------  P R O C E S S  ---------------

Java Threads: ( => current thread )
  0x0000000018e35000 JavaThread "Cache worker for Java compile cache (E:\AndroidStudioProjects\AndroidWoope\.gradle\4.6\javaCompile)" [_thread_blocked, id=12072, stack(0x0000000025d70000,0x0000000025e70000)]
  0x0000000018e32800 JavaThread "stdout" daemon [_thread_in_native, id=12404, stack(0x0000000025a70000,0x0000000025b70000)]
  0x0000000018e35800 JavaThread "stderr" daemon [_thread_in_native, id=2416, stack(0x0000000025970000,0x0000000025a70000)]
  0x000000001cadd800 JavaThread "pool-3-thread-1" [_thread_blocked, id=10400, stack(0x0000000025870000,0x0000000025970000)]
  0x000000001c20e800 JavaThread "Task worker for ':' Thread 3" [_thread_in_Java, id=4312, stack(0x0000000025670000,0x0000000025770000)]
  0x000000001c207800 JavaThread "Task worker for ':' Thread 2" [_thread_blocked, id=860, stack(0x0000000025570000,0x0000000025670000)]
  0x000000001c207000 JavaThread "Task worker for ':'" [_thread_blocked, id=13648, stack(0x0000000025470000,0x0000000025570000)]
  0x000000001c20b800 JavaThread "Cache worker for Build Output Cleanup Cache (E:\AndroidStudioProjects\AndroidWoope\.gradle\buildOutputCleanup)" [_thread_blocked, id=11924, stack(0x0000000025140000,0x0000000025240000)]
  0x000000001c20a800 JavaThread "Cache worker for task history cache (E:\AndroidStudioProjects\AndroidWoope\.gradle\4.6\taskHistory)" [_thread_blocked, id=1376, stack(0x0000000025040000,0x0000000025140000)]
  0x000000001c20a000 JavaThread "Cache worker for file content cache (E:\AndroidStudioProjects\AndroidWoope\.gradle\4.6\fileContent)" [_thread_blocked, id=1052, stack(0x0000000022700000,0x0000000022800000)]
  0x000000001cadb000 JavaThread "Memory manager" [_thread_blocked, id=11716, stack(0x0000000021600000,0x0000000021700000)]
  0x000000001cade000 JavaThread "Build operations Thread 4" [_thread_blocked, id=10296, stack(0x0000000020900000,0x0000000020a00000)]
  0x000000001cae1000 JavaThread "Build operations Thread 3" [_thread_blocked, id=8536, stack(0x0000000020800000,0x0000000020900000)]
  0x000000001cae0800 JavaThread "Build operations Thread 2" [_thread_blocked, id=12732, stack(0x000000001f510000,0x000000001f610000)]
  0x000000001cadc000 JavaThread "Build operations" [_thread_blocked, id=3628, stack(0x000000001f410000,0x000000001f510000)]
  0x000000001cadf000 JavaThread "Cache worker for Artifact transforms cache (C:\Users\Denova\.gradle\caches\transforms-1)" [_thread_blocked, id=12796, stack(0x000000001ee80000,0x000000001ef80000)]
  0x0000000019edd800 JavaThread "Cache worker for file hash cache (E:\AndroidStudioProjects\AndroidWoope\.gradle\4.6\fileHashes)" [_thread_blocked, id=11700, stack(0x000000001b860000,0x000000001b960000)]
  0x0000000019fc2800 JavaThread "File lock request listener" [_thread_in_native, id=9768, stack(0x000000001b760000,0x000000001b860000)]
  0x0000000019fc1800 JavaThread "Cache worker for file hash cache (C:\Users\Denova\.gradle\caches\4.6\fileHashes)" [_thread_blocked, id=11900, stack(0x000000001b660000,0x000000001b760000)]
  0x0000000019b11800 JavaThread "Asynchronous log dispatcher for DefaultDaemonConnection: socket connection from /127.0.0.1:11113 to /127.0.0.1:11114" [_thread_blocked, id=7240, stack(0x000000001b260000,0x000000001b360000)]
  0x0000000019b07000 JavaThread "Daemon worker" [_thread_blocked, id=8388, stack(0x000000001b160000,0x000000001b260000)]
  0x0000000019b00800 JavaThread "Cancel handler" [_thread_blocked, id=8440, stack(0x000000001b060000,0x000000001b160000)]
  0x0000000019ba9800 JavaThread "Handler for socket connection from /127.0.0.1:11113 to /127.0.0.1:11114" [_thread_in_native, id=13780, stack(0x000000001ad60000,0x000000001ae60000)]
  0x0000000019ba9000 JavaThread "Daemon" [_thread_blocked, id=12800, stack(0x000000001ac60000,0x000000001ad60000)]
  0x0000000019d24000 JavaThread "Daemon periodic checks" [_thread_blocked, id=12120, stack(0x000000001ab60000,0x000000001ac60000)]
  0x0000000019d27800 JavaThread "Incoming local TCP Connector on port 11113" [_thread_in_native, id=13504, stack(0x000000001a920000,0x000000001aa20000)]
  0x0000000018638800 JavaThread "Service Thread" daemon [_thread_blocked, id=10988, stack(0x0000000018a10000,0x0000000018b10000)]
  0x0000000016cc5800 JavaThread "C1 CompilerThread2" daemon [_thread_blocked, id=14288, stack(0x0000000018510000,0x0000000018610000)]
=>0x0000000016cbf000 JavaThread "C2 CompilerThread1" daemon [_thread_in_native, id=13608, stack(0x0000000018410000,0x0000000018510000)]
  0x0000000016cc9800 JavaThread "C2 CompilerThread0" daemon [_thread_in_native, id=13132, stack(0x0000000018310000,0x0000000018410000)]
  0x0000000016cc8800 JavaThread "Attach Listener" daemon [_thread_blocked, id=9772, stack(0x0000000018210000,0x0000000018310000)]
  0x0000000016cc7000 JavaThread "Signal Dispatcher" daemon [_thread_blocked, id=4684, stack(0x0000000018110000,0x0000000018210000)]
  0x0000000016ca8800 JavaThread "Finalizer" daemon [_thread_blocked, id=12292, stack(0x0000000017f20000,0x0000000018020000)]
  0x0000000003303000 JavaThread "Reference Handler" daemon [_thread_blocked, id=10520, stack(0x0000000017e20000,0x0000000017f20000)]
  0x000000000334d800 JavaThread "main" [_thread_blocked, id=13036, stack(0x00000000030d0000,0x00000000031d0000)]

Other Threads:
  0x0000000016c84800 VMThread [stack: 0x0000000017d20000,0x0000000017e20000] [id=11176]
  0x0000000016d1d000 WatcherThread [stack: 0x0000000018b10000,0x0000000018c10000] [id=1360]

VM state:not at safepoint (normal execution)

VM Mutex/Monitor currently owned by a thread: None

Heap:
 PSYoungGen      total 214528K, used 40436K [0x00000000e0000000, 0x00000000f5880000, 0x0000000100000000)
  eden space 169472K, 10% used [0x00000000e0000000,0x00000000e10a3330,0x00000000ea580000)
  from space 45056K, 51% used [0x00000000ea580000,0x00000000ebc59d28,0x00000000ed180000)
  to   space 74240K, 0% used [0x00000000f1000000,0x00000000f1000000,0x00000000f5880000)
 ParOldGen       total 323072K, used 150572K [0x00000000a0000000, 0x00000000b3b80000, 0x00000000e0000000)
  object space 323072K, 46% used [0x00000000a0000000,0x00000000a930b3a0,0x00000000b3b80000)
 Metaspace       used 67778K, capacity 69962K, committed 70272K, reserved 1110016K
  class space    used 8917K, capacity 9481K, committed 9600K, reserved 1048576K

Card table byte_map: [0x0000000012710000,0x0000000012a20000] byte_map_base: 0x0000000012210000

Marking Bits: (ParMarkBitMap*) 0x0000000069c55aa0
 Begin Bits: [0x0000000013020000, 0x0000000014820000)
 End Bits:   [0x0000000014820000, 0x0000000016020000)

Polling page: 0x00000000018a0000

CodeCache: size=245760Kb used=34748Kb max_used=34748Kb free=211011Kb
 bounds [0x0000000003350000, 0x0000000005560000, 0x0000000012350000]
 total_blobs=10658 nmethods=9847 adapters=723
 compilation: enabled

Compilation events (10 events):
Event: 83.830 Thread 0x0000000016cc5800 nmethod 11775 0x000000000555ca10 code [0x000000000555ccc0, 0x000000000555e178]
Event: 83.834 Thread 0x0000000016cc5800 11776       3       com.sun.tools.javac.comp.Infer$IncorporationStep::isSubtype (13 bytes)
Event: 83.834 Thread 0x0000000016cc5800 nmethod 11776 0x000000000555eb90 code [0x000000000555ed00, 0x000000000555ef28]
Event: 83.835 Thread 0x0000000016cc5800 11777       1       com.sun.tools.javac.code.Type::isUnbound (2 bytes)
Event: 83.835 Thread 0x0000000016cc5800 nmethod 11777 0x000000000555efd0 code [0x000000000555f120, 0x000000000555f230]
Event: 83.837 Thread 0x0000000016cc5800 11778       1       com.sun.tools.javac.comp.Check::access$600 (5 bytes)
Event: 83.837 Thread 0x0000000016cc5800 nmethod 11778 0x000000000555f290 code [0x000000000555f3e0, 0x000000000555f4d0]
Event: 83.840 Thread 0x0000000016cc5800 11779       1       com.sun.tools.javac.code.Type$BottomType::getTag (4 bytes)
Event: 83.840 Thread 0x0000000016cc5800 nmethod 11779 0x000000000555f550 code [0x000000000555f6a0, 0x000000000555f7b0]
Event: 83.842 Thread 0x0000000016cc5800 11780       3       com.sun.tools.javac.code.Type$UndetVar::accept (9 bytes)

GC Heap History (10 events):
Event: 71.271 GC heap before
{Heap before GC invocations=19 (full 3):
 PSYoungGen      total 161280K, used 150785K [0x00000000e0000000, 0x00000000ecc80000, 0x0000000100000000)
  eden space 140288K, 100% used [0x00000000e0000000,0x00000000e8900000,0x00000000e8900000)
  from space 20992K, 50% used [0x00000000e8900000,0x00000000e9340460,0x00000000e9d80000)
  to   space 19968K, 0% used [0x00000000eb900000,0x00000000eb900000,0x00000000ecc80000)
 ParOldGen       total 151040K, used 37428K [0x00000000a0000000, 0x00000000a9380000, 0x00000000e0000000)
  object space 151040K, 24% used [0x00000000a0000000,0x00000000a248d0b0,0x00000000a9380000)
 Metaspace       used 60325K, capacity 62348K, committed 62464K, reserved 1103872K
  class space    used 8148K, capacity 8692K, committed 8704K, reserved 1048576K
Event: 71.309 GC heap after
Heap after GC invocations=19 (full 3):
 PSYoungGen      total 182272K, used 17728K [0x00000000e0000000, 0x00000000eca80000, 0x0000000100000000)
  eden space 164352K, 0% used [0x00000000e0000000,0x00000000e0000000,0x00000000ea080000)
  from space 17920K, 98% used [0x00000000eb900000,0x00000000eca50350,0x00000000eca80000)
  to   space 21504K, 0% used [0x00000000ea080000,0x00000000ea080000,0x00000000eb580000)
 ParOldGen       total 151040K, used 37436K [0x00000000a0000000, 0x00000000a9380000, 0x00000000e0000000)
  object space 151040K, 24% used [0x00000000a0000000,0x00000000a248f0b0,0x00000000a9380000)
 Metaspace       used 60325K, capacity 62348K, committed 62464K, reserved 1103872K
  class space    used 8148K, capacity 8692K, committed 8704K, reserved 1048576K
}
Event: 76.794 GC heap before
{Heap before GC invocations=20 (full 3):
 PSYoungGen      total 182272K, used 182080K [0x00000000e0000000, 0x00000000eca80000, 0x0000000100000000)
  eden space 164352K, 100% used [0x00000000e0000000,0x00000000ea080000,0x00000000ea080000)
  from space 17920K, 98% used [0x00000000eb900000,0x00000000eca50350,0x00000000eca80000)
  to   space 21504K, 0% used [0x00000000ea080000,0x00000000ea080000,0x00000000eb580000)
 ParOldGen       total 151040K, used 37436K [0x00000000a0000000, 0x00000000a9380000, 0x00000000e0000000)
  object space 151040K, 24% used [0x00000000a0000000,0x00000000a248f0b0,0x00000000a9380000)
 Metaspace       used 64900K, capacity 67000K, committed 67200K, reserved 1107968K
  class space    used 8707K, capacity 9286K, committed 9344K, reserved 1048576K
Event: 76.854 GC heap after
Heap after GC invocations=20 (full 3):
 PSYoungGen      total 185856K, used 21503K [0x00000000e0000000, 0x00000000ef080000, 0x0000000100000000)
  eden space 164352K, 0% used [0x00000000e0000000,0x00000000e0000000,0x00000000ea080000)
  from space 21504K, 99% used [0x00000000ea080000,0x00000000eb57fcf8,0x00000000eb580000)
  to   space 31744K, 0% used [0x00000000ed180000,0x00000000ed180000,0x00000000ef080000)
 ParOldGen       total 151040K, used 56435K [0x00000000a0000000, 0x00000000a9380000, 0x00000000e0000000)
  object space 151040K, 37% used [0x00000000a0000000,0x00000000a371cd10,0x00000000a9380000)
 Metaspace       used 64900K, capacity 67000K, committed 67200K, reserved 1107968K
  class space    used 8707K, capacity 9286K, committed 9344K, reserved 1048576K
}
Event: 80.054 GC heap before
{Heap before GC invocations=21 (full 3):
 PSYoungGen      total 185856K, used 185855K [0x00000000e0000000, 0x00000000ef080000, 0x0000000100000000)
  eden space 164352K, 100% used [0x00000000e0000000,0x00000000ea080000,0x00000000ea080000)
  from space 21504K, 99% used [0x00000000ea080000,0x00000000eb57fcf8,0x00000000eb580000)
  to   space 31744K, 0% used [0x00000000ed180000,0x00000000ed180000,0x00000000ef080000)
 ParOldGen       total 151040K, used 56435K [0x00000000a0000000, 0x00000000a9380000, 0x00000000e0000000)
  object space 151040K, 37% used [0x00000000a0000000,0x00000000a371cd10,0x00000000a9380000)
 Metaspace       used 66700K, capacity 68868K, committed 69120K, reserved 1110016K
  class space    used 8840K, capacity 9416K, committed 9472K, reserved 1048576K
Event: 80.152 GC heap after
Heap after GC invocations=21 (full 3):
 PSYoungGen      total 201216K, used 31736K [0x00000000e0000000, 0x00000000f0e00000, 0x0000000100000000)
  eden space 169472K, 0% used [0x00000000e0000000,0x00000000e0000000,0x00000000ea580000)
  from space 31744K, 99% used [0x00000000ed180000,0x00000000ef07e150,0x00000000ef080000)
  to   space 45056K, 0% used [0x00000000ea580000,0x00000000ea580000,0x00000000ed180000)
 ParOldGen       total 151040K, used 80231K [0x00000000a0000000, 0x00000000a9380000, 0x00000000e0000000)
  object space 151040K, 53% used [0x00000000a0000000,0x00000000a4e59d80,0x00000000a9380000)
 Metaspace       used 66700K, capacity 68868K, committed 69120K, reserved 1110016K
  class space    used 8840K, capacity 9416K, committed 9472K, reserved 1048576K
}
Event: 81.464 GC heap before
{Heap before GC invocations=22 (full 3):
 PSYoungGen      total 201216K, used 201208K [0x00000000e0000000, 0x00000000f0e00000, 0x0000000100000000)
  eden space 169472K, 100% used [0x00000000e0000000,0x00000000ea580000,0x00000000ea580000)
  from space 31744K, 99% used [0x00000000ed180000,0x00000000ef07e150,0x00000000ef080000)
  to   space 45056K, 0% used [0x00000000ea580000,0x00000000ea580000,0x00000000ed180000)
 ParOldGen       total 151040K, used 80231K [0x00000000a0000000, 0x00000000a9380000, 0x00000000e0000000)
  object space 151040K, 53% used [0x00000000a0000000,0x00000000a4e59d80,0x00000000a9380000)
 Metaspace       used 67270K, capacity 69444K, committed 69760K, reserved 1110016K
  class space    used 8903K, capacity 9480K, committed 9600K, reserved 1048576K
Event: 81.603 GC heap after
Heap after GC invocations=22 (full 3):
 PSYoungGen      total 214528K, used 45037K [0x00000000e0000000, 0x00000000f5880000, 0x0000000100000000)
  eden space 169472K, 0% used [0x00000000e0000000,0x00000000e0000000,0x00000000ea580000)
  from space 45056K, 99% used [0x00000000ea580000,0x00000000ed17b648,0x00000000ed180000)
  to   space 74240K, 0% used [0x00000000f1000000,0x00000000f1000000,0x00000000f5880000)
 ParOldGen       total 151040K, used 139019K [0x00000000a0000000, 0x00000000a9380000, 0x00000000e0000000)
  object space 151040K, 92% used [0x00000000a0000000,0x00000000a87c2fa8,0x00000000a9380000)
 Metaspace       used 67270K, capacity 69444K, committed 69760K, reserved 1110016K
  class space    used 8903K, capacity 9480K, committed 9600K, reserved 1048576K
}
Event: 81.603 GC heap before
{Heap before GC invocations=23 (full 4):
 PSYoungGen      total 214528K, used 45037K [0x00000000e0000000, 0x00000000f5880000, 0x0000000100000000)
  eden space 169472K, 0% used [0x00000000e0000000,0x00000000e0000000,0x00000000ea580000)
  from space 45056K, 99% used [0x00000000ea580000,0x00000000ed17b648,0x00000000ed180000)
  to   space 74240K, 0% used [0x00000000f1000000,0x00000000f1000000,0x00000000f5880000)
 ParOldGen       total 151040K, used 139019K [0x00000000a0000000, 0x00000000a9380000, 0x00000000e0000000)
  object space 151040K, 92% used [0x00000000a0000000,0x00000000a87c2fa8,0x00000000a9380000)
 Metaspace       used 67270K, capacity 69444K, committed 69760K, reserved 1110016K
  class space    used 8903K, capacity 9480K, committed 9600K, reserved 1048576K
Event: 82.816 GC heap after
Heap after GC invocations=23 (full 4):
 PSYoungGen      total 214528K, used 23399K [0x00000000e0000000, 0x00000000f5880000, 0x0000000100000000)
  eden space 169472K, 0% used [0x00000000e0000000,0x00000000e0000000,0x00000000ea580000)
  from space 45056K, 51% used [0x00000000ea580000,0x00000000ebc59d28,0x00000000ed180000)
  to   space 74240K, 0% used [0x00000000f1000000,0x00000000f1000000,0x00000000f5880000)
 ParOldGen       total 323072K, used 150572K [0x00000000a0000000, 0x00000000b3b80000, 0x00000000e0000000)
  object space 323072K, 46% used [0x00000000a0000000,0x00000000a930b3a0,0x00000000b3b80000)
 Metaspace       used 67270K, capacity 69444K, committed 69760K, reserved 1110016K
  class space    used 8903K, capacity 9480K, committed 9600K, reserved 1048576K
}

Deoptimization events (10 events):
Event: 83.594 Thread 0x000000001c20e800 Uncommon trap: reason=unstable_if action=reinterpret pc=0x0000000004e2aed8 method=com.sun.tools.javac.util.ListBuffer.append(Ljava/lang/Object;)Lcom/sun/tools/javac/util/ListBuffer; @ 9
Event: 83.646 Thread 0x000000001c20e800 Uncommon trap: reason=class_check action=maybe_recompile pc=0x000000000548a618 method=com.sun.tools.javac.comp.Check.checkDeprecated(Lcom/sun/tools/javac/util/JCDiagnostic$DiagnosticPosition;Lcom/sun/tools/javac/code/Symbol;Lcom/sun/tools/javac/code/Symbo
Event: 83.660 Thread 0x000000001c20e800 Uncommon trap: reason=class_check action=maybe_recompile pc=0x000000000543e820 method=com.sun.tools.javac.jvm.Pool.makePoolValue(Ljava/lang/Object;)Ljava/lang/Object; @ 58
Event: 83.675 Thread 0x000000001c20e800 Uncommon trap: reason=class_check action=maybe_recompile pc=0x000000000548a618 method=com.sun.tools.javac.comp.Check.checkDeprecated(Lcom/sun/tools/javac/util/JCDiagnostic$DiagnosticPosition;Lcom/sun/tools/javac/code/Symbol;Lcom/sun/tools/javac/code/Symbo
Event: 83.675 Thread 0x000000001c20e800 Uncommon trap: reason=class_check action=maybe_recompile pc=0x000000000548a618 method=com.sun.tools.javac.comp.Check.checkDeprecated(Lcom/sun/tools/javac/util/JCDiagnostic$DiagnosticPosition;Lcom/sun/tools/javac/code/Symbol;Lcom/sun/tools/javac/code/Symbo
Event: 83.676 Thread 0x000000001c20e800 Uncommon trap: reason=class_check action=maybe_recompile pc=0x000000000548a618 method=com.sun.tools.javac.comp.Check.checkDeprecated(Lcom/sun/tools/javac/util/JCDiagnostic$DiagnosticPosition;Lcom/sun/tools/javac/code/Symbol;Lcom/sun/tools/javac/code/Symbo
Event: 83.680 Thread 0x000000001c20e800 Uncommon trap: reason=unstable_if action=reinterpret pc=0x0000000004b990a4 method=com.sun.tools.javac.code.Scope.lookup(Lcom/sun/tools/javac/util/Name;Lcom/sun/tools/javac/util/Filter;)Lcom/sun/tools/javac/code/Scope$Entry; @ 19
Event: 83.717 Thread 0x000000001c20e800 Uncommon trap: reason=unstable_if action=reinterpret pc=0x000000000537b490 method=com.sun.tools.javac.jvm.Code.width(Lcom/sun/tools/javac/code/Type;)I @ 1
Event: 83.753 Thread 0x000000001c20e800 Uncommon trap: reason=unstable_if action=reinterpret pc=0x00000000049bf5e8 method=com.sun.tools.javac.util.IntHashTable.rehash()V @ 88
Event: 83.821 Thread 0x000000001c20e800 Uncommon trap: reason=unstable_if action=reinterpret pc=0x000000000471fcac method=com.sun.tools.javac.code.Scope.remove(Lcom/sun/tools/javac/code/Symbol;)V @ 174

Classes redefined (0 events):
No events

Internal exceptions (10 events):
Event: 22.529 Thread 0x000000001c207000 Implicit null exception at 0x00000000034d89cd to 0x00000000034d912b
Event: 26.136 Thread 0x000000001c207000 Exception <a 'java/lang/NoSuchMethodError': java.lang.Object.lambda$negate$1(Ljava/lang/Object;)Z> (0x00000000e6fa35d8) thrown at [D:\src\AOSP-openjdk-cygwin\jdk8u\hotspot\src\share\vm\interpreter\linkResolver.cpp, line 584]
Event: 70.695 Thread 0x000000001c207000 Exception <a 'java/lang/NoSuchMethodError': java.lang.Object.lambda$comparingInt$7b0bb60$1(Ljava/util/function/ToIntFunction;Ljava/lang/Object;Ljava/lang/Object;)I> (0x00000000e700add0) thrown at [D:\src\AOSP-openjdk-cygwin\jdk8u\hotspot\src\share\vm\inte
Event: 71.495 Thread 0x000000001c207000 Implicit null exception at 0x0000000004c2d81d to 0x0000000004c2dc0d
Event: 71.495 Thread 0x000000001c207000 Implicit null exception at 0x0000000004c2cc9c to 0x0000000004c2d079
Event: 72.019 Thread 0x000000001c207000 Implicit null exception at 0x0000000004907b60 to 0x0000000004908545
Event: 79.980 Thread 0x000000001c20e800 Implicit null exception at 0x0000000003b87d31 to 0x0000000003b880ed
Event: 79.981 Thread 0x000000001c20e800 Implicit null exception at 0x00000000050d517d to 0x00000000050d5df1
Event: 80.046 Thread 0x000000001c20e800 Implicit null exception at 0x0000000004b9a42c to 0x0000000004b9c35d
Event: 80.153 Thread 0x000000001c20e800 Implicit null exception at 0x0000000004eafae8 to 0x0000000004eb0195

Events (10 events):
Event: 83.680 Thread 0x000000001c20e800 DEOPT UNPACKING pc=0x000000000339557b sp=0x000000002576bee8 mode 2
Event: 83.717 Thread 0x000000001c20e800 Uncommon trap: trap_request=0xffffff65 fr.pc=0x000000000537b490
Event: 83.717 Thread 0x000000001c20e800 DEOPT PACKING pc=0x000000000537b490 sp=0x000000002576b080
Event: 83.717 Thread 0x000000001c20e800 DEOPT UNPACKING pc=0x000000000339557b sp=0x000000002576b028 mode 2
Event: 83.753 Thread 0x000000001c20e800 Uncommon trap: trap_request=0xffffff65 fr.pc=0x00000000049bf5e8
Event: 83.753 Thread 0x000000001c20e800 DEOPT PACKING pc=0x00000000049bf5e8 sp=0x000000002576ae10
Event: 83.753 Thread 0x000000001c20e800 DEOPT UNPACKING pc=0x000000000339557b sp=0x000000002576adc0 mode 2
Event: 83.821 Thread 0x000000001c20e800 Uncommon trap: trap_request=0xffffff65 fr.pc=0x000000000471fcac
Event: 83.821 Thread 0x000000001c20e800 DEOPT PACKING pc=0x000000000471fcac sp=0x00000000257691e0
Event: 83.821 Thread 0x000000001c20e800 DEOPT UNPACKING pc=0x000000000339557b sp=0x0000000025769180 mode 2


Dynamic libraries:
0x00007ff76e6b0000 - 0x00007ff76e6e1000 	E:\Program Files\Android\Android Studio\jre\bin\java.exe
0x00007ff96c130000 - 0x00007ff96c311000 	C:\Windows\SYSTEM32\ntdll.dll
0x00007ff969c70000 - 0x00007ff969d21000 	C:\Windows\System32\KERNEL32.DLL
0x00007ff968c60000 - 0x00007ff968ed3000 	C:\Windows\System32\KERNELBASE.dll
0x00007ff96a3b0000 - 0x00007ff96a451000 	C:\Windows\System32\ADVAPI32.dll
0x00007ff969a30000 - 0x00007ff969ace000 	C:\Windows\System32\msvcrt.dll
0x00007ff96a4f0000 - 0x00007ff96a54b000 	C:\Windows\System32\sechost.dll
0x00007ff96a0f0000 - 0x00007ff96a214000 	C:\Windows\System32\RPCRT4.dll
0x00007ff969ae0000 - 0x00007ff969c70000 	C:\Windows\System32\USER32.dll
0x00007ff9695a0000 - 0x00007ff9695c0000 	C:\Windows\System32\win32u.dll
0x00007ff9695c0000 - 0x00007ff9695e8000 	C:\Windows\System32\GDI32.dll
0x00007ff969250000 - 0x00007ff9693e2000 	C:\Windows\System32\gdi32full.dll
0x00007ff9691b0000 - 0x00007ff96924f000 	C:\Windows\System32\msvcp_win.dll
0x00007ff9694a0000 - 0x00007ff969598000 	C:\Windows\System32\ucrtbase.dll
0x00007ff956cd0000 - 0x00007ff956f39000 	C:\Windows\WinSxS\amd64_microsoft.windows.common-controls_6595b64144ccf1df_6.0.17134.765_none_fb42a1a930655896\COMCTL32.dll
0x00007ff9695f0000 - 0x00007ff969912000 	C:\Windows\System32\combase.dll
0x00007ff968ee0000 - 0x00007ff968f5a000 	C:\Windows\System32\bcryptPrimitives.dll
0x00007ff96a4c0000 - 0x00007ff96a4ed000 	C:\Windows\System32\IMM32.DLL
0x00000000693b0000 - 0x0000000069482000 	E:\Program Files\Android\Android Studio\jre\jre\bin\msvcr100.dll
0x0000000069490000 - 0x0000000069cd1000 	E:\Program Files\Android\Android Studio\jre\jre\bin\server\jvm.dll
0x00007ff969ad0000 - 0x00007ff969ad8000 	C:\Windows\System32\PSAPI.DLL
0x00007ff965e00000 - 0x00007ff965e23000 	C:\Windows\SYSTEM32\WINMM.dll
0x00007ff95d640000 - 0x00007ff95d64a000 	C:\Windows\SYSTEM32\VERSION.dll
0x00007ff9498f0000 - 0x00007ff9498f9000 	C:\Windows\SYSTEM32\WSOCK32.dll
0x00007ff96a220000 - 0x00007ff96a28c000 	C:\Windows\System32\WS2_32.dll
0x00007ff965dd0000 - 0x00007ff965dfa000 	C:\Windows\SYSTEM32\WINMMBASE.dll
0x00007ff968500000 - 0x00007ff968549000 	C:\Windows\System32\cfgmgr32.dll
0x00007ff95ecc0000 - 0x00007ff95eccf000 	E:\Program Files\Android\Android Studio\jre\jre\bin\verify.dll
0x00007ff95aa10000 - 0x00007ff95aa39000 	E:\Program Files\Android\Android Studio\jre\jre\bin\java.dll
0x00007ff95ab80000 - 0x00007ff95ab96000 	E:\Program Files\Android\Android Studio\jre\jre\bin\zip.dll
0x00007ff96ab20000 - 0x00007ff96bf60000 	C:\Windows\System32\SHELL32.dll
0x00007ff96aa60000 - 0x00007ff96ab09000 	C:\Windows\System32\shcore.dll
0x00007ff968550000 - 0x00007ff968c5d000 	C:\Windows\System32\windows.storage.dll
0x00007ff96a5b0000 - 0x00007ff96a601000 	C:\Windows\System32\shlwapi.dll
0x00007ff968470000 - 0x00007ff968481000 	C:\Windows\System32\kernel.appcore.dll
0x00007ff968450000 - 0x00007ff96846f000 	C:\Windows\System32\profapi.dll
0x00007ff9684b0000 - 0x00007ff9684fc000 	C:\Windows\System32\powrprof.dll
0x00007ff968440000 - 0x00007ff96844a000 	C:\Windows\System32\FLTLIB.DLL
0x00007ff95a9f0000 - 0x00007ff95aa0a000 	E:\Program Files\Android\Android Studio\jre\jre\bin\net.dll
0x00007ff967960000 - 0x00007ff9679c6000 	C:\Windows\system32\mswsock.dll
0x00007ff95a640000 - 0x00007ff95a651000 	E:\Program Files\Android\Android Studio\jre\jre\bin\nio.dll
0x00007ff952090000 - 0x00007ff9520ae000 	C:\Users\Denova\.gradle\native\25\windows-amd64\native-platform.dll
0x00007ff95ecb0000 - 0x00007ff95ecbd000 	E:\Program Files\Android\Android Studio\jre\jre\bin\management.dll
0x00007ff968160000 - 0x00007ff968177000 	C:\Windows\SYSTEM32\CRYPTSP.dll
0x00007ff967540000 - 0x00007ff967573000 	C:\Windows\system32\rsaenh.dll
0x00007ff967dd0000 - 0x00007ff967df5000 	C:\Windows\SYSTEM32\bcrypt.dll
0x00007ff968340000 - 0x00007ff968368000 	C:\Windows\SYSTEM32\USERENV.dll
0x00007ff967b30000 - 0x00007ff967b3b000 	C:\Windows\SYSTEM32\CRYPTBASE.dll
0x00007ff9676e0000 - 0x00007ff967718000 	C:\Windows\SYSTEM32\IPHLPAPI.DLL
0x00007ff96a0e0000 - 0x00007ff96a0e8000 	C:\Windows\System32\NSI.dll
0x00007ff95f2d0000 - 0x00007ff95f2e6000 	C:\Windows\SYSTEM32\dhcpcsvc6.DLL
0x00007ff95f3d0000 - 0x00007ff95f3ea000 	C:\Windows\SYSTEM32\dhcpcsvc.DLL

VM Arguments:
jvm_args: -Xmx1536m -Dfile.encoding=windows-1252 -Duser.country=US -Duser.language=en -Duser.variant 
java_command: org.gradle.launcher.daemon.bootstrap.GradleDaemon 4.6
java_class_path (initial): C:\Users\Denova\.gradle\wrapper\dists\gradle-4.6-all\bcst21l2brirad8k2ben1letg\gradle-4.6\lib\gradle-launcher-4.6.jar
Launcher Type: SUN_STANDARD

Environment Variables:
PATH=C:\Program Files (x86)\Common Files\Oracle\Java\javapath;C:\Program Files (x86)\Common Files\Intel\Shared Libraries\redist\intel64\compiler;C:\Windows\system32;C:\Windows;C:\Windows\System32\Wbem;C:\Windows\System32\WindowsPowerShell\v1.0\;C:\Windows\System32\OpenSSH\;C:\Program Files\Lenovo\Bluetooth Software\;C:\Program Files\Lenovo\Bluetooth Software\syswow64;C:\Program Files\Git\cmd;E:\Program Files\androidsdk\platform-tools;C:\Users\Denova\AppData\Local\Microsoft\WindowsApps;;C:\Users\Denova\AppData\Local\Programs\Fiddler
USERNAME=Denova
OS=Windows_NT
PROCESSOR_IDENTIFIER=Intel64 Family 6 Model 60 Stepping 3, GenuineIntel



---------------  S Y S T E M  ---------------

OS: Windows 10.0 , 64 bit Build 17134 (10.0.17134.753)

CPU:total 4 (initial active 4) (2 cores per cpu, 2 threads per core) family 6 model 60 stepping 3, cmov, cx8, fxsr, mmx, sse, sse2, sse3, ssse3, sse4.1, sse4.2, popcnt, avx, avx2, clmul, erms, lzcnt, ht, tsc, tscinvbit, bmi1, bmi2

Memory: 4k page, physical 8302956k(2651152k free), swap 10498824k(1348k free)

vm_info: OpenJDK 64-Bit Server VM (25.152-b06) for windows-amd64 JRE (1.8.0_152-release-1136-b06), built by "builder" with MS VC++ 10.0 (VS2010)

time: Sun May 26 13:11:33 2019
elapsed time: 83 seconds (0d 0h 1m 23s)

